#
# A fatal error has been detected by the Java Runtime Environment:
#
#  SIGSEGV (0xb) at pc=0x00007a45008f74e9, pid=111847, tid=111848
#
# JRE version: OpenJDK Runtime Environment Temurin-17.0.13+11 (17.0.13+11) (build 17.0.13+11)
# Java VM: OpenJDK 64-Bit Server VM Temurin-17.0.13+11 (17.0.13+11, mixed mode, tiered, compressed oops, compressed class ptrs, g1 gc, linux-amd64)
# Problematic frame:
# C  [libavcodec.so.61+0x6904e9]  avpriv_packet_list_get+0x29
#
# Core dump will be written. Default location: Core dumps may be processed with "/usr/share/apport/apport -p%p -s%s -c%c -d%d -P%P -u%u -g%g -- %E" (or dumping to /workspaces/AntAssignment/core.111847)
#
# If you would like to submit a bug report, please visit:
#   https://github.com/adoptium/adoptium-support/issues
# The crash happened outside the Java Virtual Machine in native code.
# See problematic frame for where to report the bug.
#

---------------  S U M M A R Y ------------

Command Line: -agentlib:jdwp=transport=dt_socket,server=n,suspend=y,address=localhost:45173 -XX:+ShowCodeDetailsInExceptionMessages com.example.ReadFewFrame

Host: 12th Gen Intel(R) Core(TM) i5-1240P, 16 cores, 15G, Debian GNU/Linux 11 (bullseye)
Time: Wed Jan 22 08:15:45 2025 UTC elapsed time: 3.466942 seconds (0d 0h 0m 3s)

---------------  T H R E A D  ---------------

Current thread (0x00007a454002ba60):  JavaThread "main" [_thread_in_native, id=111848, stack(0x00007a4544678000,0x00007a4544779000)]

Stack: [0x00007a4544678000,0x00007a4544779000],  sp=0x00007a4544777880,  free space=1022k
Native frames: (J=compiled Java code, j=interpreted, Vv=VM code, C=native code)
C  [libavcodec.so.61+0x6904e9]  avpriv_packet_list_get+0x29

Java frames: (J=compiled Java code, j=interpreted, Vv=VM code)
j  org.bytedeco.ffmpeg.global.avformat.av_read_frame(Lorg/bytedeco/ffmpeg/avformat/AVFormatContext;Lorg/bytedeco/ffmpeg/avcodec/AVPacket;)I+0
j  com.example.ReadFewFrame.main([Ljava/lang/String;)V+330
v  ~StubRoutines::call_stub

siginfo: si_signo: 11 (SIGSEGV), si_code: 1 (SEGV_MAPERR), si_addr: 0x0000000000000000

Registers:
RAX=0x00007a4540581ec0, RBX=0x00007a4504819938, RCX=0x0000000000000000, RDX=0x0000000000000062
RSP=0x00007a4544777880, RBP=0x00007a4540581ec0, RSI=0x0000000000000000, RDI=0x00007a454057d468
R8 =0x00007a454002cb50, R9 =0x000000071a708e98, R10=0xffffffffffffff4a, R11=0x00007a4511862cc0
R12=0x0000000000000000, R13=0x00007a454057d280, R14=0x0000000000000000, R15=0x00007a454002ba60
RIP=0x00007a45008f74e9, EFLAGS=0x0000000000010206, CSGSFS=0x002b000000000033, ERR=0x0000000000000006
  TRAPNO=0x000000000000000e


Register to memory mapping:

RAX=0x00007a4540581ec0 points into unknown readable memory: 0x00007a45406bec00 | 00 ec 6b 40 45 7a 00 00
RBX={method} {0x00007a4504819938} 'av_read_frame' '(Lorg/bytedeco/ffmpeg/avformat/AVFormatContext;Lorg/bytedeco/ffmpeg/avcodec/AVPacket;)I' in 'org/bytedeco/ffmpeg/global/avformat'
RCX=0x0 is NULL
RDX=0x0000000000000062 is an unknown value
RSP=0x00007a4544777880 is pointing into the stack for thread: 0x00007a454002ba60
RBP=0x00007a4540581ec0 points into unknown readable memory: 0x00007a45406bec00 | 00 ec 6b 40 45 7a 00 00
RSI=0x0 is NULL
RDI=0x00007a454057d468 points into unknown readable memory: 0x00007a4540581ec0 | c0 1e 58 40 45 7a 00 00
R8 =0x00007a454002cb50 points into unknown readable memory: 0x00007a4504400fc0 | c0 0f 40 04 45 7a 00 00
R9 =0x000000071a708e98 is an oop: org.bytedeco.ffmpeg.avformat.AVFormatContext 
{0x000000071a708e98} - klass: 'org/bytedeco/ffmpeg/avformat/AVFormatContext'
 - ---- fields (total size 6 words):
 - private 'deallocator' 'Lorg/bytedeco/javacpp/Pointer$Deallocator;' @12  NULL (0)
 - protected 'address' 'J' @16  134437850829440 (4057d280 7a45)
 - protected 'position' 'J' @24  0 (0 0)
 - protected 'limit' 'J' @32  0 (0 0)
 - protected 'capacity' 'J' @40  0 (0 0)
R10=0xffffffffffffff4a is an unknown value
R11=0x00007a4511862cc0: av_read_frame+0x0000000000000000 in /home/vscode/.javacpp/cache/ffmpeg-7.1-1.5.11-linux-x86_64-gpl.jar/org/bytedeco/ffmpeg/linux-x86_64-gpl/libavformat.so.61 at 0x00007a4511733000
R12=0x0 is NULL
R13=0x00007a454057d280 points into unknown readable memory: 0x00007a4512146360 | 60 63 14 12 45 7a 00 00
R14=0x0 is NULL
R15=0x00007a454002ba60 is a thread


Top of Stack: (sp=0x00007a4544777880)
0x00007a4544777880:   00007a4540581ec0 0fbae1db376cd600
0x00007a4544777890:   00007a45447778d0 00007a4511862d07
0x00007a45447778a0:   00007a4504819938 000000004002ba60
0x00007a45447778b0:   00007a4544777978 00007a4504819938
0x00007a45447778c0:   00007a4544777950 0000000000000000
0x00007a45447778d0:   00007a4504819930 00007a4544777978
0x00007a45447778e0:   00007a454002ba60 00007a453566f9c7
0x00007a45447778f0:   00007a4544777950 00007a453566f45e
0x00007a4544777900:   00007a453566f416 00007a4544777908
0x00007a4544777910:   00007a4504819930 00007a4544777978
0x00007a4544777920:   00007a450481e970 0000000000000000
0x00007a4544777930:   000000071a6274d0 00007a4504819938
0x00007a4544777940:   0000000000000000 00007a4544777970
0x00007a4544777950:   00007a45447779c8 00007a4535668d44
0x00007a4544777960:   000000071a6274d0 00007a453566c016
0x00007a4544777970:   0000000000000000 000000071a708e98
0x00007a4544777980:   00007a4544777980 00007a4504400e0a
0x00007a4544777990:   00007a4544777a28 00007a45044010e8
0x00007a45447779a0:   0000000000000000 000000071b56d8c0
0x00007a45447779b0:   00007a4504400fc0 00007a4544777970
0x00007a45447779c0:   00007a4544777a28 00007a4544777a90
0x00007a45447779d0:   00007a453565fcc9 000000071a75ec30
0x00007a45447779e0:   000000071a75eb88 0000000000000000
0x00007a45447779f0:   000000071a778568 0000000000000002
0x00007a4544777a00:   000000071a70a498 0000000000000000
0x00007a4544777a10:   000000071b56fa88 000000071b56fa50
0x00007a4544777a20:   000000071b56e520 000000071b56e2f0
0x00007a4544777a30:   00007a4500001fa0 00007a4544777bb0
0x00007a4544777a40:   000000000000000e 00007a4544777cf8
0x00007a4544777a50:   00007a454002ba60 00007a4544777c20
0x00007a4544777a60:   00007a4544777b20 00007a4544777cf8
0x00007a4544777a70:   00007a450000000a 00007a4504400fc0 

Instructions: (pc=0x00007a45008f74e9)
0x00007a45008f73e9:   83 e7 f8 4c 89 c1 4c 89 ee 48 29 f9 83 c1 68 c1
0x00007a45008f73f9:   e9 03 f3 48 ab 48 c7 45 50 ff ff ff ff 4c 89 c7
0x00007a45008f7409:   48 b8 00 00 00 00 00 00 00 80 48 89 45 10 48 89
0x00007a45008f7419:   45 18 48 b8 00 00 00 00 01 00 00 00 48 89 45 68
0x00007a45008f7429:   41 ff d4 85 c0 78 60 48 83 3b 00 48 c7 45 00 00
0x00007a45008f7439:   00 00 00 74 48 48 8b 43 08 48 89 28 48 89 6b 08
0x00007a45008f7449:   31 c0 48 83 c4 18 5b 5d 41 5c 41 5d c3 66 2e 0f
0x00007a45008f7459:   1f 84 00 00 00 00 00 4c 89 ef e8 58 fd ff ff 85
0x00007a45008f7469:   c0 78 24 48 8d 7d 08 4c 89 ee e8 b8 fc ff ff 48
0x00007a45008f7479:   83 3b 00 48 c7 45 00 00 00 00 00 75 b8 48 89 2b
0x00007a45008f7489:   eb ba 0f 1f 44 00 00 48 89 ef 89 44 24 0c e8 1c
0x00007a45008f7499:   19 a4 ff 8b 44 24 0c 48 83 c4 18 5b 5d 41 5c 41
0x00007a45008f74a9:   5d c3 b8 f4 ff ff ff eb 99 66 66 2e 0f 1f 84 00
0x00007a45008f74b9:   00 00 00 00 0f 1f 00 f3 0f 1e fa 48 83 ec 18 64
0x00007a45008f74c9:   48 8b 04 25 28 00 00 00 48 89 44 24 08 31 c0 48
0x00007a45008f74d9:   8b 07 48 89 04 24 48 85 c0 74 76 f3 0f 6f 40 08
0x00007a45008f74e9:   0f 11 06 f3 0f 6f 48 18 0f 11 4e 10 f3 0f 6f 50
0x00007a45008f74f9:   28 0f 11 56 20 f3 0f 6f 58 38 0f 11 5e 30 f3 0f
0x00007a45008f7509:   6f 60 48 0f 11 66 40 f3 0f 6f 68 58 0f 11 6e 50
0x00007a45008f7519:   48 8b 50 68 48 8b 00 48 89 56 60 48 89 07 48 85
0x00007a45008f7529:   c0 74 24 48 89 e7 e8 ac 13 a4 ff 31 c0 48 8b 4c
0x00007a45008f7539:   24 08 64 48 33 0c 25 28 00 00 00 75 1b 48 83 c4
0x00007a45008f7549:   18 c3 0f 1f 44 00 00 48 c7 47 08 00 00 00 00 eb
0x00007a45008f7559:   d2 b8 f5 ff ff ff eb d5 e8 5a 00 a4 ff 66 2e 0f
0x00007a45008f7569:   1f 84 00 00 00 00 00 f3 0f 1e fa 41 54 49 89 fc
0x00007a45008f7579:   55 53 48 83 ec 10 48 8b 1f 64 48 8b 04 25 28 00
0x00007a45008f7589:   00 00 48 89 44 24 08 31 c0 48 85 db 74 29 48 89
0x00007a45008f7599:   e5 66 0f 1f 44 00 00 48 89 df 48 89 1c 24 48 8b
0x00007a45008f75a9:   1b 48 83 c7 08 e8 5d f9 ff ff 48 89 ef e8 25 13
0x00007a45008f75b9:   a4 ff 48 85 db 75 e0 49 c7 44 24 08 00 00 00 00
0x00007a45008f75c9:   49 c7 04 24 00 00 00 00 48 8b 44 24 08 64 48 33
0x00007a45008f75d9:   04 25 28 00 00 00 75 09 48 83 c4 10 5b 5d 41 5c 


Stack slot to memory mapping:
stack at sp + 0 slots: 0x00007a4540581ec0 points into unknown readable memory: 0x00007a45406bec00 | 00 ec 6b 40 45 7a 00 00
stack at sp + 1 slots: 0x0fbae1db376cd600 is an unknown value
stack at sp + 2 slots: 0x00007a45447778d0 is pointing into the stack for thread: 0x00007a454002ba60
stack at sp + 3 slots: 0x00007a4511862d07: av_read_frame+0x0000000000000047 in /home/vscode/.javacpp/cache/ffmpeg-7.1-1.5.11-linux-x86_64-gpl.jar/org/bytedeco/ffmpeg/linux-x86_64-gpl/libavformat.so.61 at 0x00007a4511733000
stack at sp + 4 slots: {method} {0x00007a4504819938} 'av_read_frame' '(Lorg/bytedeco/ffmpeg/avformat/AVFormatContext;Lorg/bytedeco/ffmpeg/avcodec/AVPacket;)I' in 'org/bytedeco/ffmpeg/global/avformat'
stack at sp + 5 slots: 0x000000004002ba60 is an unknown value
stack at sp + 6 slots: 0x00007a4544777978 is pointing into the stack for thread: 0x00007a454002ba60
stack at sp + 7 slots: {method} {0x00007a4504819938} 'av_read_frame' '(Lorg/bytedeco/ffmpeg/avformat/AVFormatContext;Lorg/bytedeco/ffmpeg/avcodec/AVPacket;)I' in 'org/bytedeco/ffmpeg/global/avformat'


---------------  P R O C E S S  ---------------

Threads class SMR info:
_java_thread_list=0x00007a44c8088c70, length=19, elements={
0x00007a454002ba60, 0x00007a45401f7c40, 0x00007a45401f91f0, 0x00007a454021a980,
0x00007a454021e1b0, 0x00007a454021f270, 0x00007a4540220980, 0x00007a4540221ec0,
0x00007a4540223360, 0x00007a44d408caa0, 0x00007a44d408dc00, 0x00007a44c0000f80,
0x00007a45402b07d0, 0x00007a45402b35a0, 0x00007a44b4000fb0, 0x00007a45402b4650,
0x00007a45402beac0, 0x00007a4540370eb0, 0x00007a44c8087c90
}

Java Threads: ( => current thread )
=>0x00007a454002ba60 JavaThread "main" [_thread_in_native, id=111848, stack(0x00007a4544678000,0x00007a4544779000)]
  0x00007a45401f7c40 JavaThread "Reference Handler" daemon [_thread_blocked, id=111855, stack(0x00007a451d1f2000,0x00007a451d2f3000)]
  0x00007a45401f91f0 JavaThread "Finalizer" daemon [_thread_blocked, id=111856, stack(0x00007a451d0f1000,0x00007a451d1f2000)]
  0x00007a454021a980 JavaThread "Signal Dispatcher" daemon [_thread_blocked, id=111857, stack(0x00007a451cd09000,0x00007a451ce0a000)]
  0x00007a454021e1b0 JavaThread "Service Thread" daemon [_thread_blocked, id=111858, stack(0x00007a451cc08000,0x00007a451cd09000)]
  0x00007a454021f270 JavaThread "Monitor Deflation Thread" daemon [_thread_blocked, id=111859, stack(0x00007a451cb07000,0x00007a451cc08000)]
  0x00007a4540220980 JavaThread "C2 CompilerThread0" daemon [_thread_blocked, id=111860, stack(0x00007a451ca06000,0x00007a451cb07000)]
  0x00007a4540221ec0 JavaThread "C1 CompilerThread0" daemon [_thread_blocked, id=111861, stack(0x00007a451c905000,0x00007a451ca06000)]
  0x00007a4540223360 JavaThread "Sweeper thread" daemon [_thread_blocked, id=111862, stack(0x00007a451c804000,0x00007a451c905000)]
  0x00007a44d408caa0 JavaThread "C1 CompilerThread1" daemon [_thread_blocked, id=111863, stack(0x00007a451c703000,0x00007a451c804000)]
  0x00007a44d408dc00 JavaThread "C1 CompilerThread2" daemon [_thread_blocked, id=111864, stack(0x00007a451c602000,0x00007a451c703000)]
  0x00007a44c0000f80 JavaThread "C1 CompilerThread3" daemon [_thread_blocked, id=111865, stack(0x00007a451c501000,0x00007a451c602000)]
  0x00007a45402b07d0 JavaThread "JDWP Transport Listener: dt_socket" daemon [_thread_blocked, id=111867, stack(0x00007a451c400000,0x00007a451c501000)]
  0x00007a45402b35a0 JavaThread "JDWP Event Helper Thread" daemon [_thread_blocked, id=111870, stack(0x00007a451c2ff000,0x00007a451c400000)]
  0x00007a44b4000fb0 JavaThread "JDWP Command Reader" daemon [_thread_in_native, id=111871, stack(0x00007a451c1fe000,0x00007a451c2ff000)]
  0x00007a45402b4650 JavaThread "Notification Thread" daemon [_thread_blocked, id=111874, stack(0x00007a451c0fd000,0x00007a451c1fe000)]
  0x00007a45402beac0 JavaThread "Common-Cleaner" daemon [_thread_blocked, id=111876, stack(0x00007a4513dfe000,0x00007a4513eff000)]
  0x00007a4540370eb0 JavaThread "JavaCPP Deallocator" daemon [_thread_blocked, id=111877, stack(0x00007a4513cfd000,0x00007a4513dfe000)]
  0x00007a44c8087c90 JavaThread "C2 CompilerThread1" daemon [_thread_blocked, id=111878, stack(0x00007a4513a2f000,0x00007a4513b30000)]

Other Threads:
  0x00007a45401a2ee0 VMThread "VM Thread" [stack: 0x00007a451d2f4000,0x00007a451d3f4000] [id=111854]
  0x00007a45402b5ed0 WatcherThread [stack: 0x00007a4513f00000,0x00007a4514000000] [id=111875]
  0x00007a4540095560 GCTaskThread "GC Thread#0" [stack: 0x00007a452d7f7000,0x00007a452d8f7000] [id=111849]
  0x00007a45400a5f60 ConcurrentGCThread "G1 Main Marker" [stack: 0x00007a452bf00000,0x00007a452c000000] [id=111850]
  0x00007a45400a6ed0 ConcurrentGCThread "G1 Conc#0" [stack: 0x00007a4528100000,0x00007a4528200000] [id=111851]
  0x00007a454016da60 ConcurrentGCThread "G1 Refine#0" [stack: 0x00007a451d4f6000,0x00007a451d5f6000] [id=111852]
  0x00007a454016e960 ConcurrentGCThread "G1 Service" [stack: 0x00007a451d3f5000,0x00007a451d4f5000] [id=111853]

Threads with active compile tasks:

VM state: not at safepoint (normal execution)

VM Mutex/Monitor currently owned by a thread: None

Heap address: 0x000000070c200000, size: 3902 MB, Compressed Oops mode: Zero based, Oop shift amount: 3

CDS archive(s) not mapped
Compressed class space mapped at: 0x0000000800000000-0x0000000840000000, reserved size: 1073741824
Narrow klass base: 0x0000000800000000, Narrow klass shift: 0, Narrow klass range: 0x40000000

GC Precious Log:
 CPUs: 16 total, 16 available
 Memory: 15603M
 Large Page Support: Disabled
 NUMA Support: Disabled
 Compressed Oops: Enabled (Zero based)
 Heap Region Size: 2M
 Heap Min Capacity: 8M
 Heap Initial Capacity: 244M
 Heap Max Capacity: 3902M
 Pre-touch: Disabled
 Parallel Workers: 13
 Concurrent Workers: 3
 Concurrent Refinement Workers: 13
 Periodic GC: Disabled

Heap:
 garbage-first heap   total 249856K, used 14336K [0x000000070c200000, 0x0000000800000000)
  region size 2048K, 8 young (16384K), 0 survivors (0K)
 Metaspace       used 8415K, committed 8512K, reserved 1114112K
  class space    used 820K, committed 896K, reserved 1048576K

Heap Regions: E=young(eden), S=young(survivor), O=old, HS=humongous(starts), HC=humongous(continues), CS=collection set, F=free, OA=open archive, CA=closed archive, TAMS=top-at-mark-start (previous, next)
|   0|0x000000070c200000, 0x000000070c200000, 0x000000070c400000|  0%| F|  |TAMS 0x000000070c200000, 0x000000070c200000| Untracked 
|   1|0x000000070c400000, 0x000000070c400000, 0x000000070c600000|  0%| F|  |TAMS 0x000000070c400000, 0x000000070c400000| Untracked 
|   2|0x000000070c600000, 0x000000070c600000, 0x000000070c800000|  0%| F|  |TAMS 0x000000070c600000, 0x000000070c600000| Untracked 
|   3|0x000000070c800000, 0x000000070c800000, 0x000000070ca00000|  0%| F|  |TAMS 0x000000070c800000, 0x000000070c800000| Untracked 
|   4|0x000000070ca00000, 0x000000070ca00000, 0x000000070cc00000|  0%| F|  |TAMS 0x000000070ca00000, 0x000000070ca00000| Untracked 
|   5|0x000000070cc00000, 0x000000070cc00000, 0x000000070ce00000|  0%| F|  |TAMS 0x000000070cc00000, 0x000000070cc00000| Untracked 
|   6|0x000000070ce00000, 0x000000070ce00000, 0x000000070d000000|  0%| F|  |TAMS 0x000000070ce00000, 0x000000070ce00000| Untracked 
|   7|0x000000070d000000, 0x000000070d000000, 0x000000070d200000|  0%| F|  |TAMS 0x000000070d000000, 0x000000070d000000| Untracked 
|   8|0x000000070d200000, 0x000000070d200000, 0x000000070d400000|  0%| F|  |TAMS 0x000000070d200000, 0x000000070d200000| Untracked 
|   9|0x000000070d400000, 0x000000070d400000, 0x000000070d600000|  0%| F|  |TAMS 0x000000070d400000, 0x000000070d400000| Untracked 
|  10|0x000000070d600000, 0x000000070d600000, 0x000000070d800000|  0%| F|  |TAMS 0x000000070d600000, 0x000000070d600000| Untracked 
|  11|0x000000070d800000, 0x000000070d800000, 0x000000070da00000|  0%| F|  |TAMS 0x000000070d800000, 0x000000070d800000| Untracked 
|  12|0x000000070da00000, 0x000000070da00000, 0x000000070dc00000|  0%| F|  |TAMS 0x000000070da00000, 0x000000070da00000| Untracked 
|  13|0x000000070dc00000, 0x000000070dc00000, 0x000000070de00000|  0%| F|  |TAMS 0x000000070dc00000, 0x000000070dc00000| Untracked 
|  14|0x000000070de00000, 0x000000070de00000, 0x000000070e000000|  0%| F|  |TAMS 0x000000070de00000, 0x000000070de00000| Untracked 
|  15|0x000000070e000000, 0x000000070e000000, 0x000000070e200000|  0%| F|  |TAMS 0x000000070e000000, 0x000000070e000000| Untracked 
|  16|0x000000070e200000, 0x000000070e200000, 0x000000070e400000|  0%| F|  |TAMS 0x000000070e200000, 0x000000070e200000| Untracked 
|  17|0x000000070e400000, 0x000000070e400000, 0x000000070e600000|  0%| F|  |TAMS 0x000000070e400000, 0x000000070e400000| Untracked 
|  18|0x000000070e600000, 0x000000070e600000, 0x000000070e800000|  0%| F|  |TAMS 0x000000070e600000, 0x000000070e600000| Untracked 
|  19|0x000000070e800000, 0x000000070e800000, 0x000000070ea00000|  0%| F|  |TAMS 0x000000070e800000, 0x000000070e800000| Untracked 
|  20|0x000000070ea00000, 0x000000070ea00000, 0x000000070ec00000|  0%| F|  |TAMS 0x000000070ea00000, 0x000000070ea00000| Untracked 
|  21|0x000000070ec00000, 0x000000070ec00000, 0x000000070ee00000|  0%| F|  |TAMS 0x000000070ec00000, 0x000000070ec00000| Untracked 
|  22|0x000000070ee00000, 0x000000070ee00000, 0x000000070f000000|  0%| F|  |TAMS 0x000000070ee00000, 0x000000070ee00000| Untracked 
|  23|0x000000070f000000, 0x000000070f000000, 0x000000070f200000|  0%| F|  |TAMS 0x000000070f000000, 0x000000070f000000| Untracked 
|  24|0x000000070f200000, 0x000000070f200000, 0x000000070f400000|  0%| F|  |TAMS 0x000000070f200000, 0x000000070f200000| Untracked 
|  25|0x000000070f400000, 0x000000070f400000, 0x000000070f600000|  0%| F|  |TAMS 0x000000070f400000, 0x000000070f400000| Untracked 
|  26|0x000000070f600000, 0x000000070f600000, 0x000000070f800000|  0%| F|  |TAMS 0x000000070f600000, 0x000000070f600000| Untracked 
|  27|0x000000070f800000, 0x000000070f800000, 0x000000070fa00000|  0%| F|  |TAMS 0x000000070f800000, 0x000000070f800000| Untracked 
|  28|0x000000070fa00000, 0x000000070fa00000, 0x000000070fc00000|  0%| F|  |TAMS 0x000000070fa00000, 0x000000070fa00000| Untracked 
|  29|0x000000070fc00000, 0x000000070fc00000, 0x000000070fe00000|  0%| F|  |TAMS 0x000000070fc00000, 0x000000070fc00000| Untracked 
|  30|0x000000070fe00000, 0x000000070fe00000, 0x0000000710000000|  0%| F|  |TAMS 0x000000070fe00000, 0x000000070fe00000| Untracked 
|  31|0x0000000710000000, 0x0000000710000000, 0x0000000710200000|  0%| F|  |TAMS 0x0000000710000000, 0x0000000710000000| Untracked 
|  32|0x0000000710200000, 0x0000000710200000, 0x0000000710400000|  0%| F|  |TAMS 0x0000000710200000, 0x0000000710200000| Untracked 
|  33|0x0000000710400000, 0x0000000710400000, 0x0000000710600000|  0%| F|  |TAMS 0x0000000710400000, 0x0000000710400000| Untracked 
|  34|0x0000000710600000, 0x0000000710600000, 0x0000000710800000|  0%| F|  |TAMS 0x0000000710600000, 0x0000000710600000| Untracked 
|  35|0x0000000710800000, 0x0000000710800000, 0x0000000710a00000|  0%| F|  |TAMS 0x0000000710800000, 0x0000000710800000| Untracked 
|  36|0x0000000710a00000, 0x0000000710a00000, 0x0000000710c00000|  0%| F|  |TAMS 0x0000000710a00000, 0x0000000710a00000| Untracked 
|  37|0x0000000710c00000, 0x0000000710c00000, 0x0000000710e00000|  0%| F|  |TAMS 0x0000000710c00000, 0x0000000710c00000| Untracked 
|  38|0x0000000710e00000, 0x0000000710e00000, 0x0000000711000000|  0%| F|  |TAMS 0x0000000710e00000, 0x0000000710e00000| Untracked 
|  39|0x0000000711000000, 0x0000000711000000, 0x0000000711200000|  0%| F|  |TAMS 0x0000000711000000, 0x0000000711000000| Untracked 
|  40|0x0000000711200000, 0x0000000711200000, 0x0000000711400000|  0%| F|  |TAMS 0x0000000711200000, 0x0000000711200000| Untracked 
|  41|0x0000000711400000, 0x0000000711400000, 0x0000000711600000|  0%| F|  |TAMS 0x0000000711400000, 0x0000000711400000| Untracked 
|  42|0x0000000711600000, 0x0000000711600000, 0x0000000711800000|  0%| F|  |TAMS 0x0000000711600000, 0x0000000711600000| Untracked 
|  43|0x0000000711800000, 0x0000000711800000, 0x0000000711a00000|  0%| F|  |TAMS 0x0000000711800000, 0x0000000711800000| Untracked 
|  44|0x0000000711a00000, 0x0000000711a00000, 0x0000000711c00000|  0%| F|  |TAMS 0x0000000711a00000, 0x0000000711a00000| Untracked 
|  45|0x0000000711c00000, 0x0000000711c00000, 0x0000000711e00000|  0%| F|  |TAMS 0x0000000711c00000, 0x0000000711c00000| Untracked 
|  46|0x0000000711e00000, 0x0000000711e00000, 0x0000000712000000|  0%| F|  |TAMS 0x0000000711e00000, 0x0000000711e00000| Untracked 
|  47|0x0000000712000000, 0x0000000712000000, 0x0000000712200000|  0%| F|  |TAMS 0x0000000712000000, 0x0000000712000000| Untracked 
|  48|0x0000000712200000, 0x0000000712200000, 0x0000000712400000|  0%| F|  |TAMS 0x0000000712200000, 0x0000000712200000| Untracked 
|  49|0x0000000712400000, 0x0000000712400000, 0x0000000712600000|  0%| F|  |TAMS 0x0000000712400000, 0x0000000712400000| Untracked 
|  50|0x0000000712600000, 0x0000000712600000, 0x0000000712800000|  0%| F|  |TAMS 0x0000000712600000, 0x0000000712600000| Untracked 
|  51|0x0000000712800000, 0x0000000712800000, 0x0000000712a00000|  0%| F|  |TAMS 0x0000000712800000, 0x0000000712800000| Untracked 
|  52|0x0000000712a00000, 0x0000000712a00000, 0x0000000712c00000|  0%| F|  |TAMS 0x0000000712a00000, 0x0000000712a00000| Untracked 
|  53|0x0000000712c00000, 0x0000000712c00000, 0x0000000712e00000|  0%| F|  |TAMS 0x0000000712c00000, 0x0000000712c00000| Untracked 
|  54|0x0000000712e00000, 0x0000000712e00000, 0x0000000713000000|  0%| F|  |TAMS 0x0000000712e00000, 0x0000000712e00000| Untracked 
|  55|0x0000000713000000, 0x0000000713000000, 0x0000000713200000|  0%| F|  |TAMS 0x0000000713000000, 0x0000000713000000| Untracked 
|  56|0x0000000713200000, 0x0000000713200000, 0x0000000713400000|  0%| F|  |TAMS 0x0000000713200000, 0x0000000713200000| Untracked 
|  57|0x0000000713400000, 0x0000000713400000, 0x0000000713600000|  0%| F|  |TAMS 0x0000000713400000, 0x0000000713400000| Untracked 
|  58|0x0000000713600000, 0x0000000713600000, 0x0000000713800000|  0%| F|  |TAMS 0x0000000713600000, 0x0000000713600000| Untracked 
|  59|0x0000000713800000, 0x0000000713800000, 0x0000000713a00000|  0%| F|  |TAMS 0x0000000713800000, 0x0000000713800000| Untracked 
|  60|0x0000000713a00000, 0x0000000713a00000, 0x0000000713c00000|  0%| F|  |TAMS 0x0000000713a00000, 0x0000000713a00000| Untracked 
|  61|0x0000000713c00000, 0x0000000713c00000, 0x0000000713e00000|  0%| F|  |TAMS 0x0000000713c00000, 0x0000000713c00000| Untracked 
|  62|0x0000000713e00000, 0x0000000713e00000, 0x0000000714000000|  0%| F|  |TAMS 0x0000000713e00000, 0x0000000713e00000| Untracked 
|  63|0x0000000714000000, 0x0000000714000000, 0x0000000714200000|  0%| F|  |TAMS 0x0000000714000000, 0x0000000714000000| Untracked 
|  64|0x0000000714200000, 0x0000000714200000, 0x0000000714400000|  0%| F|  |TAMS 0x0000000714200000, 0x0000000714200000| Untracked 
|  65|0x0000000714400000, 0x0000000714400000, 0x0000000714600000|  0%| F|  |TAMS 0x0000000714400000, 0x0000000714400000| Untracked 
|  66|0x0000000714600000, 0x0000000714600000, 0x0000000714800000|  0%| F|  |TAMS 0x0000000714600000, 0x0000000714600000| Untracked 
|  67|0x0000000714800000, 0x0000000714800000, 0x0000000714a00000|  0%| F|  |TAMS 0x0000000714800000, 0x0000000714800000| Untracked 
|  68|0x0000000714a00000, 0x0000000714a00000, 0x0000000714c00000|  0%| F|  |TAMS 0x0000000714a00000, 0x0000000714a00000| Untracked 
|  69|0x0000000714c00000, 0x0000000714c00000, 0x0000000714e00000|  0%| F|  |TAMS 0x0000000714c00000, 0x0000000714c00000| Untracked 
|  70|0x0000000714e00000, 0x0000000714e00000, 0x0000000715000000|  0%| F|  |TAMS 0x0000000714e00000, 0x0000000714e00000| Untracked 
|  71|0x0000000715000000, 0x0000000715000000, 0x0000000715200000|  0%| F|  |TAMS 0x0000000715000000, 0x0000000715000000| Untracked 
|  72|0x0000000715200000, 0x0000000715200000, 0x0000000715400000|  0%| F|  |TAMS 0x0000000715200000, 0x0000000715200000| Untracked 
|  73|0x0000000715400000, 0x0000000715400000, 0x0000000715600000|  0%| F|  |TAMS 0x0000000715400000, 0x0000000715400000| Untracked 
|  74|0x0000000715600000, 0x0000000715600000, 0x0000000715800000|  0%| F|  |TAMS 0x0000000715600000, 0x0000000715600000| Untracked 
|  75|0x0000000715800000, 0x0000000715800000, 0x0000000715a00000|  0%| F|  |TAMS 0x0000000715800000, 0x0000000715800000| Untracked 
|  76|0x0000000715a00000, 0x0000000715a00000, 0x0000000715c00000|  0%| F|  |TAMS 0x0000000715a00000, 0x0000000715a00000| Untracked 
|  77|0x0000000715c00000, 0x0000000715c00000, 0x0000000715e00000|  0%| F|  |TAMS 0x0000000715c00000, 0x0000000715c00000| Untracked 
|  78|0x0000000715e00000, 0x0000000715e00000, 0x0000000716000000|  0%| F|  |TAMS 0x0000000715e00000, 0x0000000715e00000| Untracked 
|  79|0x0000000716000000, 0x0000000716000000, 0x0000000716200000|  0%| F|  |TAMS 0x0000000716000000, 0x0000000716000000| Untracked 
|  80|0x0000000716200000, 0x0000000716200000, 0x0000000716400000|  0%| F|  |TAMS 0x0000000716200000, 0x0000000716200000| Untracked 
|  81|0x0000000716400000, 0x0000000716400000, 0x0000000716600000|  0%| F|  |TAMS 0x0000000716400000, 0x0000000716400000| Untracked 
|  82|0x0000000716600000, 0x0000000716600000, 0x0000000716800000|  0%| F|  |TAMS 0x0000000716600000, 0x0000000716600000| Untracked 
|  83|0x0000000716800000, 0x0000000716800000, 0x0000000716a00000|  0%| F|  |TAMS 0x0000000716800000, 0x0000000716800000| Untracked 
|  84|0x0000000716a00000, 0x0000000716a00000, 0x0000000716c00000|  0%| F|  |TAMS 0x0000000716a00000, 0x0000000716a00000| Untracked 
|  85|0x0000000716c00000, 0x0000000716c00000, 0x0000000716e00000|  0%| F|  |TAMS 0x0000000716c00000, 0x0000000716c00000| Untracked 
|  86|0x0000000716e00000, 0x0000000716e00000, 0x0000000717000000|  0%| F|  |TAMS 0x0000000716e00000, 0x0000000716e00000| Untracked 
|  87|0x0000000717000000, 0x0000000717000000, 0x0000000717200000|  0%| F|  |TAMS 0x0000000717000000, 0x0000000717000000| Untracked 
|  88|0x0000000717200000, 0x0000000717200000, 0x0000000717400000|  0%| F|  |TAMS 0x0000000717200000, 0x0000000717200000| Untracked 
|  89|0x0000000717400000, 0x0000000717400000, 0x0000000717600000|  0%| F|  |TAMS 0x0000000717400000, 0x0000000717400000| Untracked 
|  90|0x0000000717600000, 0x0000000717600000, 0x0000000717800000|  0%| F|  |TAMS 0x0000000717600000, 0x0000000717600000| Untracked 
|  91|0x0000000717800000, 0x0000000717800000, 0x0000000717a00000|  0%| F|  |TAMS 0x0000000717800000, 0x0000000717800000| Untracked 
|  92|0x0000000717a00000, 0x0000000717a00000, 0x0000000717c00000|  0%| F|  |TAMS 0x0000000717a00000, 0x0000000717a00000| Untracked 
|  93|0x0000000717c00000, 0x0000000717c00000, 0x0000000717e00000|  0%| F|  |TAMS 0x0000000717c00000, 0x0000000717c00000| Untracked 
|  94|0x0000000717e00000, 0x0000000717e00000, 0x0000000718000000|  0%| F|  |TAMS 0x0000000717e00000, 0x0000000717e00000| Untracked 
|  95|0x0000000718000000, 0x0000000718000000, 0x0000000718200000|  0%| F|  |TAMS 0x0000000718000000, 0x0000000718000000| Untracked 
|  96|0x0000000718200000, 0x0000000718200000, 0x0000000718400000|  0%| F|  |TAMS 0x0000000718200000, 0x0000000718200000| Untracked 
|  97|0x0000000718400000, 0x0000000718400000, 0x0000000718600000|  0%| F|  |TAMS 0x0000000718400000, 0x0000000718400000| Untracked 
|  98|0x0000000718600000, 0x0000000718600000, 0x0000000718800000|  0%| F|  |TAMS 0x0000000718600000, 0x0000000718600000| Untracked 
|  99|0x0000000718800000, 0x0000000718800000, 0x0000000718a00000|  0%| F|  |TAMS 0x0000000718800000, 0x0000000718800000| Untracked 
| 100|0x0000000718a00000, 0x0000000718a00000, 0x0000000718c00000|  0%| F|  |TAMS 0x0000000718a00000, 0x0000000718a00000| Untracked 
| 101|0x0000000718c00000, 0x0000000718c00000, 0x0000000718e00000|  0%| F|  |TAMS 0x0000000718c00000, 0x0000000718c00000| Untracked 
| 102|0x0000000718e00000, 0x0000000718e00000, 0x0000000719000000|  0%| F|  |TAMS 0x0000000718e00000, 0x0000000718e00000| Untracked 
| 103|0x0000000719000000, 0x0000000719000000, 0x0000000719200000|  0%| F|  |TAMS 0x0000000719000000, 0x0000000719000000| Untracked 
| 104|0x0000000719200000, 0x0000000719200000, 0x0000000719400000|  0%| F|  |TAMS 0x0000000719200000, 0x0000000719200000| Untracked 
| 105|0x0000000719400000, 0x0000000719400000, 0x0000000719600000|  0%| F|  |TAMS 0x0000000719400000, 0x0000000719400000| Untracked 
| 106|0x0000000719600000, 0x0000000719600000, 0x0000000719800000|  0%| F|  |TAMS 0x0000000719600000, 0x0000000719600000| Untracked 
| 107|0x0000000719800000, 0x0000000719800000, 0x0000000719a00000|  0%| F|  |TAMS 0x0000000719800000, 0x0000000719800000| Untracked 
| 108|0x0000000719a00000, 0x0000000719a00000, 0x0000000719c00000|  0%| F|  |TAMS 0x0000000719a00000, 0x0000000719a00000| Untracked 
| 109|0x0000000719c00000, 0x0000000719c00000, 0x0000000719e00000|  0%| F|  |TAMS 0x0000000719c00000, 0x0000000719c00000| Untracked 
| 110|0x0000000719e00000, 0x0000000719e00000, 0x000000071a000000|  0%| F|  |TAMS 0x0000000719e00000, 0x0000000719e00000| Untracked 
| 111|0x000000071a000000, 0x000000071a000000, 0x000000071a200000|  0%| F|  |TAMS 0x000000071a000000, 0x000000071a000000| Untracked 
| 112|0x000000071a200000, 0x000000071a200000, 0x000000071a400000|  0%| F|  |TAMS 0x000000071a200000, 0x000000071a200000| Untracked 
| 113|0x000000071a400000, 0x000000071a400000, 0x000000071a600000|  0%| F|  |TAMS 0x000000071a400000, 0x000000071a400000| Untracked 
| 114|0x000000071a600000, 0x000000071a7c2978, 0x000000071a800000| 88%| E|  |TAMS 0x000000071a600000, 0x000000071a600000| Complete 
| 115|0x000000071a800000, 0x000000071aa00000, 0x000000071aa00000|100%| E|CS|TAMS 0x000000071a800000, 0x000000071a800000| Complete 
| 116|0x000000071aa00000, 0x000000071ac00000, 0x000000071ac00000|100%| E|CS|TAMS 0x000000071aa00000, 0x000000071aa00000| Complete 
| 117|0x000000071ac00000, 0x000000071ae00000, 0x000000071ae00000|100%| E|CS|TAMS 0x000000071ac00000, 0x000000071ac00000| Complete 
| 118|0x000000071ae00000, 0x000000071b000000, 0x000000071b000000|100%| E|CS|TAMS 0x000000071ae00000, 0x000000071ae00000| Complete 
| 119|0x000000071b000000, 0x000000071b200000, 0x000000071b200000|100%| E|CS|TAMS 0x000000071b000000, 0x000000071b000000| Complete 
| 120|0x000000071b200000, 0x000000071b400000, 0x000000071b400000|100%| E|CS|TAMS 0x000000071b200000, 0x000000071b200000| Complete 
| 121|0x000000071b400000, 0x000000071b600000, 0x000000071b600000|100%| E|CS|TAMS 0x000000071b400000, 0x000000071b400000| Complete 

Card table byte_map: [0x00007a452c800000,0x00007a452cf9f000] _byte_map_base: 0x00007a4528f9f000

Marking Bits (Prev, Next): (CMBitMap*) 0x00007a4540095ff0, (CMBitMap*) 0x00007a4540096030
 Prev Bits: [0x00007a4528200000, 0x00007a452bef8000)
 Next Bits: [0x00007a4524400000, 0x00007a45280f8000)

Polling page: 0x00007a4545e1d000

Metaspace:

Usage:
  Non-class:      7.42 MB used.
      Class:    820.97 KB used.
       Both:      8.22 MB used.

Virtual space:
  Non-class space:       64.00 MB reserved,       7.44 MB ( 12%) committed,  1 nodes.
      Class space:        1.00 GB reserved,     896.00 KB ( <1%) committed,  1 nodes.
             Both:        1.06 GB reserved,       8.31 MB ( <1%) committed. 

Chunk freelists:
   Non-Class:  7.75 MB
       Class:  15.06 MB
        Both:  22.81 MB

MaxMetaspaceSize: unlimited
CompressedClassSpaceSize: 1.00 GB
Initial GC threshold: 21.00 MB
Current GC threshold: 21.00 MB
CDS: off
MetaspaceReclaimPolicy: balanced
 - commit_granule_bytes: 65536.
 - commit_granule_words: 8192.
 - virtual_space_node_default_size: 8388608.
 - enlarge_chunks_in_place: 1.
 - new_chunks_are_fully_committed: 0.
 - uncommit_free_chunks: 1.
 - use_allocation_guard: 0.
 - handle_deallocations: 1.


Internal statistics:

num_allocs_failed_limit: 0.
num_arena_births: 32.
num_arena_deaths: 0.
num_vsnodes_births: 2.
num_vsnodes_deaths: 0.
num_space_committed: 133.
num_space_uncommitted: 0.
num_chunks_returned_to_freelist: 0.
num_chunks_taken_from_freelist: 111.
num_chunk_merges: 0.
num_chunk_splits: 79.
num_chunks_enlarged: 65.
num_inconsistent_stats: 0.

CodeHeap 'non-profiled nmethods': size=119168Kb used=298Kb max_used=298Kb free=118869Kb
 bounds [0x00007a4535da0000, 0x00007a4536010000, 0x00007a453d200000]
CodeHeap 'profiled nmethods': size=119164Kb used=1436Kb max_used=1436Kb free=117727Kb
 bounds [0x00007a452e200000, 0x00007a452e470000, 0x00007a453565f000]
CodeHeap 'non-nmethods': size=7428Kb used=2867Kb max_used=2901Kb free=4560Kb
 bounds [0x00007a453565f000, 0x00007a453593f000, 0x00007a4535da0000]
 total_blobs=1236 nmethods=824 adapters=323
 compilation: enabled
              stopped_count=0, restarted_count=0
 full_count=0

Compilation events (20 events):
Event: 0.437 Thread 0x00007a44c8087c90 nmethod 761 0x00007a4535de4a90 code [0x00007a4535de4c20, 0x00007a4535de4d38]
Event: 0.437 Thread 0x00007a44c8087c90  693       4       jdk.internal.jimage.ImageStringsReader::hashCode (33 bytes)
Event: 0.442 Thread 0x00007a44c8087c90 nmethod 693 0x00007a4535de4e10 code [0x00007a4535de4fa0, 0x00007a4535de5598]
Event: 0.442 Thread 0x00007a44c8087c90  609       4       java.lang.Integer::getChars (131 bytes)
Event: 0.442 Thread 0x00007a4540220980 nmethod 612 0x00007a4535de5910 code [0x00007a4535de5b60, 0x00007a4535de6480]
Event: 0.442 Thread 0x00007a4540220980  601       4       java.lang.AbstractStringBuilder::append (55 bytes)
Event: 0.443 Thread 0x00007a44c8087c90 nmethod 609 0x00007a4535de6f10 code [0x00007a4535de70a0, 0x00007a4535de71f8]
Event: 0.443 Thread 0x00007a44c8087c90  694       4       java.util.concurrent.ConcurrentHashMap$BaseIterator::hasNext (13 bytes)
Event: 0.443 Thread 0x00007a44c8087c90 nmethod 694 0x00007a4535de7390 code [0x00007a4535de7500, 0x00007a4535de7598]
Event: 0.443 Thread 0x00007a44c8087c90  690       4       jdk.internal.loader.URLClassPath$JarLoader::findResource (18 bytes)
Event: 0.446 Thread 0x00007a4540220980 nmethod 601 0x00007a4535de7690 code [0x00007a4535de7820, 0x00007a4535de7f58]
Event: 0.446 Thread 0x00007a4540220980  607       4       java.lang.CharacterDataLatin1::getProperties (11 bytes)
Event: 0.446 Thread 0x00007a4540220980 nmethod 607 0x00007a4535de8390 code [0x00007a4535de8520, 0x00007a4535de85d8]
Event: 0.446 Thread 0x00007a4540220980  726       4       java.util.concurrent.ConcurrentHashMap$ValueIterator::next (34 bytes)
Event: 0.449 Thread 0x00007a44c8087c90 nmethod 690 0x00007a4535de8690 code [0x00007a4535de88e0, 0x00007a4535de9200]
Event: 0.449 Thread 0x00007a44c8087c90  727       4       jdk.internal.module.ModuleReferenceImpl::hashCode (56 bytes)
Event: 0.450 Thread 0x00007a44c8087c90 nmethod 727 0x00007a4535de9d90 code [0x00007a4535de9f20, 0x00007a4535de9fb8]
Event: 0.450 Thread 0x00007a4540220980 nmethod 726 0x00007a4535dea090 code [0x00007a4535dea220, 0x00007a4535dea6b8]
Event: 0.450 Thread 0x00007a44c8087c90  674       4       java.lang.Math::max (11 bytes)
Event: 0.450 Thread 0x00007a44c8087c90 nmethod 674 0x00007a4535dea890 code [0x00007a4535deaa00, 0x00007a4535deaa58]

GC Heap History (0 events):
No events

Dll operation events (14 events):
Event: 0.002 Loaded shared library /home/vscode/.vscode-server/extensions/redhat.java-1.38.0-linux-x64/jre/17.0.13-linux-x86_64/lib/libjava.so
Event: 0.240 Loaded shared library /home/vscode/.vscode-server/extensions/redhat.java-1.38.0-linux-x64/jre/17.0.13-linux-x86_64/lib/libnio.so
Event: 0.245 Loaded shared library /home/vscode/.vscode-server/extensions/redhat.java-1.38.0-linux-x64/jre/17.0.13-linux-x86_64/lib/libzip.so
Event: 0.285 Loaded shared library /home/vscode/.vscode-server/extensions/redhat.java-1.38.0-linux-x64/jre/17.0.13-linux-x86_64/lib/libjimage.so
Event: 0.310 Loaded shared library /home/vscode/.javacpp/cache/javacpp-1.5.11-linux-x86_64.jar/org/bytedeco/javacpp/linux-x86_64/libjnijavacpp.so
Event: 0.343 Loaded shared library /home/vscode/.javacpp/cache/ffmpeg-7.1-1.5.11-linux-x86_64-gpl.jar/org/bytedeco/ffmpeg/linux-x86_64-gpl/libdrm.so.2
Event: 0.360 Loaded shared library /home/vscode/.javacpp/cache/ffmpeg-7.1-1.5.11-linux-x86_64-gpl.jar/org/bytedeco/ffmpeg/linux-x86_64-gpl/libavutil.so.59
Event: 0.364 Loaded shared library /home/vscode/.javacpp/cache/ffmpeg-7.1-1.5.11-linux-x86_64-gpl.jar/org/bytedeco/ffmpeg/linux-x86_64-gpl/libjniavutil.so
Event: 0.383 Loaded shared library /home/vscode/.javacpp/cache/ffmpeg-7.1-1.5.11-linux-x86_64-gpl.jar/org/bytedeco/ffmpeg/linux-x86_64-gpl/libswresample.so.5
Event: 0.384 Loaded shared library /home/vscode/.javacpp/cache/ffmpeg-7.1-1.5.11-linux-x86_64-gpl.jar/org/bytedeco/ffmpeg/linux-x86_64-gpl/libjniswresample.so
Event: 0.389 Loaded shared library /home/vscode/.javacpp/cache/ffmpeg-7.1-1.5.11-linux-x86_64-gpl.jar/org/bytedeco/ffmpeg/linux-x86_64-gpl/libavcodec.so.61
Event: 0.390 Loaded shared library /home/vscode/.javacpp/cache/ffmpeg-7.1-1.5.11-linux-x86_64-gpl.jar/org/bytedeco/ffmpeg/linux-x86_64-gpl/libjniavcodec.so
Event: 0.400 Loaded shared library /home/vscode/.javacpp/cache/ffmpeg-7.1-1.5.11-linux-x86_64-gpl.jar/org/bytedeco/ffmpeg/linux-x86_64-gpl/libavformat.so.61
Event: 0.401 Loaded shared library /home/vscode/.javacpp/cache/ffmpeg-7.1-1.5.11-linux-x86_64-gpl.jar/org/bytedeco/ffmpeg/linux-x86_64-gpl/libjniavformat.so

Deoptimization events (20 events):
Event: 0.332 Thread 0x00007a454002ba60 DEOPT PACKING pc=0x00007a452e29794c sp=0x00007a4544776050
Event: 0.332 Thread 0x00007a454002ba60 DEOPT UNPACKING pc=0x00007a45356b5e2f sp=0x00007a4544775550 mode 1
Event: 0.332 Thread 0x00007a454002ba60 DEOPT PACKING pc=0x00007a452e29794c sp=0x00007a4544776050
Event: 0.332 Thread 0x00007a454002ba60 DEOPT UNPACKING pc=0x00007a45356b5e2f sp=0x00007a4544775550 mode 1
Event: 0.332 Thread 0x00007a454002ba60 DEOPT PACKING pc=0x00007a452e29794c sp=0x00007a4544776050
Event: 0.332 Thread 0x00007a454002ba60 DEOPT UNPACKING pc=0x00007a45356b5e2f sp=0x00007a4544775550 mode 1
Event: 0.332 Thread 0x00007a454002ba60 DEOPT PACKING pc=0x00007a452e29794c sp=0x00007a4544776050
Event: 0.332 Thread 0x00007a454002ba60 DEOPT UNPACKING pc=0x00007a45356b5e2f sp=0x00007a4544775550 mode 1
Event: 0.332 Thread 0x00007a454002ba60 DEOPT PACKING pc=0x00007a452e29794c sp=0x00007a4544776050
Event: 0.332 Thread 0x00007a454002ba60 DEOPT UNPACKING pc=0x00007a45356b5e2f sp=0x00007a4544775550 mode 1
Event: 0.333 Thread 0x00007a454002ba60 DEOPT PACKING pc=0x00007a452e29794c sp=0x00007a4544776050
Event: 0.333 Thread 0x00007a454002ba60 DEOPT UNPACKING pc=0x00007a45356b5e2f sp=0x00007a4544775550 mode 1
Event: 0.333 Thread 0x00007a454002ba60 DEOPT PACKING pc=0x00007a452e29794c sp=0x00007a4544776050
Event: 0.333 Thread 0x00007a454002ba60 DEOPT UNPACKING pc=0x00007a45356b5e2f sp=0x00007a4544775550 mode 1
Event: 0.336 Thread 0x00007a454002ba60 DEOPT PACKING pc=0x00007a452e208acf sp=0x00007a4544775f90
Event: 0.336 Thread 0x00007a454002ba60 DEOPT UNPACKING pc=0x00007a45356b5e2f sp=0x00007a4544775428 mode 0
Event: 0.349 Thread 0x00007a454002ba60 Uncommon trap: trap_request=0xffffff6e fr.pc=0x00007a4535dc0d48 relative=0x0000000000000428
Event: 0.349 Thread 0x00007a454002ba60 Uncommon trap: reason=loop_limit_check action=maybe_recompile pc=0x00007a4535dc0d48 method=java.lang.StringLatin1.indexOf([BI[BII)I @ 37 c2
Event: 0.349 Thread 0x00007a454002ba60 DEOPT PACKING pc=0x00007a4535dc0d48 sp=0x00007a4544776330
Event: 0.349 Thread 0x00007a454002ba60 DEOPT UNPACKING pc=0x00007a45356b5699 sp=0x00007a45447762b0 mode 2

Classes loaded (20 events):
Event: 0.334 Loading class java/lang/CompoundEnumeration
Event: 0.334 Loading class java/lang/CompoundEnumeration done
Event: 0.334 Loading class jdk/internal/loader/URLClassPath$1
Event: 0.334 Loading class jdk/internal/loader/URLClassPath$1 done
Event: 0.337 Loading class jdk/internal/misc/ScopedMemoryAccess$Scope
Event: 0.337 Loading class jdk/internal/misc/ScopedMemoryAccess$Scope done
Event: 0.415 Loading class java/lang/invoke/MethodHandleImpl$AsVarargsCollector
Event: 0.415 Loading class java/lang/invoke/MethodHandleImpl$AsVarargsCollector done
Event: 0.416 Loading class java/lang/invoke/BoundMethodHandle$Species_LL
Event: 0.416 Loading class java/lang/invoke/BoundMethodHandle$Species_LL done
Event: 0.417 Loading class java/lang/invoke/BoundMethodHandle$Species_LLL
Event: 0.417 Loading class java/lang/invoke/BoundMethodHandle$Species_LLL done
Event: 0.418 Loading class java/lang/Long$LongCache
Event: 0.418 Loading class java/lang/Long$LongCache done
Event: 0.418 Loading class java/lang/invoke/MethodHandles$1
Event: 0.418 Loading class java/lang/invoke/MethodHandles$1 done
Event: 0.418 Loading class java/lang/invoke/BoundMethodHandle$Species_LJ
Event: 0.418 Loading class java/lang/invoke/BoundMethodHandle$Species_LJ done
Event: 0.418 Loading class java/lang/invoke/BoundMethodHandle$Species_LLLL
Event: 0.418 Loading class java/lang/invoke/BoundMethodHandle$Species_LLLL done

Classes unloaded (0 events):
No events

Classes redefined (0 events):
No events

Internal exceptions (6 events):
Event: 0.277 Thread 0x00007a454002ba60 Exception <a 'java/lang/NoSuchMethodError'{0x000000071b32cb48}: 'int java.lang.invoke.DirectMethodHandle$Holder.invokeStaticInit(java.lang.Object, java.lang.Object, java.lang.Object, java.lang.Object)'> (0x000000071b32cb48) 
thrown [src/hotspot/share/interpreter/linkResolver.cpp, line 758]
Event: 0.278 Thread 0x00007a454002ba60 Exception <a 'java/lang/NoSuchMethodError'{0x000000071b337888}: 'java.lang.Object java.lang.invoke.DirectMethodHandle$Holder.invokeInterface(java.lang.Object, java.lang.Object)'> (0x000000071b337888) 
thrown [src/hotspot/share/interpreter/linkResolver.cpp, line 758]
Event: 0.278 Thread 0x00007a454002ba60 Exception <a 'java/lang/IncompatibleClassChangeError'{0x000000071b33afa0}: Found class java.lang.Object, but interface was expected> (0x000000071b33afa0) 
thrown [src/hotspot/share/interpreter/linkResolver.cpp, line 826]
Event: 0.279 Thread 0x00007a454002ba60 Exception <a 'java/lang/NoSuchMethodError'{0x000000071b33e118}: 'void java.lang.invoke.DirectMethodHandle$Holder.invokeStatic(java.lang.Object, java.lang.Object)'> (0x000000071b33e118) 
thrown [src/hotspot/share/interpreter/linkResolver.cpp, line 758]
Event: 0.279 Thread 0x00007a454002ba60 Exception <a 'java/lang/NoSuchMethodError'{0x000000071b341788}: 'void java.lang.invoke.DirectMethodHandle$Holder.invokeStaticInit(java.lang.Object, java.lang.Object)'> (0x000000071b341788) 
thrown [src/hotspot/share/interpreter/linkResolver.cpp, line 758]
Event: 0.280 Thread 0x00007a454002ba60 Exception <a 'java/lang/NoSuchMethodError'{0x000000071b347e40}: 'int java.lang.invoke.DirectMethodHandle$Holder.invokeStaticInit(java.lang.Object, java.lang.Object)'> (0x000000071b347e40) 
thrown [src/hotspot/share/interpreter/linkResolver.cpp, line 758]

VM Operations (20 events):
Event: 0.232 Executing VM operation: ChangeBreakpoints
Event: 0.232 Executing VM operation: ChangeBreakpoints done
Event: 0.246 Executing VM operation: HandshakeAllThreads
Event: 0.246 Executing VM operation: HandshakeAllThreads done
Event: 0.560 Executing VM operation: get/set locals
Event: 0.560 Executing VM operation: get/set locals done
Event: 0.560 Executing VM operation: get/set locals
Event: 0.560 Executing VM operation: get/set locals done
Event: 0.560 Executing VM operation: get/set locals
Event: 0.560 Executing VM operation: get/set locals done
Event: 0.560 Executing VM operation: get/set locals
Event: 0.561 Executing VM operation: get/set locals done
Event: 0.561 Executing VM operation: get/set locals
Event: 0.561 Executing VM operation: get/set locals done
Event: 0.561 Executing VM operation: get/set locals
Event: 0.561 Executing VM operation: get/set locals done
Event: 0.561 Executing VM operation: get/set locals
Event: 0.561 Executing VM operation: get/set locals done
Event: 0.561 Executing VM operation: get/set locals
Event: 0.561 Executing VM operation: get/set locals done

Memory protections (19 events):
Event: 0.002 Protecting memory [0x00007a4544678000,0x00007a454467c000] with protection modes 0
Event: 0.024 Protecting memory [0x00007a451d1f2000,0x00007a451d1f6000] with protection modes 0
Event: 0.024 Protecting memory [0x00007a451d0f1000,0x00007a451d0f5000] with protection modes 0
Event: 0.032 Protecting memory [0x00007a451cd09000,0x00007a451cd0d000] with protection modes 0
Event: 0.032 Protecting memory [0x00007a451cc08000,0x00007a451cc0c000] with protection modes 0
Event: 0.032 Protecting memory [0x00007a451cb07000,0x00007a451cb0b000] with protection modes 0
Event: 0.032 Protecting memory [0x00007a451ca06000,0x00007a451ca0a000] with protection modes 0
Event: 0.032 Protecting memory [0x00007a451c905000,0x00007a451c909000] with protection modes 0
Event: 0.032 Protecting memory [0x00007a451c804000,0x00007a451c808000] with protection modes 0
Event: 0.048 Protecting memory [0x00007a451c703000,0x00007a451c707000] with protection modes 0
Event: 0.048 Protecting memory [0x00007a451c602000,0x00007a451c606000] with protection modes 0
Event: 0.049 Protecting memory [0x00007a451c501000,0x00007a451c505000] with protection modes 0
Event: 0.051 Protecting memory [0x00007a451c400000,0x00007a451c404000] with protection modes 0
Event: 0.051 Protecting memory [0x00007a451c2ff000,0x00007a451c303000] with protection modes 0
Event: 0.051 Protecting memory [0x00007a451c1fe000,0x00007a451c202000] with protection modes 0
Event: 0.220 Protecting memory [0x00007a451c0fd000,0x00007a451c101000] with protection modes 0
Event: 0.227 Protecting memory [0x00007a4513dfe000,0x00007a4513e02000] with protection modes 0
Event: 0.258 Protecting memory [0x00007a4513cfd000,0x00007a4513d01000] with protection modes 0
Event: 0.336 Protecting memory [0x00007a4513a2f000,0x00007a4513a33000] with protection modes 0

Nmethod flushes (0 events):
No events

Events (19 events):
Event: 0.017 Thread 0x00007a454002ba60 Thread added: 0x00007a454002ba60
Event: 0.024 Thread 0x00007a454002ba60 Thread added: 0x00007a45401f7c40
Event: 0.024 Thread 0x00007a454002ba60 Thread added: 0x00007a45401f91f0
Event: 0.032 Thread 0x00007a454002ba60 Thread added: 0x00007a454021a980
Event: 0.032 Thread 0x00007a454002ba60 Thread added: 0x00007a454021e1b0
Event: 0.032 Thread 0x00007a454002ba60 Thread added: 0x00007a454021f270
Event: 0.032 Thread 0x00007a454002ba60 Thread added: 0x00007a4540220980
Event: 0.032 Thread 0x00007a454002ba60 Thread added: 0x00007a4540221ec0
Event: 0.032 Thread 0x00007a454002ba60 Thread added: 0x00007a4540223360
Event: 0.048 Thread 0x00007a4540221ec0 Thread added: 0x00007a44d408caa0
Event: 0.048 Thread 0x00007a4540221ec0 Thread added: 0x00007a44d408dc00
Event: 0.048 Thread 0x00007a44d408dc00 Thread added: 0x00007a44c0000f80
Event: 0.050 Thread 0x00007a454002ba60 Thread added: 0x00007a45402b07d0
Event: 0.051 Thread 0x00007a454002ba60 Thread added: 0x00007a45402b35a0
Event: 0.051 Thread 0x00007a45402b07d0 Thread added: 0x00007a44b4000fb0
Event: 0.220 Thread 0x00007a454002ba60 Thread added: 0x00007a45402b4650
Event: 0.227 Thread 0x00007a454002ba60 Thread added: 0x00007a45402beac0
Event: 0.258 Thread 0x00007a454002ba60 Thread added: 0x00007a4540370eb0
Event: 0.336 Thread 0x00007a44d408caa0 Thread added: 0x00007a44c8087c90


Dynamic libraries:
70c200000-71b600000 rw-p 00000000 00:00 0 
71b600000-800000000 ---p 00000000 00:00 0 
800000000-800010000 rw-p 00000000 00:00 0 
800010000-800030000 rw-p 00000000 00:00 0 
800030000-8000b0000 rw-p 00000000 00:00 0 
8000b0000-8000e0000 rw-p 00000000 00:00 0 
8000e0000-840000000 ---p 00000000 00:00 0 
5f6297e25000-5f6297e26000 r--p 00000000 00:6b 1092721                    /home/vscode/.vscode-server/extensions/redhat.java-1.38.0-linux-x64/jre/17.0.13-linux-x86_64/bin/java
5f6297e26000-5f6297e27000 r-xp 00001000 00:6b 1092721                    /home/vscode/.vscode-server/extensions/redhat.java-1.38.0-linux-x64/jre/17.0.13-linux-x86_64/bin/java
5f6297e27000-5f6297e28000 r--p 00002000 00:6b 1092721                    /home/vscode/.vscode-server/extensions/redhat.java-1.38.0-linux-x64/jre/17.0.13-linux-x86_64/bin/java
5f6297e28000-5f6297e29000 r--p 00002000 00:6b 1092721                    /home/vscode/.vscode-server/extensions/redhat.java-1.38.0-linux-x64/jre/17.0.13-linux-x86_64/bin/java
5f6297e29000-5f6297e2a000 rw-p 00003000 00:6b 1092721                    /home/vscode/.vscode-server/extensions/redhat.java-1.38.0-linux-x64/jre/17.0.13-linux-x86_64/bin/java
5f6299cc8000-5f6299d10000 rw-p 00000000 00:00 0                          [heap]
7a448c000000-7a448c2fb000 rw-p 00000000 00:00 0 
7a448c2fb000-7a4490000000 ---p 00000000 00:00 0 
7a4490000000-7a4490021000 rw-p 00000000 00:00 0 
7a4490021000-7a4494000000 ---p 00000000 00:00 0 
7a4498000000-7a4498021000 rw-p 00000000 00:00 0 
7a4498021000-7a449c000000 ---p 00000000 00:00 0 
7a449c000000-7a449c021000 rw-p 00000000 00:00 0 
7a449c021000-7a44a0000000 ---p 00000000 00:00 0 
7a44a4000000-7a44a4021000 rw-p 00000000 00:00 0 
7a44a4021000-7a44a8000000 ---p 00000000 00:00 0 
7a44a8000000-7a44a8021000 rw-p 00000000 00:00 0 
7a44a8021000-7a44ac000000 ---p 00000000 00:00 0 
7a44b0000000-7a44b0021000 rw-p 00000000 00:00 0 
7a44b0021000-7a44b4000000 ---p 00000000 00:00 0 
7a44b4000000-7a44b4021000 rw-p 00000000 00:00 0 
7a44b4021000-7a44b8000000 ---p 00000000 00:00 0 
7a44bc000000-7a44bc1b8000 rw-p 00000000 00:00 0 
7a44bc1b8000-7a44c0000000 ---p 00000000 00:00 0 
7a44c0000000-7a44c00eb000 rw-p 00000000 00:00 0 
7a44c00eb000-7a44c4000000 ---p 00000000 00:00 0 
7a44c8000000-7a44c8155000 rw-p 00000000 00:00 0 
7a44c8155000-7a44cc000000 ---p 00000000 00:00 0 
7a44cc000000-7a44cc021000 rw-p 00000000 00:00 0 
7a44cc021000-7a44d0000000 ---p 00000000 00:00 0 
7a44d4000000-7a44d41b6000 rw-p 00000000 00:00 0 
7a44d41b6000-7a44d8000000 ---p 00000000 00:00 0 
7a44d8000000-7a44d82f0000 rw-p 00000000 00:00 0 
7a44d82f0000-7a44dc000000 ---p 00000000 00:00 0 
7a44e0000000-7a44e0021000 rw-p 00000000 00:00 0 
7a44e0021000-7a44e4000000 ---p 00000000 00:00 0 
7a44e4000000-7a44e4021000 rw-p 00000000 00:00 0 
7a44e4021000-7a44e8000000 ---p 00000000 00:00 0 
7a44ec000000-7a44ec021000 rw-p 00000000 00:00 0 
7a44ec021000-7a44f0000000 ---p 00000000 00:00 0 
7a44f0000000-7a44f0021000 rw-p 00000000 00:00 0 
7a44f0021000-7a44f4000000 ---p 00000000 00:00 0 
7a44f8000000-7a44f8021000 rw-p 00000000 00:00 0 
7a44f8021000-7a44fc000000 ---p 00000000 00:00 0 
7a44fc000000-7a44fc021000 rw-p 00000000 00:00 0 
7a44fc021000-7a4500000000 ---p 00000000 00:00 0 
7a4500267000-7a4500337000 r--p 00000000 00:6b 1181539                    /home/vscode/.javacpp/cache/ffmpeg-7.1-1.5.11-linux-x86_64-gpl.jar/org/bytedeco/ffmpeg/linux-x86_64-gpl/libavcodec.so.61
7a4500337000-7a4503090000 r-xp 000d0000 00:6b 1181539                    /home/vscode/.javacpp/cache/ffmpeg-7.1-1.5.11-linux-x86_64-gpl.jar/org/bytedeco/ffmpeg/linux-x86_64-gpl/libavcodec.so.61
7a4503090000-7a450372e000 r--p 02e29000 00:6b 1181539                    /home/vscode/.javacpp/cache/ffmpeg-7.1-1.5.11-linux-x86_64-gpl.jar/org/bytedeco/ffmpeg/linux-x86_64-gpl/libavcodec.so.61
7a450372e000-7a45037c1000 r--p 034c6000 00:6b 1181539                    /home/vscode/.javacpp/cache/ffmpeg-7.1-1.5.11-linux-x86_64-gpl.jar/org/bytedeco/ffmpeg/linux-x86_64-gpl/libavcodec.so.61
7a45037c1000-7a45037db000 rw-p 03559000 00:6b 1181539                    /home/vscode/.javacpp/cache/ffmpeg-7.1-1.5.11-linux-x86_64-gpl.jar/org/bytedeco/ffmpeg/linux-x86_64-gpl/libavcodec.so.61
7a45037db000-7a45043f0000 rw-p 00000000 00:00 0 
7a45043f0000-7a4504470000 rw-p 00000000 00:00 0 
7a4504470000-7a45044f0000 rw-p 00000000 00:00 0 
7a45044f0000-7a45046f0000 rw-p 00000000 00:00 0 
7a45046f0000-7a4504730000 rw-p 00000000 00:00 0 
7a4504730000-7a4504800000 ---p 00000000 00:00 0 
7a4504800000-7a4504840000 rw-p 00000000 00:00 0 
7a4504840000-7a4508000000 ---p 00000000 00:00 0 
7a4508000000-7a4508021000 rw-p 00000000 00:00 0 
7a4508021000-7a450c000000 ---p 00000000 00:00 0 
7a450c000000-7a450c021000 rw-p 00000000 00:00 0 
7a450c021000-7a4510000000 ---p 00000000 00:00 0 
7a4511313000-7a4511601000 rw-p 00000000 00:00 0 
7a4511733000-7a45117fb000 r--p 00000000 00:6b 1181542                    /home/vscode/.javacpp/cache/ffmpeg-7.1-1.5.11-linux-x86_64-gpl.jar/org/bytedeco/ffmpeg/linux-x86_64-gpl/libavformat.so.61
7a45117fb000-7a4511f55000 r-xp 000c8000 00:6b 1181542                    /home/vscode/.javacpp/cache/ffmpeg-7.1-1.5.11-linux-x86_64-gpl.jar/org/bytedeco/ffmpeg/linux-x86_64-gpl/libavformat.so.61
7a4511f55000-7a451212c000 r--p 00822000 00:6b 1181542                    /home/vscode/.javacpp/cache/ffmpeg-7.1-1.5.11-linux-x86_64-gpl.jar/org/bytedeco/ffmpeg/linux-x86_64-gpl/libavformat.so.61
7a451212c000-7a45121c8000 r--p 009f8000 00:6b 1181542                    /home/vscode/.javacpp/cache/ffmpeg-7.1-1.5.11-linux-x86_64-gpl.jar/org/bytedeco/ffmpeg/linux-x86_64-gpl/libavformat.so.61
7a45121c8000-7a45121d1000 rw-p 00a94000 00:6b 1181542                    /home/vscode/.javacpp/cache/ffmpeg-7.1-1.5.11-linux-x86_64-gpl.jar/org/bytedeco/ffmpeg/linux-x86_64-gpl/libavformat.so.61
7a45121d1000-7a45121db000 rw-p 00000000 00:00 0 
7a45121db000-7a4512204000 r--p 00000000 00:6b 1181541                    /home/vscode/.javacpp/cache/ffmpeg-7.1-1.5.11-linux-x86_64-gpl.jar/org/bytedeco/ffmpeg/linux-x86_64-gpl/libjniavcodec.so
7a4512204000-7a451223f000 r-xp 00029000 00:6b 1181541                    /home/vscode/.javacpp/cache/ffmpeg-7.1-1.5.11-linux-x86_64-gpl.jar/org/bytedeco/ffmpeg/linux-x86_64-gpl/libjniavcodec.so
7a451223f000-7a4512262000 r--p 00064000 00:6b 1181541                    /home/vscode/.javacpp/cache/ffmpeg-7.1-1.5.11-linux-x86_64-gpl.jar/org/bytedeco/ffmpeg/linux-x86_64-gpl/libjniavcodec.so
7a4512262000-7a4512263000 ---p 00087000 00:6b 1181541                    /home/vscode/.javacpp/cache/ffmpeg-7.1-1.5.11-linux-x86_64-gpl.jar/org/bytedeco/ffmpeg/linux-x86_64-gpl/libjniavcodec.so
7a4512263000-7a4512276000 r--p 00087000 00:6b 1181541                    /home/vscode/.javacpp/cache/ffmpeg-7.1-1.5.11-linux-x86_64-gpl.jar/org/bytedeco/ffmpeg/linux-x86_64-gpl/libjniavcodec.so
7a4512276000-7a4512277000 rw-p 0009a000 00:6b 1181541                    /home/vscode/.javacpp/cache/ffmpeg-7.1-1.5.11-linux-x86_64-gpl.jar/org/bytedeco/ffmpeg/linux-x86_64-gpl/libjniavcodec.so
7a4512277000-7a4512278000 rw-p 00000000 00:00 0 
7a451233e000-7a451239a000 r--p 00000000 00:6b 1181535                    /home/vscode/.javacpp/cache/ffmpeg-7.1-1.5.11-linux-x86_64-gpl.jar/org/bytedeco/ffmpeg/linux-x86_64-gpl/libjniavutil.so
7a451239a000-7a4512429000 r-xp 0005c000 00:6b 1181535                    /home/vscode/.javacpp/cache/ffmpeg-7.1-1.5.11-linux-x86_64-gpl.jar/org/bytedeco/ffmpeg/linux-x86_64-gpl/libjniavutil.so
7a4512429000-7a4512463000 r--p 000eb000 00:6b 1181535                    /home/vscode/.javacpp/cache/ffmpeg-7.1-1.5.11-linux-x86_64-gpl.jar/org/bytedeco/ffmpeg/linux-x86_64-gpl/libjniavutil.so
7a4512463000-7a4512464000 ---p 00125000 00:6b 1181535                    /home/vscode/.javacpp/cache/ffmpeg-7.1-1.5.11-linux-x86_64-gpl.jar/org/bytedeco/ffmpeg/linux-x86_64-gpl/libjniavutil.so
7a4512464000-7a4512470000 r--p 00125000 00:6b 1181535                    /home/vscode/.javacpp/cache/ffmpeg-7.1-1.5.11-linux-x86_64-gpl.jar/org/bytedeco/ffmpeg/linux-x86_64-gpl/libjniavutil.so
7a4512470000-7a4512472000 rw-p 00131000 00:6b 1181535                    /home/vscode/.javacpp/cache/ffmpeg-7.1-1.5.11-linux-x86_64-gpl.jar/org/bytedeco/ffmpeg/linux-x86_64-gpl/libjniavutil.so
7a4512472000-7a4512473000 rw-p 00000000 00:00 0 
7a4512473000-7a45124f0000 r--p 00000000 00:6b 1181533                    /home/vscode/.javacpp/cache/ffmpeg-7.1-1.5.11-linux-x86_64-gpl.jar/org/bytedeco/ffmpeg/linux-x86_64-gpl/libavutil.so.59
7a45124f0000-7a45128c3000 r-xp 0007d000 00:6b 1181533                    /home/vscode/.javacpp/cache/ffmpeg-7.1-1.5.11-linux-x86_64-gpl.jar/org/bytedeco/ffmpeg/linux-x86_64-gpl/libavutil.so.59
7a45128c3000-7a45129ac000 r--p 00450000 00:6b 1181533                    /home/vscode/.javacpp/cache/ffmpeg-7.1-1.5.11-linux-x86_64-gpl.jar/org/bytedeco/ffmpeg/linux-x86_64-gpl/libavutil.so.59
7a45129ac000-7a45129ad000 ---p 00539000 00:6b 1181533                    /home/vscode/.javacpp/cache/ffmpeg-7.1-1.5.11-linux-x86_64-gpl.jar/org/bytedeco/ffmpeg/linux-x86_64-gpl/libavutil.so.59
7a45129ad000-7a4512a19000 r--p 00539000 00:6b 1181533                    /home/vscode/.javacpp/cache/ffmpeg-7.1-1.5.11-linux-x86_64-gpl.jar/org/bytedeco/ffmpeg/linux-x86_64-gpl/libavutil.so.59
7a4512a19000-7a4512a1d000 rw-p 005a5000 00:6b 1181533                    /home/vscode/.javacpp/cache/ffmpeg-7.1-1.5.11-linux-x86_64-gpl.jar/org/bytedeco/ffmpeg/linux-x86_64-gpl/libavutil.so.59
7a4512a1d000-7a4513a2f000 rw-p 00000000 00:00 0 
7a4513a2f000-7a4513a33000 ---p 00000000 00:00 0 
7a4513a33000-7a4513b30000 rw-p 00000000 00:00 0 
7a4513b30000-7a4513bc6000 r--p 00000000 00:6b 1055787                    /usr/lib/x86_64-linux-gnu/libstdc++.so.6.0.28
7a4513bc6000-7a4513ca2000 r-xp 00096000 00:6b 1055787                    /usr/lib/x86_64-linux-gnu/libstdc++.so.6.0.28
7a4513ca2000-7a4513cec000 r--p 00172000 00:6b 1055787                    /usr/lib/x86_64-linux-gnu/libstdc++.so.6.0.28
7a4513cec000-7a4513cf7000 r--p 001bb000 00:6b 1055787                    /usr/lib/x86_64-linux-gnu/libstdc++.so.6.0.28
7a4513cf7000-7a4513cfa000 rw-p 001c6000 00:6b 1055787                    /usr/lib/x86_64-linux-gnu/libstdc++.so.6.0.28
7a4513cfa000-7a4513cfd000 rw-p 00000000 00:00 0 
7a4513cfd000-7a4513d01000 ---p 00000000 00:00 0 
7a4513d01000-7a4513dfe000 rw-p 00000000 00:00 0 
7a4513dfe000-7a4513e02000 ---p 00000000 00:00 0 
7a4513e02000-7a4513eff000 rw-p 00000000 00:00 0 
7a4513eff000-7a4513f00000 ---p 00000000 00:00 0 
7a4513f00000-7a4514000000 rw-p 00000000 00:00 0 
7a4514000000-7a4514021000 rw-p 00000000 00:00 0 
7a4514021000-7a4518000000 ---p 00000000 00:00 0 
7a4518000000-7a4518021000 rw-p 00000000 00:00 0 
7a4518021000-7a451c000000 ---p 00000000 00:00 0 
7a451c076000-7a451c09c000 r--p 00000000 00:6b 1181544                    /home/vscode/.javacpp/cache/ffmpeg-7.1-1.5.11-linux-x86_64-gpl.jar/org/bytedeco/ffmpeg/linux-x86_64-gpl/libjniavformat.so
7a451c09c000-7a451c0d5000 r-xp 00026000 00:6b 1181544                    /home/vscode/.javacpp/cache/ffmpeg-7.1-1.5.11-linux-x86_64-gpl.jar/org/bytedeco/ffmpeg/linux-x86_64-gpl/libjniavformat.so
7a451c0d5000-7a451c0f1000 r--p 0005f000 00:6b 1181544                    /home/vscode/.javacpp/cache/ffmpeg-7.1-1.5.11-linux-x86_64-gpl.jar/org/bytedeco/ffmpeg/linux-x86_64-gpl/libjniavformat.so
7a451c0f1000-7a451c0fb000 r--p 0007a000 00:6b 1181544                    /home/vscode/.javacpp/cache/ffmpeg-7.1-1.5.11-linux-x86_64-gpl.jar/org/bytedeco/ffmpeg/linux-x86_64-gpl/libjniavformat.so
7a451c0fb000-7a451c0fc000 rw-p 00084000 00:6b 1181544                    /home/vscode/.javacpp/cache/ffmpeg-7.1-1.5.11-linux-x86_64-gpl.jar/org/bytedeco/ffmpeg/linux-x86_64-gpl/libjniavformat.so
7a451c0fc000-7a451c0fd000 rw-p 00000000 00:00 0 
7a451c0fd000-7a451c101000 ---p 00000000 00:00 0 
7a451c101000-7a451c1fe000 rw-p 00000000 00:00 0 
7a451c1fe000-7a451c202000 ---p 00000000 00:00 0 
7a451c202000-7a451c2ff000 rw-p 00000000 00:00 0 
7a451c2ff000-7a451c303000 ---p 00000000 00:00 0 
7a451c303000-7a451c400000 rw-p 00000000 00:00 0 
7a451c400000-7a451c404000 ---p 00000000 00:00 0 
7a451c404000-7a451c501000 rw-p 00000000 00:00 0 
7a451c501000-7a451c505000 ---p 00000000 00:00 0 
7a451c505000-7a451c602000 rw-p 00000000 00:00 0 
7a451c602000-7a451c606000 ---p 00000000 00:00 0 
7a451c606000-7a451c703000 rw-p 00000000 00:00 0 
7a451c703000-7a451c707000 ---p 00000000 00:00 0 
7a451c707000-7a451c804000 rw-p 00000000 00:00 0 
7a451c804000-7a451c808000 ---p 00000000 00:00 0 
7a451c808000-7a451c905000 rw-p 00000000 00:00 0 
7a451c905000-7a451c909000 ---p 00000000 00:00 0 
7a451c909000-7a451ca06000 rw-p 00000000 00:00 0 
7a451ca06000-7a451ca0a000 ---p 00000000 00:00 0 
7a451ca0a000-7a451cb07000 rw-p 00000000 00:00 0 
7a451cb07000-7a451cb0b000 ---p 00000000 00:00 0 
7a451cb0b000-7a451cc08000 rw-p 00000000 00:00 0 
7a451cc08000-7a451cc0c000 ---p 00000000 00:00 0 
7a451cc0c000-7a451cd09000 rw-p 00000000 00:00 0 
7a451cd09000-7a451cd0d000 ---p 00000000 00:00 0 
7a451cd0d000-7a451ce0a000 rw-p 00000000 00:00 0 
7a451ce0a000-7a451d0f1000 r--p 00000000 00:6b 1066999                    /usr/lib/locale/locale-archive
7a451d0f1000-7a451d0f5000 ---p 00000000 00:00 0 
7a451d0f5000-7a451d1f2000 rw-p 00000000 00:00 0 
7a451d1f2000-7a451d1f6000 ---p 00000000 00:00 0 
7a451d1f6000-7a451d2f3000 rw-p 00000000 00:00 0 
7a451d2f3000-7a451d2f4000 ---p 00000000 00:00 0 
7a451d2f4000-7a451d3f4000 rw-p 00000000 00:00 0 
7a451d3f4000-7a451d3f5000 ---p 00000000 00:00 0 
7a451d3f5000-7a451d4f5000 rw-p 00000000 00:00 0 
7a451d4f5000-7a451d4f6000 ---p 00000000 00:00 0 
7a451d4f6000-7a451d5f6000 rw-p 00000000 00:00 0 
7a451d5f6000-7a4520000000 rw-p 00000000 00:00 0 
7a4520000000-7a4520021000 rw-p 00000000 00:00 0 
7a4520021000-7a4524000000 ---p 00000000 00:00 0 
7a4524050000-7a4524052000 r--p 00000000 00:6b 1055035                    /lib/x86_64-linux-gnu/libmvec-2.31.so
7a4524052000-7a452405f000 r-xp 00002000 00:6b 1055035                    /lib/x86_64-linux-gnu/libmvec-2.31.so
7a452405f000-7a452407a000 r--p 0000f000 00:6b 1055035                    /lib/x86_64-linux-gnu/libmvec-2.31.so
7a452407a000-7a452407b000 r--p 00029000 00:6b 1055035                    /lib/x86_64-linux-gnu/libmvec-2.31.so
7a452407b000-7a452407c000 rw-p 0002a000 00:6b 1055035                    /lib/x86_64-linux-gnu/libmvec-2.31.so
7a452407c000-7a45247d0000 rw-p 00000000 00:00 0 
7a45247d0000-7a45280f8000 ---p 00000000 00:00 0 
7a45280ff000-7a4528100000 ---p 00000000 00:00 0 
7a4528100000-7a4528200000 rw-p 00000000 00:00 0 
7a4528200000-7a45285d0000 rw-p 00000000 00:00 0 
7a45285d0000-7a452bef8000 ---p 00000000 00:00 0 
7a452beff000-7a452bf00000 ---p 00000000 00:00 0 
7a452bf00000-7a452c000000 rw-p 00000000 00:00 0 
7a452c000000-7a452c07a000 rw-p 00000000 00:00 0 
7a452c07a000-7a452c79f000 ---p 00000000 00:00 0 
7a452c7ca000-7a452c7d0000 r--p 00000000 00:6b 1181538                    /home/vscode/.javacpp/cache/ffmpeg-7.1-1.5.11-linux-x86_64-gpl.jar/org/bytedeco/ffmpeg/linux-x86_64-gpl/libjniswresample.so
7a452c7d0000-7a452c7da000 r-xp 00006000 00:6b 1181538                    /home/vscode/.javacpp/cache/ffmpeg-7.1-1.5.11-linux-x86_64-gpl.jar/org/bytedeco/ffmpeg/linux-x86_64-gpl/libjniswresample.so
7a452c7da000-7a452c7df000 r--p 00010000 00:6b 1181538                    /home/vscode/.javacpp/cache/ffmpeg-7.1-1.5.11-linux-x86_64-gpl.jar/org/bytedeco/ffmpeg/linux-x86_64-gpl/libjniswresample.so
7a452c7df000-7a452c7e0000 r--p 00014000 00:6b 1181538                    /home/vscode/.javacpp/cache/ffmpeg-7.1-1.5.11-linux-x86_64-gpl.jar/org/bytedeco/ffmpeg/linux-x86_64-gpl/libjniswresample.so
7a452c7e0000-7a452c7e1000 rw-p 00015000 00:6b 1181538                    /home/vscode/.javacpp/cache/ffmpeg-7.1-1.5.11-linux-x86_64-gpl.jar/org/bytedeco/ffmpeg/linux-x86_64-gpl/libjniswresample.so
7a452c7e1000-7a452c7e4000 r--p 00000000 00:6b 1181536                    /home/vscode/.javacpp/cache/ffmpeg-7.1-1.5.11-linux-x86_64-gpl.jar/org/bytedeco/ffmpeg/linux-x86_64-gpl/libswresample.so.5
7a452c7e4000-7a452c7f8000 r-xp 00003000 00:6b 1181536                    /home/vscode/.javacpp/cache/ffmpeg-7.1-1.5.11-linux-x86_64-gpl.jar/org/bytedeco/ffmpeg/linux-x86_64-gpl/libswresample.so.5
7a452c7f8000-7a452c7fd000 r--p 00017000 00:6b 1181536                    /home/vscode/.javacpp/cache/ffmpeg-7.1-1.5.11-linux-x86_64-gpl.jar/org/bytedeco/ffmpeg/linux-x86_64-gpl/libswresample.so.5
7a452c7fd000-7a452c7ff000 r--p 0001b000 00:6b 1181536                    /home/vscode/.javacpp/cache/ffmpeg-7.1-1.5.11-linux-x86_64-gpl.jar/org/bytedeco/ffmpeg/linux-x86_64-gpl/libswresample.so.5
7a452c7ff000-7a452c800000 rw-p 0001d000 00:6b 1181536                    /home/vscode/.javacpp/cache/ffmpeg-7.1-1.5.11-linux-x86_64-gpl.jar/org/bytedeco/ffmpeg/linux-x86_64-gpl/libswresample.so.5
7a452c800000-7a452c87a000 rw-p 00000000 00:00 0 
7a452c87a000-7a452cf9f000 ---p 00000000 00:00 0 
7a452cfa9000-7a452cfae000 r--p 00000000 00:6b 1181531                    /home/vscode/.javacpp/cache/ffmpeg-7.1-1.5.11-linux-x86_64-gpl.jar/org/bytedeco/ffmpeg/linux-x86_64-gpl/libdrm.so.2
7a452cfae000-7a452cfb9000 r-xp 00005000 00:6b 1181531                    /home/vscode/.javacpp/cache/ffmpeg-7.1-1.5.11-linux-x86_64-gpl.jar/org/bytedeco/ffmpeg/linux-x86_64-gpl/libdrm.so.2
7a452cfb9000-7a452cfbd000 r--p 00010000 00:6b 1181531                    /home/vscode/.javacpp/cache/ffmpeg-7.1-1.5.11-linux-x86_64-gpl.jar/org/bytedeco/ffmpeg/linux-x86_64-gpl/libdrm.so.2
7a452cfbd000-7a452cfbe000 r--p 00013000 00:6b 1181531                    /home/vscode/.javacpp/cache/ffmpeg-7.1-1.5.11-linux-x86_64-gpl.jar/org/bytedeco/ffmpeg/linux-x86_64-gpl/libdrm.so.2
7a452cfbe000-7a452cfbf000 rw-p 00014000 00:6b 1181531                    /home/vscode/.javacpp/cache/ffmpeg-7.1-1.5.11-linux-x86_64-gpl.jar/org/bytedeco/ffmpeg/linux-x86_64-gpl/libdrm.so.2
7a452cfbf000-7a452cfc2000 r--p 00000000 00:6b 1055025                    /lib/x86_64-linux-gnu/libgcc_s.so.1
7a452cfc2000-7a452cfd3000 r-xp 00003000 00:6b 1055025                    /lib/x86_64-linux-gnu/libgcc_s.so.1
7a452cfd3000-7a452cfd7000 r--p 00014000 00:6b 1055025                    /lib/x86_64-linux-gnu/libgcc_s.so.1
7a452cfd7000-7a452cfd8000 r--p 00017000 00:6b 1055025                    /lib/x86_64-linux-gnu/libgcc_s.so.1
7a452cfd8000-7a452cfd9000 rw-p 00018000 00:6b 1055025                    /lib/x86_64-linux-gnu/libgcc_s.so.1
7a452cfd9000-7a452cfe2000 r--p 00000000 00:6b 1181525                    /home/vscode/.javacpp/cache/javacpp-1.5.11-linux-x86_64.jar/org/bytedeco/javacpp/linux-x86_64/libjnijavacpp.so
7a452cfe2000-7a452cff4000 r-xp 00009000 00:6b 1181525                    /home/vscode/.javacpp/cache/javacpp-1.5.11-linux-x86_64.jar/org/bytedeco/javacpp/linux-x86_64/libjnijavacpp.so
7a452cff4000-7a452cffe000 r--p 0001b000 00:6b 1181525                    /home/vscode/.javacpp/cache/javacpp-1.5.11-linux-x86_64.jar/org/bytedeco/javacpp/linux-x86_64/libjnijavacpp.so
7a452cffe000-7a452cfff000 r--p 00024000 00:6b 1181525                    /home/vscode/.javacpp/cache/javacpp-1.5.11-linux-x86_64.jar/org/bytedeco/javacpp/linux-x86_64/libjnijavacpp.so
7a452cfff000-7a452d000000 rw-p 00025000 00:6b 1181525                    /home/vscode/.javacpp/cache/javacpp-1.5.11-linux-x86_64.jar/org/bytedeco/javacpp/linux-x86_64/libjnijavacpp.so
7a452d000000-7a452d07a000 rw-p 00000000 00:00 0 
7a452d07a000-7a452d79f000 ---p 00000000 00:00 0 
7a452d7ad000-7a452d7de000 rw-p 00000000 00:00 0 
7a452d7de000-7a452d7e2000 r--p 00000000 00:6b 1092862                    /home/vscode/.vscode-server/extensions/redhat.java-1.38.0-linux-x64/jre/17.0.13-linux-x86_64/lib/libnet.so
7a452d7e2000-7a452d7f0000 r-xp 00004000 00:6b 1092862                    /home/vscode/.vscode-server/extensions/redhat.java-1.38.0-linux-x64/jre/17.0.13-linux-x86_64/lib/libnet.so
7a452d7f0000-7a452d7f4000 r--p 00012000 00:6b 1092862                    /home/vscode/.vscode-server/extensions/redhat.java-1.38.0-linux-x64/jre/17.0.13-linux-x86_64/lib/libnet.so
7a452d7f4000-7a452d7f5000 r--p 00015000 00:6b 1092862                    /home/vscode/.vscode-server/extensions/redhat.java-1.38.0-linux-x64/jre/17.0.13-linux-x86_64/lib/libnet.so
7a452d7f5000-7a452d7f6000 rw-p 00016000 00:6b 1092862                    /home/vscode/.vscode-server/extensions/redhat.java-1.38.0-linux-x64/jre/17.0.13-linux-x86_64/lib/libnet.so
7a452d7f6000-7a452d7f7000 ---p 00000000 00:00 0 
7a452d7f7000-7a452d8f7000 rw-p 00000000 00:00 0 
7a452d8f7000-7a452e200000 rw-p 00000000 00:00 0 
7a452e200000-7a452e470000 rwxp 00000000 00:00 0 
7a452e470000-7a453565f000 ---p 00000000 00:00 0 
7a453565f000-7a453593f000 rwxp 00000000 00:00 0 
7a453593f000-7a4535da0000 ---p 00000000 00:00 0 
7a4535da0000-7a4536010000 rwxp 00000000 00:00 0 
7a4536010000-7a453d200000 ---p 00000000 00:00 0 
7a453d214000-7a453d21b000 r--p 00000000 00:6b 1092863                    /home/vscode/.vscode-server/extensions/redhat.java-1.38.0-linux-x64/jre/17.0.13-linux-x86_64/lib/libnio.so
7a453d21b000-7a453d224000 r-xp 00007000 00:6b 1092863                    /home/vscode/.vscode-server/extensions/redhat.java-1.38.0-linux-x64/jre/17.0.13-linux-x86_64/lib/libnio.so
7a453d224000-7a453d228000 r--p 00010000 00:6b 1092863                    /home/vscode/.vscode-server/extensions/redhat.java-1.38.0-linux-x64/jre/17.0.13-linux-x86_64/lib/libnio.so
7a453d228000-7a453d229000 ---p 00014000 00:6b 1092863                    /home/vscode/.vscode-server/extensions/redhat.java-1.38.0-linux-x64/jre/17.0.13-linux-x86_64/lib/libnio.so
7a453d229000-7a453d22a000 r--p 00014000 00:6b 1092863                    /home/vscode/.vscode-server/extensions/redhat.java-1.38.0-linux-x64/jre/17.0.13-linux-x86_64/lib/libnio.so
7a453d22a000-7a453d22b000 rw-p 00015000 00:6b 1092863                    /home/vscode/.vscode-server/extensions/redhat.java-1.38.0-linux-x64/jre/17.0.13-linux-x86_64/lib/libnio.so
7a453d22b000-7a453d3c8000 rw-p 00000000 00:00 0 
7a453d3c8000-7a4540000000 r--s 00000000 00:6b 1092871                    /home/vscode/.vscode-server/extensions/redhat.java-1.38.0-linux-x64/jre/17.0.13-linux-x86_64/lib/modules
7a4540000000-7a4540832000 rw-p 00000000 00:00 0 
7a4540832000-7a4544000000 ---p 00000000 00:00 0 
7a4544003000-7a4544005000 r--p 00000000 00:6b 1092841                    /home/vscode/.vscode-server/extensions/redhat.java-1.38.0-linux-x64/jre/17.0.13-linux-x86_64/lib/libdt_socket.so
7a4544005000-7a4544008000 r-xp 00002000 00:6b 1092841                    /home/vscode/.vscode-server/extensions/redhat.java-1.38.0-linux-x64/jre/17.0.13-linux-x86_64/lib/libdt_socket.so
7a4544008000-7a4544009000 r--p 00005000 00:6b 1092841                    /home/vscode/.vscode-server/extensions/redhat.java-1.38.0-linux-x64/jre/17.0.13-linux-x86_64/lib/libdt_socket.so
7a4544009000-7a454400a000 ---p 00006000 00:6b 1092841                    /home/vscode/.vscode-server/extensions/redhat.java-1.38.0-linux-x64/jre/17.0.13-linux-x86_64/lib/libdt_socket.so
7a454400a000-7a454400b000 r--p 00006000 00:6b 1092841                    /home/vscode/.vscode-server/extensions/redhat.java-1.38.0-linux-x64/jre/17.0.13-linux-x86_64/lib/libdt_socket.so
7a454400b000-7a454400c000 rw-p 00007000 00:6b 1092841                    /home/vscode/.vscode-server/extensions/redhat.java-1.38.0-linux-x64/jre/17.0.13-linux-x86_64/lib/libdt_socket.so
7a454400c000-7a4544013000 r--s 00000000 00:6b 1055720                    /usr/lib/x86_64-linux-gnu/gconv/gconv-modules.cache
7a4544013000-7a4544015000 r--p 00000000 00:6b 1092870                    /home/vscode/.vscode-server/extensions/redhat.java-1.38.0-linux-x64/jre/17.0.13-linux-x86_64/lib/libzip.so
7a4544015000-7a4544027000 r-xp 00002000 00:6b 1092870                    /home/vscode/.vscode-server/extensions/redhat.java-1.38.0-linux-x64/jre/17.0.13-linux-x86_64/lib/libzip.so
7a4544027000-7a454402f000 r--p 00014000 00:6b 1092870                    /home/vscode/.vscode-server/extensions/redhat.java-1.38.0-linux-x64/jre/17.0.13-linux-x86_64/lib/libzip.so
7a454402f000-7a4544030000 r--p 0001b000 00:6b 1092870                    /home/vscode/.vscode-server/extensions/redhat.java-1.38.0-linux-x64/jre/17.0.13-linux-x86_64/lib/libzip.so
7a4544030000-7a4544031000 rw-p 0001c000 00:6b 1092870                    /home/vscode/.vscode-server/extensions/redhat.java-1.38.0-linux-x64/jre/17.0.13-linux-x86_64/lib/libzip.so
7a4544031000-7a45443f4000 rw-p 00000000 00:00 0 
7a45443f4000-7a45444d8000 ---p 00000000 00:00 0 
7a45444d8000-7a45444dd000 rw-p 00000000 00:00 0 
7a45444dd000-7a45445c1000 ---p 00000000 00:00 0 
7a45445c1000-7a45445c7000 rw-p 00000000 00:00 0 
7a45445c7000-7a45445d0000 ---p 00000000 00:00 0 
7a45445d0000-7a45445d3000 r--p 00000000 00:6b 1055043                    /lib/x86_64-linux-gnu/libnss_files-2.31.so
7a45445d3000-7a45445da000 r-xp 00003000 00:6b 1055043                    /lib/x86_64-linux-gnu/libnss_files-2.31.so
7a45445da000-7a45445dc000 r--p 0000a000 00:6b 1055043                    /lib/x86_64-linux-gnu/libnss_files-2.31.so
7a45445dc000-7a45445dd000 r--p 0000b000 00:6b 1055043                    /lib/x86_64-linux-gnu/libnss_files-2.31.so
7a45445dd000-7a45445de000 rw-p 0000c000 00:6b 1055043                    /lib/x86_64-linux-gnu/libnss_files-2.31.so
7a45445de000-7a45445e4000 rw-p 00000000 00:00 0 
7a45445e4000-7a45445ec000 rw-s 00000000 00:6b 1181510                    /tmp/hsperfdata_vscode/111847
7a45445ec000-7a45445fa000 r--p 00000000 00:6b 1092849                    /home/vscode/.vscode-server/extensions/redhat.java-1.38.0-linux-x64/jre/17.0.13-linux-x86_64/lib/libjava.so
7a45445fa000-7a454460c000 r-xp 0000e000 00:6b 1092849                    /home/vscode/.vscode-server/extensions/redhat.java-1.38.0-linux-x64/jre/17.0.13-linux-x86_64/lib/libjava.so
7a454460c000-7a4544612000 r--p 00020000 00:6b 1092849                    /home/vscode/.vscode-server/extensions/redhat.java-1.38.0-linux-x64/jre/17.0.13-linux-x86_64/lib/libjava.so
7a4544612000-7a4544613000 ---p 00026000 00:6b 1092849                    /home/vscode/.vscode-server/extensions/redhat.java-1.38.0-linux-x64/jre/17.0.13-linux-x86_64/lib/libjava.so
7a4544613000-7a4544614000 r--p 00026000 00:6b 1092849                    /home/vscode/.vscode-server/extensions/redhat.java-1.38.0-linux-x64/jre/17.0.13-linux-x86_64/lib/libjava.so
7a4544614000-7a4544615000 rw-p 00027000 00:6b 1092849                    /home/vscode/.vscode-server/extensions/redhat.java-1.38.0-linux-x64/jre/17.0.13-linux-x86_64/lib/libjava.so
7a4544615000-7a4544616000 rw-p 00000000 00:00 0 
7a4544616000-7a4544619000 r--p 00000000 00:6b 1092852                    /home/vscode/.vscode-server/extensions/redhat.java-1.38.0-linux-x64/jre/17.0.13-linux-x86_64/lib/libjdwp.so
7a4544619000-7a4544646000 r-xp 00003000 00:6b 1092852                    /home/vscode/.vscode-server/extensions/redhat.java-1.38.0-linux-x64/jre/17.0.13-linux-x86_64/lib/libjdwp.so
7a4544646000-7a4544654000 r--p 00030000 00:6b 1092852                    /home/vscode/.vscode-server/extensions/redhat.java-1.38.0-linux-x64/jre/17.0.13-linux-x86_64/lib/libjdwp.so
7a4544654000-7a4544655000 ---p 0003e000 00:6b 1092852                    /home/vscode/.vscode-server/extensions/redhat.java-1.38.0-linux-x64/jre/17.0.13-linux-x86_64/lib/libjdwp.so
7a4544655000-7a4544656000 r--p 0003e000 00:6b 1092852                    /home/vscode/.vscode-server/extensions/redhat.java-1.38.0-linux-x64/jre/17.0.13-linux-x86_64/lib/libjdwp.so
7a4544656000-7a4544657000 rw-p 0003f000 00:6b 1092852                    /home/vscode/.vscode-server/extensions/redhat.java-1.38.0-linux-x64/jre/17.0.13-linux-x86_64/lib/libjdwp.so
7a4544657000-7a4544658000 rw-p 00000000 00:00 0 
7a4544658000-7a454465c000 r--p 00000000 00:6b 1092853                    /home/vscode/.vscode-server/extensions/redhat.java-1.38.0-linux-x64/jre/17.0.13-linux-x86_64/lib/libjimage.so
7a454465c000-7a454466f000 r-xp 00004000 00:6b 1092853                    /home/vscode/.vscode-server/extensions/redhat.java-1.38.0-linux-x64/jre/17.0.13-linux-x86_64/lib/libjimage.so
7a454466f000-7a4544675000 r--p 00017000 00:6b 1092853                    /home/vscode/.vscode-server/extensions/redhat.java-1.38.0-linux-x64/jre/17.0.13-linux-x86_64/lib/libjimage.so
7a4544675000-7a4544677000 r--p 0001c000 00:6b 1092853                    /home/vscode/.vscode-server/extensions/redhat.java-1.38.0-linux-x64/jre/17.0.13-linux-x86_64/lib/libjimage.so
7a4544677000-7a4544678000 rw-p 0001e000 00:6b 1092853                    /home/vscode/.vscode-server/extensions/redhat.java-1.38.0-linux-x64/jre/17.0.13-linux-x86_64/lib/libjimage.so
7a4544678000-7a454467c000 ---p 00000000 00:00 0 
7a454467c000-7a4544779000 rw-p 00000000 00:00 0 
7a4544779000-7a4544786000 r--p 00000000 00:6b 1055032                    /lib/x86_64-linux-gnu/libm-2.31.so
7a4544786000-7a4544820000 r-xp 0000d000 00:6b 1055032                    /lib/x86_64-linux-gnu/libm-2.31.so
7a4544820000-7a45448bb000 r--p 000a7000 00:6b 1055032                    /lib/x86_64-linux-gnu/libm-2.31.so
7a45448bb000-7a45448bc000 r--p 00141000 00:6b 1055032                    /lib/x86_64-linux-gnu/libm-2.31.so
7a45448bc000-7a45448bd000 rw-p 00142000 00:6b 1055032                    /lib/x86_64-linux-gnu/libm-2.31.so
7a45448bd000-7a45448bf000 r--p 00000000 00:6b 1055060                    /lib/x86_64-linux-gnu/librt-2.31.so
7a45448bf000-7a45448c3000 r-xp 00002000 00:6b 1055060                    /lib/x86_64-linux-gnu/librt-2.31.so
7a45448c3000-7a45448c5000 r--p 00006000 00:6b 1055060                    /lib/x86_64-linux-gnu/librt-2.31.so
7a45448c5000-7a45448c6000 r--p 00007000 00:6b 1055060                    /lib/x86_64-linux-gnu/librt-2.31.so
7a45448c6000-7a45448c7000 rw-p 00008000 00:6b 1055060                    /lib/x86_64-linux-gnu/librt-2.31.so
7a45448c7000-7a4544b1a000 r--p 00000000 00:6b 1180310                    /home/vscode/.vscode-server/extensions/redhat.java-1.38.0-linux-x64/jre/17.0.13-linux-x86_64/lib/server/libjvm.so
7a4544b1a000-7a4545842000 r-xp 00253000 00:6b 1180310                    /home/vscode/.vscode-server/extensions/redhat.java-1.38.0-linux-x64/jre/17.0.13-linux-x86_64/lib/server/libjvm.so
7a4545842000-7a4545acf000 r--p 00f7b000 00:6b 1180310                    /home/vscode/.vscode-server/extensions/redhat.java-1.38.0-linux-x64/jre/17.0.13-linux-x86_64/lib/server/libjvm.so
7a4545acf000-7a4545ad0000 ---p 01208000 00:6b 1180310                    /home/vscode/.vscode-server/extensions/redhat.java-1.38.0-linux-x64/jre/17.0.13-linux-x86_64/lib/server/libjvm.so
7a4545ad0000-7a4545b89000 r--p 01208000 00:6b 1180310                    /home/vscode/.vscode-server/extensions/redhat.java-1.38.0-linux-x64/jre/17.0.13-linux-x86_64/lib/server/libjvm.so
7a4545b89000-7a4545bbe000 rw-p 012c1000 00:6b 1180310                    /home/vscode/.vscode-server/extensions/redhat.java-1.38.0-linux-x64/jre/17.0.13-linux-x86_64/lib/server/libjvm.so
7a4545bbe000-7a4545c1b000 rw-p 00000000 00:00 0 
7a4545c1b000-7a4545c3d000 r--p 00000000 00:6b 1055011                    /lib/x86_64-linux-gnu/libc-2.31.so
7a4545c3d000-7a4545d96000 r-xp 00022000 00:6b 1055011                    /lib/x86_64-linux-gnu/libc-2.31.so
7a4545d96000-7a4545de5000 r--p 0017b000 00:6b 1055011                    /lib/x86_64-linux-gnu/libc-2.31.so
7a4545de5000-7a4545de9000 r--p 001c9000 00:6b 1055011                    /lib/x86_64-linux-gnu/libc-2.31.so
7a4545de9000-7a4545deb000 rw-p 001cd000 00:6b 1055011                    /lib/x86_64-linux-gnu/libc-2.31.so
7a4545deb000-7a4545def000 rw-p 00000000 00:00 0 
7a4545def000-7a4545df0000 r--p 00000000 00:6b 1055019                    /lib/x86_64-linux-gnu/libdl-2.31.so
7a4545df0000-7a4545df2000 r-xp 00001000 00:6b 1055019                    /lib/x86_64-linux-gnu/libdl-2.31.so
7a4545df2000-7a4545df3000 r--p 00003000 00:6b 1055019                    /lib/x86_64-linux-gnu/libdl-2.31.so
7a4545df3000-7a4545df4000 r--p 00003000 00:6b 1055019                    /lib/x86_64-linux-gnu/libdl-2.31.so
7a4545df4000-7a4545df5000 rw-p 00004000 00:6b 1055019                    /lib/x86_64-linux-gnu/libdl-2.31.so
7a4545df5000-7a4545dfb000 r--p 00000000 00:6b 1055056                    /lib/x86_64-linux-gnu/libpthread-2.31.so
7a4545dfb000-7a4545e0b000 r-xp 00006000 00:6b 1055056                    /lib/x86_64-linux-gnu/libpthread-2.31.so
7a4545e0b000-7a4545e11000 r--p 00016000 00:6b 1055056                    /lib/x86_64-linux-gnu/libpthread-2.31.so
7a4545e11000-7a4545e12000 r--p 0001b000 00:6b 1055056                    /lib/x86_64-linux-gnu/libpthread-2.31.so
7a4545e12000-7a4545e13000 rw-p 0001c000 00:6b 1055056                    /lib/x86_64-linux-gnu/libpthread-2.31.so
7a4545e13000-7a4545e17000 rw-p 00000000 00:00 0 
7a4545e1d000-7a4545e1e000 ---p 00000000 00:00 0 
7a4545e1e000-7a4545e1f000 r--p 00000000 00:00 0 
7a4545e1f000-7a4545e22000 r--p 00000000 00:6b 1092854                    /home/vscode/.vscode-server/extensions/redhat.java-1.38.0-linux-x64/jre/17.0.13-linux-x86_64/lib/libjli.so
7a4545e22000-7a4545e32000 r-xp 00003000 00:6b 1092854                    /home/vscode/.vscode-server/extensions/redhat.java-1.38.0-linux-x64/jre/17.0.13-linux-x86_64/lib/libjli.so
7a4545e32000-7a4545e39000 r--p 00013000 00:6b 1092854                    /home/vscode/.vscode-server/extensions/redhat.java-1.38.0-linux-x64/jre/17.0.13-linux-x86_64/lib/libjli.so
7a4545e39000-7a4545e3a000 r--p 00019000 00:6b 1092854                    /home/vscode/.vscode-server/extensions/redhat.java-1.38.0-linux-x64/jre/17.0.13-linux-x86_64/lib/libjli.so
7a4545e3a000-7a4545e3b000 rw-p 0001a000 00:6b 1092854                    /home/vscode/.vscode-server/extensions/redhat.java-1.38.0-linux-x64/jre/17.0.13-linux-x86_64/lib/libjli.so
7a4545e3b000-7a4545e3d000 rw-p 00000000 00:00 0 
7a4545e3d000-7a4545e3e000 r--p 00000000 00:6b 1054999                    /lib/x86_64-linux-gnu/ld-2.31.so
7a4545e3e000-7a4545e5e000 r-xp 00001000 00:6b 1054999                    /lib/x86_64-linux-gnu/ld-2.31.so
7a4545e5e000-7a4545e66000 r--p 00021000 00:6b 1054999                    /lib/x86_64-linux-gnu/ld-2.31.so
7a4545e66000-7a4545e67000 ---p 00000000 00:00 0 
7a4545e67000-7a4545e68000 r--p 00029000 00:6b 1054999                    /lib/x86_64-linux-gnu/ld-2.31.so
7a4545e68000-7a4545e69000 rw-p 0002a000 00:6b 1054999                    /lib/x86_64-linux-gnu/ld-2.31.so
7a4545e69000-7a4545e6a000 rw-p 00000000 00:00 0 
7ffe3bfe2000-7ffe3c004000 rw-p 00000000 00:00 0                          [stack]
7ffe3c01a000-7ffe3c01e000 r--p 00000000 00:00 0                          [vvar]
7ffe3c01e000-7ffe3c020000 r-xp 00000000 00:00 0                          [vdso]
ffffffffff600000-ffffffffff601000 --xp 00000000 00:00 0                  [vsyscall]


VM Arguments:
jvm_args: -agentlib:jdwp=transport=dt_socket,server=n,suspend=y,address=localhost:45173 -XX:+ShowCodeDetailsInExceptionMessages 
java_command: com.example.ReadFewFrame
java_class_path (initial): /workspaces/AntAssignment/flvmpconverter/target/classes:/home/vscode/.m2/repository/org/bytedeco/ffmpeg-platform/7.1-1.5.11/ffmpeg-platform-7.1-1.5.11.jar:/home/vscode/.m2/repository/org/bytedeco/javacpp-platform/1.5.11/javacpp-platform-1.5.11.jar:/home/vscode/.m2/repository/org/bytedeco/javacpp/1.5.11/javacpp-1.5.11.jar:/home/vscode/.m2/repository/org/bytedeco/javacpp/1.5.11/javacpp-1.5.11-android-arm64.jar:/home/vscode/.m2/repository/org/bytedeco/javacpp/1.5.11/javacpp-1.5.11-android-x86_64.jar:/home/vscode/.m2/repository/org/bytedeco/javacpp/1.5.11/javacpp-1.5.11-ios-arm64.jar:/home/vscode/.m2/repository/org/bytedeco/javacpp/1.5.11/javacpp-1.5.11-ios-x86_64.jar:/home/vscode/.m2/repository/org/bytedeco/javacpp/1.5.11/javacpp-1.5.11-linux-arm64.jar:/home/vscode/.m2/repository/org/bytedeco/javacpp/1.5.11/javacpp-1.5.11-linux-ppc64le.jar:/home/vscode/.m2/repository/org/bytedeco/javacpp/1.5.11/javacpp-1.5.11-linux-x86_64.jar:/home/vscode/.m2/repository/org/bytedeco/javacpp/1.5.11/javacpp-1.5.11-macosx-arm64.jar:/home/vscode/.m2/repository/org/bytedeco/javacpp/1.5.11/javacpp-1.5.11-macosx-x86_64.jar:/home/vscode/.m2/repository/org/bytedeco/javacpp/1.5.11/javacpp-1.5.11-windows-x86_64.jar:/home/vscode/.m2/repository/org/bytedeco/ffmpeg/7.1-1.5.11/ffmpeg-7.1-1.5.11.jar:/home/vscode/.m2/repository/org/bytedeco/ffmpeg/7.1-1.5.11/ffmpeg-7.1-1.5.11-android-arm64.jar:/home/vscode/.m2/repository/org/bytedeco/ffmpeg/7.1-1.5.11/ffmpeg-7.1-1.5.11-android-x86_64.jar:/home/vscode/.m2/repository/org/bytedeco/ffmpeg/7.1-1.5.11/ffmpeg-7.1-1.5.11-linux-x86_64.jar:/home/vscode/.m2/repository/org/bytedeco/ffmpeg/7.1-1.5.11/ffmpeg-7.1-1.5.11-linux-arm64.jar:/home/vscode/.m2/repository/org/bytedeco/ffmpeg/7.1-1.5.11/ffmpeg-7.1-1.5.11-macosx-arm64.jar:/home/vscode/.m2/repository/org/bytedeco/ffmpeg/7.1-1.5.11/ffmpeg-7.1-1.5.11-macosx-x86_64.jar:/home/vscode/.m2/repository/org/bytedeco/ffmpeg/7.1-1.5.11/ffmpeg-7.1-1.5.11-windows-x86_64.jar:/home/vscode/.m2/reposi
Launcher Type: SUN_STANDARD

[Global flags]
     intx CICompilerCount                          = 12                                        {product} {ergonomic}
     uint ConcGCThreads                            = 3                                         {product} {ergonomic}
     uint G1ConcRefinementThreads                  = 13                                        {product} {ergonomic}
   size_t G1HeapRegionSize                         = 2097152                                   {product} {ergonomic}
    uintx GCDrainStackTargetSize                   = 64                                        {product} {ergonomic}
   size_t InitialHeapSize                          = 255852544                                 {product} {ergonomic}
   size_t MarkStackSize                            = 4194304                                   {product} {ergonomic}
   size_t MaxHeapSize                              = 4091543552                                {product} {ergonomic}
   size_t MaxNewSize                               = 2453667840                                {product} {ergonomic}
   size_t MinHeapDeltaBytes                        = 2097152                                   {product} {ergonomic}
   size_t MinHeapSize                              = 8388608                                   {product} {ergonomic}
    uintx NonNMethodCodeHeapSize                   = 7602480                                {pd product} {ergonomic}
    uintx NonProfiledCodeHeapSize                  = 122027880                              {pd product} {ergonomic}
    uintx ProfiledCodeHeapSize                     = 122027880                              {pd product} {ergonomic}
    uintx ReservedCodeCacheSize                    = 251658240                              {pd product} {ergonomic}
     bool SegmentedCodeCache                       = true                                      {product} {ergonomic}
     bool ShowCodeDetailsInExceptionMessages       = true                                   {manageable} {command line}
   size_t SoftMaxHeapSize                          = 4091543552                             {manageable} {ergonomic}
     bool UseCompressedClassPointers               = true                           {product lp64_product} {ergonomic}
     bool UseCompressedOops                        = true                           {product lp64_product} {ergonomic}
     bool UseG1GC                                  = true                                      {product} {ergonomic}

Logging:
Log output configuration:
 #0: stdout all=warning uptime,level,tags
 #1: stderr all=off uptime,level,tags

Environment Variables:
JAVA_HOME=/usr/lib/jvm/msopenjdk-current
PATH=/vscode/vscode-server/bin/linux-x64/38c31bc77e0dd6ae88a4e9cc93428cc27a56ba40/bin/remote-cli:/usr/local/sdkman/bin:/usr/local/sdkman/candidates/java/current/bin:/usr/local/sdkman/candidates/gradle/current/bin:/usr/local/sdkman/candidates/maven/current/bin:/usr/local/sdkman/candidates/ant/current/bin:/usr/local/share/nvm/current/bin:/usr/local/sdkman/bin:/usr/local/sdkman/candidates/java/current/bin:/usr/local/sdkman/candidates/gradle/current/bin:/usr/local/sdkman/candidates/maven/current/bin:/usr/local/sdkman/candidates/ant/current/bin:/usr/lib/jvm/msopenjdk-current/bin:/usr/local/sdkman/bin:/usr/local/sdkman/candidates/java/current/bin:/usr/local/sdkman/candidates/gradle/current/bin:/usr/local/sdkman/candidates/maven/current/bin:/usr/local/sdkman/candidates/ant/current/bin:/usr/local/share/nvm/current/bin:/usr/local/sdkman/bin:/usr/local/sdkman/candidates/java/current/bin:/usr/local/sdkman/candidates/gradle/current/bin:/usr/local/sdkman/candidates/maven/current/bin:/usr/local/sdkman/candidates/ant/current/bin:/usr/lib/jvm/msopenjdk-current/bin:/usr/local/sbin:/usr/local/bin:/usr/sbin:/usr/bin:/sbin:/bin:/home/vscode/.local/bin
SHELL=/bin/bash
DISPLAY=:3
LANG=en_US.UTF-8
TERM=xterm-256color

Active Locale:
LC_ALL=en_US.UTF-8
LC_COLLATE=en_US.UTF-8
LC_CTYPE=en_US.UTF-8
LC_MESSAGES=en_US.UTF-8
LC_MONETARY=en_US.UTF-8
LC_NUMERIC=en_US.UTF-8
LC_TIME=en_US.UTF-8

Signal Handlers:
   SIGSEGV: crash_handler in libjvm.so, mask=11100100010111111101111111111110, flags=SA_RESTART|SA_SIGINFO, unblocked
    SIGBUS: crash_handler in libjvm.so, mask=11100100010111111101111111111110, flags=SA_RESTART|SA_SIGINFO, unblocked
    SIGFPE: crash_handler in libjvm.so, mask=11100100010111111101111111111110, flags=SA_RESTART|SA_SIGINFO, unblocked
   SIGPIPE: javaSignalHandler in libjvm.so, mask=11100100010111111101111111111110, flags=SA_RESTART|SA_SIGINFO, blocked
   SIGXFSZ: javaSignalHandler in libjvm.so, mask=11100100010111111101111111111110, flags=SA_RESTART|SA_SIGINFO, blocked
    SIGILL: crash_handler in libjvm.so, mask=11100100010111111101111111111110, flags=SA_RESTART|SA_SIGINFO, unblocked
   SIGUSR2: SR_handler in libjvm.so, mask=00000000000000000000000000000000, flags=SA_RESTART|SA_SIGINFO, blocked
    SIGHUP: UserHandler in libjvm.so, mask=11100100010111111101111111111110, flags=SA_RESTART|SA_SIGINFO, blocked
    SIGINT: UserHandler in libjvm.so, mask=11100100010111111101111111111110, flags=SA_RESTART|SA_SIGINFO, blocked
   SIGTERM: UserHandler in libjvm.so, mask=11100100010111111101111111111110, flags=SA_RESTART|SA_SIGINFO, blocked
   SIGQUIT: UserHandler in libjvm.so, mask=11100100010111111101111111111110, flags=SA_RESTART|SA_SIGINFO, blocked
   SIGTRAP: crash_handler in libjvm.so, mask=11100100010111111101111111111110, flags=SA_RESTART|SA_SIGINFO, unblocked


Periodic native trim disabled


---------------  S Y S T E M  ---------------

OS:
PRETTY_NAME="Debian GNU/Linux 11 (bullseye)"
NAME="Debian GNU/Linux"
VERSION_ID="11"
VERSION="11 (bullseye)"
VERSION_CODENAME=bullseye
ID=debian
HOME_URL="https://www.debian.org/"
SUPPORT_URL="https://www.debian.org/support"
BUG_REPORT_URL="https://bugs.debian.org/"
uname: Linux 6.8.0-40-generic #40~22.04.3-Ubuntu SMP PREEMPT_DYNAMIC Tue Jul 30 17:30:19 UTC 2 x86_64
OS uptime: 1 days 17:34 hours
libc: glibc 2.31 NPTL 2.31 
rlimit (soft/hard): STACK 8192k/infinity , CORE infinity/infinity , NPROC infinity/infinity , NOFILE 1048576/1048576 , AS infinity/infinity , CPU infinity/infinity , DATA infinity/infinity , FSIZE infinity/infinity , MEMLOCK 8192k/8192k
load average: 0.93 0.92 0.79

/proc/meminfo:
MemTotal:       15978416 kB
MemFree:          558628 kB
MemAvailable:    9865680 kB
Buffers:          314172 kB
Cached:          9507416 kB
SwapCached:           84 kB
Active:          7625840 kB
Inactive:        6287916 kB
Active(anon):    4690280 kB
Inactive(anon):     9280 kB
Active(file):    2935560 kB
Inactive(file):  6278636 kB
Unevictable:      348816 kB
Mlocked:              80 kB
SwapTotal:       2097148 kB
SwapFree:        2096636 kB
Zswap:                 0 kB
Zswapped:              0 kB
Dirty:               332 kB
Writeback:            40 kB
AnonPages:       4441100 kB
Mapped:          1302244 kB
Shmem:            607360 kB
KReclaimable:     435424 kB
Slab:             804972 kB
SReclaimable:     435424 kB
SUnreclaim:       369548 kB
KernelStack:       30400 kB
PageTables:        83476 kB
SecPageTables:         0 kB
NFS_Unstable:          0 kB
Bounce:                0 kB
WritebackTmp:          0 kB
CommitLimit:    10086356 kB
Committed_AS:   27765580 kB
VmallocTotal:   34359738367 kB
VmallocUsed:       70556 kB
VmallocChunk:          0 kB
Percpu:            21376 kB
HardwareCorrupted:     0 kB
AnonHugePages:         0 kB
ShmemHugePages:   382976 kB
ShmemPmdMapped:        0 kB
FileHugePages:         0 kB
FilePmdMapped:         0 kB
Unaccepted:            0 kB
HugePages_Total:       0
HugePages_Free:        0
HugePages_Rsvd:        0
HugePages_Surp:        0
Hugepagesize:       2048 kB
Hugetlb:               0 kB
DirectMap4k:      373372 kB
DirectMap2M:    11812864 kB
DirectMap1G:     5242880 kB

/sys/kernel/mm/transparent_hugepage/enabled: always [madvise] never
/sys/kernel/mm/transparent_hugepage/hpage_pmd_size: 2097152
/sys/kernel/mm/transparent_hugepage/defrag (defrag/compaction efforts parameter): always defer defer+madvise [madvise] never

Process Memory:
Virtual Size: 7479428K (peak: 7479428K)
Resident Set Size: 97048K (peak: 97048K) (anon: 56984K, file: 40064K, shmem: 0K)
Swapped out: 0K
C-Heap outstanding allocations: 50344K, retained: 7783K
glibc malloc tunables: (default)

/proc/sys/kernel/threads-max (system-wide limit on the number of threads): 124223
/proc/sys/vm/max_map_count (maximum number of memory map areas a process may have): 65530
/proc/sys/vm/swappiness (control to define how aggressively the kernel swaps out anonymous memory): 60
/proc/sys/kernel/pid_max (system-wide limit on number of process identifiers): 4194304

container (cgroup) information:
container_type: cgroupv2
cpu_cpuset_cpus: not supported
cpu_memory_nodes: not supported
active_processor_count: 16
cpu_quota: no quota
cpu_period: 100000
cpu_shares: no shares
memory_limit_in_bytes: unlimited
memory_and_swap_limit_in_bytes: unlimited
memory_soft_limit_in_bytes: unlimited
memory_usage_in_bytes: 2114664 k
memory_max_usage_in_bytes: not supported
memory_swap_current_in_bytes: unlimited
memory_swap_max_limit_in_bytes: unlimited
maximum number of tasks: 18633
current number of tasks: 226

Steal ticks since vm start: 0
Steal ticks percentage since vm start:  0.000

CPU: total 16 (initial active 16) (8 cores per cpu, 2 threads per core) family 6 model 154 stepping 3 microcode 0x433, cx8, cmov, fxsr, ht, mmx, 3dnowpref, sse, sse2, sse3, ssse3, sse4.1, sse4.2, popcnt, lzcnt, tsc, tscinvbit, avx, avx2, aes, erms, clmul, bmi1, bmi2, adx, sha, fma, vzeroupper, clflush, clflushopt, clwb
CPU Model and flags from /proc/cpuinfo:
model name	: 12th Gen Intel(R) Core(TM) i5-1240P
flags		: fpu vme de pse tsc msr pae mce cx8 apic sep mtrr pge mca cmov pat pse36 clflush dts acpi mmx fxsr sse sse2 ss ht tm pbe syscall nx pdpe1gb rdtscp lm constant_tsc art arch_perfmon pebs bts rep_good nopl xtopology nonstop_tsc cpuid aperfmperf tsc_known_freq pni pclmulqdq dtes64 monitor ds_cpl vmx smx est tm2 ssse3 sdbg fma cx16 xtpr pdcm sse4_1 sse4_2 x2apic movbe popcnt tsc_deadline_timer aes xsave avx f16c rdrand lahf_lm abm 3dnowprefetch cpuid_fault epb ssbd ibrs ibpb stibp ibrs_enhanced tpr_shadow flexpriority ept vpid ept_ad fsgsbase tsc_adjust bmi1 avx2 smep bmi2 erms invpcid rdseed adx smap clflushopt clwb intel_pt sha_ni xsaveopt xsavec xgetbv1 xsaves split_lock_detect user_shstk avx_vnni dtherm ida arat pln pts hwp hwp_notify hwp_act_window hwp_epp hwp_pkg_req hfi vnmi umip pku ospke waitpkg gfni vaes vpclmulqdq rdpid movdiri movdir64b fsrm md_clear serialize arch_lbr ibt flush_l1d arch_capabilities

Online cpus: 0-15
Offline cpus: 
BIOS frequency limitation: <Not Available>
Frequency switch latency (ns): 0
Available cpu frequencies: <Not Available>
Current governor: powersave
Core performance/turbo boost: <Not Available>

Memory: 4k page, physical 15978416k(558628k free), swap 2097148k(2096636k free)
Page Sizes: 4k

vm_info: OpenJDK 64-Bit Server VM (17.0.13+11) for linux-amd64 JRE (17.0.13+11), built on Oct 15 2024 00:00:00 by "admin" with gcc 10.3.0

END.
