#
# A fatal error has been detected by the Java Runtime Environment:
#
#  SIGSEGV (0xb) at pc=0x00007970ec8f74e9, pid=115934, tid=115935
#
# JRE version: OpenJDK Runtime Environment Temurin-17.0.13+11 (17.0.13+11) (build 17.0.13+11)
# Java VM: OpenJDK 64-Bit Server VM Temurin-17.0.13+11 (17.0.13+11, mixed mode, tiered, compressed oops, compressed class ptrs, g1 gc, linux-amd64)
# Problematic frame:
# C  [libavcodec.so.61+0x6904e9]  avpriv_packet_list_get+0x29
#
# Core dump will be written. Default location: Core dumps may be processed with "/usr/share/apport/apport -p%p -s%s -c%c -d%d -P%P -u%u -g%g -- %E" (or dumping to /workspaces/AntAssignment/core.115934)
#
# If you would like to submit a bug report, please visit:
#   https://github.com/adoptium/adoptium-support/issues
# The crash happened outside the Java Virtual Machine in native code.
# See problematic frame for where to report the bug.
#

---------------  S U M M A R Y ------------

Command Line: -XX:+ShowCodeDetailsInExceptionMessages com.example.ReadFewFrame

Host: 12th Gen Intel(R) Core(TM) i5-1240P, 16 cores, 15G, Debian GNU/Linux 11 (bullseye)
Time: Wed Jan 22 08:24:35 2025 UTC elapsed time: 0.238363 seconds (0d 0h 0m 0s)

---------------  T H R E A D  ---------------

Current thread (0x000079711c02a070):  JavaThread "main" [_thread_in_native, id=115935, stack(0x0000797122187000,0x0000797122288000)]

Stack: [0x0000797122187000,0x0000797122288000],  sp=0x0000797122286880,  free space=1022k
Native frames: (J=compiled Java code, j=interpreted, Vv=VM code, C=native code)
C  [libavcodec.so.61+0x6904e9]  avpriv_packet_list_get+0x29

Java frames: (J=compiled Java code, j=interpreted, Vv=VM code)
j  org.bytedeco.ffmpeg.global.avformat.av_read_frame(Lorg/bytedeco/ffmpeg/avformat/AVFormatContext;Lorg/bytedeco/ffmpeg/avcodec/AVPacket;)I+0
j  com.example.ReadFewFrame.main([Ljava/lang/String;)V+330
v  ~StubRoutines::call_stub

siginfo: si_signo: 11 (SIGSEGV), si_code: 1 (SEGV_MAPERR), si_addr: 0x0000000000000000

Registers:
RAX=0x000079711c566b00, RBX=0x00007970e06ec710, RCX=0x0000000000000000, RDX=0x0000000000000062
RSP=0x0000797122286880, RBP=0x000079711c566b00, RSI=0x0000000000000000, RDI=0x000079711c561ea8
R8 =0x000079711c02b160, R9 =0x000000071a685780, R10=0xffffffffffffff4a, R11=0x00007970df687cc0
R12=0x0000000000000000, R13=0x000079711c561cc0, R14=0x0000000000000000, R15=0x000079711c02a070
RIP=0x00007970ec8f74e9, EFLAGS=0x0000000000010206, CSGSFS=0x002b000000000033, ERR=0x0000000000000006
  TRAPNO=0x000000000000000e


Register to memory mapping:

RAX=0x000079711c566b00 points into unknown readable memory: 0x000079711c6a36c0 | c0 36 6a 1c 71 79 00 00
RBX={method} {0x00007970e06ec710} 'av_read_frame' '(Lorg/bytedeco/ffmpeg/avformat/AVFormatContext;Lorg/bytedeco/ffmpeg/avcodec/AVPacket;)I' in 'org/bytedeco/ffmpeg/global/avformat'
RCX=0x0 is NULL
RDX=0x0000000000000062 is an unknown value
RSP=0x0000797122286880 is pointing into the stack for thread: 0x000079711c02a070
RBP=0x000079711c566b00 points into unknown readable memory: 0x000079711c6a36c0 | c0 36 6a 1c 71 79 00 00
RSI=0x0 is NULL
RDI=0x000079711c561ea8 points into unknown readable memory: 0x000079711c566b00 | 00 6b 56 1c 71 79 00 00
R8 =0x000079711c02b160 points into unknown readable memory: 0x00007970e0400fe0 | e0 0f 40 e0 70 79 00 00
R9 =0x000000071a685780 is an oop: org.bytedeco.ffmpeg.avformat.AVFormatContext 
{0x000000071a685780} - klass: 'org/bytedeco/ffmpeg/avformat/AVFormatContext'
 - ---- fields (total size 6 words):
 - private 'deallocator' 'Lorg/bytedeco/javacpp/Pointer$Deallocator;' @12  NULL (0)
 - protected 'address' 'J' @16  133526713670848 (1c561cc0 7971)
 - protected 'position' 'J' @24  0 (0 0)
 - protected 'limit' 'J' @32  0 (0 0)
 - protected 'capacity' 'J' @40  0 (0 0)
R10=0xffffffffffffff4a is an unknown value
R11=0x00007970df687cc0: av_read_frame+0x0000000000000000 in /home/vscode/.javacpp/cache/ffmpeg-7.1-1.5.11-linux-x86_64-gpl.jar/org/bytedeco/ffmpeg/linux-x86_64-gpl/libavformat.so.61 at 0x00007970df558000
R12=0x0 is NULL
R13=0x000079711c561cc0 points into unknown readable memory: 0x00007970dff6b360 | 60 b3 f6 df 70 79 00 00
R14=0x0 is NULL
R15=0x000079711c02a070 is a thread


Top of Stack: (sp=0x0000797122286880)
0x0000797122286880:   000079711c566b00 11056d5cd3421300
0x0000797122286890:   00007971222868d0 00007970df687d07
0x00007971222868a0:   00007970e06ec710 000000001c02a070
0x00007971222868b0:   0000797122286978 00007970e06ec710
0x00007971222868c0:   0000797122286950 0000000000000000
0x00007971222868d0:   00007970e06ec708 0000797122286978
0x00007971222868e0:   000079711c02a070 000079711166c5da
0x00007971222868f0:   0000797122286950 000079711166c35e
0x0000797122286900:   000079711166c316 0000797122286908
0x0000797122286910:   00007970e06ec708 0000797122286978
0x0000797122286920:   00007970e06f1340 0000000000000000
0x0000797122286930:   000000071a99aa88 00007970e06ec710
0x0000797122286940:   0000000000000000 0000797122286970
0x0000797122286950:   00007971222869c8 0000797111668374
0x0000797122286960:   000000071a99aa88 0000797111669ff6
0x0000797122286970:   0000000000000000 000000071a685780
0x0000797122286980:   0000797122286980 00007970e0400e22
0x0000797122286990:   0000797122286a28 00007970e04010f8
0x00007971222869a0:   0000000000000000 000000071b56c990
0x00007971222869b0:   00007970e0400fe0 0000797122286970
0x00007971222869c0:   0000797122286a28 0000797122286a90
0x00007971222869d0:   000079711165fcc9 000000071a6db2d8
0x00007971222869e0:   000000071a6db230 0000000000000000
0x00007971222869f0:   000000071a6f4e58 0000000000000002
0x0000797122286a00:   000000071a686d80 0000000000000000
0x0000797122286a10:   000000071b56ed50 000000071b56ed18
0x0000797122286a20:   000000071b56d578 000000071b56d498
0x0000797122286a30:   0000000000001fa0 0000797122286bb0
0x0000797122286a40:   000000000000000e 0000797122286cf8
0x0000797122286a50:   000079711c02a070 0000797122286c20
0x0000797122286a60:   0000797122286b20 0000797122286cf8
0x0000797122286a70:   000000000000000a 00007970e0400fe0 

Instructions: (pc=0x00007970ec8f74e9)
0x00007970ec8f73e9:   83 e7 f8 4c 89 c1 4c 89 ee 48 29 f9 83 c1 68 c1
0x00007970ec8f73f9:   e9 03 f3 48 ab 48 c7 45 50 ff ff ff ff 4c 89 c7
0x00007970ec8f7409:   48 b8 00 00 00 00 00 00 00 80 48 89 45 10 48 89
0x00007970ec8f7419:   45 18 48 b8 00 00 00 00 01 00 00 00 48 89 45 68
0x00007970ec8f7429:   41 ff d4 85 c0 78 60 48 83 3b 00 48 c7 45 00 00
0x00007970ec8f7439:   00 00 00 74 48 48 8b 43 08 48 89 28 48 89 6b 08
0x00007970ec8f7449:   31 c0 48 83 c4 18 5b 5d 41 5c 41 5d c3 66 2e 0f
0x00007970ec8f7459:   1f 84 00 00 00 00 00 4c 89 ef e8 58 fd ff ff 85
0x00007970ec8f7469:   c0 78 24 48 8d 7d 08 4c 89 ee e8 b8 fc ff ff 48
0x00007970ec8f7479:   83 3b 00 48 c7 45 00 00 00 00 00 75 b8 48 89 2b
0x00007970ec8f7489:   eb ba 0f 1f 44 00 00 48 89 ef 89 44 24 0c e8 1c
0x00007970ec8f7499:   19 a4 ff 8b 44 24 0c 48 83 c4 18 5b 5d 41 5c 41
0x00007970ec8f74a9:   5d c3 b8 f4 ff ff ff eb 99 66 66 2e 0f 1f 84 00
0x00007970ec8f74b9:   00 00 00 00 0f 1f 00 f3 0f 1e fa 48 83 ec 18 64
0x00007970ec8f74c9:   48 8b 04 25 28 00 00 00 48 89 44 24 08 31 c0 48
0x00007970ec8f74d9:   8b 07 48 89 04 24 48 85 c0 74 76 f3 0f 6f 40 08
0x00007970ec8f74e9:   0f 11 06 f3 0f 6f 48 18 0f 11 4e 10 f3 0f 6f 50
0x00007970ec8f74f9:   28 0f 11 56 20 f3 0f 6f 58 38 0f 11 5e 30 f3 0f
0x00007970ec8f7509:   6f 60 48 0f 11 66 40 f3 0f 6f 68 58 0f 11 6e 50
0x00007970ec8f7519:   48 8b 50 68 48 8b 00 48 89 56 60 48 89 07 48 85
0x00007970ec8f7529:   c0 74 24 48 89 e7 e8 ac 13 a4 ff 31 c0 48 8b 4c
0x00007970ec8f7539:   24 08 64 48 33 0c 25 28 00 00 00 75 1b 48 83 c4
0x00007970ec8f7549:   18 c3 0f 1f 44 00 00 48 c7 47 08 00 00 00 00 eb
0x00007970ec8f7559:   d2 b8 f5 ff ff ff eb d5 e8 5a 00 a4 ff 66 2e 0f
0x00007970ec8f7569:   1f 84 00 00 00 00 00 f3 0f 1e fa 41 54 49 89 fc
0x00007970ec8f7579:   55 53 48 83 ec 10 48 8b 1f 64 48 8b 04 25 28 00
0x00007970ec8f7589:   00 00 48 89 44 24 08 31 c0 48 85 db 74 29 48 89
0x00007970ec8f7599:   e5 66 0f 1f 44 00 00 48 89 df 48 89 1c 24 48 8b
0x00007970ec8f75a9:   1b 48 83 c7 08 e8 5d f9 ff ff 48 89 ef e8 25 13
0x00007970ec8f75b9:   a4 ff 48 85 db 75 e0 49 c7 44 24 08 00 00 00 00
0x00007970ec8f75c9:   49 c7 04 24 00 00 00 00 48 8b 44 24 08 64 48 33
0x00007970ec8f75d9:   04 25 28 00 00 00 75 09 48 83 c4 10 5b 5d 41 5c 


Stack slot to memory mapping:
stack at sp + 0 slots: 0x000079711c566b00 points into unknown readable memory: 0x000079711c6a36c0 | c0 36 6a 1c 71 79 00 00
stack at sp + 1 slots: 0x11056d5cd3421300 is an unknown value
stack at sp + 2 slots: 0x00007971222868d0 is pointing into the stack for thread: 0x000079711c02a070
stack at sp + 3 slots: 0x00007970df687d07: av_read_frame+0x0000000000000047 in /home/vscode/.javacpp/cache/ffmpeg-7.1-1.5.11-linux-x86_64-gpl.jar/org/bytedeco/ffmpeg/linux-x86_64-gpl/libavformat.so.61 at 0x00007970df558000
stack at sp + 4 slots: {method} {0x00007970e06ec710} 'av_read_frame' '(Lorg/bytedeco/ffmpeg/avformat/AVFormatContext;Lorg/bytedeco/ffmpeg/avcodec/AVPacket;)I' in 'org/bytedeco/ffmpeg/global/avformat'
stack at sp + 5 slots: 0x000000001c02a070 is an unknown value
stack at sp + 6 slots: 0x0000797122286978 is pointing into the stack for thread: 0x000079711c02a070
stack at sp + 7 slots: {method} {0x00007970e06ec710} 'av_read_frame' '(Lorg/bytedeco/ffmpeg/avformat/AVFormatContext;Lorg/bytedeco/ffmpeg/avcodec/AVPacket;)I' in 'org/bytedeco/ffmpeg/global/avformat'


---------------  P R O C E S S  ---------------

Threads class SMR info:
_java_thread_list=0x000079709801f2f0, length=16, elements={
0x000079711c02a070, 0x000079711c1f6990, 0x000079711c1f7f40, 0x000079711c2196d0,
0x000079711c21cf00, 0x000079711c21dfc0, 0x000079711c21f6d0, 0x000079711c220c10,
0x000079711c2220b0, 0x00007970b00647d0, 0x00007970b0065930, 0x000079709c000f80,
0x000079711c2b01c0, 0x000079711c2b9450, 0x000079711c36f3f0, 0x000079709801e2c0
}

Java Threads: ( => current thread )
=>0x000079711c02a070 JavaThread "main" [_thread_in_native, id=115935, stack(0x0000797122187000,0x0000797122288000)]
  0x000079711c1f6990 JavaThread "Reference Handler" daemon [_thread_blocked, id=115942, stack(0x0000797100df0000,0x0000797100ef1000)]
  0x000079711c1f7f40 JavaThread "Finalizer" daemon [_thread_blocked, id=115943, stack(0x0000797100cef000,0x0000797100df0000)]
  0x000079711c2196d0 JavaThread "Signal Dispatcher" daemon [_thread_blocked, id=115944, stack(0x0000797100907000,0x0000797100a08000)]
  0x000079711c21cf00 JavaThread "Service Thread" daemon [_thread_blocked, id=115945, stack(0x0000797100806000,0x0000797100907000)]
  0x000079711c21dfc0 JavaThread "Monitor Deflation Thread" daemon [_thread_blocked, id=115946, stack(0x0000797100705000,0x0000797100806000)]
  0x000079711c21f6d0 JavaThread "C2 CompilerThread0" daemon [_thread_in_native, id=115947, stack(0x0000797100604000,0x0000797100705000)]
  0x000079711c220c10 JavaThread "C1 CompilerThread0" daemon [_thread_blocked, id=115948, stack(0x0000797100503000,0x0000797100604000)]
  0x000079711c2220b0 JavaThread "Sweeper thread" daemon [_thread_blocked, id=115949, stack(0x0000797100402000,0x0000797100503000)]
  0x00007970b00647d0 JavaThread "C1 CompilerThread1" daemon [_thread_blocked, id=115950, stack(0x0000797100301000,0x0000797100402000)]
  0x00007970b0065930 JavaThread "C1 CompilerThread2" daemon [_thread_blocked, id=115951, stack(0x0000797100200000,0x0000797100301000)]
  0x000079709c000f80 JavaThread "C1 CompilerThread3" daemon [_thread_blocked, id=115952, stack(0x00007971000ff000,0x0000797100200000)]
  0x000079711c2b01c0 JavaThread "Notification Thread" daemon [_thread_blocked, id=115953, stack(0x00007970f9eff000,0x00007970fa000000)]
  0x000079711c2b9450 JavaThread "Common-Cleaner" daemon [_thread_blocked, id=115955, stack(0x00007970f9cfd000,0x00007970f9dfe000)]
  0x000079711c36f3f0 JavaThread "JavaCPP Deallocator" daemon [_thread_blocked, id=115956, stack(0x00007970f9bfc000,0x00007970f9cfd000)]
  0x000079709801e2c0 JavaThread "C2 CompilerThread1" daemon [_thread_in_native, id=115957, stack(0x00007970f992e000,0x00007970f9a2f000)]

Other Threads:
  0x000079711c1a1c30 VMThread "VM Thread" [stack: 0x0000797100ef2000,0x0000797100ff2000] [id=115941]
  0x000079711c2b1890 WatcherThread [stack: 0x00007970f9dff000,0x00007970f9eff000] [id=115954]
  0x000079711c0941b0 GCTaskThread "GC Thread#0" [stack: 0x0000797120045000,0x0000797120145000] [id=115936]
  0x000079711c0a4bb0 ConcurrentGCThread "G1 Main Marker" [stack: 0x00007971192c8000,0x00007971193c8000] [id=115937]
  0x000079711c0a5b20 ConcurrentGCThread "G1 Conc#0" [stack: 0x0000797109900000,0x0000797109a00000] [id=115938]
  0x000079711c16c6b0 ConcurrentGCThread "G1 Refine#0" [stack: 0x00007971010f4000,0x00007971011f4000] [id=115939]
  0x000079711c16d5b0 ConcurrentGCThread "G1 Service" [stack: 0x0000797100ff3000,0x00007971010f3000] [id=115940]

Threads with active compile tasks:
C2 CompilerThread0      245  567       4       java.util.zip.ZipCoder::hash (36 bytes)
C2 CompilerThread1      245  569   !   4       java.util.zip.ZipFile::getEntry (59 bytes)

VM state: not at safepoint (normal execution)

VM Mutex/Monitor currently owned by a thread: None

Heap address: 0x000000070c200000, size: 3902 MB, Compressed Oops mode: Zero based, Oop shift amount: 3

CDS archive(s) not mapped
Compressed class space mapped at: 0x0000000800000000-0x0000000840000000, reserved size: 1073741824
Narrow klass base: 0x0000000800000000, Narrow klass shift: 0, Narrow klass range: 0x40000000

GC Precious Log:
 CPUs: 16 total, 16 available
 Memory: 15603M
 Large Page Support: Disabled
 NUMA Support: Disabled
 Compressed Oops: Enabled (Zero based)
 Heap Region Size: 2M
 Heap Min Capacity: 8M
 Heap Initial Capacity: 244M
 Heap Max Capacity: 3902M
 Pre-touch: Disabled
 Parallel Workers: 13
 Concurrent Workers: 3
 Concurrent Refinement Workers: 13
 Periodic GC: Disabled

Heap:
 garbage-first heap   total 249856K, used 14336K [0x000000070c200000, 0x0000000800000000)
  region size 2048K, 8 young (16384K), 0 survivors (0K)
 Metaspace       used 8327K, committed 8512K, reserved 1114112K
  class space    used 820K, committed 896K, reserved 1048576K

Heap Regions: E=young(eden), S=young(survivor), O=old, HS=humongous(starts), HC=humongous(continues), CS=collection set, F=free, OA=open archive, CA=closed archive, TAMS=top-at-mark-start (previous, next)
|   0|0x000000070c200000, 0x000000070c200000, 0x000000070c400000|  0%| F|  |TAMS 0x000000070c200000, 0x000000070c200000| Untracked 
|   1|0x000000070c400000, 0x000000070c400000, 0x000000070c600000|  0%| F|  |TAMS 0x000000070c400000, 0x000000070c400000| Untracked 
|   2|0x000000070c600000, 0x000000070c600000, 0x000000070c800000|  0%| F|  |TAMS 0x000000070c600000, 0x000000070c600000| Untracked 
|   3|0x000000070c800000, 0x000000070c800000, 0x000000070ca00000|  0%| F|  |TAMS 0x000000070c800000, 0x000000070c800000| Untracked 
|   4|0x000000070ca00000, 0x000000070ca00000, 0x000000070cc00000|  0%| F|  |TAMS 0x000000070ca00000, 0x000000070ca00000| Untracked 
|   5|0x000000070cc00000, 0x000000070cc00000, 0x000000070ce00000|  0%| F|  |TAMS 0x000000070cc00000, 0x000000070cc00000| Untracked 
|   6|0x000000070ce00000, 0x000000070ce00000, 0x000000070d000000|  0%| F|  |TAMS 0x000000070ce00000, 0x000000070ce00000| Untracked 
|   7|0x000000070d000000, 0x000000070d000000, 0x000000070d200000|  0%| F|  |TAMS 0x000000070d000000, 0x000000070d000000| Untracked 
|   8|0x000000070d200000, 0x000000070d200000, 0x000000070d400000|  0%| F|  |TAMS 0x000000070d200000, 0x000000070d200000| Untracked 
|   9|0x000000070d400000, 0x000000070d400000, 0x000000070d600000|  0%| F|  |TAMS 0x000000070d400000, 0x000000070d400000| Untracked 
|  10|0x000000070d600000, 0x000000070d600000, 0x000000070d800000|  0%| F|  |TAMS 0x000000070d600000, 0x000000070d600000| Untracked 
|  11|0x000000070d800000, 0x000000070d800000, 0x000000070da00000|  0%| F|  |TAMS 0x000000070d800000, 0x000000070d800000| Untracked 
|  12|0x000000070da00000, 0x000000070da00000, 0x000000070dc00000|  0%| F|  |TAMS 0x000000070da00000, 0x000000070da00000| Untracked 
|  13|0x000000070dc00000, 0x000000070dc00000, 0x000000070de00000|  0%| F|  |TAMS 0x000000070dc00000, 0x000000070dc00000| Untracked 
|  14|0x000000070de00000, 0x000000070de00000, 0x000000070e000000|  0%| F|  |TAMS 0x000000070de00000, 0x000000070de00000| Untracked 
|  15|0x000000070e000000, 0x000000070e000000, 0x000000070e200000|  0%| F|  |TAMS 0x000000070e000000, 0x000000070e000000| Untracked 
|  16|0x000000070e200000, 0x000000070e200000, 0x000000070e400000|  0%| F|  |TAMS 0x000000070e200000, 0x000000070e200000| Untracked 
|  17|0x000000070e400000, 0x000000070e400000, 0x000000070e600000|  0%| F|  |TAMS 0x000000070e400000, 0x000000070e400000| Untracked 
|  18|0x000000070e600000, 0x000000070e600000, 0x000000070e800000|  0%| F|  |TAMS 0x000000070e600000, 0x000000070e600000| Untracked 
|  19|0x000000070e800000, 0x000000070e800000, 0x000000070ea00000|  0%| F|  |TAMS 0x000000070e800000, 0x000000070e800000| Untracked 
|  20|0x000000070ea00000, 0x000000070ea00000, 0x000000070ec00000|  0%| F|  |TAMS 0x000000070ea00000, 0x000000070ea00000| Untracked 
|  21|0x000000070ec00000, 0x000000070ec00000, 0x000000070ee00000|  0%| F|  |TAMS 0x000000070ec00000, 0x000000070ec00000| Untracked 
|  22|0x000000070ee00000, 0x000000070ee00000, 0x000000070f000000|  0%| F|  |TAMS 0x000000070ee00000, 0x000000070ee00000| Untracked 
|  23|0x000000070f000000, 0x000000070f000000, 0x000000070f200000|  0%| F|  |TAMS 0x000000070f000000, 0x000000070f000000| Untracked 
|  24|0x000000070f200000, 0x000000070f200000, 0x000000070f400000|  0%| F|  |TAMS 0x000000070f200000, 0x000000070f200000| Untracked 
|  25|0x000000070f400000, 0x000000070f400000, 0x000000070f600000|  0%| F|  |TAMS 0x000000070f400000, 0x000000070f400000| Untracked 
|  26|0x000000070f600000, 0x000000070f600000, 0x000000070f800000|  0%| F|  |TAMS 0x000000070f600000, 0x000000070f600000| Untracked 
|  27|0x000000070f800000, 0x000000070f800000, 0x000000070fa00000|  0%| F|  |TAMS 0x000000070f800000, 0x000000070f800000| Untracked 
|  28|0x000000070fa00000, 0x000000070fa00000, 0x000000070fc00000|  0%| F|  |TAMS 0x000000070fa00000, 0x000000070fa00000| Untracked 
|  29|0x000000070fc00000, 0x000000070fc00000, 0x000000070fe00000|  0%| F|  |TAMS 0x000000070fc00000, 0x000000070fc00000| Untracked 
|  30|0x000000070fe00000, 0x000000070fe00000, 0x0000000710000000|  0%| F|  |TAMS 0x000000070fe00000, 0x000000070fe00000| Untracked 
|  31|0x0000000710000000, 0x0000000710000000, 0x0000000710200000|  0%| F|  |TAMS 0x0000000710000000, 0x0000000710000000| Untracked 
|  32|0x0000000710200000, 0x0000000710200000, 0x0000000710400000|  0%| F|  |TAMS 0x0000000710200000, 0x0000000710200000| Untracked 
|  33|0x0000000710400000, 0x0000000710400000, 0x0000000710600000|  0%| F|  |TAMS 0x0000000710400000, 0x0000000710400000| Untracked 
|  34|0x0000000710600000, 0x0000000710600000, 0x0000000710800000|  0%| F|  |TAMS 0x0000000710600000, 0x0000000710600000| Untracked 
|  35|0x0000000710800000, 0x0000000710800000, 0x0000000710a00000|  0%| F|  |TAMS 0x0000000710800000, 0x0000000710800000| Untracked 
|  36|0x0000000710a00000, 0x0000000710a00000, 0x0000000710c00000|  0%| F|  |TAMS 0x0000000710a00000, 0x0000000710a00000| Untracked 
|  37|0x0000000710c00000, 0x0000000710c00000, 0x0000000710e00000|  0%| F|  |TAMS 0x0000000710c00000, 0x0000000710c00000| Untracked 
|  38|0x0000000710e00000, 0x0000000710e00000, 0x0000000711000000|  0%| F|  |TAMS 0x0000000710e00000, 0x0000000710e00000| Untracked 
|  39|0x0000000711000000, 0x0000000711000000, 0x0000000711200000|  0%| F|  |TAMS 0x0000000711000000, 0x0000000711000000| Untracked 
|  40|0x0000000711200000, 0x0000000711200000, 0x0000000711400000|  0%| F|  |TAMS 0x0000000711200000, 0x0000000711200000| Untracked 
|  41|0x0000000711400000, 0x0000000711400000, 0x0000000711600000|  0%| F|  |TAMS 0x0000000711400000, 0x0000000711400000| Untracked 
|  42|0x0000000711600000, 0x0000000711600000, 0x0000000711800000|  0%| F|  |TAMS 0x0000000711600000, 0x0000000711600000| Untracked 
|  43|0x0000000711800000, 0x0000000711800000, 0x0000000711a00000|  0%| F|  |TAMS 0x0000000711800000, 0x0000000711800000| Untracked 
|  44|0x0000000711a00000, 0x0000000711a00000, 0x0000000711c00000|  0%| F|  |TAMS 0x0000000711a00000, 0x0000000711a00000| Untracked 
|  45|0x0000000711c00000, 0x0000000711c00000, 0x0000000711e00000|  0%| F|  |TAMS 0x0000000711c00000, 0x0000000711c00000| Untracked 
|  46|0x0000000711e00000, 0x0000000711e00000, 0x0000000712000000|  0%| F|  |TAMS 0x0000000711e00000, 0x0000000711e00000| Untracked 
|  47|0x0000000712000000, 0x0000000712000000, 0x0000000712200000|  0%| F|  |TAMS 0x0000000712000000, 0x0000000712000000| Untracked 
|  48|0x0000000712200000, 0x0000000712200000, 0x0000000712400000|  0%| F|  |TAMS 0x0000000712200000, 0x0000000712200000| Untracked 
|  49|0x0000000712400000, 0x0000000712400000, 0x0000000712600000|  0%| F|  |TAMS 0x0000000712400000, 0x0000000712400000| Untracked 
|  50|0x0000000712600000, 0x0000000712600000, 0x0000000712800000|  0%| F|  |TAMS 0x0000000712600000, 0x0000000712600000| Untracked 
|  51|0x0000000712800000, 0x0000000712800000, 0x0000000712a00000|  0%| F|  |TAMS 0x0000000712800000, 0x0000000712800000| Untracked 
|  52|0x0000000712a00000, 0x0000000712a00000, 0x0000000712c00000|  0%| F|  |TAMS 0x0000000712a00000, 0x0000000712a00000| Untracked 
|  53|0x0000000712c00000, 0x0000000712c00000, 0x0000000712e00000|  0%| F|  |TAMS 0x0000000712c00000, 0x0000000712c00000| Untracked 
|  54|0x0000000712e00000, 0x0000000712e00000, 0x0000000713000000|  0%| F|  |TAMS 0x0000000712e00000, 0x0000000712e00000| Untracked 
|  55|0x0000000713000000, 0x0000000713000000, 0x0000000713200000|  0%| F|  |TAMS 0x0000000713000000, 0x0000000713000000| Untracked 
|  56|0x0000000713200000, 0x0000000713200000, 0x0000000713400000|  0%| F|  |TAMS 0x0000000713200000, 0x0000000713200000| Untracked 
|  57|0x0000000713400000, 0x0000000713400000, 0x0000000713600000|  0%| F|  |TAMS 0x0000000713400000, 0x0000000713400000| Untracked 
|  58|0x0000000713600000, 0x0000000713600000, 0x0000000713800000|  0%| F|  |TAMS 0x0000000713600000, 0x0000000713600000| Untracked 
|  59|0x0000000713800000, 0x0000000713800000, 0x0000000713a00000|  0%| F|  |TAMS 0x0000000713800000, 0x0000000713800000| Untracked 
|  60|0x0000000713a00000, 0x0000000713a00000, 0x0000000713c00000|  0%| F|  |TAMS 0x0000000713a00000, 0x0000000713a00000| Untracked 
|  61|0x0000000713c00000, 0x0000000713c00000, 0x0000000713e00000|  0%| F|  |TAMS 0x0000000713c00000, 0x0000000713c00000| Untracked 
|  62|0x0000000713e00000, 0x0000000713e00000, 0x0000000714000000|  0%| F|  |TAMS 0x0000000713e00000, 0x0000000713e00000| Untracked 
|  63|0x0000000714000000, 0x0000000714000000, 0x0000000714200000|  0%| F|  |TAMS 0x0000000714000000, 0x0000000714000000| Untracked 
|  64|0x0000000714200000, 0x0000000714200000, 0x0000000714400000|  0%| F|  |TAMS 0x0000000714200000, 0x0000000714200000| Untracked 
|  65|0x0000000714400000, 0x0000000714400000, 0x0000000714600000|  0%| F|  |TAMS 0x0000000714400000, 0x0000000714400000| Untracked 
|  66|0x0000000714600000, 0x0000000714600000, 0x0000000714800000|  0%| F|  |TAMS 0x0000000714600000, 0x0000000714600000| Untracked 
|  67|0x0000000714800000, 0x0000000714800000, 0x0000000714a00000|  0%| F|  |TAMS 0x0000000714800000, 0x0000000714800000| Untracked 
|  68|0x0000000714a00000, 0x0000000714a00000, 0x0000000714c00000|  0%| F|  |TAMS 0x0000000714a00000, 0x0000000714a00000| Untracked 
|  69|0x0000000714c00000, 0x0000000714c00000, 0x0000000714e00000|  0%| F|  |TAMS 0x0000000714c00000, 0x0000000714c00000| Untracked 
|  70|0x0000000714e00000, 0x0000000714e00000, 0x0000000715000000|  0%| F|  |TAMS 0x0000000714e00000, 0x0000000714e00000| Untracked 
|  71|0x0000000715000000, 0x0000000715000000, 0x0000000715200000|  0%| F|  |TAMS 0x0000000715000000, 0x0000000715000000| Untracked 
|  72|0x0000000715200000, 0x0000000715200000, 0x0000000715400000|  0%| F|  |TAMS 0x0000000715200000, 0x0000000715200000| Untracked 
|  73|0x0000000715400000, 0x0000000715400000, 0x0000000715600000|  0%| F|  |TAMS 0x0000000715400000, 0x0000000715400000| Untracked 
|  74|0x0000000715600000, 0x0000000715600000, 0x0000000715800000|  0%| F|  |TAMS 0x0000000715600000, 0x0000000715600000| Untracked 
|  75|0x0000000715800000, 0x0000000715800000, 0x0000000715a00000|  0%| F|  |TAMS 0x0000000715800000, 0x0000000715800000| Untracked 
|  76|0x0000000715a00000, 0x0000000715a00000, 0x0000000715c00000|  0%| F|  |TAMS 0x0000000715a00000, 0x0000000715a00000| Untracked 
|  77|0x0000000715c00000, 0x0000000715c00000, 0x0000000715e00000|  0%| F|  |TAMS 0x0000000715c00000, 0x0000000715c00000| Untracked 
|  78|0x0000000715e00000, 0x0000000715e00000, 0x0000000716000000|  0%| F|  |TAMS 0x0000000715e00000, 0x0000000715e00000| Untracked 
|  79|0x0000000716000000, 0x0000000716000000, 0x0000000716200000|  0%| F|  |TAMS 0x0000000716000000, 0x0000000716000000| Untracked 
|  80|0x0000000716200000, 0x0000000716200000, 0x0000000716400000|  0%| F|  |TAMS 0x0000000716200000, 0x0000000716200000| Untracked 
|  81|0x0000000716400000, 0x0000000716400000, 0x0000000716600000|  0%| F|  |TAMS 0x0000000716400000, 0x0000000716400000| Untracked 
|  82|0x0000000716600000, 0x0000000716600000, 0x0000000716800000|  0%| F|  |TAMS 0x0000000716600000, 0x0000000716600000| Untracked 
|  83|0x0000000716800000, 0x0000000716800000, 0x0000000716a00000|  0%| F|  |TAMS 0x0000000716800000, 0x0000000716800000| Untracked 
|  84|0x0000000716a00000, 0x0000000716a00000, 0x0000000716c00000|  0%| F|  |TAMS 0x0000000716a00000, 0x0000000716a00000| Untracked 
|  85|0x0000000716c00000, 0x0000000716c00000, 0x0000000716e00000|  0%| F|  |TAMS 0x0000000716c00000, 0x0000000716c00000| Untracked 
|  86|0x0000000716e00000, 0x0000000716e00000, 0x0000000717000000|  0%| F|  |TAMS 0x0000000716e00000, 0x0000000716e00000| Untracked 
|  87|0x0000000717000000, 0x0000000717000000, 0x0000000717200000|  0%| F|  |TAMS 0x0000000717000000, 0x0000000717000000| Untracked 
|  88|0x0000000717200000, 0x0000000717200000, 0x0000000717400000|  0%| F|  |TAMS 0x0000000717200000, 0x0000000717200000| Untracked 
|  89|0x0000000717400000, 0x0000000717400000, 0x0000000717600000|  0%| F|  |TAMS 0x0000000717400000, 0x0000000717400000| Untracked 
|  90|0x0000000717600000, 0x0000000717600000, 0x0000000717800000|  0%| F|  |TAMS 0x0000000717600000, 0x0000000717600000| Untracked 
|  91|0x0000000717800000, 0x0000000717800000, 0x0000000717a00000|  0%| F|  |TAMS 0x0000000717800000, 0x0000000717800000| Untracked 
|  92|0x0000000717a00000, 0x0000000717a00000, 0x0000000717c00000|  0%| F|  |TAMS 0x0000000717a00000, 0x0000000717a00000| Untracked 
|  93|0x0000000717c00000, 0x0000000717c00000, 0x0000000717e00000|  0%| F|  |TAMS 0x0000000717c00000, 0x0000000717c00000| Untracked 
|  94|0x0000000717e00000, 0x0000000717e00000, 0x0000000718000000|  0%| F|  |TAMS 0x0000000717e00000, 0x0000000717e00000| Untracked 
|  95|0x0000000718000000, 0x0000000718000000, 0x0000000718200000|  0%| F|  |TAMS 0x0000000718000000, 0x0000000718000000| Untracked 
|  96|0x0000000718200000, 0x0000000718200000, 0x0000000718400000|  0%| F|  |TAMS 0x0000000718200000, 0x0000000718200000| Untracked 
|  97|0x0000000718400000, 0x0000000718400000, 0x0000000718600000|  0%| F|  |TAMS 0x0000000718400000, 0x0000000718400000| Untracked 
|  98|0x0000000718600000, 0x0000000718600000, 0x0000000718800000|  0%| F|  |TAMS 0x0000000718600000, 0x0000000718600000| Untracked 
|  99|0x0000000718800000, 0x0000000718800000, 0x0000000718a00000|  0%| F|  |TAMS 0x0000000718800000, 0x0000000718800000| Untracked 
| 100|0x0000000718a00000, 0x0000000718a00000, 0x0000000718c00000|  0%| F|  |TAMS 0x0000000718a00000, 0x0000000718a00000| Untracked 
| 101|0x0000000718c00000, 0x0000000718c00000, 0x0000000718e00000|  0%| F|  |TAMS 0x0000000718c00000, 0x0000000718c00000| Untracked 
| 102|0x0000000718e00000, 0x0000000718e00000, 0x0000000719000000|  0%| F|  |TAMS 0x0000000718e00000, 0x0000000718e00000| Untracked 
| 103|0x0000000719000000, 0x0000000719000000, 0x0000000719200000|  0%| F|  |TAMS 0x0000000719000000, 0x0000000719000000| Untracked 
| 104|0x0000000719200000, 0x0000000719200000, 0x0000000719400000|  0%| F|  |TAMS 0x0000000719200000, 0x0000000719200000| Untracked 
| 105|0x0000000719400000, 0x0000000719400000, 0x0000000719600000|  0%| F|  |TAMS 0x0000000719400000, 0x0000000719400000| Untracked 
| 106|0x0000000719600000, 0x0000000719600000, 0x0000000719800000|  0%| F|  |TAMS 0x0000000719600000, 0x0000000719600000| Untracked 
| 107|0x0000000719800000, 0x0000000719800000, 0x0000000719a00000|  0%| F|  |TAMS 0x0000000719800000, 0x0000000719800000| Untracked 
| 108|0x0000000719a00000, 0x0000000719a00000, 0x0000000719c00000|  0%| F|  |TAMS 0x0000000719a00000, 0x0000000719a00000| Untracked 
| 109|0x0000000719c00000, 0x0000000719c00000, 0x0000000719e00000|  0%| F|  |TAMS 0x0000000719c00000, 0x0000000719c00000| Untracked 
| 110|0x0000000719e00000, 0x0000000719e00000, 0x000000071a000000|  0%| F|  |TAMS 0x0000000719e00000, 0x0000000719e00000| Untracked 
| 111|0x000000071a000000, 0x000000071a000000, 0x000000071a200000|  0%| F|  |TAMS 0x000000071a000000, 0x000000071a000000| Untracked 
| 112|0x000000071a200000, 0x000000071a200000, 0x000000071a400000|  0%| F|  |TAMS 0x000000071a200000, 0x000000071a200000| Untracked 
| 113|0x000000071a400000, 0x000000071a400000, 0x000000071a600000|  0%| F|  |TAMS 0x000000071a400000, 0x000000071a400000| Untracked 
| 114|0x000000071a600000, 0x000000071a751ef0, 0x000000071a800000| 66%| E|  |TAMS 0x000000071a600000, 0x000000071a600000| Complete 
| 115|0x000000071a800000, 0x000000071aa00000, 0x000000071aa00000|100%| E|CS|TAMS 0x000000071a800000, 0x000000071a800000| Complete 
| 116|0x000000071aa00000, 0x000000071ac00000, 0x000000071ac00000|100%| E|CS|TAMS 0x000000071aa00000, 0x000000071aa00000| Complete 
| 117|0x000000071ac00000, 0x000000071ae00000, 0x000000071ae00000|100%| E|CS|TAMS 0x000000071ac00000, 0x000000071ac00000| Complete 
| 118|0x000000071ae00000, 0x000000071b000000, 0x000000071b000000|100%| E|CS|TAMS 0x000000071ae00000, 0x000000071ae00000| Complete 
| 119|0x000000071b000000, 0x000000071b200000, 0x000000071b200000|100%| E|CS|TAMS 0x000000071b000000, 0x000000071b000000| Complete 
| 120|0x000000071b200000, 0x000000071b400000, 0x000000071b400000|100%| E|CS|TAMS 0x000000071b200000, 0x000000071b200000| Complete 
| 121|0x000000071b400000, 0x000000071b600000, 0x000000071b600000|100%| E|CS|TAMS 0x000000071b400000, 0x000000071b400000| Complete 

Card table byte_map: [0x0000797120200000,0x000079712099f000] _byte_map_base: 0x000079711c99f000

Marking Bits (Prev, Next): (CMBitMap*) 0x000079711c094c40, (CMBitMap*) 0x000079711c094c80
 Prev Bits: [0x0000797105c00000, 0x00007971098f8000)
 Next Bits: [0x0000797101e00000, 0x0000797105af8000)

Polling page: 0x000079712392c000

Metaspace:

Usage:
  Non-class:      7.33 MB used.
      Class:    820.12 KB used.
       Both:      8.13 MB used.

Virtual space:
  Non-class space:       64.00 MB reserved,       7.44 MB ( 12%) committed,  1 nodes.
      Class space:        1.00 GB reserved,     896.00 KB ( <1%) committed,  1 nodes.
             Both:        1.06 GB reserved,       8.31 MB ( <1%) committed. 

Chunk freelists:
   Non-Class:  7.93 MB
       Class:  15.06 MB
        Both:  22.98 MB

MaxMetaspaceSize: unlimited
CompressedClassSpaceSize: 1.00 GB
Initial GC threshold: 21.00 MB
Current GC threshold: 21.00 MB
CDS: off
MetaspaceReclaimPolicy: balanced
 - commit_granule_bytes: 65536.
 - commit_granule_words: 8192.
 - virtual_space_node_default_size: 8388608.
 - enlarge_chunks_in_place: 1.
 - new_chunks_are_fully_committed: 0.
 - uncommit_free_chunks: 1.
 - use_allocation_guard: 0.
 - handle_deallocations: 1.


Internal statistics:

num_allocs_failed_limit: 0.
num_arena_births: 32.
num_arena_deaths: 0.
num_vsnodes_births: 2.
num_vsnodes_deaths: 0.
num_space_committed: 133.
num_space_uncommitted: 0.
num_chunks_returned_to_freelist: 0.
num_chunks_taken_from_freelist: 111.
num_chunk_merges: 0.
num_chunk_splits: 79.
num_chunks_enlarged: 65.
num_inconsistent_stats: 0.

CodeHeap 'non-profiled nmethods': size=119168Kb used=258Kb max_used=258Kb free=118909Kb
 bounds [0x0000797111da0000, 0x0000797112010000, 0x0000797119200000]
CodeHeap 'profiled nmethods': size=119164Kb used=1391Kb max_used=1391Kb free=117772Kb
 bounds [0x000079710a200000, 0x000079710a470000, 0x000079711165f000]
CodeHeap 'non-nmethods': size=7428Kb used=2813Kb max_used=2852Kb free=4614Kb
 bounds [0x000079711165f000, 0x000079711192f000, 0x0000797111da0000]
 total_blobs=1220 nmethods=808 adapters=323
 compilation: enabled
              stopped_count=0, restarted_count=0
 full_count=0

Compilation events (20 events):
Event: 0.236 Thread 0x00007970b00647d0 nmethod 814 0x000079710a352990 code [0x000079710a352bc0, 0x000079710a3532d0]
Event: 0.236 Thread 0x00007970b00647d0  816       3       java.lang.Class::annotationData (44 bytes)
Event: 0.236 Thread 0x000079711c220c10  817       3       java.lang.Class::getAnnotation (22 bytes)
Event: 0.236 Thread 0x00007970b00647d0 nmethod 816 0x000079710a353590 code [0x000079710a353760, 0x000079710a353a30]
Event: 0.237 Thread 0x000079711c21f6d0 nmethod 557 0x0000797111ddb290 code [0x0000797111ddb420, 0x0000797111ddb6f8]
Event: 0.237 Thread 0x000079711c21f6d0  574       4       java.lang.StringLatin1::newString (24 bytes)
Event: 0.237 Thread 0x000079711c220c10 nmethod 817 0x000079710a353b90 code [0x000079710a353d80, 0x000079710a354200]
Event: 0.237 Thread 0x00007970b00647d0  818   !   3       jdk.proxy2.$Proxy2::value (29 bytes)
Event: 0.237 Thread 0x00007970b00647d0 nmethod 818 0x000079710a354390 code [0x000079710a354560, 0x000079710a354910]
Event: 0.237 Thread 0x000079709c000f80  819       3       sun.nio.fs.UnixPath::<init> (15 bytes)
Event: 0.237 Thread 0x00007970b00647d0  820       3       java.net.URI$Parser::scan (41 bytes)
Event: 0.237 Thread 0x000079711c220c10  821       3       java.io.File::getParent (65 bytes)
Event: 0.237 Thread 0x000079709c000f80 nmethod 819 0x000079710a354b10 code [0x000079710a354cc0, 0x000079710a354ef0]
Event: 0.237 Thread 0x000079709c000f80  822       3       java.lang.String::split (7 bytes)
Event: 0.237 Thread 0x00007970b0065930  823       3       java.lang.String::split (327 bytes)
Event: 0.238 Thread 0x000079709c000f80 nmethod 822 0x000079710a354f90 code [0x000079710a355140, 0x000079710a355280]
Event: 0.238 Thread 0x000079709c000f80  824       3       sun.nio.fs.UnixPath::isEmpty (14 bytes)
Event: 0.238 Thread 0x000079709c000f80 nmethod 824 0x000079710a355310 code [0x000079710a3554a0, 0x000079710a355610]
Event: 0.238 Thread 0x00007970b00647d0 nmethod 820 0x000079710a355710 code [0x000079710a355960, 0x000079710a356250]
Event: 0.238 Thread 0x000079711c220c10 nmethod 821 0x000079710a356690 code [0x000079710a3568c0, 0x000079710a356fb0]

GC Heap History (0 events):
No events

Dll operation events (14 events):
Event: 0.002 Loaded shared library /home/vscode/.vscode-server/extensions/redhat.java-1.38.0-linux-x64/jre/17.0.13-linux-x86_64/lib/libjava.so
Event: 0.051 Loaded shared library /home/vscode/.vscode-server/extensions/redhat.java-1.38.0-linux-x64/jre/17.0.13-linux-x86_64/lib/libnio.so
Event: 0.057 Loaded shared library /home/vscode/.vscode-server/extensions/redhat.java-1.38.0-linux-x64/jre/17.0.13-linux-x86_64/lib/libzip.so
Event: 0.102 Loaded shared library /home/vscode/.vscode-server/extensions/redhat.java-1.38.0-linux-x64/jre/17.0.13-linux-x86_64/lib/libjimage.so
Event: 0.133 Loaded shared library /home/vscode/.javacpp/cache/javacpp-1.5.11-linux-x86_64.jar/org/bytedeco/javacpp/linux-x86_64/libjnijavacpp.so
Event: 0.169 Loaded shared library /home/vscode/.javacpp/cache/ffmpeg-7.1-1.5.11-linux-x86_64-gpl.jar/org/bytedeco/ffmpeg/linux-x86_64-gpl/libdrm.so.2
Event: 0.179 Loaded shared library /home/vscode/.javacpp/cache/ffmpeg-7.1-1.5.11-linux-x86_64-gpl.jar/org/bytedeco/ffmpeg/linux-x86_64-gpl/libavutil.so.59
Event: 0.180 Loaded shared library /home/vscode/.javacpp/cache/ffmpeg-7.1-1.5.11-linux-x86_64-gpl.jar/org/bytedeco/ffmpeg/linux-x86_64-gpl/libjniavutil.so
Event: 0.198 Loaded shared library /home/vscode/.javacpp/cache/ffmpeg-7.1-1.5.11-linux-x86_64-gpl.jar/org/bytedeco/ffmpeg/linux-x86_64-gpl/libswresample.so.5
Event: 0.199 Loaded shared library /home/vscode/.javacpp/cache/ffmpeg-7.1-1.5.11-linux-x86_64-gpl.jar/org/bytedeco/ffmpeg/linux-x86_64-gpl/libjniswresample.so
Event: 0.204 Loaded shared library /home/vscode/.javacpp/cache/ffmpeg-7.1-1.5.11-linux-x86_64-gpl.jar/org/bytedeco/ffmpeg/linux-x86_64-gpl/libavcodec.so.61
Event: 0.205 Loaded shared library /home/vscode/.javacpp/cache/ffmpeg-7.1-1.5.11-linux-x86_64-gpl.jar/org/bytedeco/ffmpeg/linux-x86_64-gpl/libjniavcodec.so
Event: 0.216 Loaded shared library /home/vscode/.javacpp/cache/ffmpeg-7.1-1.5.11-linux-x86_64-gpl.jar/org/bytedeco/ffmpeg/linux-x86_64-gpl/libavformat.so.61
Event: 0.217 Loaded shared library /home/vscode/.javacpp/cache/ffmpeg-7.1-1.5.11-linux-x86_64-gpl.jar/org/bytedeco/ffmpeg/linux-x86_64-gpl/libjniavformat.so

Deoptimization events (20 events):
Event: 0.163 Thread 0x000079711c02a070 DEOPT PACKING pc=0x000079710a208342 sp=0x0000797122284eb0
Event: 0.163 Thread 0x000079711c02a070 DEOPT UNPACKING pc=0x00007971116b5e2f sp=0x0000797122284348 mode 0
Event: 0.171 Thread 0x000079711c02a070 DEOPT PACKING pc=0x000079710a21b19a sp=0x00007971222851a0
Event: 0.171 Thread 0x000079711c02a070 DEOPT UNPACKING pc=0x00007971116b5e2f sp=0x0000797122284610 mode 0
Event: 0.174 Thread 0x000079711c02a070 DEOPT PACKING pc=0x000079710a21b19a sp=0x0000797122284f50
Event: 0.174 Thread 0x000079711c02a070 DEOPT UNPACKING pc=0x00007971116b5e2f sp=0x00007971222843c0 mode 0
Event: 0.177 Thread 0x000079711c02a070 DEOPT PACKING pc=0x000079710a21b19a sp=0x0000797122284d70
Event: 0.177 Thread 0x000079711c02a070 DEOPT UNPACKING pc=0x00007971116b5e2f sp=0x00007971222841e0 mode 0
Event: 0.179 Thread 0x000079711c02a070 DEOPT PACKING pc=0x000079710a21b13c sp=0x0000797122285490
Event: 0.179 Thread 0x000079711c02a070 DEOPT UNPACKING pc=0x00007971116b5e2f sp=0x0000797122284900 mode 0
Event: 0.180 Thread 0x000079711c02a070 DEOPT PACKING pc=0x000079710a21b13c sp=0x0000797122284df0
Event: 0.180 Thread 0x000079711c02a070 DEOPT UNPACKING pc=0x00007971116b5e2f sp=0x0000797122284260 mode 0
Event: 0.181 Thread 0x000079711c02a070 DEOPT PACKING pc=0x000079710a21b13c sp=0x00007971222840e0
Event: 0.181 Thread 0x000079711c02a070 DEOPT UNPACKING pc=0x00007971116b5e2f sp=0x0000797122283550 mode 0
Event: 0.184 Thread 0x000079711c02a070 DEOPT PACKING pc=0x000079710a21b13c sp=0x0000797122283bd0
Event: 0.184 Thread 0x000079711c02a070 DEOPT UNPACKING pc=0x00007971116b5e2f sp=0x0000797122283040 mode 0
Event: 0.193 Thread 0x000079711c02a070 Uncommon trap: trap_request=0xffffff6e fr.pc=0x0000797111dc50c8 relative=0x0000000000000428
Event: 0.193 Thread 0x000079711c02a070 Uncommon trap: reason=loop_limit_check action=maybe_recompile pc=0x0000797111dc50c8 method=java.lang.StringLatin1.indexOf([BI[BII)I @ 37 c2
Event: 0.193 Thread 0x000079711c02a070 DEOPT PACKING pc=0x0000797111dc50c8 sp=0x0000797122284e60
Event: 0.193 Thread 0x000079711c02a070 DEOPT UNPACKING pc=0x00007971116b5699 sp=0x0000797122284de0 mode 2

Classes loaded (20 events):
Event: 0.160 Loading class java/lang/CompoundEnumeration
Event: 0.161 Loading class java/lang/CompoundEnumeration done
Event: 0.161 Loading class jdk/internal/loader/URLClassPath$1
Event: 0.161 Loading class jdk/internal/loader/URLClassPath$1 done
Event: 0.164 Loading class jdk/internal/misc/ScopedMemoryAccess$Scope
Event: 0.164 Loading class jdk/internal/misc/ScopedMemoryAccess$Scope done
Event: 0.231 Loading class java/lang/invoke/MethodHandleImpl$AsVarargsCollector
Event: 0.231 Loading class java/lang/invoke/MethodHandleImpl$AsVarargsCollector done
Event: 0.232 Loading class java/lang/invoke/BoundMethodHandle$Species_LL
Event: 0.232 Loading class java/lang/invoke/BoundMethodHandle$Species_LL done
Event: 0.233 Loading class java/lang/invoke/BoundMethodHandle$Species_LLL
Event: 0.233 Loading class java/lang/invoke/BoundMethodHandle$Species_LLL done
Event: 0.233 Loading class java/lang/Long$LongCache
Event: 0.233 Loading class java/lang/Long$LongCache done
Event: 0.233 Loading class java/lang/invoke/MethodHandles$1
Event: 0.233 Loading class java/lang/invoke/MethodHandles$1 done
Event: 0.233 Loading class java/lang/invoke/BoundMethodHandle$Species_LJ
Event: 0.234 Loading class java/lang/invoke/BoundMethodHandle$Species_LJ done
Event: 0.234 Loading class java/lang/invoke/BoundMethodHandle$Species_LLLL
Event: 0.234 Loading class java/lang/invoke/BoundMethodHandle$Species_LLLL done

Classes unloaded (0 events):
No events

Classes redefined (0 events):
No events

Internal exceptions (6 events):
Event: 0.094 Thread 0x000079711c02a070 Exception <a 'java/lang/NoSuchMethodError'{0x000000071b2bb060}: 'int java.lang.invoke.DirectMethodHandle$Holder.invokeStaticInit(java.lang.Object, java.lang.Object, java.lang.Object, java.lang.Object)'> (0x000000071b2bb060) 
thrown [src/hotspot/share/interpreter/linkResolver.cpp, line 758]
Event: 0.095 Thread 0x000079711c02a070 Exception <a 'java/lang/NoSuchMethodError'{0x000000071b2c5da0}: 'java.lang.Object java.lang.invoke.DirectMethodHandle$Holder.invokeInterface(java.lang.Object, java.lang.Object)'> (0x000000071b2c5da0) 
thrown [src/hotspot/share/interpreter/linkResolver.cpp, line 758]
Event: 0.096 Thread 0x000079711c02a070 Exception <a 'java/lang/IncompatibleClassChangeError'{0x000000071b2c94b8}: Found class java.lang.Object, but interface was expected> (0x000000071b2c94b8) 
thrown [src/hotspot/share/interpreter/linkResolver.cpp, line 826]
Event: 0.096 Thread 0x000079711c02a070 Exception <a 'java/lang/NoSuchMethodError'{0x000000071b2cc630}: 'void java.lang.invoke.DirectMethodHandle$Holder.invokeStatic(java.lang.Object, java.lang.Object)'> (0x000000071b2cc630) 
thrown [src/hotspot/share/interpreter/linkResolver.cpp, line 758]
Event: 0.096 Thread 0x000079711c02a070 Exception <a 'java/lang/NoSuchMethodError'{0x000000071b2cfca0}: 'void java.lang.invoke.DirectMethodHandle$Holder.invokeStaticInit(java.lang.Object, java.lang.Object)'> (0x000000071b2cfca0) 
thrown [src/hotspot/share/interpreter/linkResolver.cpp, line 758]
Event: 0.097 Thread 0x000079711c02a070 Exception <a 'java/lang/NoSuchMethodError'{0x000000071b2d63f8}: 'int java.lang.invoke.DirectMethodHandle$Holder.invokeStaticInit(java.lang.Object, java.lang.Object)'> (0x000000071b2d63f8) 
thrown [src/hotspot/share/interpreter/linkResolver.cpp, line 758]

VM Operations (2 events):
Event: 0.057 Executing VM operation: HandshakeAllThreads
Event: 0.057 Executing VM operation: HandshakeAllThreads done

Memory protections (16 events):
Event: 0.001 Protecting memory [0x0000797122187000,0x000079712218b000] with protection modes 0
Event: 0.022 Protecting memory [0x0000797100df0000,0x0000797100df4000] with protection modes 0
Event: 0.022 Protecting memory [0x0000797100cef000,0x0000797100cf3000] with protection modes 0
Event: 0.028 Protecting memory [0x0000797100907000,0x000079710090b000] with protection modes 0
Event: 0.028 Protecting memory [0x0000797100806000,0x000079710080a000] with protection modes 0
Event: 0.028 Protecting memory [0x0000797100705000,0x0000797100709000] with protection modes 0
Event: 0.028 Protecting memory [0x0000797100604000,0x0000797100608000] with protection modes 0
Event: 0.028 Protecting memory [0x0000797100503000,0x0000797100507000] with protection modes 0
Event: 0.028 Protecting memory [0x0000797100402000,0x0000797100406000] with protection modes 0
Event: 0.042 Protecting memory [0x0000797100301000,0x0000797100305000] with protection modes 0
Event: 0.042 Protecting memory [0x0000797100200000,0x0000797100204000] with protection modes 0
Event: 0.043 Protecting memory [0x00007971000ff000,0x0000797100103000] with protection modes 0
Event: 0.044 Protecting memory [0x00007970f9eff000,0x00007970f9f03000] with protection modes 0
Event: 0.046 Protecting memory [0x00007970f9cfd000,0x00007970f9d01000] with protection modes 0
Event: 0.075 Protecting memory [0x00007970f9bfc000,0x00007970f9c00000] with protection modes 0
Event: 0.162 Protecting memory [0x00007970f992e000,0x00007970f9932000] with protection modes 0

Nmethod flushes (0 events):
No events

Events (16 events):
Event: 0.017 Thread 0x000079711c02a070 Thread added: 0x000079711c02a070
Event: 0.022 Thread 0x000079711c02a070 Thread added: 0x000079711c1f6990
Event: 0.022 Thread 0x000079711c02a070 Thread added: 0x000079711c1f7f40
Event: 0.028 Thread 0x000079711c02a070 Thread added: 0x000079711c2196d0
Event: 0.028 Thread 0x000079711c02a070 Thread added: 0x000079711c21cf00
Event: 0.028 Thread 0x000079711c02a070 Thread added: 0x000079711c21dfc0
Event: 0.028 Thread 0x000079711c02a070 Thread added: 0x000079711c21f6d0
Event: 0.028 Thread 0x000079711c02a070 Thread added: 0x000079711c220c10
Event: 0.028 Thread 0x000079711c02a070 Thread added: 0x000079711c2220b0
Event: 0.042 Thread 0x000079711c220c10 Thread added: 0x00007970b00647d0
Event: 0.042 Thread 0x000079711c220c10 Thread added: 0x00007970b0065930
Event: 0.043 Thread 0x00007970b0065930 Thread added: 0x000079709c000f80
Event: 0.044 Thread 0x000079711c02a070 Thread added: 0x000079711c2b01c0
Event: 0.046 Thread 0x000079711c02a070 Thread added: 0x000079711c2b9450
Event: 0.075 Thread 0x000079711c02a070 Thread added: 0x000079711c36f3f0
Event: 0.162 Thread 0x000079709c000f80 Thread added: 0x000079709801e2c0


Dynamic libraries:
70c200000-71b600000 rw-p 00000000 00:00 0 
71b600000-800000000 ---p 00000000 00:00 0 
800000000-800010000 rw-p 00000000 00:00 0 
800010000-800030000 rw-p 00000000 00:00 0 
800030000-8000b0000 rw-p 00000000 00:00 0 
8000b0000-8000e0000 rw-p 00000000 00:00 0 
8000e0000-840000000 ---p 00000000 00:00 0 
61891bcfa000-61891bcfb000 r--p 00000000 00:6b 1092721                    /home/vscode/.vscode-server/extensions/redhat.java-1.38.0-linux-x64/jre/17.0.13-linux-x86_64/bin/java
61891bcfb000-61891bcfc000 r-xp 00001000 00:6b 1092721                    /home/vscode/.vscode-server/extensions/redhat.java-1.38.0-linux-x64/jre/17.0.13-linux-x86_64/bin/java
61891bcfc000-61891bcfd000 r--p 00002000 00:6b 1092721                    /home/vscode/.vscode-server/extensions/redhat.java-1.38.0-linux-x64/jre/17.0.13-linux-x86_64/bin/java
61891bcfd000-61891bcfe000 r--p 00002000 00:6b 1092721                    /home/vscode/.vscode-server/extensions/redhat.java-1.38.0-linux-x64/jre/17.0.13-linux-x86_64/bin/java
61891bcfe000-61891bcff000 rw-p 00003000 00:6b 1092721                    /home/vscode/.vscode-server/extensions/redhat.java-1.38.0-linux-x64/jre/17.0.13-linux-x86_64/bin/java
61891ca02000-61891ca4a000 rw-p 00000000 00:00 0                          [heap]
797078000000-7970782f2000 rw-p 00000000 00:00 0 
7970782f2000-79707c000000 ---p 00000000 00:00 0 
797080000000-797080021000 rw-p 00000000 00:00 0 
797080021000-797084000000 ---p 00000000 00:00 0 
797084000000-797084021000 rw-p 00000000 00:00 0 
797084021000-797088000000 ---p 00000000 00:00 0 
79708c000000-79708c021000 rw-p 00000000 00:00 0 
79708c021000-797090000000 ---p 00000000 00:00 0 
797090000000-797090021000 rw-p 00000000 00:00 0 
797090021000-797094000000 ---p 00000000 00:00 0 
797098000000-7970980d6000 rw-p 00000000 00:00 0 
7970980d6000-79709c000000 ---p 00000000 00:00 0 
79709c000000-79709c16f000 rw-p 00000000 00:00 0 
79709c16f000-7970a0000000 ---p 00000000 00:00 0 
7970a4000000-7970a4150000 rw-p 00000000 00:00 0 
7970a4150000-7970a8000000 ---p 00000000 00:00 0 
7970a8000000-7970a8021000 rw-p 00000000 00:00 0 
7970a8021000-7970ac000000 ---p 00000000 00:00 0 
7970b0000000-7970b014f000 rw-p 00000000 00:00 0 
7970b014f000-7970b4000000 ---p 00000000 00:00 0 
7970b4000000-7970b4320000 rw-p 00000000 00:00 0 
7970b4320000-7970b8000000 ---p 00000000 00:00 0 
7970bc000000-7970bc021000 rw-p 00000000 00:00 0 
7970bc021000-7970c0000000 ---p 00000000 00:00 0 
7970c0000000-7970c0021000 rw-p 00000000 00:00 0 
7970c0021000-7970c4000000 ---p 00000000 00:00 0 
7970c8000000-7970c8021000 rw-p 00000000 00:00 0 
7970c8021000-7970cc000000 ---p 00000000 00:00 0 
7970cc000000-7970cc021000 rw-p 00000000 00:00 0 
7970cc021000-7970d0000000 ---p 00000000 00:00 0 
7970d4000000-7970d4021000 rw-p 00000000 00:00 0 
7970d4021000-7970d8000000 ---p 00000000 00:00 0 
7970d8000000-7970d8021000 rw-p 00000000 00:00 0 
7970d8021000-7970dc000000 ---p 00000000 00:00 0 
7970df200000-7970df401000 rw-p 00000000 00:00 0 
7970df558000-7970df620000 r--p 00000000 00:6b 1181542                    /home/vscode/.javacpp/cache/ffmpeg-7.1-1.5.11-linux-x86_64-gpl.jar/org/bytedeco/ffmpeg/linux-x86_64-gpl/libavformat.so.61
7970df620000-7970dfd7a000 r-xp 000c8000 00:6b 1181542                    /home/vscode/.javacpp/cache/ffmpeg-7.1-1.5.11-linux-x86_64-gpl.jar/org/bytedeco/ffmpeg/linux-x86_64-gpl/libavformat.so.61
7970dfd7a000-7970dff51000 r--p 00822000 00:6b 1181542                    /home/vscode/.javacpp/cache/ffmpeg-7.1-1.5.11-linux-x86_64-gpl.jar/org/bytedeco/ffmpeg/linux-x86_64-gpl/libavformat.so.61
7970dff51000-7970dffed000 r--p 009f8000 00:6b 1181542                    /home/vscode/.javacpp/cache/ffmpeg-7.1-1.5.11-linux-x86_64-gpl.jar/org/bytedeco/ffmpeg/linux-x86_64-gpl/libavformat.so.61
7970dffed000-7970dfff6000 rw-p 00a94000 00:6b 1181542                    /home/vscode/.javacpp/cache/ffmpeg-7.1-1.5.11-linux-x86_64-gpl.jar/org/bytedeco/ffmpeg/linux-x86_64-gpl/libavformat.so.61
7970dfff6000-7970e03f0000 rw-p 00000000 00:00 0 
7970e03f0000-7970e0470000 rw-p 00000000 00:00 0 
7970e0470000-7970e04f0000 rw-p 00000000 00:00 0 
7970e04f0000-7970e06f0000 rw-p 00000000 00:00 0 
7970e06f0000-7970e0750000 rw-p 00000000 00:00 0 
7970e0750000-7970e0800000 ---p 00000000 00:00 0 
7970e0800000-7970e0820000 rw-p 00000000 00:00 0 
7970e0820000-7970e4000000 ---p 00000000 00:00 0 
7970e4000000-7970e4021000 rw-p 00000000 00:00 0 
7970e4021000-7970e8000000 ---p 00000000 00:00 0 
7970e8000000-7970e8021000 rw-p 00000000 00:00 0 
7970e8021000-7970ec000000 ---p 00000000 00:00 0 
7970ec08d000-7970ec17a000 rw-p 00000000 00:00 0 
7970ec267000-7970ec337000 r--p 00000000 00:6b 1181539                    /home/vscode/.javacpp/cache/ffmpeg-7.1-1.5.11-linux-x86_64-gpl.jar/org/bytedeco/ffmpeg/linux-x86_64-gpl/libavcodec.so.61
7970ec337000-7970ef090000 r-xp 000d0000 00:6b 1181539                    /home/vscode/.javacpp/cache/ffmpeg-7.1-1.5.11-linux-x86_64-gpl.jar/org/bytedeco/ffmpeg/linux-x86_64-gpl/libavcodec.so.61
7970ef090000-7970ef72e000 r--p 02e29000 00:6b 1181539                    /home/vscode/.javacpp/cache/ffmpeg-7.1-1.5.11-linux-x86_64-gpl.jar/org/bytedeco/ffmpeg/linux-x86_64-gpl/libavcodec.so.61
7970ef72e000-7970ef7c1000 r--p 034c6000 00:6b 1181539                    /home/vscode/.javacpp/cache/ffmpeg-7.1-1.5.11-linux-x86_64-gpl.jar/org/bytedeco/ffmpeg/linux-x86_64-gpl/libavcodec.so.61
7970ef7c1000-7970ef7db000 rw-p 03559000 00:6b 1181539                    /home/vscode/.javacpp/cache/ffmpeg-7.1-1.5.11-linux-x86_64-gpl.jar/org/bytedeco/ffmpeg/linux-x86_64-gpl/libavcodec.so.61
7970ef7db000-7970f0000000 rw-p 00000000 00:00 0 
7970f0000000-7970f0021000 rw-p 00000000 00:00 0 
7970f0021000-7970f4000000 ---p 00000000 00:00 0 
7970f4000000-7970f4021000 rw-p 00000000 00:00 0 
7970f4021000-7970f8000000 ---p 00000000 00:00 0 
7970f80a1000-7970f80c7000 r--p 00000000 00:6b 1181544                    /home/vscode/.javacpp/cache/ffmpeg-7.1-1.5.11-linux-x86_64-gpl.jar/org/bytedeco/ffmpeg/linux-x86_64-gpl/libjniavformat.so
7970f80c7000-7970f8100000 r-xp 00026000 00:6b 1181544                    /home/vscode/.javacpp/cache/ffmpeg-7.1-1.5.11-linux-x86_64-gpl.jar/org/bytedeco/ffmpeg/linux-x86_64-gpl/libjniavformat.so
7970f8100000-7970f811c000 r--p 0005f000 00:6b 1181544                    /home/vscode/.javacpp/cache/ffmpeg-7.1-1.5.11-linux-x86_64-gpl.jar/org/bytedeco/ffmpeg/linux-x86_64-gpl/libjniavformat.so
7970f811c000-7970f8126000 r--p 0007a000 00:6b 1181544                    /home/vscode/.javacpp/cache/ffmpeg-7.1-1.5.11-linux-x86_64-gpl.jar/org/bytedeco/ffmpeg/linux-x86_64-gpl/libjniavformat.so
7970f8126000-7970f8127000 rw-p 00084000 00:6b 1181544                    /home/vscode/.javacpp/cache/ffmpeg-7.1-1.5.11-linux-x86_64-gpl.jar/org/bytedeco/ffmpeg/linux-x86_64-gpl/libjniavformat.so
7970f8127000-7970f8128000 rw-p 00000000 00:00 0 
7970f8128000-7970f8151000 r--p 00000000 00:6b 1181541                    /home/vscode/.javacpp/cache/ffmpeg-7.1-1.5.11-linux-x86_64-gpl.jar/org/bytedeco/ffmpeg/linux-x86_64-gpl/libjniavcodec.so
7970f8151000-7970f818c000 r-xp 00029000 00:6b 1181541                    /home/vscode/.javacpp/cache/ffmpeg-7.1-1.5.11-linux-x86_64-gpl.jar/org/bytedeco/ffmpeg/linux-x86_64-gpl/libjniavcodec.so
7970f818c000-7970f81af000 r--p 00064000 00:6b 1181541                    /home/vscode/.javacpp/cache/ffmpeg-7.1-1.5.11-linux-x86_64-gpl.jar/org/bytedeco/ffmpeg/linux-x86_64-gpl/libjniavcodec.so
7970f81af000-7970f81b0000 ---p 00087000 00:6b 1181541                    /home/vscode/.javacpp/cache/ffmpeg-7.1-1.5.11-linux-x86_64-gpl.jar/org/bytedeco/ffmpeg/linux-x86_64-gpl/libjniavcodec.so
7970f81b0000-7970f81c3000 r--p 00087000 00:6b 1181541                    /home/vscode/.javacpp/cache/ffmpeg-7.1-1.5.11-linux-x86_64-gpl.jar/org/bytedeco/ffmpeg/linux-x86_64-gpl/libjniavcodec.so
7970f81c3000-7970f81c4000 rw-p 0009a000 00:6b 1181541                    /home/vscode/.javacpp/cache/ffmpeg-7.1-1.5.11-linux-x86_64-gpl.jar/org/bytedeco/ffmpeg/linux-x86_64-gpl/libjniavcodec.so
7970f81c4000-7970f81c5000 rw-p 00000000 00:00 0 
7970f823d000-7970f8299000 r--p 00000000 00:6b 1181535                    /home/vscode/.javacpp/cache/ffmpeg-7.1-1.5.11-linux-x86_64-gpl.jar/org/bytedeco/ffmpeg/linux-x86_64-gpl/libjniavutil.so
7970f8299000-7970f8328000 r-xp 0005c000 00:6b 1181535                    /home/vscode/.javacpp/cache/ffmpeg-7.1-1.5.11-linux-x86_64-gpl.jar/org/bytedeco/ffmpeg/linux-x86_64-gpl/libjniavutil.so
7970f8328000-7970f8362000 r--p 000eb000 00:6b 1181535                    /home/vscode/.javacpp/cache/ffmpeg-7.1-1.5.11-linux-x86_64-gpl.jar/org/bytedeco/ffmpeg/linux-x86_64-gpl/libjniavutil.so
7970f8362000-7970f8363000 ---p 00125000 00:6b 1181535                    /home/vscode/.javacpp/cache/ffmpeg-7.1-1.5.11-linux-x86_64-gpl.jar/org/bytedeco/ffmpeg/linux-x86_64-gpl/libjniavutil.so
7970f8363000-7970f836f000 r--p 00125000 00:6b 1181535                    /home/vscode/.javacpp/cache/ffmpeg-7.1-1.5.11-linux-x86_64-gpl.jar/org/bytedeco/ffmpeg/linux-x86_64-gpl/libjniavutil.so
7970f836f000-7970f8371000 rw-p 00131000 00:6b 1181535                    /home/vscode/.javacpp/cache/ffmpeg-7.1-1.5.11-linux-x86_64-gpl.jar/org/bytedeco/ffmpeg/linux-x86_64-gpl/libjniavutil.so
7970f8371000-7970f8372000 rw-p 00000000 00:00 0 
7970f8372000-7970f83ef000 r--p 00000000 00:6b 1181533                    /home/vscode/.javacpp/cache/ffmpeg-7.1-1.5.11-linux-x86_64-gpl.jar/org/bytedeco/ffmpeg/linux-x86_64-gpl/libavutil.so.59
7970f83ef000-7970f87c2000 r-xp 0007d000 00:6b 1181533                    /home/vscode/.javacpp/cache/ffmpeg-7.1-1.5.11-linux-x86_64-gpl.jar/org/bytedeco/ffmpeg/linux-x86_64-gpl/libavutil.so.59
7970f87c2000-7970f88ab000 r--p 00450000 00:6b 1181533                    /home/vscode/.javacpp/cache/ffmpeg-7.1-1.5.11-linux-x86_64-gpl.jar/org/bytedeco/ffmpeg/linux-x86_64-gpl/libavutil.so.59
7970f88ab000-7970f88ac000 ---p 00539000 00:6b 1181533                    /home/vscode/.javacpp/cache/ffmpeg-7.1-1.5.11-linux-x86_64-gpl.jar/org/bytedeco/ffmpeg/linux-x86_64-gpl/libavutil.so.59
7970f88ac000-7970f8918000 r--p 00539000 00:6b 1181533                    /home/vscode/.javacpp/cache/ffmpeg-7.1-1.5.11-linux-x86_64-gpl.jar/org/bytedeco/ffmpeg/linux-x86_64-gpl/libavutil.so.59
7970f8918000-7970f891c000 rw-p 005a5000 00:6b 1181533                    /home/vscode/.javacpp/cache/ffmpeg-7.1-1.5.11-linux-x86_64-gpl.jar/org/bytedeco/ffmpeg/linux-x86_64-gpl/libavutil.so.59
7970f891c000-7970f992e000 rw-p 00000000 00:00 0 
7970f992e000-7970f9932000 ---p 00000000 00:00 0 
7970f9932000-7970f9a2f000 rw-p 00000000 00:00 0 
7970f9a2f000-7970f9ac5000 r--p 00000000 00:6b 1055787                    /usr/lib/x86_64-linux-gnu/libstdc++.so.6.0.28
7970f9ac5000-7970f9ba1000 r-xp 00096000 00:6b 1055787                    /usr/lib/x86_64-linux-gnu/libstdc++.so.6.0.28
7970f9ba1000-7970f9beb000 r--p 00172000 00:6b 1055787                    /usr/lib/x86_64-linux-gnu/libstdc++.so.6.0.28
7970f9beb000-7970f9bf6000 r--p 001bb000 00:6b 1055787                    /usr/lib/x86_64-linux-gnu/libstdc++.so.6.0.28
7970f9bf6000-7970f9bf9000 rw-p 001c6000 00:6b 1055787                    /usr/lib/x86_64-linux-gnu/libstdc++.so.6.0.28
7970f9bf9000-7970f9bfc000 rw-p 00000000 00:00 0 
7970f9bfc000-7970f9c00000 ---p 00000000 00:00 0 
7970f9c00000-7970f9cfd000 rw-p 00000000 00:00 0 
7970f9cfd000-7970f9d01000 ---p 00000000 00:00 0 
7970f9d01000-7970f9dfe000 rw-p 00000000 00:00 0 
7970f9dfe000-7970f9dff000 ---p 00000000 00:00 0 
7970f9dff000-7970f9eff000 rw-p 00000000 00:00 0 
7970f9eff000-7970f9f03000 ---p 00000000 00:00 0 
7970f9f03000-7970fa000000 rw-p 00000000 00:00 0 
7970fa000000-7970fc000000 rw-p 00000000 00:00 0 
7970fc000000-7970fc021000 rw-p 00000000 00:00 0 
7970fc021000-797100000000 ---p 00000000 00:00 0 
797100062000-797100064000 r--p 00000000 00:6b 1055035                    /lib/x86_64-linux-gnu/libmvec-2.31.so
797100064000-797100071000 r-xp 00002000 00:6b 1055035                    /lib/x86_64-linux-gnu/libmvec-2.31.so
797100071000-79710008c000 r--p 0000f000 00:6b 1055035                    /lib/x86_64-linux-gnu/libmvec-2.31.so
79710008c000-79710008d000 r--p 00029000 00:6b 1055035                    /lib/x86_64-linux-gnu/libmvec-2.31.so
79710008d000-79710008e000 rw-p 0002a000 00:6b 1055035                    /lib/x86_64-linux-gnu/libmvec-2.31.so
7971000ff000-797100103000 ---p 00000000 00:00 0 
797100103000-797100200000 rw-p 00000000 00:00 0 
797100200000-797100204000 ---p 00000000 00:00 0 
797100204000-797100301000 rw-p 00000000 00:00 0 
797100301000-797100305000 ---p 00000000 00:00 0 
797100305000-797100402000 rw-p 00000000 00:00 0 
797100402000-797100406000 ---p 00000000 00:00 0 
797100406000-797100503000 rw-p 00000000 00:00 0 
797100503000-797100507000 ---p 00000000 00:00 0 
797100507000-797100604000 rw-p 00000000 00:00 0 
797100604000-797100608000 ---p 00000000 00:00 0 
797100608000-797100705000 rw-p 00000000 00:00 0 
797100705000-797100709000 ---p 00000000 00:00 0 
797100709000-797100806000 rw-p 00000000 00:00 0 
797100806000-79710080a000 ---p 00000000 00:00 0 
79710080a000-797100907000 rw-p 00000000 00:00 0 
797100907000-79710090b000 ---p 00000000 00:00 0 
79710090b000-797100a08000 rw-p 00000000 00:00 0 
797100a08000-797100cef000 r--p 00000000 00:6b 1066999                    /usr/lib/locale/locale-archive
797100cef000-797100cf3000 ---p 00000000 00:00 0 
797100cf3000-797100df0000 rw-p 00000000 00:00 0 
797100df0000-797100df4000 ---p 00000000 00:00 0 
797100df4000-797100ef1000 rw-p 00000000 00:00 0 
797100ef1000-797100ef2000 ---p 00000000 00:00 0 
797100ef2000-797100ff2000 rw-p 00000000 00:00 0 
797100ff2000-797100ff3000 ---p 00000000 00:00 0 
797100ff3000-7971010f3000 rw-p 00000000 00:00 0 
7971010f3000-7971010f4000 ---p 00000000 00:00 0 
7971010f4000-7971011f4000 rw-p 00000000 00:00 0 
7971011f4000-7971021d0000 rw-p 00000000 00:00 0 
7971021d0000-797105af8000 ---p 00000000 00:00 0 
797105aff000-797105fd0000 rw-p 00000000 00:00 0 
797105fd0000-7971098f8000 ---p 00000000 00:00 0 
7971098ff000-797109900000 ---p 00000000 00:00 0 
797109900000-797109a00000 rw-p 00000000 00:00 0 
797109a00000-797109a7a000 rw-p 00000000 00:00 0 
797109a7a000-79710a19f000 ---p 00000000 00:00 0 
79710a1b4000-79710a1ba000 r--p 00000000 00:6b 1181538                    /home/vscode/.javacpp/cache/ffmpeg-7.1-1.5.11-linux-x86_64-gpl.jar/org/bytedeco/ffmpeg/linux-x86_64-gpl/libjniswresample.so
79710a1ba000-79710a1c4000 r-xp 00006000 00:6b 1181538                    /home/vscode/.javacpp/cache/ffmpeg-7.1-1.5.11-linux-x86_64-gpl.jar/org/bytedeco/ffmpeg/linux-x86_64-gpl/libjniswresample.so
79710a1c4000-79710a1c9000 r--p 00010000 00:6b 1181538                    /home/vscode/.javacpp/cache/ffmpeg-7.1-1.5.11-linux-x86_64-gpl.jar/org/bytedeco/ffmpeg/linux-x86_64-gpl/libjniswresample.so
79710a1c9000-79710a1ca000 r--p 00014000 00:6b 1181538                    /home/vscode/.javacpp/cache/ffmpeg-7.1-1.5.11-linux-x86_64-gpl.jar/org/bytedeco/ffmpeg/linux-x86_64-gpl/libjniswresample.so
79710a1ca000-79710a1cb000 rw-p 00015000 00:6b 1181538                    /home/vscode/.javacpp/cache/ffmpeg-7.1-1.5.11-linux-x86_64-gpl.jar/org/bytedeco/ffmpeg/linux-x86_64-gpl/libjniswresample.so
79710a1cb000-79710a1ce000 r--p 00000000 00:6b 1181536                    /home/vscode/.javacpp/cache/ffmpeg-7.1-1.5.11-linux-x86_64-gpl.jar/org/bytedeco/ffmpeg/linux-x86_64-gpl/libswresample.so.5
79710a1ce000-79710a1e2000 r-xp 00003000 00:6b 1181536                    /home/vscode/.javacpp/cache/ffmpeg-7.1-1.5.11-linux-x86_64-gpl.jar/org/bytedeco/ffmpeg/linux-x86_64-gpl/libswresample.so.5
79710a1e2000-79710a1e7000 r--p 00017000 00:6b 1181536                    /home/vscode/.javacpp/cache/ffmpeg-7.1-1.5.11-linux-x86_64-gpl.jar/org/bytedeco/ffmpeg/linux-x86_64-gpl/libswresample.so.5
79710a1e7000-79710a1e9000 r--p 0001b000 00:6b 1181536                    /home/vscode/.javacpp/cache/ffmpeg-7.1-1.5.11-linux-x86_64-gpl.jar/org/bytedeco/ffmpeg/linux-x86_64-gpl/libswresample.so.5
79710a1e9000-79710a1ea000 rw-p 0001d000 00:6b 1181536                    /home/vscode/.javacpp/cache/ffmpeg-7.1-1.5.11-linux-x86_64-gpl.jar/org/bytedeco/ffmpeg/linux-x86_64-gpl/libswresample.so.5
79710a1ea000-79710a1ef000 r--p 00000000 00:6b 1181531                    /home/vscode/.javacpp/cache/ffmpeg-7.1-1.5.11-linux-x86_64-gpl.jar/org/bytedeco/ffmpeg/linux-x86_64-gpl/libdrm.so.2
79710a1ef000-79710a1fa000 r-xp 00005000 00:6b 1181531                    /home/vscode/.javacpp/cache/ffmpeg-7.1-1.5.11-linux-x86_64-gpl.jar/org/bytedeco/ffmpeg/linux-x86_64-gpl/libdrm.so.2
79710a1fa000-79710a1fe000 r--p 00010000 00:6b 1181531                    /home/vscode/.javacpp/cache/ffmpeg-7.1-1.5.11-linux-x86_64-gpl.jar/org/bytedeco/ffmpeg/linux-x86_64-gpl/libdrm.so.2
79710a1fe000-79710a1ff000 r--p 00013000 00:6b 1181531                    /home/vscode/.javacpp/cache/ffmpeg-7.1-1.5.11-linux-x86_64-gpl.jar/org/bytedeco/ffmpeg/linux-x86_64-gpl/libdrm.so.2
79710a1ff000-79710a200000 rw-p 00014000 00:6b 1181531                    /home/vscode/.javacpp/cache/ffmpeg-7.1-1.5.11-linux-x86_64-gpl.jar/org/bytedeco/ffmpeg/linux-x86_64-gpl/libdrm.so.2
79710a200000-79710a470000 rwxp 00000000 00:00 0 
79710a470000-79711165f000 ---p 00000000 00:00 0 
79711165f000-79711192f000 rwxp 00000000 00:00 0 
79711192f000-797111da0000 ---p 00000000 00:00 0 
797111da0000-797112010000 rwxp 00000000 00:00 0 
797112010000-797119200000 ---p 00000000 00:00 0 
797119205000-797119208000 r--p 00000000 00:6b 1055025                    /lib/x86_64-linux-gnu/libgcc_s.so.1
797119208000-797119219000 r-xp 00003000 00:6b 1055025                    /lib/x86_64-linux-gnu/libgcc_s.so.1
797119219000-79711921d000 r--p 00014000 00:6b 1055025                    /lib/x86_64-linux-gnu/libgcc_s.so.1
79711921d000-79711921e000 r--p 00017000 00:6b 1055025                    /lib/x86_64-linux-gnu/libgcc_s.so.1
79711921e000-79711921f000 rw-p 00018000 00:6b 1055025                    /lib/x86_64-linux-gnu/libgcc_s.so.1
79711921f000-797119228000 r--p 00000000 00:6b 1181525                    /home/vscode/.javacpp/cache/javacpp-1.5.11-linux-x86_64.jar/org/bytedeco/javacpp/linux-x86_64/libjnijavacpp.so
797119228000-79711923a000 r-xp 00009000 00:6b 1181525                    /home/vscode/.javacpp/cache/javacpp-1.5.11-linux-x86_64.jar/org/bytedeco/javacpp/linux-x86_64/libjnijavacpp.so
79711923a000-797119244000 r--p 0001b000 00:6b 1181525                    /home/vscode/.javacpp/cache/javacpp-1.5.11-linux-x86_64.jar/org/bytedeco/javacpp/linux-x86_64/libjnijavacpp.so
797119244000-797119245000 r--p 00024000 00:6b 1181525                    /home/vscode/.javacpp/cache/javacpp-1.5.11-linux-x86_64.jar/org/bytedeco/javacpp/linux-x86_64/libjnijavacpp.so
797119245000-797119246000 rw-p 00025000 00:6b 1181525                    /home/vscode/.javacpp/cache/javacpp-1.5.11-linux-x86_64.jar/org/bytedeco/javacpp/linux-x86_64/libjnijavacpp.so
797119246000-7971192c7000 rw-p 00000000 00:00 0 
7971192c7000-7971192c8000 ---p 00000000 00:00 0 
7971192c8000-7971193c8000 rw-p 00000000 00:00 0 
7971193c8000-79711c000000 r--s 00000000 00:6b 1092871                    /home/vscode/.vscode-server/extensions/redhat.java-1.38.0-linux-x64/jre/17.0.13-linux-x86_64/lib/modules
79711c000000-79711c78f000 rw-p 00000000 00:00 0 
79711c78f000-797120000000 ---p 00000000 00:00 0 
79712000c000-797120013000 r--s 00000000 00:6b 1055720                    /usr/lib/x86_64-linux-gnu/gconv/gconv-modules.cache
797120013000-797120044000 rw-p 00000000 00:00 0 
797120044000-797120045000 ---p 00000000 00:00 0 
797120045000-797120145000 rw-p 00000000 00:00 0 
797120145000-79712027a000 rw-p 00000000 00:00 0 
79712027a000-79712099f000 ---p 00000000 00:00 0 
7971209a5000-797120a7a000 rw-p 00000000 00:00 0 
797120a7a000-79712119f000 ---p 00000000 00:00 0 
7971211a5000-7971211a9000 r--p 00000000 00:6b 1092862                    /home/vscode/.vscode-server/extensions/redhat.java-1.38.0-linux-x64/jre/17.0.13-linux-x86_64/lib/libnet.so
7971211a9000-7971211b7000 r-xp 00004000 00:6b 1092862                    /home/vscode/.vscode-server/extensions/redhat.java-1.38.0-linux-x64/jre/17.0.13-linux-x86_64/lib/libnet.so
7971211b7000-7971211bb000 r--p 00012000 00:6b 1092862                    /home/vscode/.vscode-server/extensions/redhat.java-1.38.0-linux-x64/jre/17.0.13-linux-x86_64/lib/libnet.so
7971211bb000-7971211bc000 r--p 00015000 00:6b 1092862                    /home/vscode/.vscode-server/extensions/redhat.java-1.38.0-linux-x64/jre/17.0.13-linux-x86_64/lib/libnet.so
7971211bc000-7971211bd000 rw-p 00016000 00:6b 1092862                    /home/vscode/.vscode-server/extensions/redhat.java-1.38.0-linux-x64/jre/17.0.13-linux-x86_64/lib/libnet.so
7971211bd000-7971211c4000 r--p 00000000 00:6b 1092863                    /home/vscode/.vscode-server/extensions/redhat.java-1.38.0-linux-x64/jre/17.0.13-linux-x86_64/lib/libnio.so
7971211c4000-7971211cd000 r-xp 00007000 00:6b 1092863                    /home/vscode/.vscode-server/extensions/redhat.java-1.38.0-linux-x64/jre/17.0.13-linux-x86_64/lib/libnio.so
7971211cd000-7971211d1000 r--p 00010000 00:6b 1092863                    /home/vscode/.vscode-server/extensions/redhat.java-1.38.0-linux-x64/jre/17.0.13-linux-x86_64/lib/libnio.so
7971211d1000-7971211d2000 ---p 00014000 00:6b 1092863                    /home/vscode/.vscode-server/extensions/redhat.java-1.38.0-linux-x64/jre/17.0.13-linux-x86_64/lib/libnio.so
7971211d2000-7971211d3000 r--p 00014000 00:6b 1092863                    /home/vscode/.vscode-server/extensions/redhat.java-1.38.0-linux-x64/jre/17.0.13-linux-x86_64/lib/libnio.so
7971211d3000-7971211d4000 rw-p 00015000 00:6b 1092863                    /home/vscode/.vscode-server/extensions/redhat.java-1.38.0-linux-x64/jre/17.0.13-linux-x86_64/lib/libnio.so
7971211d4000-7971211d6000 r--p 00000000 00:6b 1092870                    /home/vscode/.vscode-server/extensions/redhat.java-1.38.0-linux-x64/jre/17.0.13-linux-x86_64/lib/libzip.so
7971211d6000-7971211e8000 r-xp 00002000 00:6b 1092870                    /home/vscode/.vscode-server/extensions/redhat.java-1.38.0-linux-x64/jre/17.0.13-linux-x86_64/lib/libzip.so
7971211e8000-7971211f0000 r--p 00014000 00:6b 1092870                    /home/vscode/.vscode-server/extensions/redhat.java-1.38.0-linux-x64/jre/17.0.13-linux-x86_64/lib/libzip.so
7971211f0000-7971211f1000 r--p 0001b000 00:6b 1092870                    /home/vscode/.vscode-server/extensions/redhat.java-1.38.0-linux-x64/jre/17.0.13-linux-x86_64/lib/libzip.so
7971211f1000-7971211f2000 rw-p 0001c000 00:6b 1092870                    /home/vscode/.vscode-server/extensions/redhat.java-1.38.0-linux-x64/jre/17.0.13-linux-x86_64/lib/libzip.so
7971211f2000-797121f45000 rw-p 00000000 00:00 0 
797121f45000-797122029000 ---p 00000000 00:00 0 
797122029000-79712202e000 rw-p 00000000 00:00 0 
79712202e000-797122112000 ---p 00000000 00:00 0 
797122112000-797122118000 rw-p 00000000 00:00 0 
797122118000-797122121000 ---p 00000000 00:00 0 
797122121000-79712212f000 r--p 00000000 00:6b 1092849                    /home/vscode/.vscode-server/extensions/redhat.java-1.38.0-linux-x64/jre/17.0.13-linux-x86_64/lib/libjava.so
79712212f000-797122141000 r-xp 0000e000 00:6b 1092849                    /home/vscode/.vscode-server/extensions/redhat.java-1.38.0-linux-x64/jre/17.0.13-linux-x86_64/lib/libjava.so
797122141000-797122147000 r--p 00020000 00:6b 1092849                    /home/vscode/.vscode-server/extensions/redhat.java-1.38.0-linux-x64/jre/17.0.13-linux-x86_64/lib/libjava.so
797122147000-797122148000 ---p 00026000 00:6b 1092849                    /home/vscode/.vscode-server/extensions/redhat.java-1.38.0-linux-x64/jre/17.0.13-linux-x86_64/lib/libjava.so
797122148000-797122149000 r--p 00026000 00:6b 1092849                    /home/vscode/.vscode-server/extensions/redhat.java-1.38.0-linux-x64/jre/17.0.13-linux-x86_64/lib/libjava.so
797122149000-79712214a000 rw-p 00027000 00:6b 1092849                    /home/vscode/.vscode-server/extensions/redhat.java-1.38.0-linux-x64/jre/17.0.13-linux-x86_64/lib/libjava.so
79712214a000-79712214b000 rw-p 00000000 00:00 0 
79712214b000-79712214e000 r--p 00000000 00:6b 1055043                    /lib/x86_64-linux-gnu/libnss_files-2.31.so
79712214e000-797122155000 r-xp 00003000 00:6b 1055043                    /lib/x86_64-linux-gnu/libnss_files-2.31.so
797122155000-797122157000 r--p 0000a000 00:6b 1055043                    /lib/x86_64-linux-gnu/libnss_files-2.31.so
797122157000-797122158000 r--p 0000b000 00:6b 1055043                    /lib/x86_64-linux-gnu/libnss_files-2.31.so
797122158000-797122159000 rw-p 0000c000 00:6b 1055043                    /lib/x86_64-linux-gnu/libnss_files-2.31.so
797122159000-79712215f000 rw-p 00000000 00:00 0 
79712215f000-797122167000 rw-s 00000000 00:6b 1181511                    /tmp/hsperfdata_vscode/115934
797122167000-79712216b000 r--p 00000000 00:6b 1092853                    /home/vscode/.vscode-server/extensions/redhat.java-1.38.0-linux-x64/jre/17.0.13-linux-x86_64/lib/libjimage.so
79712216b000-79712217e000 r-xp 00004000 00:6b 1092853                    /home/vscode/.vscode-server/extensions/redhat.java-1.38.0-linux-x64/jre/17.0.13-linux-x86_64/lib/libjimage.so
79712217e000-797122184000 r--p 00017000 00:6b 1092853                    /home/vscode/.vscode-server/extensions/redhat.java-1.38.0-linux-x64/jre/17.0.13-linux-x86_64/lib/libjimage.so
797122184000-797122186000 r--p 0001c000 00:6b 1092853                    /home/vscode/.vscode-server/extensions/redhat.java-1.38.0-linux-x64/jre/17.0.13-linux-x86_64/lib/libjimage.so
797122186000-797122187000 rw-p 0001e000 00:6b 1092853                    /home/vscode/.vscode-server/extensions/redhat.java-1.38.0-linux-x64/jre/17.0.13-linux-x86_64/lib/libjimage.so
797122187000-79712218b000 ---p 00000000 00:00 0 
79712218b000-797122288000 rw-p 00000000 00:00 0 
797122288000-797122295000 r--p 00000000 00:6b 1055032                    /lib/x86_64-linux-gnu/libm-2.31.so
797122295000-79712232f000 r-xp 0000d000 00:6b 1055032                    /lib/x86_64-linux-gnu/libm-2.31.so
79712232f000-7971223ca000 r--p 000a7000 00:6b 1055032                    /lib/x86_64-linux-gnu/libm-2.31.so
7971223ca000-7971223cb000 r--p 00141000 00:6b 1055032                    /lib/x86_64-linux-gnu/libm-2.31.so
7971223cb000-7971223cc000 rw-p 00142000 00:6b 1055032                    /lib/x86_64-linux-gnu/libm-2.31.so
7971223cc000-7971223ce000 r--p 00000000 00:6b 1055060                    /lib/x86_64-linux-gnu/librt-2.31.so
7971223ce000-7971223d2000 r-xp 00002000 00:6b 1055060                    /lib/x86_64-linux-gnu/librt-2.31.so
7971223d2000-7971223d4000 r--p 00006000 00:6b 1055060                    /lib/x86_64-linux-gnu/librt-2.31.so
7971223d4000-7971223d5000 r--p 00007000 00:6b 1055060                    /lib/x86_64-linux-gnu/librt-2.31.so
7971223d5000-7971223d6000 rw-p 00008000 00:6b 1055060                    /lib/x86_64-linux-gnu/librt-2.31.so
7971223d6000-797122629000 r--p 00000000 00:6b 1180310                    /home/vscode/.vscode-server/extensions/redhat.java-1.38.0-linux-x64/jre/17.0.13-linux-x86_64/lib/server/libjvm.so
797122629000-797123351000 r-xp 00253000 00:6b 1180310                    /home/vscode/.vscode-server/extensions/redhat.java-1.38.0-linux-x64/jre/17.0.13-linux-x86_64/lib/server/libjvm.so
797123351000-7971235de000 r--p 00f7b000 00:6b 1180310                    /home/vscode/.vscode-server/extensions/redhat.java-1.38.0-linux-x64/jre/17.0.13-linux-x86_64/lib/server/libjvm.so
7971235de000-7971235df000 ---p 01208000 00:6b 1180310                    /home/vscode/.vscode-server/extensions/redhat.java-1.38.0-linux-x64/jre/17.0.13-linux-x86_64/lib/server/libjvm.so
7971235df000-797123698000 r--p 01208000 00:6b 1180310                    /home/vscode/.vscode-server/extensions/redhat.java-1.38.0-linux-x64/jre/17.0.13-linux-x86_64/lib/server/libjvm.so
797123698000-7971236cd000 rw-p 012c1000 00:6b 1180310                    /home/vscode/.vscode-server/extensions/redhat.java-1.38.0-linux-x64/jre/17.0.13-linux-x86_64/lib/server/libjvm.so
7971236cd000-79712372a000 rw-p 00000000 00:00 0 
79712372a000-79712374c000 r--p 00000000 00:6b 1055011                    /lib/x86_64-linux-gnu/libc-2.31.so
79712374c000-7971238a5000 r-xp 00022000 00:6b 1055011                    /lib/x86_64-linux-gnu/libc-2.31.so
7971238a5000-7971238f4000 r--p 0017b000 00:6b 1055011                    /lib/x86_64-linux-gnu/libc-2.31.so
7971238f4000-7971238f8000 r--p 001c9000 00:6b 1055011                    /lib/x86_64-linux-gnu/libc-2.31.so
7971238f8000-7971238fa000 rw-p 001cd000 00:6b 1055011                    /lib/x86_64-linux-gnu/libc-2.31.so
7971238fa000-7971238fe000 rw-p 00000000 00:00 0 
7971238fe000-7971238ff000 r--p 00000000 00:6b 1055019                    /lib/x86_64-linux-gnu/libdl-2.31.so
7971238ff000-797123901000 r-xp 00001000 00:6b 1055019                    /lib/x86_64-linux-gnu/libdl-2.31.so
797123901000-797123902000 r--p 00003000 00:6b 1055019                    /lib/x86_64-linux-gnu/libdl-2.31.so
797123902000-797123903000 r--p 00003000 00:6b 1055019                    /lib/x86_64-linux-gnu/libdl-2.31.so
797123903000-797123904000 rw-p 00004000 00:6b 1055019                    /lib/x86_64-linux-gnu/libdl-2.31.so
797123904000-79712390a000 r--p 00000000 00:6b 1055056                    /lib/x86_64-linux-gnu/libpthread-2.31.so
79712390a000-79712391a000 r-xp 00006000 00:6b 1055056                    /lib/x86_64-linux-gnu/libpthread-2.31.so
79712391a000-797123920000 r--p 00016000 00:6b 1055056                    /lib/x86_64-linux-gnu/libpthread-2.31.so
797123920000-797123921000 r--p 0001b000 00:6b 1055056                    /lib/x86_64-linux-gnu/libpthread-2.31.so
797123921000-797123922000 rw-p 0001c000 00:6b 1055056                    /lib/x86_64-linux-gnu/libpthread-2.31.so
797123922000-797123926000 rw-p 00000000 00:00 0 
79712392c000-79712392d000 ---p 00000000 00:00 0 
79712392d000-79712392e000 r--p 00000000 00:00 0 
79712392e000-797123931000 r--p 00000000 00:6b 1092854                    /home/vscode/.vscode-server/extensions/redhat.java-1.38.0-linux-x64/jre/17.0.13-linux-x86_64/lib/libjli.so
797123931000-797123941000 r-xp 00003000 00:6b 1092854                    /home/vscode/.vscode-server/extensions/redhat.java-1.38.0-linux-x64/jre/17.0.13-linux-x86_64/lib/libjli.so
797123941000-797123948000 r--p 00013000 00:6b 1092854                    /home/vscode/.vscode-server/extensions/redhat.java-1.38.0-linux-x64/jre/17.0.13-linux-x86_64/lib/libjli.so
797123948000-797123949000 r--p 00019000 00:6b 1092854                    /home/vscode/.vscode-server/extensions/redhat.java-1.38.0-linux-x64/jre/17.0.13-linux-x86_64/lib/libjli.so
797123949000-79712394a000 rw-p 0001a000 00:6b 1092854                    /home/vscode/.vscode-server/extensions/redhat.java-1.38.0-linux-x64/jre/17.0.13-linux-x86_64/lib/libjli.so
79712394a000-79712394c000 rw-p 00000000 00:00 0 
79712394c000-79712394d000 r--p 00000000 00:6b 1054999                    /lib/x86_64-linux-gnu/ld-2.31.so
79712394d000-79712396d000 r-xp 00001000 00:6b 1054999                    /lib/x86_64-linux-gnu/ld-2.31.so
79712396d000-797123975000 r--p 00021000 00:6b 1054999                    /lib/x86_64-linux-gnu/ld-2.31.so
797123975000-797123976000 ---p 00000000 00:00 0 
797123976000-797123977000 r--p 00029000 00:6b 1054999                    /lib/x86_64-linux-gnu/ld-2.31.so
797123977000-797123978000 rw-p 0002a000 00:6b 1054999                    /lib/x86_64-linux-gnu/ld-2.31.so
797123978000-797123979000 rw-p 00000000 00:00 0 
7fffe158c000-7fffe15ae000 rw-p 00000000 00:00 0                          [stack]
7fffe15af000-7fffe15b3000 r--p 00000000 00:00 0                          [vvar]
7fffe15b3000-7fffe15b5000 r-xp 00000000 00:00 0                          [vdso]
ffffffffff600000-ffffffffff601000 --xp 00000000 00:00 0                  [vsyscall]


VM Arguments:
jvm_args: -XX:+ShowCodeDetailsInExceptionMessages 
java_command: com.example.ReadFewFrame
java_class_path (initial): /workspaces/AntAssignment/flvmpconverter/target/classes:/home/vscode/.m2/repository/org/bytedeco/ffmpeg-platform/7.1-1.5.11/ffmpeg-platform-7.1-1.5.11.jar:/home/vscode/.m2/repository/org/bytedeco/javacpp-platform/1.5.11/javacpp-platform-1.5.11.jar:/home/vscode/.m2/repository/org/bytedeco/javacpp/1.5.11/javacpp-1.5.11.jar:/home/vscode/.m2/repository/org/bytedeco/javacpp/1.5.11/javacpp-1.5.11-android-arm64.jar:/home/vscode/.m2/repository/org/bytedeco/javacpp/1.5.11/javacpp-1.5.11-android-x86_64.jar:/home/vscode/.m2/repository/org/bytedeco/javacpp/1.5.11/javacpp-1.5.11-ios-arm64.jar:/home/vscode/.m2/repository/org/bytedeco/javacpp/1.5.11/javacpp-1.5.11-ios-x86_64.jar:/home/vscode/.m2/repository/org/bytedeco/javacpp/1.5.11/javacpp-1.5.11-linux-arm64.jar:/home/vscode/.m2/repository/org/bytedeco/javacpp/1.5.11/javacpp-1.5.11-linux-ppc64le.jar:/home/vscode/.m2/repository/org/bytedeco/javacpp/1.5.11/javacpp-1.5.11-linux-x86_64.jar:/home/vscode/.m2/repository/org/bytedeco/javacpp/1.5.11/javacpp-1.5.11-macosx-arm64.jar:/home/vscode/.m2/repository/org/bytedeco/javacpp/1.5.11/javacpp-1.5.11-macosx-x86_64.jar:/home/vscode/.m2/repository/org/bytedeco/javacpp/1.5.11/javacpp-1.5.11-windows-x86_64.jar:/home/vscode/.m2/repository/org/bytedeco/ffmpeg/7.1-1.5.11/ffmpeg-7.1-1.5.11.jar:/home/vscode/.m2/repository/org/bytedeco/ffmpeg/7.1-1.5.11/ffmpeg-7.1-1.5.11-android-arm64.jar:/home/vscode/.m2/repository/org/bytedeco/ffmpeg/7.1-1.5.11/ffmpeg-7.1-1.5.11-android-x86_64.jar:/home/vscode/.m2/repository/org/bytedeco/ffmpeg/7.1-1.5.11/ffmpeg-7.1-1.5.11-linux-x86_64.jar:/home/vscode/.m2/repository/org/bytedeco/ffmpeg/7.1-1.5.11/ffmpeg-7.1-1.5.11-linux-arm64.jar:/home/vscode/.m2/repository/org/bytedeco/ffmpeg/7.1-1.5.11/ffmpeg-7.1-1.5.11-macosx-arm64.jar:/home/vscode/.m2/repository/org/bytedeco/ffmpeg/7.1-1.5.11/ffmpeg-7.1-1.5.11-macosx-x86_64.jar:/home/vscode/.m2/repository/org/bytedeco/ffmpeg/7.1-1.5.11/ffmpeg-7.1-1.5.11-windows-x86_64.jar:/home/vscode/.m2/reposi
Launcher Type: SUN_STANDARD

[Global flags]
     intx CICompilerCount                          = 12                                        {product} {ergonomic}
     uint ConcGCThreads                            = 3                                         {product} {ergonomic}
     uint G1ConcRefinementThreads                  = 13                                        {product} {ergonomic}
   size_t G1HeapRegionSize                         = 2097152                                   {product} {ergonomic}
    uintx GCDrainStackTargetSize                   = 64                                        {product} {ergonomic}
   size_t InitialHeapSize                          = 255852544                                 {product} {ergonomic}
   size_t MarkStackSize                            = 4194304                                   {product} {ergonomic}
   size_t MaxHeapSize                              = 4091543552                                {product} {ergonomic}
   size_t MaxNewSize                               = 2453667840                                {product} {ergonomic}
   size_t MinHeapDeltaBytes                        = 2097152                                   {product} {ergonomic}
   size_t MinHeapSize                              = 8388608                                   {product} {ergonomic}
    uintx NonNMethodCodeHeapSize                   = 7602480                                {pd product} {ergonomic}
    uintx NonProfiledCodeHeapSize                  = 122027880                              {pd product} {ergonomic}
    uintx ProfiledCodeHeapSize                     = 122027880                              {pd product} {ergonomic}
    uintx ReservedCodeCacheSize                    = 251658240                              {pd product} {ergonomic}
     bool SegmentedCodeCache                       = true                                      {product} {ergonomic}
     bool ShowCodeDetailsInExceptionMessages       = true                                   {manageable} {command line}
   size_t SoftMaxHeapSize                          = 4091543552                             {manageable} {ergonomic}
     bool UseCompressedClassPointers               = true                           {product lp64_product} {ergonomic}
     bool UseCompressedOops                        = true                           {product lp64_product} {ergonomic}
     bool UseG1GC                                  = true                                      {product} {ergonomic}

Logging:
Log output configuration:
 #0: stdout all=warning uptime,level,tags
 #1: stderr all=off uptime,level,tags

Environment Variables:
JAVA_HOME=/usr/lib/jvm/msopenjdk-current
PATH=/vscode/vscode-server/bin/linux-x64/38c31bc77e0dd6ae88a4e9cc93428cc27a56ba40/bin/remote-cli:/usr/local/sdkman/bin:/usr/local/sdkman/candidates/java/current/bin:/usr/local/sdkman/candidates/gradle/current/bin:/usr/local/sdkman/candidates/maven/current/bin:/usr/local/sdkman/candidates/ant/current/bin:/usr/local/share/nvm/current/bin:/usr/local/sdkman/bin:/usr/local/sdkman/candidates/java/current/bin:/usr/local/sdkman/candidates/gradle/current/bin:/usr/local/sdkman/candidates/maven/current/bin:/usr/local/sdkman/candidates/ant/current/bin:/usr/lib/jvm/msopenjdk-current/bin:/usr/local/sdkman/bin:/usr/local/sdkman/candidates/java/current/bin:/usr/local/sdkman/candidates/gradle/current/bin:/usr/local/sdkman/candidates/maven/current/bin:/usr/local/sdkman/candidates/ant/current/bin:/usr/local/share/nvm/current/bin:/usr/local/sdkman/bin:/usr/local/sdkman/candidates/java/current/bin:/usr/local/sdkman/candidates/gradle/current/bin:/usr/local/sdkman/candidates/maven/current/bin:/usr/local/sdkman/candidates/ant/current/bin:/usr/lib/jvm/msopenjdk-current/bin:/usr/local/sbin:/usr/local/bin:/usr/sbin:/usr/bin:/sbin:/bin:/home/vscode/.local/bin
SHELL=/bin/bash
DISPLAY=:3
LANG=en_US.UTF-8
TERM=xterm-256color

Active Locale:
LC_ALL=en_US.UTF-8
LC_COLLATE=en_US.UTF-8
LC_CTYPE=en_US.UTF-8
LC_MESSAGES=en_US.UTF-8
LC_MONETARY=en_US.UTF-8
LC_NUMERIC=en_US.UTF-8
LC_TIME=en_US.UTF-8

Signal Handlers:
   SIGSEGV: crash_handler in libjvm.so, mask=11100100010111111101111111111110, flags=SA_RESTART|SA_SIGINFO, unblocked
    SIGBUS: crash_handler in libjvm.so, mask=11100100010111111101111111111110, flags=SA_RESTART|SA_SIGINFO, unblocked
    SIGFPE: crash_handler in libjvm.so, mask=11100100010111111101111111111110, flags=SA_RESTART|SA_SIGINFO, unblocked
   SIGPIPE: javaSignalHandler in libjvm.so, mask=11100100010111111101111111111110, flags=SA_RESTART|SA_SIGINFO, blocked
   SIGXFSZ: javaSignalHandler in libjvm.so, mask=11100100010111111101111111111110, flags=SA_RESTART|SA_SIGINFO, blocked
    SIGILL: crash_handler in libjvm.so, mask=11100100010111111101111111111110, flags=SA_RESTART|SA_SIGINFO, unblocked
   SIGUSR2: SR_handler in libjvm.so, mask=00000000000000000000000000000000, flags=SA_RESTART|SA_SIGINFO, blocked
    SIGHUP: UserHandler in libjvm.so, mask=11100100010111111101111111111110, flags=SA_RESTART|SA_SIGINFO, blocked
    SIGINT: UserHandler in libjvm.so, mask=11100100010111111101111111111110, flags=SA_RESTART|SA_SIGINFO, blocked
   SIGTERM: UserHandler in libjvm.so, mask=11100100010111111101111111111110, flags=SA_RESTART|SA_SIGINFO, blocked
   SIGQUIT: UserHandler in libjvm.so, mask=11100100010111111101111111111110, flags=SA_RESTART|SA_SIGINFO, blocked
   SIGTRAP: crash_handler in libjvm.so, mask=11100100010111111101111111111110, flags=SA_RESTART|SA_SIGINFO, unblocked


Periodic native trim disabled


---------------  S Y S T E M  ---------------

OS:
PRETTY_NAME="Debian GNU/Linux 11 (bullseye)"
NAME="Debian GNU/Linux"
VERSION_ID="11"
VERSION="11 (bullseye)"
VERSION_CODENAME=bullseye
ID=debian
HOME_URL="https://www.debian.org/"
SUPPORT_URL="https://www.debian.org/support"
BUG_REPORT_URL="https://bugs.debian.org/"
uname: Linux 6.8.0-40-generic #40~22.04.3-Ubuntu SMP PREEMPT_DYNAMIC Tue Jul 30 17:30:19 UTC 2 x86_64
OS uptime: 1 days 17:43 hours
libc: glibc 2.31 NPTL 2.31 
rlimit (soft/hard): STACK 8192k/infinity , CORE infinity/infinity , NPROC infinity/infinity , NOFILE 1048576/1048576 , AS infinity/infinity , CPU infinity/infinity , DATA infinity/infinity , FSIZE infinity/infinity , MEMLOCK 8192k/8192k
load average: 0.73 0.64 0.70

/proc/meminfo:
MemTotal:       15978416 kB
MemFree:          535908 kB
MemAvailable:    9736024 kB
Buffers:          317412 kB
Cached:          9459720 kB
SwapCached:           84 kB
Active:          7696396 kB
Inactive:        6169552 kB
Active(anon):    4748160 kB
Inactive(anon):     9280 kB
Active(file):    2948236 kB
Inactive(file):  6160272 kB
Unevictable:      401488 kB
Mlocked:              80 kB
SwapTotal:       2097148 kB
SwapFree:        2096636 kB
Zswap:                 0 kB
Zswapped:              0 kB
Dirty:               528 kB
Writeback:             0 kB
AnonPages:       4490240 kB
Mapped:          1307060 kB
Shmem:            668612 kB
KReclaimable:     434176 kB
Slab:             803632 kB
SReclaimable:     434176 kB
SUnreclaim:       369456 kB
KernelStack:       30208 kB
PageTables:        82876 kB
SecPageTables:         0 kB
NFS_Unstable:          0 kB
Bounce:                0 kB
WritebackTmp:          0 kB
CommitLimit:    10086356 kB
Committed_AS:   27245252 kB
VmallocTotal:   34359738367 kB
VmallocUsed:       70212 kB
VmallocChunk:          0 kB
Percpu:            21376 kB
HardwareCorrupted:     0 kB
AnonHugePages:         0 kB
ShmemHugePages:   446464 kB
ShmemPmdMapped:        0 kB
FileHugePages:         0 kB
FilePmdMapped:         0 kB
Unaccepted:            0 kB
HugePages_Total:       0
HugePages_Free:        0
HugePages_Rsvd:        0
HugePages_Surp:        0
Hugepagesize:       2048 kB
Hugetlb:               0 kB
DirectMap4k:      373372 kB
DirectMap2M:    11812864 kB
DirectMap1G:     5242880 kB

/sys/kernel/mm/transparent_hugepage/enabled: always [madvise] never
/sys/kernel/mm/transparent_hugepage/hpage_pmd_size: 2097152
/sys/kernel/mm/transparent_hugepage/defrag (defrag/compaction efforts parameter): always defer defer+madvise [madvise] never

Process Memory:
Virtual Size: 7279436K (peak: 7279436K)
Resident Set Size: 94864K (peak: 94864K) (anon: 55312K, file: 39552K, shmem: 0K)
Swapped out: 0K
C-Heap outstanding allocations: 49443K, retained: 6984K
glibc malloc tunables: (default)

/proc/sys/kernel/threads-max (system-wide limit on the number of threads): 124223
/proc/sys/vm/max_map_count (maximum number of memory map areas a process may have): 65530
/proc/sys/vm/swappiness (control to define how aggressively the kernel swaps out anonymous memory): 60
/proc/sys/kernel/pid_max (system-wide limit on number of process identifiers): 4194304

container (cgroup) information:
container_type: cgroupv2
cpu_cpuset_cpus: not supported
cpu_memory_nodes: not supported
active_processor_count: 16
cpu_quota: no quota
cpu_period: 100000
cpu_shares: no shares
memory_limit_in_bytes: unlimited
memory_and_swap_limit_in_bytes: unlimited
memory_soft_limit_in_bytes: unlimited
memory_usage_in_bytes: 2116700 k
memory_max_usage_in_bytes: not supported
memory_swap_current_in_bytes: unlimited
memory_swap_max_limit_in_bytes: unlimited
maximum number of tasks: 18633
current number of tasks: 221

Steal ticks since vm start: 0
Steal ticks percentage since vm start:  0.000

CPU: total 16 (initial active 16) (16 cores per cpu, 1 threads per core) family 6 model 154 stepping 3 microcode 0x433, cx8, cmov, fxsr, mmx, 3dnowpref, sse, sse2, sse3, ssse3, sse4.1, sse4.2, popcnt, lzcnt, tsc, tscinvbit, avx, avx2, aes, erms, clmul, bmi1, bmi2, adx, sha, fma, vzeroupper, clflush, clflushopt, clwb
CPU Model and flags from /proc/cpuinfo:
model name	: 12th Gen Intel(R) Core(TM) i5-1240P
flags		: fpu vme de pse tsc msr pae mce cx8 apic sep mtrr pge mca cmov pat pse36 clflush dts acpi mmx fxsr sse sse2 ss ht tm pbe syscall nx pdpe1gb rdtscp lm constant_tsc art arch_perfmon pebs bts rep_good nopl xtopology nonstop_tsc cpuid aperfmperf tsc_known_freq pni pclmulqdq dtes64 monitor ds_cpl vmx smx est tm2 ssse3 sdbg fma cx16 xtpr pdcm sse4_1 sse4_2 x2apic movbe popcnt tsc_deadline_timer aes xsave avx f16c rdrand lahf_lm abm 3dnowprefetch cpuid_fault epb ssbd ibrs ibpb stibp ibrs_enhanced tpr_shadow flexpriority ept vpid ept_ad fsgsbase tsc_adjust bmi1 avx2 smep bmi2 erms invpcid rdseed adx smap clflushopt clwb intel_pt sha_ni xsaveopt xsavec xgetbv1 xsaves split_lock_detect user_shstk avx_vnni dtherm ida arat pln pts hwp hwp_notify hwp_act_window hwp_epp hwp_pkg_req hfi vnmi umip pku ospke waitpkg gfni vaes vpclmulqdq rdpid movdiri movdir64b fsrm md_clear serialize arch_lbr ibt flush_l1d arch_capabilities

Online cpus: 0-15
Offline cpus: 
BIOS frequency limitation: <Not Available>
Frequency switch latency (ns): 0
Available cpu frequencies: <Not Available>
Current governor: powersave
Core performance/turbo boost: <Not Available>

Memory: 4k page, physical 15978416k(535908k free), swap 2097148k(2096636k free)
Page Sizes: 4k

vm_info: OpenJDK 64-Bit Server VM (17.0.13+11) for linux-amd64 JRE (17.0.13+11), built on Oct 15 2024 00:00:00 by "admin" with gcc 10.3.0

END.
