#
# A fatal error has been detected by the Java Runtime Environment:
#
#  SIGSEGV (0xb) at pc=0x00007beda08f74e9, pid=111334, tid=111335
#
# JRE version: OpenJDK Runtime Environment Temurin-17.0.13+11 (17.0.13+11) (build 17.0.13+11)
# Java VM: OpenJDK 64-Bit Server VM Temurin-17.0.13+11 (17.0.13+11, mixed mode, tiered, compressed oops, compressed class ptrs, g1 gc, linux-amd64)
# Problematic frame:
# C  [libavcodec.so.61+0x6904e9]  avpriv_packet_list_get+0x29
#
# Core dump will be written. Default location: Core dumps may be processed with "/usr/share/apport/apport -p%p -s%s -c%c -d%d -P%P -u%u -g%g -- %E" (or dumping to /workspaces/AntAssignment/core.111334)
#
# If you would like to submit a bug report, please visit:
#   https://github.com/adoptium/adoptium-support/issues
# The crash happened outside the Java Virtual Machine in native code.
# See problematic frame for where to report the bug.
#

---------------  S U M M A R Y ------------

Command Line: -agentlib:jdwp=transport=dt_socket,server=n,suspend=y,address=localhost:40187 -XX:+ShowCodeDetailsInExceptionMessages com.example.ReadFewFrame

Host: 12th Gen Intel(R) Core(TM) i5-1240P, 16 cores, 15G, Debian GNU/Linux 11 (bullseye)
Time: Wed Jan 22 08:14:59 2025 UTC elapsed time: 11.117492 seconds (0d 0h 0m 11s)

---------------  T H R E A D  ---------------

Current thread (0x00007bede002ba60):  JavaThread "main" [_thread_in_native, id=111335, stack(0x00007bede5816000,0x00007bede5917000)]

Stack: [0x00007bede5816000,0x00007bede5917000],  sp=0x00007bede5915880,  free space=1022k
Native frames: (J=compiled Java code, j=interpreted, Vv=VM code, C=native code)
C  [libavcodec.so.61+0x6904e9]  avpriv_packet_list_get+0x29

Java frames: (J=compiled Java code, j=interpreted, Vv=VM code)
j  org.bytedeco.ffmpeg.global.avformat.av_read_frame(Lorg/bytedeco/ffmpeg/avformat/AVFormatContext;Lorg/bytedeco/ffmpeg/avcodec/AVPacket;)I+0
j  com.example.ReadFewFrame.main([Ljava/lang/String;)V+330
v  ~StubRoutines::call_stub

siginfo: si_signo: 11 (SIGSEGV), si_code: 1 (SEGV_MAPERR), si_addr: 0x0000000000000000

Registers:
RAX=0x00007bede059aa40, RBX=0x00007beda4819938, RCX=0x0000000000000000, RDX=0x0000000000000062
RSP=0x00007bede5915880, RBP=0x00007bede059aa40, RSI=0x0000000000000000, RDI=0x00007bede0595ee8
R8 =0x00007bede002cb50, R9 =0x000000071a63cdd8, R10=0xffffffffffffff4a, R11=0x00007bedbc210cc0
R12=0x0000000000000000, R13=0x00007bede0595d00, R14=0x0000000000000000, R15=0x00007bede002ba60
RIP=0x00007beda08f74e9, EFLAGS=0x0000000000010202, CSGSFS=0x002b000000000033, ERR=0x0000000000000006
  TRAPNO=0x000000000000000e


Register to memory mapping:

RAX=0x00007bede059aa40 points into unknown readable memory: 0x00007bede06d7800 | 00 78 6d e0 ed 7b 00 00
RBX={method} {0x00007beda4819938} 'av_read_frame' '(Lorg/bytedeco/ffmpeg/avformat/AVFormatContext;Lorg/bytedeco/ffmpeg/avcodec/AVPacket;)I' in 'org/bytedeco/ffmpeg/global/avformat'
RCX=0x0 is NULL
RDX=0x0000000000000062 is an unknown value
RSP=0x00007bede5915880 is pointing into the stack for thread: 0x00007bede002ba60
RBP=0x00007bede059aa40 points into unknown readable memory: 0x00007bede06d7800 | 00 78 6d e0 ed 7b 00 00
RSI=0x0 is NULL
RDI=0x00007bede0595ee8 points into unknown readable memory: 0x00007bede059aa40 | 40 aa 59 e0 ed 7b 00 00
R8 =0x00007bede002cb50 points into unknown readable memory: 0x00007beda4400fa0 | a0 0f 40 a4 ed 7b 00 00
R9 =0x000000071a63cdd8 is an oop: org.bytedeco.ffmpeg.avformat.AVFormatContext 
{0x000000071a63cdd8} - klass: 'org/bytedeco/ffmpeg/avformat/AVFormatContext'
 - ---- fields (total size 6 words):
 - private 'deallocator' 'Lorg/bytedeco/javacpp/Pointer$Deallocator;' @12  NULL (0)
 - protected 'address' 'J' @16  136261601418496 (e0595d00 7bed)
 - protected 'position' 'J' @24  0 (0 0)
 - protected 'limit' 'J' @32  0 (0 0)
 - protected 'capacity' 'J' @40  0 (0 0)
R10=0xffffffffffffff4a is an unknown value
R11=0x00007bedbc210cc0: av_read_frame+0x0000000000000000 in /home/vscode/.javacpp/cache/ffmpeg-7.1-1.5.11-linux-x86_64-gpl.jar/org/bytedeco/ffmpeg/linux-x86_64-gpl/libavformat.so.61 at 0x00007bedbc0e1000
R12=0x0 is NULL
R13=0x00007bede0595d00 points into unknown readable memory: 0x00007bedbcaf4360 | 60 43 af bc ed 7b 00 00
R14=0x0 is NULL
R15=0x00007bede002ba60 is a thread


Top of Stack: (sp=0x00007bede5915880)
0x00007bede5915880:   00007bede059aa40 6fd49ed9a4a7ee00
0x00007bede5915890:   00007bede59158d0 00007bedbc210d07
0x00007bede59158a0:   00007beda4819938 00000000e002ba60
0x00007bede59158b0:   00007bede5915908 00007beda4819938
0x00007bede59158c0:   00007bede5915950 0000000000000000
0x00007bede59158d0:   00007beda4819930 00007bede5915978
0x00007bede59158e0:   00007bede002ba60 00007bedd566f9c7
0x00007bede59158f0:   00007bede5915950 00007bedd566f5ba
0x00007bede5915900:   00007bedd566f575 00007bede5915908
0x00007bede5915910:   00007beda4819930 00007bede5915978
0x00007bede5915920:   00007beda481e970 0000000000000000
0x00007bede5915930:   000000071a95abf0 00007beda4819938
0x00007bede5915940:   0000000000000000 00007bede5915970
0x00007bede5915950:   00007bede59159c8 00007bedd5668d44
0x00007bede5915960:   000000071a95abf0 00007bedd566c016
0x00007bede5915970:   0000000000000000 000000071a63cdd8
0x00007bede5915980:   00007bede5915980 00007beda4400dfa
0x00007bede5915990:   00007bede5915a28 00007beda44010c8
0x00007bede59159a0:   0000000000000000 000000071b56d8a8
0x00007bede59159b0:   00007beda4400fa0 00007bede5915970
0x00007bede59159c0:   00007bede5915a28 00007bede5915a90
0x00007bede59159d0:   00007bedd565fcc9 000000071a692b98
0x00007bede59159e0:   000000071a692af0 0000000000000000
0x00007bede59159f0:   000000071a6ac4d0 0000000000000002
0x00007bede5915a00:   000000071a63e3d8 0000000000000000
0x00007bede5915a10:   000000071b56f8e0 000000071b56f8a8
0x00007bede5915a20:   000000071b56e500 000000071b56e2d0
0x00007bede5915a30:   00007bed00001fa0 00007bede5915bb0
0x00007bede5915a40:   000000000000000e 00007bede5915cf8
0x00007bede5915a50:   00007bede002ba60 00007bede5915c20
0x00007bede5915a60:   00007bede5915b20 00007bede5915cf8
0x00007bede5915a70:   00007bed0000000a 00007beda4400fa0 

Instructions: (pc=0x00007beda08f74e9)
0x00007beda08f73e9:   83 e7 f8 4c 89 c1 4c 89 ee 48 29 f9 83 c1 68 c1
0x00007beda08f73f9:   e9 03 f3 48 ab 48 c7 45 50 ff ff ff ff 4c 89 c7
0x00007beda08f7409:   48 b8 00 00 00 00 00 00 00 80 48 89 45 10 48 89
0x00007beda08f7419:   45 18 48 b8 00 00 00 00 01 00 00 00 48 89 45 68
0x00007beda08f7429:   41 ff d4 85 c0 78 60 48 83 3b 00 48 c7 45 00 00
0x00007beda08f7439:   00 00 00 74 48 48 8b 43 08 48 89 28 48 89 6b 08
0x00007beda08f7449:   31 c0 48 83 c4 18 5b 5d 41 5c 41 5d c3 66 2e 0f
0x00007beda08f7459:   1f 84 00 00 00 00 00 4c 89 ef e8 58 fd ff ff 85
0x00007beda08f7469:   c0 78 24 48 8d 7d 08 4c 89 ee e8 b8 fc ff ff 48
0x00007beda08f7479:   83 3b 00 48 c7 45 00 00 00 00 00 75 b8 48 89 2b
0x00007beda08f7489:   eb ba 0f 1f 44 00 00 48 89 ef 89 44 24 0c e8 1c
0x00007beda08f7499:   19 a4 ff 8b 44 24 0c 48 83 c4 18 5b 5d 41 5c 41
0x00007beda08f74a9:   5d c3 b8 f4 ff ff ff eb 99 66 66 2e 0f 1f 84 00
0x00007beda08f74b9:   00 00 00 00 0f 1f 00 f3 0f 1e fa 48 83 ec 18 64
0x00007beda08f74c9:   48 8b 04 25 28 00 00 00 48 89 44 24 08 31 c0 48
0x00007beda08f74d9:   8b 07 48 89 04 24 48 85 c0 74 76 f3 0f 6f 40 08
0x00007beda08f74e9:   0f 11 06 f3 0f 6f 48 18 0f 11 4e 10 f3 0f 6f 50
0x00007beda08f74f9:   28 0f 11 56 20 f3 0f 6f 58 38 0f 11 5e 30 f3 0f
0x00007beda08f7509:   6f 60 48 0f 11 66 40 f3 0f 6f 68 58 0f 11 6e 50
0x00007beda08f7519:   48 8b 50 68 48 8b 00 48 89 56 60 48 89 07 48 85
0x00007beda08f7529:   c0 74 24 48 89 e7 e8 ac 13 a4 ff 31 c0 48 8b 4c
0x00007beda08f7539:   24 08 64 48 33 0c 25 28 00 00 00 75 1b 48 83 c4
0x00007beda08f7549:   18 c3 0f 1f 44 00 00 48 c7 47 08 00 00 00 00 eb
0x00007beda08f7559:   d2 b8 f5 ff ff ff eb d5 e8 5a 00 a4 ff 66 2e 0f
0x00007beda08f7569:   1f 84 00 00 00 00 00 f3 0f 1e fa 41 54 49 89 fc
0x00007beda08f7579:   55 53 48 83 ec 10 48 8b 1f 64 48 8b 04 25 28 00
0x00007beda08f7589:   00 00 48 89 44 24 08 31 c0 48 85 db 74 29 48 89
0x00007beda08f7599:   e5 66 0f 1f 44 00 00 48 89 df 48 89 1c 24 48 8b
0x00007beda08f75a9:   1b 48 83 c7 08 e8 5d f9 ff ff 48 89 ef e8 25 13
0x00007beda08f75b9:   a4 ff 48 85 db 75 e0 49 c7 44 24 08 00 00 00 00
0x00007beda08f75c9:   49 c7 04 24 00 00 00 00 48 8b 44 24 08 64 48 33
0x00007beda08f75d9:   04 25 28 00 00 00 75 09 48 83 c4 10 5b 5d 41 5c 


Stack slot to memory mapping:
stack at sp + 0 slots: 0x00007bede059aa40 points into unknown readable memory: 0x00007bede06d7800 | 00 78 6d e0 ed 7b 00 00
stack at sp + 1 slots: 0x6fd49ed9a4a7ee00 is an unknown value
stack at sp + 2 slots: 0x00007bede59158d0 is pointing into the stack for thread: 0x00007bede002ba60
stack at sp + 3 slots: 0x00007bedbc210d07: av_read_frame+0x0000000000000047 in /home/vscode/.javacpp/cache/ffmpeg-7.1-1.5.11-linux-x86_64-gpl.jar/org/bytedeco/ffmpeg/linux-x86_64-gpl/libavformat.so.61 at 0x00007bedbc0e1000
stack at sp + 4 slots: {method} {0x00007beda4819938} 'av_read_frame' '(Lorg/bytedeco/ffmpeg/avformat/AVFormatContext;Lorg/bytedeco/ffmpeg/avcodec/AVPacket;)I' in 'org/bytedeco/ffmpeg/global/avformat'
stack at sp + 5 slots: 0x00000000e002ba60 is an unknown value
stack at sp + 6 slots: 0x00007bede5915908 is pointing into the stack for thread: 0x00007bede002ba60
stack at sp + 7 slots: {method} {0x00007beda4819938} 'av_read_frame' '(Lorg/bytedeco/ffmpeg/avformat/AVFormatContext;Lorg/bytedeco/ffmpeg/avcodec/AVPacket;)I' in 'org/bytedeco/ffmpeg/global/avformat'


---------------  P R O C E S S  ---------------

Threads class SMR info:
_java_thread_list=0x00007bed3020f730, length=15, elements={
0x00007bede002ba60, 0x00007bede01f7c40, 0x00007bede01f91f0, 0x00007bede021a980,
0x00007bede021e1b0, 0x00007bede021f270, 0x00007bede0220980, 0x00007bede0221ec0,
0x00007bede0223360, 0x00007bede02b8460, 0x00007bede02bb2a0, 0x00007bed5c000fb0,
0x00007bede02bc180, 0x00007bede02c69e0, 0x00007bede0378d90
}

Java Threads: ( => current thread )
=>0x00007bede002ba60 JavaThread "main" [_thread_in_native, id=111335, stack(0x00007bede5816000,0x00007bede5917000)]
  0x00007bede01f7c40 JavaThread "Reference Handler" daemon [_thread_blocked, id=111342, stack(0x00007bedc43f6000,0x00007bedc44f7000)]
  0x00007bede01f91f0 JavaThread "Finalizer" daemon [_thread_blocked, id=111343, stack(0x00007bedc42f5000,0x00007bedc43f6000)]
  0x00007bede021a980 JavaThread "Signal Dispatcher" daemon [_thread_blocked, id=111344, stack(0x00007bedbdeff000,0x00007bedbe000000)]
  0x00007bede021e1b0 JavaThread "Service Thread" daemon [_thread_blocked, id=111345, stack(0x00007bedbddfe000,0x00007bedbdeff000)]
  0x00007bede021f270 JavaThread "Monitor Deflation Thread" daemon [_thread_blocked, id=111346, stack(0x00007bedbdcfd000,0x00007bedbddfe000)]
  0x00007bede0220980 JavaThread "C2 CompilerThread0" daemon [_thread_blocked, id=111347, stack(0x00007bedbdbfc000,0x00007bedbdcfd000)]
  0x00007bede0221ec0 JavaThread "C1 CompilerThread0" daemon [_thread_blocked, id=111348, stack(0x00007bedbdafb000,0x00007bedbdbfc000)]
  0x00007bede0223360 JavaThread "Sweeper thread" daemon [_thread_blocked, id=111349, stack(0x00007bedbd9fa000,0x00007bedbdafb000)]
  0x00007bede02b8460 JavaThread "JDWP Transport Listener: dt_socket" daemon [_thread_blocked, id=111356, stack(0x00007bedbd6f7000,0x00007bedbd7f8000)]
  0x00007bede02bb2a0 JavaThread "JDWP Event Helper Thread" daemon [_thread_blocked, id=111359, stack(0x00007bedbd5f6000,0x00007bedbd6f7000)]
  0x00007bed5c000fb0 JavaThread "JDWP Command Reader" daemon [_thread_in_native, id=111360, stack(0x00007bedbd4f5000,0x00007bedbd5f6000)]
  0x00007bede02bc180 JavaThread "Notification Thread" daemon [_thread_blocked, id=111363, stack(0x00007bedbd3f4000,0x00007bedbd4f5000)]
  0x00007bede02c69e0 JavaThread "Common-Cleaner" daemon [_thread_blocked, id=111365, stack(0x00007bedbd1f2000,0x00007bedbd2f3000)]
  0x00007bede0378d90 JavaThread "JavaCPP Deallocator" daemon [_thread_blocked, id=111366, stack(0x00007bedbd0f1000,0x00007bedbd1f2000)]

Other Threads:
  0x00007bede01a2ee0 VMThread "VM Thread" [stack: 0x00007bedc44f8000,0x00007bedc45f8000] [id=111341]
  0x00007bede02bda00 WatcherThread [stack: 0x00007bedbd2f4000,0x00007bedbd3f4000] [id=111364]
  0x00007bede0095560 GCTaskThread "GC Thread#0" [stack: 0x00007bede46c5000,0x00007bede47c5000] [id=111336]
  0x00007bede00a5f60 ConcurrentGCThread "G1 Main Marker" [stack: 0x00007bede45c4000,0x00007bede46c4000] [id=111337]
  0x00007bede00a6ed0 ConcurrentGCThread "G1 Conc#0" [stack: 0x00007bede44c3000,0x00007bede45c3000] [id=111338]
  0x00007bede016da60 ConcurrentGCThread "G1 Refine#0" [stack: 0x00007bedc46fa000,0x00007bedc47fa000] [id=111339]
  0x00007bede016e960 ConcurrentGCThread "G1 Service" [stack: 0x00007bedc45f9000,0x00007bedc46f9000] [id=111340]

Threads with active compile tasks:

VM state: not at safepoint (normal execution)

VM Mutex/Monitor currently owned by a thread: None

Heap address: 0x000000070c200000, size: 3902 MB, Compressed Oops mode: Zero based, Oop shift amount: 3

CDS archive(s) not mapped
Compressed class space mapped at: 0x0000000800000000-0x0000000840000000, reserved size: 1073741824
Narrow klass base: 0x0000000800000000, Narrow klass shift: 0, Narrow klass range: 0x40000000

GC Precious Log:
 CPUs: 16 total, 16 available
 Memory: 15603M
 Large Page Support: Disabled
 NUMA Support: Disabled
 Compressed Oops: Enabled (Zero based)
 Heap Region Size: 2M
 Heap Min Capacity: 8M
 Heap Initial Capacity: 244M
 Heap Max Capacity: 3902M
 Pre-touch: Disabled
 Parallel Workers: 13
 Concurrent Workers: 3
 Concurrent Refinement Workers: 13
 Periodic GC: Disabled

Heap:
 garbage-first heap   total 249856K, used 14336K [0x000000070c200000, 0x0000000800000000)
  region size 2048K, 8 young (16384K), 0 survivors (0K)
 Metaspace       used 8414K, committed 8512K, reserved 1114112K
  class space    used 820K, committed 896K, reserved 1048576K

Heap Regions: E=young(eden), S=young(survivor), O=old, HS=humongous(starts), HC=humongous(continues), CS=collection set, F=free, OA=open archive, CA=closed archive, TAMS=top-at-mark-start (previous, next)
|   0|0x000000070c200000, 0x000000070c200000, 0x000000070c400000|  0%| F|  |TAMS 0x000000070c200000, 0x000000070c200000| Untracked 
|   1|0x000000070c400000, 0x000000070c400000, 0x000000070c600000|  0%| F|  |TAMS 0x000000070c400000, 0x000000070c400000| Untracked 
|   2|0x000000070c600000, 0x000000070c600000, 0x000000070c800000|  0%| F|  |TAMS 0x000000070c600000, 0x000000070c600000| Untracked 
|   3|0x000000070c800000, 0x000000070c800000, 0x000000070ca00000|  0%| F|  |TAMS 0x000000070c800000, 0x000000070c800000| Untracked 
|   4|0x000000070ca00000, 0x000000070ca00000, 0x000000070cc00000|  0%| F|  |TAMS 0x000000070ca00000, 0x000000070ca00000| Untracked 
|   5|0x000000070cc00000, 0x000000070cc00000, 0x000000070ce00000|  0%| F|  |TAMS 0x000000070cc00000, 0x000000070cc00000| Untracked 
|   6|0x000000070ce00000, 0x000000070ce00000, 0x000000070d000000|  0%| F|  |TAMS 0x000000070ce00000, 0x000000070ce00000| Untracked 
|   7|0x000000070d000000, 0x000000070d000000, 0x000000070d200000|  0%| F|  |TAMS 0x000000070d000000, 0x000000070d000000| Untracked 
|   8|0x000000070d200000, 0x000000070d200000, 0x000000070d400000|  0%| F|  |TAMS 0x000000070d200000, 0x000000070d200000| Untracked 
|   9|0x000000070d400000, 0x000000070d400000, 0x000000070d600000|  0%| F|  |TAMS 0x000000070d400000, 0x000000070d400000| Untracked 
|  10|0x000000070d600000, 0x000000070d600000, 0x000000070d800000|  0%| F|  |TAMS 0x000000070d600000, 0x000000070d600000| Untracked 
|  11|0x000000070d800000, 0x000000070d800000, 0x000000070da00000|  0%| F|  |TAMS 0x000000070d800000, 0x000000070d800000| Untracked 
|  12|0x000000070da00000, 0x000000070da00000, 0x000000070dc00000|  0%| F|  |TAMS 0x000000070da00000, 0x000000070da00000| Untracked 
|  13|0x000000070dc00000, 0x000000070dc00000, 0x000000070de00000|  0%| F|  |TAMS 0x000000070dc00000, 0x000000070dc00000| Untracked 
|  14|0x000000070de00000, 0x000000070de00000, 0x000000070e000000|  0%| F|  |TAMS 0x000000070de00000, 0x000000070de00000| Untracked 
|  15|0x000000070e000000, 0x000000070e000000, 0x000000070e200000|  0%| F|  |TAMS 0x000000070e000000, 0x000000070e000000| Untracked 
|  16|0x000000070e200000, 0x000000070e200000, 0x000000070e400000|  0%| F|  |TAMS 0x000000070e200000, 0x000000070e200000| Untracked 
|  17|0x000000070e400000, 0x000000070e400000, 0x000000070e600000|  0%| F|  |TAMS 0x000000070e400000, 0x000000070e400000| Untracked 
|  18|0x000000070e600000, 0x000000070e600000, 0x000000070e800000|  0%| F|  |TAMS 0x000000070e600000, 0x000000070e600000| Untracked 
|  19|0x000000070e800000, 0x000000070e800000, 0x000000070ea00000|  0%| F|  |TAMS 0x000000070e800000, 0x000000070e800000| Untracked 
|  20|0x000000070ea00000, 0x000000070ea00000, 0x000000070ec00000|  0%| F|  |TAMS 0x000000070ea00000, 0x000000070ea00000| Untracked 
|  21|0x000000070ec00000, 0x000000070ec00000, 0x000000070ee00000|  0%| F|  |TAMS 0x000000070ec00000, 0x000000070ec00000| Untracked 
|  22|0x000000070ee00000, 0x000000070ee00000, 0x000000070f000000|  0%| F|  |TAMS 0x000000070ee00000, 0x000000070ee00000| Untracked 
|  23|0x000000070f000000, 0x000000070f000000, 0x000000070f200000|  0%| F|  |TAMS 0x000000070f000000, 0x000000070f000000| Untracked 
|  24|0x000000070f200000, 0x000000070f200000, 0x000000070f400000|  0%| F|  |TAMS 0x000000070f200000, 0x000000070f200000| Untracked 
|  25|0x000000070f400000, 0x000000070f400000, 0x000000070f600000|  0%| F|  |TAMS 0x000000070f400000, 0x000000070f400000| Untracked 
|  26|0x000000070f600000, 0x000000070f600000, 0x000000070f800000|  0%| F|  |TAMS 0x000000070f600000, 0x000000070f600000| Untracked 
|  27|0x000000070f800000, 0x000000070f800000, 0x000000070fa00000|  0%| F|  |TAMS 0x000000070f800000, 0x000000070f800000| Untracked 
|  28|0x000000070fa00000, 0x000000070fa00000, 0x000000070fc00000|  0%| F|  |TAMS 0x000000070fa00000, 0x000000070fa00000| Untracked 
|  29|0x000000070fc00000, 0x000000070fc00000, 0x000000070fe00000|  0%| F|  |TAMS 0x000000070fc00000, 0x000000070fc00000| Untracked 
|  30|0x000000070fe00000, 0x000000070fe00000, 0x0000000710000000|  0%| F|  |TAMS 0x000000070fe00000, 0x000000070fe00000| Untracked 
|  31|0x0000000710000000, 0x0000000710000000, 0x0000000710200000|  0%| F|  |TAMS 0x0000000710000000, 0x0000000710000000| Untracked 
|  32|0x0000000710200000, 0x0000000710200000, 0x0000000710400000|  0%| F|  |TAMS 0x0000000710200000, 0x0000000710200000| Untracked 
|  33|0x0000000710400000, 0x0000000710400000, 0x0000000710600000|  0%| F|  |TAMS 0x0000000710400000, 0x0000000710400000| Untracked 
|  34|0x0000000710600000, 0x0000000710600000, 0x0000000710800000|  0%| F|  |TAMS 0x0000000710600000, 0x0000000710600000| Untracked 
|  35|0x0000000710800000, 0x0000000710800000, 0x0000000710a00000|  0%| F|  |TAMS 0x0000000710800000, 0x0000000710800000| Untracked 
|  36|0x0000000710a00000, 0x0000000710a00000, 0x0000000710c00000|  0%| F|  |TAMS 0x0000000710a00000, 0x0000000710a00000| Untracked 
|  37|0x0000000710c00000, 0x0000000710c00000, 0x0000000710e00000|  0%| F|  |TAMS 0x0000000710c00000, 0x0000000710c00000| Untracked 
|  38|0x0000000710e00000, 0x0000000710e00000, 0x0000000711000000|  0%| F|  |TAMS 0x0000000710e00000, 0x0000000710e00000| Untracked 
|  39|0x0000000711000000, 0x0000000711000000, 0x0000000711200000|  0%| F|  |TAMS 0x0000000711000000, 0x0000000711000000| Untracked 
|  40|0x0000000711200000, 0x0000000711200000, 0x0000000711400000|  0%| F|  |TAMS 0x0000000711200000, 0x0000000711200000| Untracked 
|  41|0x0000000711400000, 0x0000000711400000, 0x0000000711600000|  0%| F|  |TAMS 0x0000000711400000, 0x0000000711400000| Untracked 
|  42|0x0000000711600000, 0x0000000711600000, 0x0000000711800000|  0%| F|  |TAMS 0x0000000711600000, 0x0000000711600000| Untracked 
|  43|0x0000000711800000, 0x0000000711800000, 0x0000000711a00000|  0%| F|  |TAMS 0x0000000711800000, 0x0000000711800000| Untracked 
|  44|0x0000000711a00000, 0x0000000711a00000, 0x0000000711c00000|  0%| F|  |TAMS 0x0000000711a00000, 0x0000000711a00000| Untracked 
|  45|0x0000000711c00000, 0x0000000711c00000, 0x0000000711e00000|  0%| F|  |TAMS 0x0000000711c00000, 0x0000000711c00000| Untracked 
|  46|0x0000000711e00000, 0x0000000711e00000, 0x0000000712000000|  0%| F|  |TAMS 0x0000000711e00000, 0x0000000711e00000| Untracked 
|  47|0x0000000712000000, 0x0000000712000000, 0x0000000712200000|  0%| F|  |TAMS 0x0000000712000000, 0x0000000712000000| Untracked 
|  48|0x0000000712200000, 0x0000000712200000, 0x0000000712400000|  0%| F|  |TAMS 0x0000000712200000, 0x0000000712200000| Untracked 
|  49|0x0000000712400000, 0x0000000712400000, 0x0000000712600000|  0%| F|  |TAMS 0x0000000712400000, 0x0000000712400000| Untracked 
|  50|0x0000000712600000, 0x0000000712600000, 0x0000000712800000|  0%| F|  |TAMS 0x0000000712600000, 0x0000000712600000| Untracked 
|  51|0x0000000712800000, 0x0000000712800000, 0x0000000712a00000|  0%| F|  |TAMS 0x0000000712800000, 0x0000000712800000| Untracked 
|  52|0x0000000712a00000, 0x0000000712a00000, 0x0000000712c00000|  0%| F|  |TAMS 0x0000000712a00000, 0x0000000712a00000| Untracked 
|  53|0x0000000712c00000, 0x0000000712c00000, 0x0000000712e00000|  0%| F|  |TAMS 0x0000000712c00000, 0x0000000712c00000| Untracked 
|  54|0x0000000712e00000, 0x0000000712e00000, 0x0000000713000000|  0%| F|  |TAMS 0x0000000712e00000, 0x0000000712e00000| Untracked 
|  55|0x0000000713000000, 0x0000000713000000, 0x0000000713200000|  0%| F|  |TAMS 0x0000000713000000, 0x0000000713000000| Untracked 
|  56|0x0000000713200000, 0x0000000713200000, 0x0000000713400000|  0%| F|  |TAMS 0x0000000713200000, 0x0000000713200000| Untracked 
|  57|0x0000000713400000, 0x0000000713400000, 0x0000000713600000|  0%| F|  |TAMS 0x0000000713400000, 0x0000000713400000| Untracked 
|  58|0x0000000713600000, 0x0000000713600000, 0x0000000713800000|  0%| F|  |TAMS 0x0000000713600000, 0x0000000713600000| Untracked 
|  59|0x0000000713800000, 0x0000000713800000, 0x0000000713a00000|  0%| F|  |TAMS 0x0000000713800000, 0x0000000713800000| Untracked 
|  60|0x0000000713a00000, 0x0000000713a00000, 0x0000000713c00000|  0%| F|  |TAMS 0x0000000713a00000, 0x0000000713a00000| Untracked 
|  61|0x0000000713c00000, 0x0000000713c00000, 0x0000000713e00000|  0%| F|  |TAMS 0x0000000713c00000, 0x0000000713c00000| Untracked 
|  62|0x0000000713e00000, 0x0000000713e00000, 0x0000000714000000|  0%| F|  |TAMS 0x0000000713e00000, 0x0000000713e00000| Untracked 
|  63|0x0000000714000000, 0x0000000714000000, 0x0000000714200000|  0%| F|  |TAMS 0x0000000714000000, 0x0000000714000000| Untracked 
|  64|0x0000000714200000, 0x0000000714200000, 0x0000000714400000|  0%| F|  |TAMS 0x0000000714200000, 0x0000000714200000| Untracked 
|  65|0x0000000714400000, 0x0000000714400000, 0x0000000714600000|  0%| F|  |TAMS 0x0000000714400000, 0x0000000714400000| Untracked 
|  66|0x0000000714600000, 0x0000000714600000, 0x0000000714800000|  0%| F|  |TAMS 0x0000000714600000, 0x0000000714600000| Untracked 
|  67|0x0000000714800000, 0x0000000714800000, 0x0000000714a00000|  0%| F|  |TAMS 0x0000000714800000, 0x0000000714800000| Untracked 
|  68|0x0000000714a00000, 0x0000000714a00000, 0x0000000714c00000|  0%| F|  |TAMS 0x0000000714a00000, 0x0000000714a00000| Untracked 
|  69|0x0000000714c00000, 0x0000000714c00000, 0x0000000714e00000|  0%| F|  |TAMS 0x0000000714c00000, 0x0000000714c00000| Untracked 
|  70|0x0000000714e00000, 0x0000000714e00000, 0x0000000715000000|  0%| F|  |TAMS 0x0000000714e00000, 0x0000000714e00000| Untracked 
|  71|0x0000000715000000, 0x0000000715000000, 0x0000000715200000|  0%| F|  |TAMS 0x0000000715000000, 0x0000000715000000| Untracked 
|  72|0x0000000715200000, 0x0000000715200000, 0x0000000715400000|  0%| F|  |TAMS 0x0000000715200000, 0x0000000715200000| Untracked 
|  73|0x0000000715400000, 0x0000000715400000, 0x0000000715600000|  0%| F|  |TAMS 0x0000000715400000, 0x0000000715400000| Untracked 
|  74|0x0000000715600000, 0x0000000715600000, 0x0000000715800000|  0%| F|  |TAMS 0x0000000715600000, 0x0000000715600000| Untracked 
|  75|0x0000000715800000, 0x0000000715800000, 0x0000000715a00000|  0%| F|  |TAMS 0x0000000715800000, 0x0000000715800000| Untracked 
|  76|0x0000000715a00000, 0x0000000715a00000, 0x0000000715c00000|  0%| F|  |TAMS 0x0000000715a00000, 0x0000000715a00000| Untracked 
|  77|0x0000000715c00000, 0x0000000715c00000, 0x0000000715e00000|  0%| F|  |TAMS 0x0000000715c00000, 0x0000000715c00000| Untracked 
|  78|0x0000000715e00000, 0x0000000715e00000, 0x0000000716000000|  0%| F|  |TAMS 0x0000000715e00000, 0x0000000715e00000| Untracked 
|  79|0x0000000716000000, 0x0000000716000000, 0x0000000716200000|  0%| F|  |TAMS 0x0000000716000000, 0x0000000716000000| Untracked 
|  80|0x0000000716200000, 0x0000000716200000, 0x0000000716400000|  0%| F|  |TAMS 0x0000000716200000, 0x0000000716200000| Untracked 
|  81|0x0000000716400000, 0x0000000716400000, 0x0000000716600000|  0%| F|  |TAMS 0x0000000716400000, 0x0000000716400000| Untracked 
|  82|0x0000000716600000, 0x0000000716600000, 0x0000000716800000|  0%| F|  |TAMS 0x0000000716600000, 0x0000000716600000| Untracked 
|  83|0x0000000716800000, 0x0000000716800000, 0x0000000716a00000|  0%| F|  |TAMS 0x0000000716800000, 0x0000000716800000| Untracked 
|  84|0x0000000716a00000, 0x0000000716a00000, 0x0000000716c00000|  0%| F|  |TAMS 0x0000000716a00000, 0x0000000716a00000| Untracked 
|  85|0x0000000716c00000, 0x0000000716c00000, 0x0000000716e00000|  0%| F|  |TAMS 0x0000000716c00000, 0x0000000716c00000| Untracked 
|  86|0x0000000716e00000, 0x0000000716e00000, 0x0000000717000000|  0%| F|  |TAMS 0x0000000716e00000, 0x0000000716e00000| Untracked 
|  87|0x0000000717000000, 0x0000000717000000, 0x0000000717200000|  0%| F|  |TAMS 0x0000000717000000, 0x0000000717000000| Untracked 
|  88|0x0000000717200000, 0x0000000717200000, 0x0000000717400000|  0%| F|  |TAMS 0x0000000717200000, 0x0000000717200000| Untracked 
|  89|0x0000000717400000, 0x0000000717400000, 0x0000000717600000|  0%| F|  |TAMS 0x0000000717400000, 0x0000000717400000| Untracked 
|  90|0x0000000717600000, 0x0000000717600000, 0x0000000717800000|  0%| F|  |TAMS 0x0000000717600000, 0x0000000717600000| Untracked 
|  91|0x0000000717800000, 0x0000000717800000, 0x0000000717a00000|  0%| F|  |TAMS 0x0000000717800000, 0x0000000717800000| Untracked 
|  92|0x0000000717a00000, 0x0000000717a00000, 0x0000000717c00000|  0%| F|  |TAMS 0x0000000717a00000, 0x0000000717a00000| Untracked 
|  93|0x0000000717c00000, 0x0000000717c00000, 0x0000000717e00000|  0%| F|  |TAMS 0x0000000717c00000, 0x0000000717c00000| Untracked 
|  94|0x0000000717e00000, 0x0000000717e00000, 0x0000000718000000|  0%| F|  |TAMS 0x0000000717e00000, 0x0000000717e00000| Untracked 
|  95|0x0000000718000000, 0x0000000718000000, 0x0000000718200000|  0%| F|  |TAMS 0x0000000718000000, 0x0000000718000000| Untracked 
|  96|0x0000000718200000, 0x0000000718200000, 0x0000000718400000|  0%| F|  |TAMS 0x0000000718200000, 0x0000000718200000| Untracked 
|  97|0x0000000718400000, 0x0000000718400000, 0x0000000718600000|  0%| F|  |TAMS 0x0000000718400000, 0x0000000718400000| Untracked 
|  98|0x0000000718600000, 0x0000000718600000, 0x0000000718800000|  0%| F|  |TAMS 0x0000000718600000, 0x0000000718600000| Untracked 
|  99|0x0000000718800000, 0x0000000718800000, 0x0000000718a00000|  0%| F|  |TAMS 0x0000000718800000, 0x0000000718800000| Untracked 
| 100|0x0000000718a00000, 0x0000000718a00000, 0x0000000718c00000|  0%| F|  |TAMS 0x0000000718a00000, 0x0000000718a00000| Untracked 
| 101|0x0000000718c00000, 0x0000000718c00000, 0x0000000718e00000|  0%| F|  |TAMS 0x0000000718c00000, 0x0000000718c00000| Untracked 
| 102|0x0000000718e00000, 0x0000000718e00000, 0x0000000719000000|  0%| F|  |TAMS 0x0000000718e00000, 0x0000000718e00000| Untracked 
| 103|0x0000000719000000, 0x0000000719000000, 0x0000000719200000|  0%| F|  |TAMS 0x0000000719000000, 0x0000000719000000| Untracked 
| 104|0x0000000719200000, 0x0000000719200000, 0x0000000719400000|  0%| F|  |TAMS 0x0000000719200000, 0x0000000719200000| Untracked 
| 105|0x0000000719400000, 0x0000000719400000, 0x0000000719600000|  0%| F|  |TAMS 0x0000000719400000, 0x0000000719400000| Untracked 
| 106|0x0000000719600000, 0x0000000719600000, 0x0000000719800000|  0%| F|  |TAMS 0x0000000719600000, 0x0000000719600000| Untracked 
| 107|0x0000000719800000, 0x0000000719800000, 0x0000000719a00000|  0%| F|  |TAMS 0x0000000719800000, 0x0000000719800000| Untracked 
| 108|0x0000000719a00000, 0x0000000719a00000, 0x0000000719c00000|  0%| F|  |TAMS 0x0000000719a00000, 0x0000000719a00000| Untracked 
| 109|0x0000000719c00000, 0x0000000719c00000, 0x0000000719e00000|  0%| F|  |TAMS 0x0000000719c00000, 0x0000000719c00000| Untracked 
| 110|0x0000000719e00000, 0x0000000719e00000, 0x000000071a000000|  0%| F|  |TAMS 0x0000000719e00000, 0x0000000719e00000| Untracked 
| 111|0x000000071a000000, 0x000000071a000000, 0x000000071a200000|  0%| F|  |TAMS 0x000000071a000000, 0x000000071a000000| Untracked 
| 112|0x000000071a200000, 0x000000071a200000, 0x000000071a400000|  0%| F|  |TAMS 0x000000071a200000, 0x000000071a200000| Untracked 
| 113|0x000000071a400000, 0x000000071a400000, 0x000000071a600000|  0%| F|  |TAMS 0x000000071a400000, 0x000000071a400000| Untracked 
| 114|0x000000071a600000, 0x000000071a6e1cc8, 0x000000071a800000| 44%| E|  |TAMS 0x000000071a600000, 0x000000071a600000| Complete 
| 115|0x000000071a800000, 0x000000071aa00000, 0x000000071aa00000|100%| E|CS|TAMS 0x000000071a800000, 0x000000071a800000| Complete 
| 116|0x000000071aa00000, 0x000000071ac00000, 0x000000071ac00000|100%| E|CS|TAMS 0x000000071aa00000, 0x000000071aa00000| Complete 
| 117|0x000000071ac00000, 0x000000071ae00000, 0x000000071ae00000|100%| E|CS|TAMS 0x000000071ac00000, 0x000000071ac00000| Complete 
| 118|0x000000071ae00000, 0x000000071b000000, 0x000000071b000000|100%| E|CS|TAMS 0x000000071ae00000, 0x000000071ae00000| Complete 
| 119|0x000000071b000000, 0x000000071b200000, 0x000000071b200000|100%| E|CS|TAMS 0x000000071b000000, 0x000000071b000000| Complete 
| 120|0x000000071b200000, 0x000000071b400000, 0x000000071b400000|100%| E|CS|TAMS 0x000000071b200000, 0x000000071b200000| Complete 
| 121|0x000000071b400000, 0x000000071b600000, 0x000000071b600000|100%| E|CS|TAMS 0x000000071b400000, 0x000000071b400000| Complete 

Card table byte_map: [0x00007bedcd200000,0x00007bedcd99f000] _byte_map_base: 0x00007bedc999f000

Marking Bits (Prev, Next): (CMBitMap*) 0x00007bede0095ff0, (CMBitMap*) 0x00007bede0096030
 Prev Bits: [0x00007bedc8c00000, 0x00007bedcc8f8000)
 Next Bits: [0x00007bedc4e00000, 0x00007bedc8af8000)

Polling page: 0x00007bede6fbb000

Metaspace:

Usage:
  Non-class:      7.42 MB used.
      Class:    820.97 KB used.
       Both:      8.22 MB used.

Virtual space:
  Non-class space:       64.00 MB reserved,       7.44 MB ( 12%) committed,  1 nodes.
      Class space:        1.00 GB reserved,     896.00 KB ( <1%) committed,  1 nodes.
             Both:        1.06 GB reserved,       8.31 MB ( <1%) committed. 

Chunk freelists:
   Non-Class:  7.75 MB
       Class:  15.06 MB
        Both:  22.81 MB

MaxMetaspaceSize: unlimited
CompressedClassSpaceSize: 1.00 GB
Initial GC threshold: 21.00 MB
Current GC threshold: 21.00 MB
CDS: off
MetaspaceReclaimPolicy: balanced
 - commit_granule_bytes: 65536.
 - commit_granule_words: 8192.
 - virtual_space_node_default_size: 8388608.
 - enlarge_chunks_in_place: 1.
 - new_chunks_are_fully_committed: 0.
 - uncommit_free_chunks: 1.
 - use_allocation_guard: 0.
 - handle_deallocations: 1.


Internal statistics:

num_allocs_failed_limit: 0.
num_arena_births: 32.
num_arena_deaths: 0.
num_vsnodes_births: 2.
num_vsnodes_deaths: 0.
num_space_committed: 133.
num_space_uncommitted: 0.
num_chunks_returned_to_freelist: 0.
num_chunks_taken_from_freelist: 111.
num_chunk_merges: 0.
num_chunk_splits: 79.
num_chunks_enlarged: 65.
num_inconsistent_stats: 0.

CodeHeap 'non-profiled nmethods': size=119168Kb used=353Kb max_used=353Kb free=118814Kb
 bounds [0x00007bedd5da0000, 0x00007bedd6010000, 0x00007beddd200000]
CodeHeap 'profiled nmethods': size=119164Kb used=1433Kb max_used=1433Kb free=117730Kb
 bounds [0x00007bedce200000, 0x00007bedce470000, 0x00007bedd565f000]
CodeHeap 'non-nmethods': size=7428Kb used=1177Kb max_used=2332Kb free=6250Kb
 bounds [0x00007bedd565f000, 0x00007bedd58cf000, 0x00007bedd5da0000]
 total_blobs=1228 nmethods=819 adapters=323
 compilation: enabled
              stopped_count=0, restarted_count=0
 full_count=0

Compilation events (20 events):
Event: 0.503 Thread 0x00007bed600d98b0 nmethod 524 0x00007bedd5de7c90 code [0x00007bedd5de7e20, 0x00007bedd5de7fd8]
Event: 0.503 Thread 0x00007bed600d98b0  688       4       java.util.concurrent.ConcurrentHashMap$ValueIterator::next (34 bytes)
Event: 0.506 Thread 0x00007bede0220980 nmethod 600 0x00007bedd5de8110 code [0x00007bedd5de8340, 0x00007bedd5de8b00]
Event: 0.506 Thread 0x00007bede0220980  689       4       jdk.internal.module.ModuleReferenceImpl::hashCode (56 bytes)
Event: 0.506 Thread 0x00007bede0220980 nmethod 689 0x00007bedd5de9590 code [0x00007bedd5de9720, 0x00007bedd5de97b8]
Event: 0.506 Thread 0x00007bede0220980  690       4       jdk.internal.loader.BuiltinClassLoader::moduleReaderFor (45 bytes)
Event: 0.507 Thread 0x00007bed600d98b0 nmethod 688 0x00007bedd5de9890 code [0x00007bedd5de9a20, 0x00007bedd5de9eb8]
Event: 0.507 Thread 0x00007bed600d98b0  722       4       jdk.internal.jimage.BasicImageReader::verifyLocation (39 bytes)
Event: 0.509 Thread 0x00007bede0220980 nmethod 690 0x00007bedd5dea090 code [0x00007bedd5dea240, 0x00007bedd5dea618]
Event: 0.509 Thread 0x00007bede0220980  724       4       jdk.internal.module.SystemModuleFinders$SystemModuleReader::containsImageLocation (42 bytes)
Event: 0.575 Thread 0x00007bed600d98b0 nmethod 722 0x00007bedd5deaa90 code [0x00007bedd5deace0, 0x00007bedd5dedcf8]
Event: 0.575 Thread 0x00007bed600d98b0  725       4       jdk.internal.module.SystemModuleFinders$SystemModuleReader::find (59 bytes)
Event: 0.576 Thread 0x00007bed600d98b0 nmethod 725 0x00007bedd5defa90 code [0x00007bedd5defc20, 0x00007bedd5defd88]
Event: 0.576 Thread 0x00007bed600d98b0  726       4       jdk.internal.jimage.BasicImageReader::getLocationIndex (52 bytes)
Event: 0.581 Thread 0x00007bede0220980 nmethod 724 0x00007bedd5deff90 code [0x00007bedd5df01e0, 0x00007bedd5df3978]
Event: 0.581 Thread 0x00007bede0220980  594       4       java.lang.Integer::getChars (131 bytes)
Event: 0.581 Thread 0x00007bede0220980 nmethod 594 0x00007bedd5df5a90 code [0x00007bedd5df5c20, 0x00007bedd5df5d78]
Event: 0.581 Thread 0x00007bede0220980  589       4       java.lang.AbstractStringBuilder::append (55 bytes)
Event: 0.584 Thread 0x00007bede0220980 nmethod 589 0x00007bedd5df5f10 code [0x00007bedd5df60a0, 0x00007bedd5df67d8]
Event: 0.587 Thread 0x00007bed600d98b0 nmethod 726 0x00007bedd5df6c10 code [0x00007bedd5df6dc0, 0x00007bedd5df7cb8]

GC Heap History (0 events):
No events

Dll operation events (14 events):
Event: 0.003 Loaded shared library /home/vscode/.vscode-server/extensions/redhat.java-1.38.0-linux-x64/jre/17.0.13-linux-x86_64/lib/libjava.so
Event: 0.300 Loaded shared library /home/vscode/.vscode-server/extensions/redhat.java-1.38.0-linux-x64/jre/17.0.13-linux-x86_64/lib/libnio.so
Event: 0.306 Loaded shared library /home/vscode/.vscode-server/extensions/redhat.java-1.38.0-linux-x64/jre/17.0.13-linux-x86_64/lib/libzip.so
Event: 0.347 Loaded shared library /home/vscode/.vscode-server/extensions/redhat.java-1.38.0-linux-x64/jre/17.0.13-linux-x86_64/lib/libjimage.so
Event: 0.374 Loaded shared library /home/vscode/.javacpp/cache/javacpp-1.5.11-linux-x86_64.jar/org/bytedeco/javacpp/linux-x86_64/libjnijavacpp.so
Event: 0.402 Loaded shared library /home/vscode/.javacpp/cache/ffmpeg-7.1-1.5.11-linux-x86_64-gpl.jar/org/bytedeco/ffmpeg/linux-x86_64-gpl/libdrm.so.2
Event: 0.417 Loaded shared library /home/vscode/.javacpp/cache/ffmpeg-7.1-1.5.11-linux-x86_64-gpl.jar/org/bytedeco/ffmpeg/linux-x86_64-gpl/libavutil.so.59
Event: 0.419 Loaded shared library /home/vscode/.javacpp/cache/ffmpeg-7.1-1.5.11-linux-x86_64-gpl.jar/org/bytedeco/ffmpeg/linux-x86_64-gpl/libjniavutil.so
Event: 0.445 Loaded shared library /home/vscode/.javacpp/cache/ffmpeg-7.1-1.5.11-linux-x86_64-gpl.jar/org/bytedeco/ffmpeg/linux-x86_64-gpl/libswresample.so.5
Event: 0.447 Loaded shared library /home/vscode/.javacpp/cache/ffmpeg-7.1-1.5.11-linux-x86_64-gpl.jar/org/bytedeco/ffmpeg/linux-x86_64-gpl/libjniswresample.so
Event: 0.451 Loaded shared library /home/vscode/.javacpp/cache/ffmpeg-7.1-1.5.11-linux-x86_64-gpl.jar/org/bytedeco/ffmpeg/linux-x86_64-gpl/libavcodec.so.61
Event: 0.452 Loaded shared library /home/vscode/.javacpp/cache/ffmpeg-7.1-1.5.11-linux-x86_64-gpl.jar/org/bytedeco/ffmpeg/linux-x86_64-gpl/libjniavcodec.so
Event: 0.462 Loaded shared library /home/vscode/.javacpp/cache/ffmpeg-7.1-1.5.11-linux-x86_64-gpl.jar/org/bytedeco/ffmpeg/linux-x86_64-gpl/libavformat.so.61
Event: 0.463 Loaded shared library /home/vscode/.javacpp/cache/ffmpeg-7.1-1.5.11-linux-x86_64-gpl.jar/org/bytedeco/ffmpeg/linux-x86_64-gpl/libjniavformat.so

Deoptimization events (20 events):
Event: 0.405 Thread 0x00007bede002ba60 DEOPT PACKING pc=0x00007bedce21c2ce sp=0x00007bede5913eb0
Event: 0.405 Thread 0x00007bede002ba60 DEOPT UNPACKING pc=0x00007bedd56b5e2f sp=0x00007bede5913330 mode 0
Event: 0.407 Thread 0x00007bede002ba60 DEOPT PACKING pc=0x00007bedce21c2ce sp=0x00007bede5913e40
Event: 0.407 Thread 0x00007bede002ba60 DEOPT UNPACKING pc=0x00007bedd56b5e2f sp=0x00007bede59132c0 mode 0
Event: 0.408 Thread 0x00007bede002ba60 DEOPT PACKING pc=0x00007bedce21c2ce sp=0x00007bede5913eb0
Event: 0.408 Thread 0x00007bede002ba60 DEOPT UNPACKING pc=0x00007bedd56b5e2f sp=0x00007bede5913330 mode 0
Event: 0.410 Thread 0x00007bede002ba60 DEOPT PACKING pc=0x00007bedce21c2ce sp=0x00007bede5914010
Event: 0.410 Thread 0x00007bede002ba60 DEOPT UNPACKING pc=0x00007bedd56b5e2f sp=0x00007bede5913490 mode 0
Event: 0.411 Thread 0x00007bede002ba60 DEOPT PACKING pc=0x00007bedce21c2ce sp=0x00007bede5913e00
Event: 0.411 Thread 0x00007bede002ba60 DEOPT UNPACKING pc=0x00007bedd56b5e2f sp=0x00007bede5913280 mode 0
Event: 0.412 Thread 0x00007bede002ba60 DEOPT PACKING pc=0x00007bedce21c2ce sp=0x00007bede5913b80
Event: 0.412 Thread 0x00007bede002ba60 DEOPT UNPACKING pc=0x00007bedd56b5e2f sp=0x00007bede5913000 mode 0
Event: 0.439 Thread 0x00007bede002ba60 Uncommon trap: trap_request=0xffffff6e fr.pc=0x00007bedd5dc3b44 relative=0x0000000000000424
Event: 0.439 Thread 0x00007bede002ba60 Uncommon trap: reason=loop_limit_check action=maybe_recompile pc=0x00007bedd5dc3b44 method=java.lang.StringLatin1.indexOf([BI[BII)I @ 37 c2
Event: 0.439 Thread 0x00007bede002ba60 DEOPT PACKING pc=0x00007bedd5dc3b44 sp=0x00007bede5913e10
Event: 0.440 Thread 0x00007bede002ba60 DEOPT UNPACKING pc=0x00007bedd56b5699 sp=0x00007bede5913d90 mode 2
Event: 0.460 Thread 0x00007bede002ba60 Uncommon trap: trap_request=0xffffff45 fr.pc=0x00007bedd5dce7b8 relative=0x00000000000015f8
Event: 0.460 Thread 0x00007bede002ba60 Uncommon trap: reason=unstable_if action=reinterpret pc=0x00007bedd5dce7b8 method=jdk.internal.jimage.ImageStringsReader.stringFromByteBufferMatches(Ljava/nio/ByteBuffer;ILjava/lang/String;I)I @ 48 c2
Event: 0.460 Thread 0x00007bede002ba60 DEOPT PACKING pc=0x00007bedd5dce7b8 sp=0x00007bede5913ee0
Event: 0.460 Thread 0x00007bede002ba60 DEOPT UNPACKING pc=0x00007bedd56b5699 sp=0x00007bede5913ca8 mode 2

Classes loaded (20 events):
Event: 0.393 Loading class java/lang/CompoundEnumeration
Event: 0.393 Loading class java/lang/CompoundEnumeration done
Event: 0.393 Loading class jdk/internal/loader/URLClassPath$1
Event: 0.393 Loading class jdk/internal/loader/URLClassPath$1 done
Event: 0.397 Loading class jdk/internal/misc/ScopedMemoryAccess$Scope
Event: 0.397 Loading class jdk/internal/misc/ScopedMemoryAccess$Scope done
Event: 0.477 Loading class java/lang/invoke/MethodHandleImpl$AsVarargsCollector
Event: 0.477 Loading class java/lang/invoke/MethodHandleImpl$AsVarargsCollector done
Event: 0.478 Loading class java/lang/invoke/BoundMethodHandle$Species_LL
Event: 0.478 Loading class java/lang/invoke/BoundMethodHandle$Species_LL done
Event: 0.479 Loading class java/lang/invoke/BoundMethodHandle$Species_LLL
Event: 0.479 Loading class java/lang/invoke/BoundMethodHandle$Species_LLL done
Event: 0.480 Loading class java/lang/Long$LongCache
Event: 0.480 Loading class java/lang/Long$LongCache done
Event: 0.480 Loading class java/lang/invoke/MethodHandles$1
Event: 0.480 Loading class java/lang/invoke/MethodHandles$1 done
Event: 0.480 Loading class java/lang/invoke/BoundMethodHandle$Species_LJ
Event: 0.480 Loading class java/lang/invoke/BoundMethodHandle$Species_LJ done
Event: 0.481 Loading class java/lang/invoke/BoundMethodHandle$Species_LLLL
Event: 0.481 Loading class java/lang/invoke/BoundMethodHandle$Species_LLLL done

Classes unloaded (0 events):
No events

Classes redefined (0 events):
No events

Internal exceptions (6 events):
Event: 0.337 Thread 0x00007bede002ba60 Exception <a 'java/lang/NoSuchMethodError'{0x000000071b39d580}: 'int java.lang.invoke.DirectMethodHandle$Holder.invokeStaticInit(java.lang.Object, java.lang.Object, java.lang.Object, java.lang.Object)'> (0x000000071b39d580) 
thrown [src/hotspot/share/interpreter/linkResolver.cpp, line 758]
Event: 0.339 Thread 0x00007bede002ba60 Exception <a 'java/lang/NoSuchMethodError'{0x000000071b3a82c0}: 'java.lang.Object java.lang.invoke.DirectMethodHandle$Holder.invokeInterface(java.lang.Object, java.lang.Object)'> (0x000000071b3a82c0) 
thrown [src/hotspot/share/interpreter/linkResolver.cpp, line 758]
Event: 0.340 Thread 0x00007bede002ba60 Exception <a 'java/lang/IncompatibleClassChangeError'{0x000000071b3ab9d8}: Found class java.lang.Object, but interface was expected> (0x000000071b3ab9d8) 
thrown [src/hotspot/share/interpreter/linkResolver.cpp, line 826]
Event: 0.340 Thread 0x00007bede002ba60 Exception <a 'java/lang/NoSuchMethodError'{0x000000071b3aeb50}: 'void java.lang.invoke.DirectMethodHandle$Holder.invokeStatic(java.lang.Object, java.lang.Object)'> (0x000000071b3aeb50) 
thrown [src/hotspot/share/interpreter/linkResolver.cpp, line 758]
Event: 0.340 Thread 0x00007bede002ba60 Exception <a 'java/lang/NoSuchMethodError'{0x000000071b3b21c0}: 'void java.lang.invoke.DirectMethodHandle$Holder.invokeStaticInit(java.lang.Object, java.lang.Object)'> (0x000000071b3b21c0) 
thrown [src/hotspot/share/interpreter/linkResolver.cpp, line 758]
Event: 0.341 Thread 0x00007bede002ba60 Exception <a 'java/lang/NoSuchMethodError'{0x000000071b3b8ab8}: 'int java.lang.invoke.DirectMethodHandle$Holder.invokeStaticInit(java.lang.Object, java.lang.Object)'> (0x000000071b3b8ab8) 
thrown [src/hotspot/share/interpreter/linkResolver.cpp, line 758]

VM Operations (20 events):
Event: 8.381 Executing VM operation: get/set locals
Event: 8.381 Executing VM operation: get/set locals done
Event: 8.381 Executing VM operation: get/set locals
Event: 8.381 Executing VM operation: get/set locals done
Event: 8.381 Executing VM operation: get/set locals
Event: 8.382 Executing VM operation: get/set locals done
Event: 8.382 Executing VM operation: get/set locals
Event: 8.382 Executing VM operation: get/set locals done
Event: 8.382 Executing VM operation: get/set locals
Event: 8.382 Executing VM operation: get/set locals done
Event: 8.382 Executing VM operation: get/set locals
Event: 8.382 Executing VM operation: get/set locals done
Event: 8.382 Executing VM operation: get/set locals
Event: 8.382 Executing VM operation: get/set locals done
Event: 11.115 Executing VM operation: ChangeSingleStep
Event: 11.115 Executing VM operation: ChangeSingleStep done
Event: 11.116 Executing VM operation: ChangeSingleStep
Event: 11.116 Executing VM operation: ChangeSingleStep done
Event: 11.116 Executing VM operation: ChangeSingleStep
Event: 11.116 Executing VM operation: ChangeSingleStep done

Memory protections (18 events):
Event: 0.003 Protecting memory [0x00007bede5816000,0x00007bede581a000] with protection modes 0
Event: 0.027 Protecting memory [0x00007bedc43f6000,0x00007bedc43fa000] with protection modes 0
Event: 0.027 Protecting memory [0x00007bedc42f5000,0x00007bedc42f9000] with protection modes 0
Event: 0.033 Protecting memory [0x00007bedbdeff000,0x00007bedbdf03000] with protection modes 0
Event: 0.034 Protecting memory [0x00007bedbddfe000,0x00007bedbde02000] with protection modes 0
Event: 0.034 Protecting memory [0x00007bedbdcfd000,0x00007bedbdd01000] with protection modes 0
Event: 0.034 Protecting memory [0x00007bedbdbfc000,0x00007bedbdc00000] with protection modes 0
Event: 0.034 Protecting memory [0x00007bedbdafb000,0x00007bedbdaff000] with protection modes 0
Event: 0.034 Protecting memory [0x00007bedbd9fa000,0x00007bedbd9fe000] with protection modes 0
Event: 0.049 Protecting memory [0x00007bedbd8f9000,0x00007bedbd8fd000] with protection modes 0
Event: 0.049 Protecting memory [0x00007bedbd7f8000,0x00007bedbd7fc000] with protection modes 0
Event: 0.052 Protecting memory [0x00007bedbd6f7000,0x00007bedbd6fb000] with protection modes 0
Event: 0.052 Protecting memory [0x00007bedbd5f6000,0x00007bedbd5fa000] with protection modes 0
Event: 0.052 Protecting memory [0x00007bedbd4f5000,0x00007bedbd4f9000] with protection modes 0
Event: 0.287 Protecting memory [0x00007bedbd3f4000,0x00007bedbd3f8000] with protection modes 0
Event: 0.291 Protecting memory [0x00007bedbd1f2000,0x00007bedbd1f6000] with protection modes 0
Event: 0.318 Protecting memory [0x00007bedbd0f1000,0x00007bedbd0f5000] with protection modes 0
Event: 0.395 Protecting memory [0x00007bedbce23000,0x00007bedbce27000] with protection modes 0

Nmethod flushes (0 events):
No events

Events (20 events):
Event: 0.027 Thread 0x00007bede002ba60 Thread added: 0x00007bede01f7c40
Event: 0.027 Thread 0x00007bede002ba60 Thread added: 0x00007bede01f91f0
Event: 0.033 Thread 0x00007bede002ba60 Thread added: 0x00007bede021a980
Event: 0.034 Thread 0x00007bede002ba60 Thread added: 0x00007bede021e1b0
Event: 0.034 Thread 0x00007bede002ba60 Thread added: 0x00007bede021f270
Event: 0.034 Thread 0x00007bede002ba60 Thread added: 0x00007bede0220980
Event: 0.034 Thread 0x00007bede002ba60 Thread added: 0x00007bede0221ec0
Event: 0.034 Thread 0x00007bede002ba60 Thread added: 0x00007bede0223360
Event: 0.049 Thread 0x00007bede0221ec0 Thread added: 0x00007bed7408c830
Event: 0.049 Thread 0x00007bed7408c830 Thread added: 0x00007bed68000f80
Event: 0.052 Thread 0x00007bede002ba60 Thread added: 0x00007bede02b8460
Event: 0.052 Thread 0x00007bede002ba60 Thread added: 0x00007bede02bb2a0
Event: 0.052 Thread 0x00007bede02b8460 Thread added: 0x00007bed5c000fb0
Event: 0.287 Thread 0x00007bede002ba60 Thread added: 0x00007bede02bc180
Event: 0.291 Thread 0x00007bede002ba60 Thread added: 0x00007bede02c69e0
Event: 0.318 Thread 0x00007bede002ba60 Thread added: 0x00007bede0378d90
Event: 0.395 Thread 0x00007bed68000f80 Thread added: 0x00007bed600d98b0
Event: 5.485 Thread 0x00007bed68000f80 Thread exited: 0x00007bed68000f80
Event: 5.485 Thread 0x00007bed7408c830 Thread exited: 0x00007bed7408c830
Event: 5.587 Thread 0x00007bed600d98b0 Thread exited: 0x00007bed600d98b0


Dynamic libraries:
70c200000-71b600000 rw-p 00000000 00:00 0 
71b600000-800000000 ---p 00000000 00:00 0 
800000000-800010000 rw-p 00000000 00:00 0 
800010000-800030000 rw-p 00000000 00:00 0 
800030000-8000b0000 rw-p 00000000 00:00 0 
8000b0000-8000e0000 rw-p 00000000 00:00 0 
8000e0000-840000000 ---p 00000000 00:00 0 
588519638000-588519639000 r--p 00000000 00:6b 1092721                    /home/vscode/.vscode-server/extensions/redhat.java-1.38.0-linux-x64/jre/17.0.13-linux-x86_64/bin/java
588519639000-58851963a000 r-xp 00001000 00:6b 1092721                    /home/vscode/.vscode-server/extensions/redhat.java-1.38.0-linux-x64/jre/17.0.13-linux-x86_64/bin/java
58851963a000-58851963b000 r--p 00002000 00:6b 1092721                    /home/vscode/.vscode-server/extensions/redhat.java-1.38.0-linux-x64/jre/17.0.13-linux-x86_64/bin/java
58851963b000-58851963c000 r--p 00002000 00:6b 1092721                    /home/vscode/.vscode-server/extensions/redhat.java-1.38.0-linux-x64/jre/17.0.13-linux-x86_64/bin/java
58851963c000-58851963d000 rw-p 00003000 00:6b 1092721                    /home/vscode/.vscode-server/extensions/redhat.java-1.38.0-linux-x64/jre/17.0.13-linux-x86_64/bin/java
58851ae7f000-58851aec7000 rw-p 00000000 00:00 0                          [heap]
7bed30000000-7bed30aa5000 rw-p 00000000 00:00 0 
7bed30aa5000-7bed34000000 ---p 00000000 00:00 0 
7bed38000000-7bed38021000 rw-p 00000000 00:00 0 
7bed38021000-7bed3c000000 ---p 00000000 00:00 0 
7bed3c000000-7bed3c021000 rw-p 00000000 00:00 0 
7bed3c021000-7bed40000000 ---p 00000000 00:00 0 
7bed44000000-7bed44021000 rw-p 00000000 00:00 0 
7bed44021000-7bed48000000 ---p 00000000 00:00 0 
7bed48000000-7bed48021000 rw-p 00000000 00:00 0 
7bed48021000-7bed4c000000 ---p 00000000 00:00 0 
7bed50000000-7bed50021000 rw-p 00000000 00:00 0 
7bed50021000-7bed54000000 ---p 00000000 00:00 0 
7bed54000000-7bed54021000 rw-p 00000000 00:00 0 
7bed54021000-7bed58000000 ---p 00000000 00:00 0 
7bed5c000000-7bed5c021000 rw-p 00000000 00:00 0 
7bed5c021000-7bed60000000 ---p 00000000 00:00 0 
7bed60000000-7bed601c8000 rw-p 00000000 00:00 0 
7bed601c8000-7bed64000000 ---p 00000000 00:00 0 
7bed68000000-7bed681e4000 rw-p 00000000 00:00 0 
7bed681e4000-7bed6c000000 ---p 00000000 00:00 0 
7bed6c000000-7bed6c021000 rw-p 00000000 00:00 0 
7bed6c021000-7bed70000000 ---p 00000000 00:00 0 
7bed74000000-7bed7419e000 rw-p 00000000 00:00 0 
7bed7419e000-7bed78000000 ---p 00000000 00:00 0 
7bed78000000-7bed78966000 rw-p 00000000 00:00 0 
7bed78966000-7bed7c000000 ---p 00000000 00:00 0 
7bed80000000-7bed80021000 rw-p 00000000 00:00 0 
7bed80021000-7bed84000000 ---p 00000000 00:00 0 
7bed84000000-7bed84021000 rw-p 00000000 00:00 0 
7bed84021000-7bed88000000 ---p 00000000 00:00 0 
7bed8c000000-7bed8c021000 rw-p 00000000 00:00 0 
7bed8c021000-7bed90000000 ---p 00000000 00:00 0 
7bed90000000-7bed90021000 rw-p 00000000 00:00 0 
7bed90021000-7bed94000000 ---p 00000000 00:00 0 
7bed98000000-7bed98021000 rw-p 00000000 00:00 0 
7bed98021000-7bed9c000000 ---p 00000000 00:00 0 
7bed9c000000-7bed9c021000 rw-p 00000000 00:00 0 
7bed9c021000-7beda0000000 ---p 00000000 00:00 0 
7beda0267000-7beda0337000 r--p 00000000 00:6b 1181539                    /home/vscode/.javacpp/cache/ffmpeg-7.1-1.5.11-linux-x86_64-gpl.jar/org/bytedeco/ffmpeg/linux-x86_64-gpl/libavcodec.so.61
7beda0337000-7beda3090000 r-xp 000d0000 00:6b 1181539                    /home/vscode/.javacpp/cache/ffmpeg-7.1-1.5.11-linux-x86_64-gpl.jar/org/bytedeco/ffmpeg/linux-x86_64-gpl/libavcodec.so.61
7beda3090000-7beda372e000 r--p 02e29000 00:6b 1181539                    /home/vscode/.javacpp/cache/ffmpeg-7.1-1.5.11-linux-x86_64-gpl.jar/org/bytedeco/ffmpeg/linux-x86_64-gpl/libavcodec.so.61
7beda372e000-7beda37c1000 r--p 034c6000 00:6b 1181539                    /home/vscode/.javacpp/cache/ffmpeg-7.1-1.5.11-linux-x86_64-gpl.jar/org/bytedeco/ffmpeg/linux-x86_64-gpl/libavcodec.so.61
7beda37c1000-7beda37db000 rw-p 03559000 00:6b 1181539                    /home/vscode/.javacpp/cache/ffmpeg-7.1-1.5.11-linux-x86_64-gpl.jar/org/bytedeco/ffmpeg/linux-x86_64-gpl/libavcodec.so.61
7beda37db000-7beda43f0000 rw-p 00000000 00:00 0 
7beda43f0000-7beda4470000 rw-p 00000000 00:00 0 
7beda4470000-7beda44f0000 rw-p 00000000 00:00 0 
7beda44f0000-7beda46f0000 rw-p 00000000 00:00 0 
7beda46f0000-7beda4730000 rw-p 00000000 00:00 0 
7beda4730000-7beda4800000 ---p 00000000 00:00 0 
7beda4800000-7beda4840000 rw-p 00000000 00:00 0 
7beda4840000-7beda8000000 ---p 00000000 00:00 0 
7beda8000000-7beda8021000 rw-p 00000000 00:00 0 
7beda8021000-7bedac000000 ---p 00000000 00:00 0 
7bedac000000-7bedac021000 rw-p 00000000 00:00 0 
7bedac021000-7bedb0000000 ---p 00000000 00:00 0 
7bedb2626000-7bedb2713000 rw-p 00000000 00:00 0 
7bedb2800000-7bedb2a01000 rw-p 00000000 00:00 0 
7bedb2a44000-7bedb2ac1000 r--p 00000000 00:6b 1181533                    /home/vscode/.javacpp/cache/ffmpeg-7.1-1.5.11-linux-x86_64-gpl.jar/org/bytedeco/ffmpeg/linux-x86_64-gpl/libavutil.so.59
7bedb2ac1000-7bedb2e94000 r-xp 0007d000 00:6b 1181533                    /home/vscode/.javacpp/cache/ffmpeg-7.1-1.5.11-linux-x86_64-gpl.jar/org/bytedeco/ffmpeg/linux-x86_64-gpl/libavutil.so.59
7bedb2e94000-7bedb2f7d000 r--p 00450000 00:6b 1181533                    /home/vscode/.javacpp/cache/ffmpeg-7.1-1.5.11-linux-x86_64-gpl.jar/org/bytedeco/ffmpeg/linux-x86_64-gpl/libavutil.so.59
7bedb2f7d000-7bedb2f7e000 ---p 00539000 00:6b 1181533                    /home/vscode/.javacpp/cache/ffmpeg-7.1-1.5.11-linux-x86_64-gpl.jar/org/bytedeco/ffmpeg/linux-x86_64-gpl/libavutil.so.59
7bedb2f7e000-7bedb2fea000 r--p 00539000 00:6b 1181533                    /home/vscode/.javacpp/cache/ffmpeg-7.1-1.5.11-linux-x86_64-gpl.jar/org/bytedeco/ffmpeg/linux-x86_64-gpl/libavutil.so.59
7bedb2fea000-7bedb2fee000 rw-p 005a5000 00:6b 1181533                    /home/vscode/.javacpp/cache/ffmpeg-7.1-1.5.11-linux-x86_64-gpl.jar/org/bytedeco/ffmpeg/linux-x86_64-gpl/libavutil.so.59
7bedb2fee000-7bedb4000000 rw-p 00000000 00:00 0 
7bedb4000000-7bedb4021000 rw-p 00000000 00:00 0 
7bedb4021000-7bedb8000000 ---p 00000000 00:00 0 
7bedb8000000-7bedb8021000 rw-p 00000000 00:00 0 
7bedb8021000-7bedbc000000 ---p 00000000 00:00 0 
7bedbc0e1000-7bedbc1a9000 r--p 00000000 00:6b 1181542                    /home/vscode/.javacpp/cache/ffmpeg-7.1-1.5.11-linux-x86_64-gpl.jar/org/bytedeco/ffmpeg/linux-x86_64-gpl/libavformat.so.61
7bedbc1a9000-7bedbc903000 r-xp 000c8000 00:6b 1181542                    /home/vscode/.javacpp/cache/ffmpeg-7.1-1.5.11-linux-x86_64-gpl.jar/org/bytedeco/ffmpeg/linux-x86_64-gpl/libavformat.so.61
7bedbc903000-7bedbcada000 r--p 00822000 00:6b 1181542                    /home/vscode/.javacpp/cache/ffmpeg-7.1-1.5.11-linux-x86_64-gpl.jar/org/bytedeco/ffmpeg/linux-x86_64-gpl/libavformat.so.61
7bedbcada000-7bedbcb76000 r--p 009f8000 00:6b 1181542                    /home/vscode/.javacpp/cache/ffmpeg-7.1-1.5.11-linux-x86_64-gpl.jar/org/bytedeco/ffmpeg/linux-x86_64-gpl/libavformat.so.61
7bedbcb76000-7bedbcb7f000 rw-p 00a94000 00:6b 1181542                    /home/vscode/.javacpp/cache/ffmpeg-7.1-1.5.11-linux-x86_64-gpl.jar/org/bytedeco/ffmpeg/linux-x86_64-gpl/libavformat.so.61
7bedbcb7f000-7bedbcb89000 rw-p 00000000 00:00 0 
7bedbcb89000-7bedbcbb2000 r--p 00000000 00:6b 1181541                    /home/vscode/.javacpp/cache/ffmpeg-7.1-1.5.11-linux-x86_64-gpl.jar/org/bytedeco/ffmpeg/linux-x86_64-gpl/libjniavcodec.so
7bedbcbb2000-7bedbcbed000 r-xp 00029000 00:6b 1181541                    /home/vscode/.javacpp/cache/ffmpeg-7.1-1.5.11-linux-x86_64-gpl.jar/org/bytedeco/ffmpeg/linux-x86_64-gpl/libjniavcodec.so
7bedbcbed000-7bedbcc10000 r--p 00064000 00:6b 1181541                    /home/vscode/.javacpp/cache/ffmpeg-7.1-1.5.11-linux-x86_64-gpl.jar/org/bytedeco/ffmpeg/linux-x86_64-gpl/libjniavcodec.so
7bedbcc10000-7bedbcc11000 ---p 00087000 00:6b 1181541                    /home/vscode/.javacpp/cache/ffmpeg-7.1-1.5.11-linux-x86_64-gpl.jar/org/bytedeco/ffmpeg/linux-x86_64-gpl/libjniavcodec.so
7bedbcc11000-7bedbcc24000 r--p 00087000 00:6b 1181541                    /home/vscode/.javacpp/cache/ffmpeg-7.1-1.5.11-linux-x86_64-gpl.jar/org/bytedeco/ffmpeg/linux-x86_64-gpl/libjniavcodec.so
7bedbcc24000-7bedbcc25000 rw-p 0009a000 00:6b 1181541                    /home/vscode/.javacpp/cache/ffmpeg-7.1-1.5.11-linux-x86_64-gpl.jar/org/bytedeco/ffmpeg/linux-x86_64-gpl/libjniavcodec.so
7bedbcc25000-7bedbcc26000 rw-p 00000000 00:00 0 
7bedbcc67000-7bedbcc8d000 r--p 00000000 00:6b 1181544                    /home/vscode/.javacpp/cache/ffmpeg-7.1-1.5.11-linux-x86_64-gpl.jar/org/bytedeco/ffmpeg/linux-x86_64-gpl/libjniavformat.so
7bedbcc8d000-7bedbccc6000 r-xp 00026000 00:6b 1181544                    /home/vscode/.javacpp/cache/ffmpeg-7.1-1.5.11-linux-x86_64-gpl.jar/org/bytedeco/ffmpeg/linux-x86_64-gpl/libjniavformat.so
7bedbccc6000-7bedbcce2000 r--p 0005f000 00:6b 1181544                    /home/vscode/.javacpp/cache/ffmpeg-7.1-1.5.11-linux-x86_64-gpl.jar/org/bytedeco/ffmpeg/linux-x86_64-gpl/libjniavformat.so
7bedbcce2000-7bedbccec000 r--p 0007a000 00:6b 1181544                    /home/vscode/.javacpp/cache/ffmpeg-7.1-1.5.11-linux-x86_64-gpl.jar/org/bytedeco/ffmpeg/linux-x86_64-gpl/libjniavformat.so
7bedbccec000-7bedbcced000 rw-p 00084000 00:6b 1181544                    /home/vscode/.javacpp/cache/ffmpeg-7.1-1.5.11-linux-x86_64-gpl.jar/org/bytedeco/ffmpeg/linux-x86_64-gpl/libjniavformat.so
7bedbcced000-7bedbccee000 rw-p 00000000 00:00 0 
7bedbccee000-7bedbcd4a000 r--p 00000000 00:6b 1181535                    /home/vscode/.javacpp/cache/ffmpeg-7.1-1.5.11-linux-x86_64-gpl.jar/org/bytedeco/ffmpeg/linux-x86_64-gpl/libjniavutil.so
7bedbcd4a000-7bedbcdd9000 r-xp 0005c000 00:6b 1181535                    /home/vscode/.javacpp/cache/ffmpeg-7.1-1.5.11-linux-x86_64-gpl.jar/org/bytedeco/ffmpeg/linux-x86_64-gpl/libjniavutil.so
7bedbcdd9000-7bedbce13000 r--p 000eb000 00:6b 1181535                    /home/vscode/.javacpp/cache/ffmpeg-7.1-1.5.11-linux-x86_64-gpl.jar/org/bytedeco/ffmpeg/linux-x86_64-gpl/libjniavutil.so
7bedbce13000-7bedbce14000 ---p 00125000 00:6b 1181535                    /home/vscode/.javacpp/cache/ffmpeg-7.1-1.5.11-linux-x86_64-gpl.jar/org/bytedeco/ffmpeg/linux-x86_64-gpl/libjniavutil.so
7bedbce14000-7bedbce20000 r--p 00125000 00:6b 1181535                    /home/vscode/.javacpp/cache/ffmpeg-7.1-1.5.11-linux-x86_64-gpl.jar/org/bytedeco/ffmpeg/linux-x86_64-gpl/libjniavutil.so
7bedbce20000-7bedbce22000 rw-p 00131000 00:6b 1181535                    /home/vscode/.javacpp/cache/ffmpeg-7.1-1.5.11-linux-x86_64-gpl.jar/org/bytedeco/ffmpeg/linux-x86_64-gpl/libjniavutil.so
7bedbce22000-7bedbce23000 rw-p 00000000 00:00 0 
7bedbce23000-7bedbce27000 ---p 00000000 00:00 0 
7bedbce27000-7bedbcf24000 rw-p 00000000 00:00 0 
7bedbcf24000-7bedbcfba000 r--p 00000000 00:6b 1055787                    /usr/lib/x86_64-linux-gnu/libstdc++.so.6.0.28
7bedbcfba000-7bedbd096000 r-xp 00096000 00:6b 1055787                    /usr/lib/x86_64-linux-gnu/libstdc++.so.6.0.28
7bedbd096000-7bedbd0e0000 r--p 00172000 00:6b 1055787                    /usr/lib/x86_64-linux-gnu/libstdc++.so.6.0.28
7bedbd0e0000-7bedbd0eb000 r--p 001bb000 00:6b 1055787                    /usr/lib/x86_64-linux-gnu/libstdc++.so.6.0.28
7bedbd0eb000-7bedbd0ee000 rw-p 001c6000 00:6b 1055787                    /usr/lib/x86_64-linux-gnu/libstdc++.so.6.0.28
7bedbd0ee000-7bedbd0f1000 rw-p 00000000 00:00 0 
7bedbd0f1000-7bedbd0f5000 ---p 00000000 00:00 0 
7bedbd0f5000-7bedbd1f2000 rw-p 00000000 00:00 0 
7bedbd1f2000-7bedbd1f6000 ---p 00000000 00:00 0 
7bedbd1f6000-7bedbd2f3000 rw-p 00000000 00:00 0 
7bedbd2f3000-7bedbd2f4000 ---p 00000000 00:00 0 
7bedbd2f4000-7bedbd3f4000 rw-p 00000000 00:00 0 
7bedbd3f4000-7bedbd3f8000 ---p 00000000 00:00 0 
7bedbd3f8000-7bedbd4f5000 rw-p 00000000 00:00 0 
7bedbd4f5000-7bedbd4f9000 ---p 00000000 00:00 0 
7bedbd4f9000-7bedbd5f6000 rw-p 00000000 00:00 0 
7bedbd5f6000-7bedbd5fa000 ---p 00000000 00:00 0 
7bedbd5fa000-7bedbd6f7000 rw-p 00000000 00:00 0 
7bedbd6f7000-7bedbd6fb000 ---p 00000000 00:00 0 
7bedbd6fb000-7bedbd7f8000 rw-p 00000000 00:00 0 
7bedbd7f8000-7bedbd7fc000 ---p 00000000 00:00 0 
7bedbd7fc000-7bedbd8f9000 rw-p 00000000 00:00 0 
7bedbd8f9000-7bedbd8fd000 ---p 00000000 00:00 0 
7bedbd8fd000-7bedbd9fa000 rw-p 00000000 00:00 0 
7bedbd9fa000-7bedbd9fe000 ---p 00000000 00:00 0 
7bedbd9fe000-7bedbdafb000 rw-p 00000000 00:00 0 
7bedbdafb000-7bedbdaff000 ---p 00000000 00:00 0 
7bedbdaff000-7bedbdbfc000 rw-p 00000000 00:00 0 
7bedbdbfc000-7bedbdc00000 ---p 00000000 00:00 0 
7bedbdc00000-7bedbdcfd000 rw-p 00000000 00:00 0 
7bedbdcfd000-7bedbdd01000 ---p 00000000 00:00 0 
7bedbdd01000-7bedbddfe000 rw-p 00000000 00:00 0 
7bedbddfe000-7bedbde02000 ---p 00000000 00:00 0 
7bedbde02000-7bedbdeff000 rw-p 00000000 00:00 0 
7bedbdeff000-7bedbdf03000 ---p 00000000 00:00 0 
7bedbdf03000-7bedbe000000 rw-p 00000000 00:00 0 
7bedbe000000-7bedc0000000 rw-p 00000000 00:00 0 
7bedc0000000-7bedc0021000 rw-p 00000000 00:00 0 
7bedc0021000-7bedc4000000 ---p 00000000 00:00 0 
7bedc400e000-7bedc42f5000 r--p 00000000 00:6b 1066999                    /usr/lib/locale/locale-archive
7bedc42f5000-7bedc42f9000 ---p 00000000 00:00 0 
7bedc42f9000-7bedc43f6000 rw-p 00000000 00:00 0 
7bedc43f6000-7bedc43fa000 ---p 00000000 00:00 0 
7bedc43fa000-7bedc44f7000 rw-p 00000000 00:00 0 
7bedc44f7000-7bedc44f8000 ---p 00000000 00:00 0 
7bedc44f8000-7bedc45f8000 rw-p 00000000 00:00 0 
7bedc45f8000-7bedc45f9000 ---p 00000000 00:00 0 
7bedc45f9000-7bedc46f9000 rw-p 00000000 00:00 0 
7bedc46f9000-7bedc46fa000 ---p 00000000 00:00 0 
7bedc46fa000-7bedc47fa000 rw-p 00000000 00:00 0 
7bedc47fa000-7bedc51d0000 rw-p 00000000 00:00 0 
7bedc51d0000-7bedc8af8000 ---p 00000000 00:00 0 
7bedc8aff000-7bedc8fd0000 rw-p 00000000 00:00 0 
7bedc8fd0000-7bedcc8f8000 ---p 00000000 00:00 0 
7bedcc8ff000-7bedcca7a000 rw-p 00000000 00:00 0 
7bedcca7a000-7bedcd19f000 ---p 00000000 00:00 0 
7bedcd1bd000-7bedcd1bf000 r--p 00000000 00:6b 1055035                    /lib/x86_64-linux-gnu/libmvec-2.31.so
7bedcd1bf000-7bedcd1cc000 r-xp 00002000 00:6b 1055035                    /lib/x86_64-linux-gnu/libmvec-2.31.so
7bedcd1cc000-7bedcd1e7000 r--p 0000f000 00:6b 1055035                    /lib/x86_64-linux-gnu/libmvec-2.31.so
7bedcd1e7000-7bedcd1e8000 r--p 00029000 00:6b 1055035                    /lib/x86_64-linux-gnu/libmvec-2.31.so
7bedcd1e8000-7bedcd1e9000 rw-p 0002a000 00:6b 1055035                    /lib/x86_64-linux-gnu/libmvec-2.31.so
7bedcd1e9000-7bedcd1ef000 r--p 00000000 00:6b 1181538                    /home/vscode/.javacpp/cache/ffmpeg-7.1-1.5.11-linux-x86_64-gpl.jar/org/bytedeco/ffmpeg/linux-x86_64-gpl/libjniswresample.so
7bedcd1ef000-7bedcd1f9000 r-xp 00006000 00:6b 1181538                    /home/vscode/.javacpp/cache/ffmpeg-7.1-1.5.11-linux-x86_64-gpl.jar/org/bytedeco/ffmpeg/linux-x86_64-gpl/libjniswresample.so
7bedcd1f9000-7bedcd1fe000 r--p 00010000 00:6b 1181538                    /home/vscode/.javacpp/cache/ffmpeg-7.1-1.5.11-linux-x86_64-gpl.jar/org/bytedeco/ffmpeg/linux-x86_64-gpl/libjniswresample.so
7bedcd1fe000-7bedcd1ff000 r--p 00014000 00:6b 1181538                    /home/vscode/.javacpp/cache/ffmpeg-7.1-1.5.11-linux-x86_64-gpl.jar/org/bytedeco/ffmpeg/linux-x86_64-gpl/libjniswresample.so
7bedcd1ff000-7bedcd200000 rw-p 00015000 00:6b 1181538                    /home/vscode/.javacpp/cache/ffmpeg-7.1-1.5.11-linux-x86_64-gpl.jar/org/bytedeco/ffmpeg/linux-x86_64-gpl/libjniswresample.so
7bedcd200000-7bedcd27a000 rw-p 00000000 00:00 0 
7bedcd27a000-7bedcd99f000 ---p 00000000 00:00 0 
7bedcd9b1000-7bedcd9b4000 r--p 00000000 00:6b 1181536                    /home/vscode/.javacpp/cache/ffmpeg-7.1-1.5.11-linux-x86_64-gpl.jar/org/bytedeco/ffmpeg/linux-x86_64-gpl/libswresample.so.5
7bedcd9b4000-7bedcd9c8000 r-xp 00003000 00:6b 1181536                    /home/vscode/.javacpp/cache/ffmpeg-7.1-1.5.11-linux-x86_64-gpl.jar/org/bytedeco/ffmpeg/linux-x86_64-gpl/libswresample.so.5
7bedcd9c8000-7bedcd9cd000 r--p 00017000 00:6b 1181536                    /home/vscode/.javacpp/cache/ffmpeg-7.1-1.5.11-linux-x86_64-gpl.jar/org/bytedeco/ffmpeg/linux-x86_64-gpl/libswresample.so.5
7bedcd9cd000-7bedcd9cf000 r--p 0001b000 00:6b 1181536                    /home/vscode/.javacpp/cache/ffmpeg-7.1-1.5.11-linux-x86_64-gpl.jar/org/bytedeco/ffmpeg/linux-x86_64-gpl/libswresample.so.5
7bedcd9cf000-7bedcd9d0000 rw-p 0001d000 00:6b 1181536                    /home/vscode/.javacpp/cache/ffmpeg-7.1-1.5.11-linux-x86_64-gpl.jar/org/bytedeco/ffmpeg/linux-x86_64-gpl/libswresample.so.5
7bedcd9d0000-7bedcd9d5000 r--p 00000000 00:6b 1181531                    /home/vscode/.javacpp/cache/ffmpeg-7.1-1.5.11-linux-x86_64-gpl.jar/org/bytedeco/ffmpeg/linux-x86_64-gpl/libdrm.so.2
7bedcd9d5000-7bedcd9e0000 r-xp 00005000 00:6b 1181531                    /home/vscode/.javacpp/cache/ffmpeg-7.1-1.5.11-linux-x86_64-gpl.jar/org/bytedeco/ffmpeg/linux-x86_64-gpl/libdrm.so.2
7bedcd9e0000-7bedcd9e4000 r--p 00010000 00:6b 1181531                    /home/vscode/.javacpp/cache/ffmpeg-7.1-1.5.11-linux-x86_64-gpl.jar/org/bytedeco/ffmpeg/linux-x86_64-gpl/libdrm.so.2
7bedcd9e4000-7bedcd9e5000 r--p 00013000 00:6b 1181531                    /home/vscode/.javacpp/cache/ffmpeg-7.1-1.5.11-linux-x86_64-gpl.jar/org/bytedeco/ffmpeg/linux-x86_64-gpl/libdrm.so.2
7bedcd9e5000-7bedcd9e6000 rw-p 00014000 00:6b 1181531                    /home/vscode/.javacpp/cache/ffmpeg-7.1-1.5.11-linux-x86_64-gpl.jar/org/bytedeco/ffmpeg/linux-x86_64-gpl/libdrm.so.2
7bedcd9e6000-7bedcd9e9000 r--p 00000000 00:6b 1055025                    /lib/x86_64-linux-gnu/libgcc_s.so.1
7bedcd9e9000-7bedcd9fa000 r-xp 00003000 00:6b 1055025                    /lib/x86_64-linux-gnu/libgcc_s.so.1
7bedcd9fa000-7bedcd9fe000 r--p 00014000 00:6b 1055025                    /lib/x86_64-linux-gnu/libgcc_s.so.1
7bedcd9fe000-7bedcd9ff000 r--p 00017000 00:6b 1055025                    /lib/x86_64-linux-gnu/libgcc_s.so.1
7bedcd9ff000-7bedcda00000 rw-p 00018000 00:6b 1055025                    /lib/x86_64-linux-gnu/libgcc_s.so.1
7bedcda00000-7bedcda7a000 rw-p 00000000 00:00 0 
7bedcda7a000-7bedce19f000 ---p 00000000 00:00 0 
7bedce1a8000-7bedce1b1000 r--p 00000000 00:6b 1181525                    /home/vscode/.javacpp/cache/javacpp-1.5.11-linux-x86_64.jar/org/bytedeco/javacpp/linux-x86_64/libjnijavacpp.so
7bedce1b1000-7bedce1c3000 r-xp 00009000 00:6b 1181525                    /home/vscode/.javacpp/cache/javacpp-1.5.11-linux-x86_64.jar/org/bytedeco/javacpp/linux-x86_64/libjnijavacpp.so
7bedce1c3000-7bedce1cd000 r--p 0001b000 00:6b 1181525                    /home/vscode/.javacpp/cache/javacpp-1.5.11-linux-x86_64.jar/org/bytedeco/javacpp/linux-x86_64/libjnijavacpp.so
7bedce1cd000-7bedce1ce000 r--p 00024000 00:6b 1181525                    /home/vscode/.javacpp/cache/javacpp-1.5.11-linux-x86_64.jar/org/bytedeco/javacpp/linux-x86_64/libjnijavacpp.so
7bedce1ce000-7bedce1cf000 rw-p 00025000 00:6b 1181525                    /home/vscode/.javacpp/cache/javacpp-1.5.11-linux-x86_64.jar/org/bytedeco/javacpp/linux-x86_64/libjnijavacpp.so
7bedce1cf000-7bedce200000 rw-p 00000000 00:00 0 
7bedce200000-7bedce470000 rwxp 00000000 00:00 0 
7bedce470000-7bedd565f000 ---p 00000000 00:00 0 
7bedd565f000-7bedd58cf000 rwxp 00000000 00:00 0 
7bedd58cf000-7bedd5da0000 ---p 00000000 00:00 0 
7bedd5da0000-7bedd6010000 rwxp 00000000 00:00 0 
7bedd6010000-7beddd200000 ---p 00000000 00:00 0 
7beddd207000-7beddd20b000 r--p 00000000 00:6b 1092862                    /home/vscode/.vscode-server/extensions/redhat.java-1.38.0-linux-x64/jre/17.0.13-linux-x86_64/lib/libnet.so
7beddd20b000-7beddd219000 r-xp 00004000 00:6b 1092862                    /home/vscode/.vscode-server/extensions/redhat.java-1.38.0-linux-x64/jre/17.0.13-linux-x86_64/lib/libnet.so
7beddd219000-7beddd21d000 r--p 00012000 00:6b 1092862                    /home/vscode/.vscode-server/extensions/redhat.java-1.38.0-linux-x64/jre/17.0.13-linux-x86_64/lib/libnet.so
7beddd21d000-7beddd21e000 r--p 00015000 00:6b 1092862                    /home/vscode/.vscode-server/extensions/redhat.java-1.38.0-linux-x64/jre/17.0.13-linux-x86_64/lib/libnet.so
7beddd21e000-7beddd21f000 rw-p 00016000 00:6b 1092862                    /home/vscode/.vscode-server/extensions/redhat.java-1.38.0-linux-x64/jre/17.0.13-linux-x86_64/lib/libnet.so
7beddd21f000-7beddd226000 r--p 00000000 00:6b 1092863                    /home/vscode/.vscode-server/extensions/redhat.java-1.38.0-linux-x64/jre/17.0.13-linux-x86_64/lib/libnio.so
7beddd226000-7beddd22f000 r-xp 00007000 00:6b 1092863                    /home/vscode/.vscode-server/extensions/redhat.java-1.38.0-linux-x64/jre/17.0.13-linux-x86_64/lib/libnio.so
7beddd22f000-7beddd233000 r--p 00010000 00:6b 1092863                    /home/vscode/.vscode-server/extensions/redhat.java-1.38.0-linux-x64/jre/17.0.13-linux-x86_64/lib/libnio.so
7beddd233000-7beddd234000 ---p 00014000 00:6b 1092863                    /home/vscode/.vscode-server/extensions/redhat.java-1.38.0-linux-x64/jre/17.0.13-linux-x86_64/lib/libnio.so
7beddd234000-7beddd235000 r--p 00014000 00:6b 1092863                    /home/vscode/.vscode-server/extensions/redhat.java-1.38.0-linux-x64/jre/17.0.13-linux-x86_64/lib/libnio.so
7beddd235000-7beddd236000 rw-p 00015000 00:6b 1092863                    /home/vscode/.vscode-server/extensions/redhat.java-1.38.0-linux-x64/jre/17.0.13-linux-x86_64/lib/libnio.so
7beddd236000-7beddd238000 r--p 00000000 00:6b 1092841                    /home/vscode/.vscode-server/extensions/redhat.java-1.38.0-linux-x64/jre/17.0.13-linux-x86_64/lib/libdt_socket.so
7beddd238000-7beddd23b000 r-xp 00002000 00:6b 1092841                    /home/vscode/.vscode-server/extensions/redhat.java-1.38.0-linux-x64/jre/17.0.13-linux-x86_64/lib/libdt_socket.so
7beddd23b000-7beddd23c000 r--p 00005000 00:6b 1092841                    /home/vscode/.vscode-server/extensions/redhat.java-1.38.0-linux-x64/jre/17.0.13-linux-x86_64/lib/libdt_socket.so
7beddd23c000-7beddd23d000 ---p 00006000 00:6b 1092841                    /home/vscode/.vscode-server/extensions/redhat.java-1.38.0-linux-x64/jre/17.0.13-linux-x86_64/lib/libdt_socket.so
7beddd23d000-7beddd23e000 r--p 00006000 00:6b 1092841                    /home/vscode/.vscode-server/extensions/redhat.java-1.38.0-linux-x64/jre/17.0.13-linux-x86_64/lib/libdt_socket.so
7beddd23e000-7beddd23f000 rw-p 00007000 00:6b 1092841                    /home/vscode/.vscode-server/extensions/redhat.java-1.38.0-linux-x64/jre/17.0.13-linux-x86_64/lib/libdt_socket.so
7beddd23f000-7beddd246000 r--s 00000000 00:6b 1055720                    /usr/lib/x86_64-linux-gnu/gconv/gconv-modules.cache
7beddd246000-7beddd3c8000 rw-p 00000000 00:00 0 
7beddd3c8000-7bede0000000 r--s 00000000 00:6b 1092871                    /home/vscode/.vscode-server/extensions/redhat.java-1.38.0-linux-x64/jre/17.0.13-linux-x86_64/lib/modules
7bede0000000-7bede084a000 rw-p 00000000 00:00 0 
7bede084a000-7bede4000000 ---p 00000000 00:00 0 
7bede4004000-7bede4006000 r--p 00000000 00:6b 1092870                    /home/vscode/.vscode-server/extensions/redhat.java-1.38.0-linux-x64/jre/17.0.13-linux-x86_64/lib/libzip.so
7bede4006000-7bede4018000 r-xp 00002000 00:6b 1092870                    /home/vscode/.vscode-server/extensions/redhat.java-1.38.0-linux-x64/jre/17.0.13-linux-x86_64/lib/libzip.so
7bede4018000-7bede4020000 r--p 00014000 00:6b 1092870                    /home/vscode/.vscode-server/extensions/redhat.java-1.38.0-linux-x64/jre/17.0.13-linux-x86_64/lib/libzip.so
7bede4020000-7bede4021000 r--p 0001b000 00:6b 1092870                    /home/vscode/.vscode-server/extensions/redhat.java-1.38.0-linux-x64/jre/17.0.13-linux-x86_64/lib/libzip.so
7bede4021000-7bede4022000 rw-p 0001c000 00:6b 1092870                    /home/vscode/.vscode-server/extensions/redhat.java-1.38.0-linux-x64/jre/17.0.13-linux-x86_64/lib/libzip.so
7bede4022000-7bede44c2000 rw-p 00000000 00:00 0 
7bede44c2000-7bede44c3000 ---p 00000000 00:00 0 
7bede44c3000-7bede45c3000 rw-p 00000000 00:00 0 
7bede45c3000-7bede45c4000 ---p 00000000 00:00 0 
7bede45c4000-7bede46c4000 rw-p 00000000 00:00 0 
7bede46c4000-7bede46c5000 ---p 00000000 00:00 0 
7bede46c5000-7bede47c5000 rw-p 00000000 00:00 0 
7bede47c5000-7bede5592000 rw-p 00000000 00:00 0 
7bede5592000-7bede5676000 ---p 00000000 00:00 0 
7bede5676000-7bede567b000 rw-p 00000000 00:00 0 
7bede567b000-7bede575f000 ---p 00000000 00:00 0 
7bede575f000-7bede5764000 rw-p 00000000 00:00 0 
7bede5764000-7bede576e000 ---p 00000000 00:00 0 
7bede576e000-7bede5771000 r--p 00000000 00:6b 1055043                    /lib/x86_64-linux-gnu/libnss_files-2.31.so
7bede5771000-7bede5778000 r-xp 00003000 00:6b 1055043                    /lib/x86_64-linux-gnu/libnss_files-2.31.so
7bede5778000-7bede577a000 r--p 0000a000 00:6b 1055043                    /lib/x86_64-linux-gnu/libnss_files-2.31.so
7bede577a000-7bede577b000 r--p 0000b000 00:6b 1055043                    /lib/x86_64-linux-gnu/libnss_files-2.31.so
7bede577b000-7bede577c000 rw-p 0000c000 00:6b 1055043                    /lib/x86_64-linux-gnu/libnss_files-2.31.so
7bede577c000-7bede5782000 rw-p 00000000 00:00 0 
7bede5782000-7bede578a000 rw-s 00000000 00:6b 1181507                    /tmp/hsperfdata_vscode/111334
7bede578a000-7bede5798000 r--p 00000000 00:6b 1092849                    /home/vscode/.vscode-server/extensions/redhat.java-1.38.0-linux-x64/jre/17.0.13-linux-x86_64/lib/libjava.so
7bede5798000-7bede57aa000 r-xp 0000e000 00:6b 1092849                    /home/vscode/.vscode-server/extensions/redhat.java-1.38.0-linux-x64/jre/17.0.13-linux-x86_64/lib/libjava.so
7bede57aa000-7bede57b0000 r--p 00020000 00:6b 1092849                    /home/vscode/.vscode-server/extensions/redhat.java-1.38.0-linux-x64/jre/17.0.13-linux-x86_64/lib/libjava.so
7bede57b0000-7bede57b1000 ---p 00026000 00:6b 1092849                    /home/vscode/.vscode-server/extensions/redhat.java-1.38.0-linux-x64/jre/17.0.13-linux-x86_64/lib/libjava.so
7bede57b1000-7bede57b2000 r--p 00026000 00:6b 1092849                    /home/vscode/.vscode-server/extensions/redhat.java-1.38.0-linux-x64/jre/17.0.13-linux-x86_64/lib/libjava.so
7bede57b2000-7bede57b3000 rw-p 00027000 00:6b 1092849                    /home/vscode/.vscode-server/extensions/redhat.java-1.38.0-linux-x64/jre/17.0.13-linux-x86_64/lib/libjava.so
7bede57b3000-7bede57b4000 rw-p 00000000 00:00 0 
7bede57b4000-7bede57b7000 r--p 00000000 00:6b 1092852                    /home/vscode/.vscode-server/extensions/redhat.java-1.38.0-linux-x64/jre/17.0.13-linux-x86_64/lib/libjdwp.so
7bede57b7000-7bede57e4000 r-xp 00003000 00:6b 1092852                    /home/vscode/.vscode-server/extensions/redhat.java-1.38.0-linux-x64/jre/17.0.13-linux-x86_64/lib/libjdwp.so
7bede57e4000-7bede57f2000 r--p 00030000 00:6b 1092852                    /home/vscode/.vscode-server/extensions/redhat.java-1.38.0-linux-x64/jre/17.0.13-linux-x86_64/lib/libjdwp.so
7bede57f2000-7bede57f3000 ---p 0003e000 00:6b 1092852                    /home/vscode/.vscode-server/extensions/redhat.java-1.38.0-linux-x64/jre/17.0.13-linux-x86_64/lib/libjdwp.so
7bede57f3000-7bede57f4000 r--p 0003e000 00:6b 1092852                    /home/vscode/.vscode-server/extensions/redhat.java-1.38.0-linux-x64/jre/17.0.13-linux-x86_64/lib/libjdwp.so
7bede57f4000-7bede57f5000 rw-p 0003f000 00:6b 1092852                    /home/vscode/.vscode-server/extensions/redhat.java-1.38.0-linux-x64/jre/17.0.13-linux-x86_64/lib/libjdwp.so
7bede57f5000-7bede57f6000 rw-p 00000000 00:00 0 
7bede57f6000-7bede57fa000 r--p 00000000 00:6b 1092853                    /home/vscode/.vscode-server/extensions/redhat.java-1.38.0-linux-x64/jre/17.0.13-linux-x86_64/lib/libjimage.so
7bede57fa000-7bede580d000 r-xp 00004000 00:6b 1092853                    /home/vscode/.vscode-server/extensions/redhat.java-1.38.0-linux-x64/jre/17.0.13-linux-x86_64/lib/libjimage.so
7bede580d000-7bede5813000 r--p 00017000 00:6b 1092853                    /home/vscode/.vscode-server/extensions/redhat.java-1.38.0-linux-x64/jre/17.0.13-linux-x86_64/lib/libjimage.so
7bede5813000-7bede5815000 r--p 0001c000 00:6b 1092853                    /home/vscode/.vscode-server/extensions/redhat.java-1.38.0-linux-x64/jre/17.0.13-linux-x86_64/lib/libjimage.so
7bede5815000-7bede5816000 rw-p 0001e000 00:6b 1092853                    /home/vscode/.vscode-server/extensions/redhat.java-1.38.0-linux-x64/jre/17.0.13-linux-x86_64/lib/libjimage.so
7bede5816000-7bede581a000 ---p 00000000 00:00 0 
7bede581a000-7bede5917000 rw-p 00000000 00:00 0 
7bede5917000-7bede5924000 r--p 00000000 00:6b 1055032                    /lib/x86_64-linux-gnu/libm-2.31.so
7bede5924000-7bede59be000 r-xp 0000d000 00:6b 1055032                    /lib/x86_64-linux-gnu/libm-2.31.so
7bede59be000-7bede5a59000 r--p 000a7000 00:6b 1055032                    /lib/x86_64-linux-gnu/libm-2.31.so
7bede5a59000-7bede5a5a000 r--p 00141000 00:6b 1055032                    /lib/x86_64-linux-gnu/libm-2.31.so
7bede5a5a000-7bede5a5b000 rw-p 00142000 00:6b 1055032                    /lib/x86_64-linux-gnu/libm-2.31.so
7bede5a5b000-7bede5a5d000 r--p 00000000 00:6b 1055060                    /lib/x86_64-linux-gnu/librt-2.31.so
7bede5a5d000-7bede5a61000 r-xp 00002000 00:6b 1055060                    /lib/x86_64-linux-gnu/librt-2.31.so
7bede5a61000-7bede5a63000 r--p 00006000 00:6b 1055060                    /lib/x86_64-linux-gnu/librt-2.31.so
7bede5a63000-7bede5a64000 r--p 00007000 00:6b 1055060                    /lib/x86_64-linux-gnu/librt-2.31.so
7bede5a64000-7bede5a65000 rw-p 00008000 00:6b 1055060                    /lib/x86_64-linux-gnu/librt-2.31.so
7bede5a65000-7bede5cb8000 r--p 00000000 00:6b 1180310                    /home/vscode/.vscode-server/extensions/redhat.java-1.38.0-linux-x64/jre/17.0.13-linux-x86_64/lib/server/libjvm.so
7bede5cb8000-7bede69e0000 r-xp 00253000 00:6b 1180310                    /home/vscode/.vscode-server/extensions/redhat.java-1.38.0-linux-x64/jre/17.0.13-linux-x86_64/lib/server/libjvm.so
7bede69e0000-7bede6c6d000 r--p 00f7b000 00:6b 1180310                    /home/vscode/.vscode-server/extensions/redhat.java-1.38.0-linux-x64/jre/17.0.13-linux-x86_64/lib/server/libjvm.so
7bede6c6d000-7bede6c6e000 ---p 01208000 00:6b 1180310                    /home/vscode/.vscode-server/extensions/redhat.java-1.38.0-linux-x64/jre/17.0.13-linux-x86_64/lib/server/libjvm.so
7bede6c6e000-7bede6d27000 r--p 01208000 00:6b 1180310                    /home/vscode/.vscode-server/extensions/redhat.java-1.38.0-linux-x64/jre/17.0.13-linux-x86_64/lib/server/libjvm.so
7bede6d27000-7bede6d5c000 rw-p 012c1000 00:6b 1180310                    /home/vscode/.vscode-server/extensions/redhat.java-1.38.0-linux-x64/jre/17.0.13-linux-x86_64/lib/server/libjvm.so
7bede6d5c000-7bede6db9000 rw-p 00000000 00:00 0 
7bede6db9000-7bede6ddb000 r--p 00000000 00:6b 1055011                    /lib/x86_64-linux-gnu/libc-2.31.so
7bede6ddb000-7bede6f34000 r-xp 00022000 00:6b 1055011                    /lib/x86_64-linux-gnu/libc-2.31.so
7bede6f34000-7bede6f83000 r--p 0017b000 00:6b 1055011                    /lib/x86_64-linux-gnu/libc-2.31.so
7bede6f83000-7bede6f87000 r--p 001c9000 00:6b 1055011                    /lib/x86_64-linux-gnu/libc-2.31.so
7bede6f87000-7bede6f89000 rw-p 001cd000 00:6b 1055011                    /lib/x86_64-linux-gnu/libc-2.31.so
7bede6f89000-7bede6f8d000 rw-p 00000000 00:00 0 
7bede6f8d000-7bede6f8e000 r--p 00000000 00:6b 1055019                    /lib/x86_64-linux-gnu/libdl-2.31.so
7bede6f8e000-7bede6f90000 r-xp 00001000 00:6b 1055019                    /lib/x86_64-linux-gnu/libdl-2.31.so
7bede6f90000-7bede6f91000 r--p 00003000 00:6b 1055019                    /lib/x86_64-linux-gnu/libdl-2.31.so
7bede6f91000-7bede6f92000 r--p 00003000 00:6b 1055019                    /lib/x86_64-linux-gnu/libdl-2.31.so
7bede6f92000-7bede6f93000 rw-p 00004000 00:6b 1055019                    /lib/x86_64-linux-gnu/libdl-2.31.so
7bede6f93000-7bede6f99000 r--p 00000000 00:6b 1055056                    /lib/x86_64-linux-gnu/libpthread-2.31.so
7bede6f99000-7bede6fa9000 r-xp 00006000 00:6b 1055056                    /lib/x86_64-linux-gnu/libpthread-2.31.so
7bede6fa9000-7bede6faf000 r--p 00016000 00:6b 1055056                    /lib/x86_64-linux-gnu/libpthread-2.31.so
7bede6faf000-7bede6fb0000 r--p 0001b000 00:6b 1055056                    /lib/x86_64-linux-gnu/libpthread-2.31.so
7bede6fb0000-7bede6fb1000 rw-p 0001c000 00:6b 1055056                    /lib/x86_64-linux-gnu/libpthread-2.31.so
7bede6fb1000-7bede6fb5000 rw-p 00000000 00:00 0 
7bede6fbb000-7bede6fbc000 ---p 00000000 00:00 0 
7bede6fbc000-7bede6fbd000 r--p 00000000 00:00 0 
7bede6fbd000-7bede6fc0000 r--p 00000000 00:6b 1092854                    /home/vscode/.vscode-server/extensions/redhat.java-1.38.0-linux-x64/jre/17.0.13-linux-x86_64/lib/libjli.so
7bede6fc0000-7bede6fd0000 r-xp 00003000 00:6b 1092854                    /home/vscode/.vscode-server/extensions/redhat.java-1.38.0-linux-x64/jre/17.0.13-linux-x86_64/lib/libjli.so
7bede6fd0000-7bede6fd7000 r--p 00013000 00:6b 1092854                    /home/vscode/.vscode-server/extensions/redhat.java-1.38.0-linux-x64/jre/17.0.13-linux-x86_64/lib/libjli.so
7bede6fd7000-7bede6fd8000 r--p 00019000 00:6b 1092854                    /home/vscode/.vscode-server/extensions/redhat.java-1.38.0-linux-x64/jre/17.0.13-linux-x86_64/lib/libjli.so
7bede6fd8000-7bede6fd9000 rw-p 0001a000 00:6b 1092854                    /home/vscode/.vscode-server/extensions/redhat.java-1.38.0-linux-x64/jre/17.0.13-linux-x86_64/lib/libjli.so
7bede6fd9000-7bede6fdb000 rw-p 00000000 00:00 0 
7bede6fdb000-7bede6fdc000 r--p 00000000 00:6b 1054999                    /lib/x86_64-linux-gnu/ld-2.31.so
7bede6fdc000-7bede6ffc000 r-xp 00001000 00:6b 1054999                    /lib/x86_64-linux-gnu/ld-2.31.so
7bede6ffc000-7bede7004000 r--p 00021000 00:6b 1054999                    /lib/x86_64-linux-gnu/ld-2.31.so
7bede7004000-7bede7005000 ---p 00000000 00:00 0 
7bede7005000-7bede7006000 r--p 00029000 00:6b 1054999                    /lib/x86_64-linux-gnu/ld-2.31.so
7bede7006000-7bede7007000 rw-p 0002a000 00:6b 1054999                    /lib/x86_64-linux-gnu/ld-2.31.so
7bede7007000-7bede7008000 rw-p 00000000 00:00 0 
7ffdee2f2000-7ffdee314000 rw-p 00000000 00:00 0                          [stack]
7ffdee3bf000-7ffdee3c3000 r--p 00000000 00:00 0                          [vvar]
7ffdee3c3000-7ffdee3c5000 r-xp 00000000 00:00 0                          [vdso]
ffffffffff600000-ffffffffff601000 --xp 00000000 00:00 0                  [vsyscall]


VM Arguments:
jvm_args: -agentlib:jdwp=transport=dt_socket,server=n,suspend=y,address=localhost:40187 -XX:+ShowCodeDetailsInExceptionMessages 
java_command: com.example.ReadFewFrame
java_class_path (initial): /workspaces/AntAssignment/flvmpconverter/target/classes:/home/vscode/.m2/repository/org/bytedeco/ffmpeg-platform/7.1-1.5.11/ffmpeg-platform-7.1-1.5.11.jar:/home/vscode/.m2/repository/org/bytedeco/javacpp-platform/1.5.11/javacpp-platform-1.5.11.jar:/home/vscode/.m2/repository/org/bytedeco/javacpp/1.5.11/javacpp-1.5.11.jar:/home/vscode/.m2/repository/org/bytedeco/javacpp/1.5.11/javacpp-1.5.11-android-arm64.jar:/home/vscode/.m2/repository/org/bytedeco/javacpp/1.5.11/javacpp-1.5.11-android-x86_64.jar:/home/vscode/.m2/repository/org/bytedeco/javacpp/1.5.11/javacpp-1.5.11-ios-arm64.jar:/home/vscode/.m2/repository/org/bytedeco/javacpp/1.5.11/javacpp-1.5.11-ios-x86_64.jar:/home/vscode/.m2/repository/org/bytedeco/javacpp/1.5.11/javacpp-1.5.11-linux-arm64.jar:/home/vscode/.m2/repository/org/bytedeco/javacpp/1.5.11/javacpp-1.5.11-linux-ppc64le.jar:/home/vscode/.m2/repository/org/bytedeco/javacpp/1.5.11/javacpp-1.5.11-linux-x86_64.jar:/home/vscode/.m2/repository/org/bytedeco/javacpp/1.5.11/javacpp-1.5.11-macosx-arm64.jar:/home/vscode/.m2/repository/org/bytedeco/javacpp/1.5.11/javacpp-1.5.11-macosx-x86_64.jar:/home/vscode/.m2/repository/org/bytedeco/javacpp/1.5.11/javacpp-1.5.11-windows-x86_64.jar:/home/vscode/.m2/repository/org/bytedeco/ffmpeg/7.1-1.5.11/ffmpeg-7.1-1.5.11.jar:/home/vscode/.m2/repository/org/bytedeco/ffmpeg/7.1-1.5.11/ffmpeg-7.1-1.5.11-android-arm64.jar:/home/vscode/.m2/repository/org/bytedeco/ffmpeg/7.1-1.5.11/ffmpeg-7.1-1.5.11-android-x86_64.jar:/home/vscode/.m2/repository/org/bytedeco/ffmpeg/7.1-1.5.11/ffmpeg-7.1-1.5.11-linux-x86_64.jar:/home/vscode/.m2/repository/org/bytedeco/ffmpeg/7.1-1.5.11/ffmpeg-7.1-1.5.11-linux-arm64.jar:/home/vscode/.m2/repository/org/bytedeco/ffmpeg/7.1-1.5.11/ffmpeg-7.1-1.5.11-macosx-arm64.jar:/home/vscode/.m2/repository/org/bytedeco/ffmpeg/7.1-1.5.11/ffmpeg-7.1-1.5.11-macosx-x86_64.jar:/home/vscode/.m2/repository/org/bytedeco/ffmpeg/7.1-1.5.11/ffmpeg-7.1-1.5.11-windows-x86_64.jar:/home/vscode/.m2/reposi
Launcher Type: SUN_STANDARD

[Global flags]
     intx CICompilerCount                          = 12                                        {product} {ergonomic}
     uint ConcGCThreads                            = 3                                         {product} {ergonomic}
     uint G1ConcRefinementThreads                  = 13                                        {product} {ergonomic}
   size_t G1HeapRegionSize                         = 2097152                                   {product} {ergonomic}
    uintx GCDrainStackTargetSize                   = 64                                        {product} {ergonomic}
   size_t InitialHeapSize                          = 255852544                                 {product} {ergonomic}
   size_t MarkStackSize                            = 4194304                                   {product} {ergonomic}
   size_t MaxHeapSize                              = 4091543552                                {product} {ergonomic}
   size_t MaxNewSize                               = 2453667840                                {product} {ergonomic}
   size_t MinHeapDeltaBytes                        = 2097152                                   {product} {ergonomic}
   size_t MinHeapSize                              = 8388608                                   {product} {ergonomic}
    uintx NonNMethodCodeHeapSize                   = 7602480                                {pd product} {ergonomic}
    uintx NonProfiledCodeHeapSize                  = 122027880                              {pd product} {ergonomic}
    uintx ProfiledCodeHeapSize                     = 122027880                              {pd product} {ergonomic}
    uintx ReservedCodeCacheSize                    = 251658240                              {pd product} {ergonomic}
     bool SegmentedCodeCache                       = true                                      {product} {ergonomic}
     bool ShowCodeDetailsInExceptionMessages       = true                                   {manageable} {command line}
   size_t SoftMaxHeapSize                          = 4091543552                             {manageable} {ergonomic}
     bool UseCompressedClassPointers               = true                           {product lp64_product} {ergonomic}
     bool UseCompressedOops                        = true                           {product lp64_product} {ergonomic}
     bool UseG1GC                                  = true                                      {product} {ergonomic}

Logging:
Log output configuration:
 #0: stdout all=warning uptime,level,tags
 #1: stderr all=off uptime,level,tags

Environment Variables:
JAVA_HOME=/usr/lib/jvm/msopenjdk-current
PATH=/vscode/vscode-server/bin/linux-x64/38c31bc77e0dd6ae88a4e9cc93428cc27a56ba40/bin/remote-cli:/usr/local/sdkman/bin:/usr/local/sdkman/candidates/java/current/bin:/usr/local/sdkman/candidates/gradle/current/bin:/usr/local/sdkman/candidates/maven/current/bin:/usr/local/sdkman/candidates/ant/current/bin:/usr/local/share/nvm/current/bin:/usr/local/sdkman/bin:/usr/local/sdkman/candidates/java/current/bin:/usr/local/sdkman/candidates/gradle/current/bin:/usr/local/sdkman/candidates/maven/current/bin:/usr/local/sdkman/candidates/ant/current/bin:/usr/lib/jvm/msopenjdk-current/bin:/usr/local/sdkman/bin:/usr/local/sdkman/candidates/java/current/bin:/usr/local/sdkman/candidates/gradle/current/bin:/usr/local/sdkman/candidates/maven/current/bin:/usr/local/sdkman/candidates/ant/current/bin:/usr/local/share/nvm/current/bin:/usr/local/sdkman/bin:/usr/local/sdkman/candidates/java/current/bin:/usr/local/sdkman/candidates/gradle/current/bin:/usr/local/sdkman/candidates/maven/current/bin:/usr/local/sdkman/candidates/ant/current/bin:/usr/lib/jvm/msopenjdk-current/bin:/usr/local/sbin:/usr/local/bin:/usr/sbin:/usr/bin:/sbin:/bin:/home/vscode/.local/bin
SHELL=/bin/bash
DISPLAY=:3
LANG=en_US.UTF-8
TERM=xterm-256color

Active Locale:
LC_ALL=en_US.UTF-8
LC_COLLATE=en_US.UTF-8
LC_CTYPE=en_US.UTF-8
LC_MESSAGES=en_US.UTF-8
LC_MONETARY=en_US.UTF-8
LC_NUMERIC=en_US.UTF-8
LC_TIME=en_US.UTF-8

Signal Handlers:
   SIGSEGV: crash_handler in libjvm.so, mask=11100100010111111101111111111110, flags=SA_RESTART|SA_SIGINFO, unblocked
    SIGBUS: crash_handler in libjvm.so, mask=11100100010111111101111111111110, flags=SA_RESTART|SA_SIGINFO, unblocked
    SIGFPE: crash_handler in libjvm.so, mask=11100100010111111101111111111110, flags=SA_RESTART|SA_SIGINFO, unblocked
   SIGPIPE: javaSignalHandler in libjvm.so, mask=11100100010111111101111111111110, flags=SA_RESTART|SA_SIGINFO, blocked
   SIGXFSZ: javaSignalHandler in libjvm.so, mask=11100100010111111101111111111110, flags=SA_RESTART|SA_SIGINFO, blocked
    SIGILL: crash_handler in libjvm.so, mask=11100100010111111101111111111110, flags=SA_RESTART|SA_SIGINFO, unblocked
   SIGUSR2: SR_handler in libjvm.so, mask=00000000000000000000000000000000, flags=SA_RESTART|SA_SIGINFO, blocked
    SIGHUP: UserHandler in libjvm.so, mask=11100100010111111101111111111110, flags=SA_RESTART|SA_SIGINFO, blocked
    SIGINT: UserHandler in libjvm.so, mask=11100100010111111101111111111110, flags=SA_RESTART|SA_SIGINFO, blocked
   SIGTERM: UserHandler in libjvm.so, mask=11100100010111111101111111111110, flags=SA_RESTART|SA_SIGINFO, blocked
   SIGQUIT: UserHandler in libjvm.so, mask=11100100010111111101111111111110, flags=SA_RESTART|SA_SIGINFO, blocked
   SIGTRAP: crash_handler in libjvm.so, mask=11100100010111111101111111111110, flags=SA_RESTART|SA_SIGINFO, unblocked


Periodic native trim disabled


---------------  S Y S T E M  ---------------

OS:
PRETTY_NAME="Debian GNU/Linux 11 (bullseye)"
NAME="Debian GNU/Linux"
VERSION_ID="11"
VERSION="11 (bullseye)"
VERSION_CODENAME=bullseye
ID=debian
HOME_URL="https://www.debian.org/"
SUPPORT_URL="https://www.debian.org/support"
BUG_REPORT_URL="https://bugs.debian.org/"
uname: Linux 6.8.0-40-generic #40~22.04.3-Ubuntu SMP PREEMPT_DYNAMIC Tue Jul 30 17:30:19 UTC 2 x86_64
OS uptime: 1 days 17:34 hours
libc: glibc 2.31 NPTL 2.31 
rlimit (soft/hard): STACK 8192k/infinity , CORE infinity/infinity , NPROC infinity/infinity , NOFILE 1048576/1048576 , AS infinity/infinity , CPU infinity/infinity , DATA infinity/infinity , FSIZE infinity/infinity , MEMLOCK 8192k/8192k
load average: 1.31 0.99 0.81

/proc/meminfo:
MemTotal:       15978416 kB
MemFree:          526712 kB
MemAvailable:    9833304 kB
Buffers:          313872 kB
Cached:          9497924 kB
SwapCached:           84 kB
Active:          7656640 kB
Inactive:        6287504 kB
Active(anon):    4721080 kB
Inactive(anon):     9280 kB
Active(file):    2935560 kB
Inactive(file):  6278224 kB
Unevictable:      335708 kB
Mlocked:              80 kB
SwapTotal:       2097148 kB
SwapFree:        2096636 kB
Zswap:                 0 kB
Zswapped:              0 kB
Dirty:               668 kB
Writeback:             0 kB
AnonPages:       4468104 kB
Mapped:          1306024 kB
Shmem:            598012 kB
KReclaimable:     435376 kB
Slab:             805200 kB
SReclaimable:     435376 kB
SUnreclaim:       369824 kB
KernelStack:       30288 kB
PageTables:        83548 kB
SecPageTables:         0 kB
NFS_Unstable:          0 kB
Bounce:                0 kB
WritebackTmp:          0 kB
CommitLimit:    10086356 kB
Committed_AS:   27744080 kB
VmallocTotal:   34359738367 kB
VmallocUsed:       70364 kB
VmallocChunk:          0 kB
Percpu:            21376 kB
HardwareCorrupted:     0 kB
AnonHugePages:         0 kB
ShmemHugePages:   368640 kB
ShmemPmdMapped:        0 kB
FileHugePages:         0 kB
FilePmdMapped:         0 kB
Unaccepted:            0 kB
HugePages_Total:       0
HugePages_Free:        0
HugePages_Rsvd:        0
HugePages_Surp:        0
Hugepagesize:       2048 kB
Hugetlb:               0 kB
DirectMap4k:      373372 kB
DirectMap2M:    11812864 kB
DirectMap1G:     5242880 kB

/sys/kernel/mm/transparent_hugepage/enabled: always [madvise] never
/sys/kernel/mm/transparent_hugepage/hpage_pmd_size: 2097152
/sys/kernel/mm/transparent_hugepage/defrag (defrag/compaction efforts parameter): always defer defer+madvise [madvise] never

Process Memory:
Virtual Size: 7412864K (peak: 7412864K)
Resident Set Size: 105576K (peak: 106752K) (anon: 65768K, file: 39808K, shmem: 0K)
Swapped out: 0K
C-Heap outstanding allocations: 42558K, retained: 24449K
glibc malloc tunables: (default)

/proc/sys/kernel/threads-max (system-wide limit on the number of threads): 124223
/proc/sys/vm/max_map_count (maximum number of memory map areas a process may have): 65530
/proc/sys/vm/swappiness (control to define how aggressively the kernel swaps out anonymous memory): 60
/proc/sys/kernel/pid_max (system-wide limit on number of process identifiers): 4194304

container (cgroup) information:
container_type: cgroupv2
cpu_cpuset_cpus: not supported
cpu_memory_nodes: not supported
active_processor_count: 16
cpu_quota: no quota
cpu_period: 100000
cpu_shares: no shares
memory_limit_in_bytes: unlimited
memory_and_swap_limit_in_bytes: unlimited
memory_soft_limit_in_bytes: unlimited
memory_usage_in_bytes: 2119884 k
memory_max_usage_in_bytes: not supported
memory_swap_current_in_bytes: unlimited
memory_swap_max_limit_in_bytes: unlimited
maximum number of tasks: 18633
current number of tasks: 219

Steal ticks since vm start: 0
Steal ticks percentage since vm start:  0.000

CPU: total 16 (initial active 16) (8 cores per cpu, 2 threads per core) family 6 model 154 stepping 3 microcode 0x433, cx8, cmov, fxsr, ht, mmx, 3dnowpref, sse, sse2, sse3, ssse3, sse4.1, sse4.2, popcnt, lzcnt, tsc, tscinvbit, avx, avx2, aes, erms, clmul, bmi1, bmi2, adx, sha, fma, vzeroupper, clflush, clflushopt, clwb
CPU Model and flags from /proc/cpuinfo:
model name	: 12th Gen Intel(R) Core(TM) i5-1240P
flags		: fpu vme de pse tsc msr pae mce cx8 apic sep mtrr pge mca cmov pat pse36 clflush dts acpi mmx fxsr sse sse2 ss ht tm pbe syscall nx pdpe1gb rdtscp lm constant_tsc art arch_perfmon pebs bts rep_good nopl xtopology nonstop_tsc cpuid aperfmperf tsc_known_freq pni pclmulqdq dtes64 monitor ds_cpl vmx smx est tm2 ssse3 sdbg fma cx16 xtpr pdcm sse4_1 sse4_2 x2apic movbe popcnt tsc_deadline_timer aes xsave avx f16c rdrand lahf_lm abm 3dnowprefetch cpuid_fault epb ssbd ibrs ibpb stibp ibrs_enhanced tpr_shadow flexpriority ept vpid ept_ad fsgsbase tsc_adjust bmi1 avx2 smep bmi2 erms invpcid rdseed adx smap clflushopt clwb intel_pt sha_ni xsaveopt xsavec xgetbv1 xsaves split_lock_detect user_shstk avx_vnni dtherm ida arat pln pts hwp hwp_notify hwp_act_window hwp_epp hwp_pkg_req hfi vnmi umip pku ospke waitpkg gfni vaes vpclmulqdq rdpid movdiri movdir64b fsrm md_clear serialize arch_lbr ibt flush_l1d arch_capabilities

Online cpus: 0-15
Offline cpus: 
BIOS frequency limitation: <Not Available>
Frequency switch latency (ns): 0
Available cpu frequencies: <Not Available>
Current governor: powersave
Core performance/turbo boost: <Not Available>

Memory: 4k page, physical 15978416k(526712k free), swap 2097148k(2096636k free)
Page Sizes: 4k

vm_info: OpenJDK 64-Bit Server VM (17.0.13+11) for linux-amd64 JRE (17.0.13+11), built on Oct 15 2024 00:00:00 by "admin" with gcc 10.3.0

END.
