#
# A fatal error has been detected by the Java Runtime Environment:
#
#  SIGSEGV (0xb) at pc=0x0000700f188f74e9, pid=117036, tid=117037
#
# JRE version: OpenJDK Runtime Environment Temurin-17.0.13+11 (17.0.13+11) (build 17.0.13+11)
# Java VM: OpenJDK 64-Bit Server VM Temurin-17.0.13+11 (17.0.13+11, mixed mode, tiered, compressed oops, compressed class ptrs, g1 gc, linux-amd64)
# Problematic frame:
# C  [libavcodec.so.61+0x6904e9]  avpriv_packet_list_get+0x29
#
# Core dump will be written. Default location: Core dumps may be processed with "/usr/share/apport/apport -p%p -s%s -c%c -d%d -P%P -u%u -g%g -- %E" (or dumping to /workspaces/AntAssignment/core.117036)
#
# If you would like to submit a bug report, please visit:
#   https://github.com/adoptium/adoptium-support/issues
# The crash happened outside the Java Virtual Machine in native code.
# See problematic frame for where to report the bug.
#

---------------  S U M M A R Y ------------

Command Line: -XX:+ShowCodeDetailsInExceptionMessages com.example.ReadFewFrame

Host: 12th Gen Intel(R) Core(TM) i5-1240P, 16 cores, 15G, Debian GNU/Linux 11 (bullseye)
Time: Wed Jan 22 08:26:58 2025 UTC elapsed time: 0.223341 seconds (0d 0h 0m 0s)

---------------  T H R E A D  ---------------

Current thread (0x0000700f4802a070):  JavaThread "main" [_thread_in_native, id=117037, stack(0x0000700f4f446000,0x0000700f4f547000)]

Stack: [0x0000700f4f446000,0x0000700f4f547000],  sp=0x0000700f4f545880,  free space=1022k
Native frames: (J=compiled Java code, j=interpreted, Vv=VM code, C=native code)
C  [libavcodec.so.61+0x6904e9]  avpriv_packet_list_get+0x29

Java frames: (J=compiled Java code, j=interpreted, Vv=VM code)
j  org.bytedeco.ffmpeg.global.avformat.av_read_frame(Lorg/bytedeco/ffmpeg/avformat/AVFormatContext;Lorg/bytedeco/ffmpeg/avcodec/AVPacket;)I+0
j  com.example.ReadFewFrame.main([Ljava/lang/String;)V+330
v  ~StubRoutines::call_stub

siginfo: si_signo: 11 (SIGSEGV), si_code: 1 (SEGV_MAPERR), si_addr: 0x0000000000000000

Registers:
RAX=0x0000700f4853efc0, RBX=0x0000700f0c6ec710, RCX=0x0000000000000000, RDX=0x0000000000000062
RSP=0x0000700f4f545880, RBP=0x0000700f4853efc0, RSI=0x0000000000000000, RDI=0x0000700f4853a468
R8 =0x0000700f4802b160, R9 =0x000000071a6b8900, R10=0xffffffffffffff4a, R11=0x0000700f24d38cc0
R12=0x0000000000000000, R13=0x0000700f4853a280, R14=0x0000000000000000, R15=0x0000700f4802a070
RIP=0x0000700f188f74e9, EFLAGS=0x0000000000010206, CSGSFS=0x002b000000000033, ERR=0x0000000000000006
  TRAPNO=0x000000000000000e


Register to memory mapping:

RAX=0x0000700f4853efc0 points into unknown readable memory: 0x0000700f4867bc00 | 00 bc 67 48 0f 70 00 00
RBX={method} {0x0000700f0c6ec710} 'av_read_frame' '(Lorg/bytedeco/ffmpeg/avformat/AVFormatContext;Lorg/bytedeco/ffmpeg/avcodec/AVPacket;)I' in 'org/bytedeco/ffmpeg/global/avformat'
RCX=0x0 is NULL
RDX=0x0000000000000062 is an unknown value
RSP=0x0000700f4f545880 is pointing into the stack for thread: 0x0000700f4802a070
RBP=0x0000700f4853efc0 points into unknown readable memory: 0x0000700f4867bc00 | 00 bc 67 48 0f 70 00 00
RSI=0x0 is NULL
RDI=0x0000700f4853a468 points into unknown readable memory: 0x0000700f4853efc0 | c0 ef 53 48 0f 70 00 00
R8 =0x0000700f4802b160 points into unknown readable memory: 0x0000700f0c400fc0 | c0 0f 40 0c 0f 70 00 00
R9 =0x000000071a6b8900 is an oop: org.bytedeco.ffmpeg.avformat.AVFormatContext 
{0x000000071a6b8900} - klass: 'org/bytedeco/ffmpeg/avformat/AVFormatContext'
 - ---- fields (total size 6 words):
 - private 'deallocator' 'Lorg/bytedeco/javacpp/Pointer$Deallocator;' @12  NULL (0)
 - protected 'address' 'J' @16  123210940260992 (4853a280 700f)
 - protected 'position' 'J' @24  0 (0 0)
 - protected 'limit' 'J' @32  0 (0 0)
 - protected 'capacity' 'J' @40  0 (0 0)
R10=0xffffffffffffff4a is an unknown value
R11=0x0000700f24d38cc0: av_read_frame+0x0000000000000000 in /home/vscode/.javacpp/cache/ffmpeg-7.1-1.5.11-linux-x86_64-gpl.jar/org/bytedeco/ffmpeg/linux-x86_64-gpl/libavformat.so.61 at 0x0000700f24c09000
R12=0x0 is NULL
R13=0x0000700f4853a280 points into unknown readable memory: 0x0000700f2561c360 | 60 c3 61 25 0f 70 00 00
R14=0x0 is NULL
R15=0x0000700f4802a070 is a thread


Top of Stack: (sp=0x0000700f4f545880)
0x0000700f4f545880:   0000700f4853efc0 11dab64925f4e600
0x0000700f4f545890:   0000700f4f5458d0 0000700f24d38d07
0x0000700f4f5458a0:   0000700f0c6ec710 000000004802a070
0x0000700f4f5458b0:   0000700f4f545978 0000700f0c6ec710
0x0000700f4f5458c0:   0000700f4f545950 0000000000000000
0x0000700f4f5458d0:   0000700f0c6ec708 0000700f4f545978
0x0000700f4f5458e0:   0000700f4802a070 0000700f4046c5da
0x0000700f4f5458f0:   0000700f4f545950 0000700f4046c35e
0x0000700f4f545900:   0000700f4046c316 0000700f4f545908
0x0000700f4f545910:   0000700f0c6ec708 0000700f4f545978
0x0000700f4f545920:   0000700f0c6f1340 0000000000000000
0x0000700f4f545930:   000000071a97fc68 0000700f0c6ec710
0x0000700f4f545940:   0000000000000000 0000700f4f545970
0x0000700f4f545950:   0000700f4f5459c8 0000700f40468374
0x0000700f4f545960:   000000071a97fc68 0000700f40469ff6
0x0000700f4f545970:   0000000000000000 000000071a6b8900
0x0000700f4f545980:   0000700f4f545980 0000700f0c400e0a
0x0000700f4f545990:   0000700f4f545a28 0000700f0c4010d8
0x0000700f4f5459a0:   0000000000000000 000000071b56c968
0x0000700f4f5459b0:   0000700f0c400fc0 0000700f4f545970
0x0000700f4f5459c0:   0000700f4f545a28 0000700f4f545a90
0x0000700f4f5459d0:   0000700f4045fcc9 000000071a70e5f0
0x0000700f4f5459e0:   000000071a70e548 0000000000000000
0x0000700f4f5459f0:   000000071a728008 0000000000000002
0x0000700f4f545a00:   000000071a6b9f00 0000000000000000
0x0000700f4f545a10:   000000071b56ed88 000000071b56ed50
0x0000700f4f545a20:   000000071b56d550 000000071b56d470
0x0000700f4f545a30:   0000000000001fa0 0000700f4f545bb0
0x0000700f4f545a40:   000000000000000e 0000700f4f545cf8
0x0000700f4f545a50:   0000700f4802a070 0000700f4f545c20
0x0000700f4f545a60:   0000700f4f545b20 0000700f4f545cf8
0x0000700f4f545a70:   000000000000000a 0000700f0c400fc0 

Instructions: (pc=0x0000700f188f74e9)
0x0000700f188f73e9:   83 e7 f8 4c 89 c1 4c 89 ee 48 29 f9 83 c1 68 c1
0x0000700f188f73f9:   e9 03 f3 48 ab 48 c7 45 50 ff ff ff ff 4c 89 c7
0x0000700f188f7409:   48 b8 00 00 00 00 00 00 00 80 48 89 45 10 48 89
0x0000700f188f7419:   45 18 48 b8 00 00 00 00 01 00 00 00 48 89 45 68
0x0000700f188f7429:   41 ff d4 85 c0 78 60 48 83 3b 00 48 c7 45 00 00
0x0000700f188f7439:   00 00 00 74 48 48 8b 43 08 48 89 28 48 89 6b 08
0x0000700f188f7449:   31 c0 48 83 c4 18 5b 5d 41 5c 41 5d c3 66 2e 0f
0x0000700f188f7459:   1f 84 00 00 00 00 00 4c 89 ef e8 58 fd ff ff 85
0x0000700f188f7469:   c0 78 24 48 8d 7d 08 4c 89 ee e8 b8 fc ff ff 48
0x0000700f188f7479:   83 3b 00 48 c7 45 00 00 00 00 00 75 b8 48 89 2b
0x0000700f188f7489:   eb ba 0f 1f 44 00 00 48 89 ef 89 44 24 0c e8 1c
0x0000700f188f7499:   19 a4 ff 8b 44 24 0c 48 83 c4 18 5b 5d 41 5c 41
0x0000700f188f74a9:   5d c3 b8 f4 ff ff ff eb 99 66 66 2e 0f 1f 84 00
0x0000700f188f74b9:   00 00 00 00 0f 1f 00 f3 0f 1e fa 48 83 ec 18 64
0x0000700f188f74c9:   48 8b 04 25 28 00 00 00 48 89 44 24 08 31 c0 48
0x0000700f188f74d9:   8b 07 48 89 04 24 48 85 c0 74 76 f3 0f 6f 40 08
0x0000700f188f74e9:   0f 11 06 f3 0f 6f 48 18 0f 11 4e 10 f3 0f 6f 50
0x0000700f188f74f9:   28 0f 11 56 20 f3 0f 6f 58 38 0f 11 5e 30 f3 0f
0x0000700f188f7509:   6f 60 48 0f 11 66 40 f3 0f 6f 68 58 0f 11 6e 50
0x0000700f188f7519:   48 8b 50 68 48 8b 00 48 89 56 60 48 89 07 48 85
0x0000700f188f7529:   c0 74 24 48 89 e7 e8 ac 13 a4 ff 31 c0 48 8b 4c
0x0000700f188f7539:   24 08 64 48 33 0c 25 28 00 00 00 75 1b 48 83 c4
0x0000700f188f7549:   18 c3 0f 1f 44 00 00 48 c7 47 08 00 00 00 00 eb
0x0000700f188f7559:   d2 b8 f5 ff ff ff eb d5 e8 5a 00 a4 ff 66 2e 0f
0x0000700f188f7569:   1f 84 00 00 00 00 00 f3 0f 1e fa 41 54 49 89 fc
0x0000700f188f7579:   55 53 48 83 ec 10 48 8b 1f 64 48 8b 04 25 28 00
0x0000700f188f7589:   00 00 48 89 44 24 08 31 c0 48 85 db 74 29 48 89
0x0000700f188f7599:   e5 66 0f 1f 44 00 00 48 89 df 48 89 1c 24 48 8b
0x0000700f188f75a9:   1b 48 83 c7 08 e8 5d f9 ff ff 48 89 ef e8 25 13
0x0000700f188f75b9:   a4 ff 48 85 db 75 e0 49 c7 44 24 08 00 00 00 00
0x0000700f188f75c9:   49 c7 04 24 00 00 00 00 48 8b 44 24 08 64 48 33
0x0000700f188f75d9:   04 25 28 00 00 00 75 09 48 83 c4 10 5b 5d 41 5c 


Stack slot to memory mapping:
stack at sp + 0 slots: 0x0000700f4853efc0 points into unknown readable memory: 0x0000700f4867bc00 | 00 bc 67 48 0f 70 00 00
stack at sp + 1 slots: 0x11dab64925f4e600 is an unknown value
stack at sp + 2 slots: 0x0000700f4f5458d0 is pointing into the stack for thread: 0x0000700f4802a070
stack at sp + 3 slots: 0x0000700f24d38d07: av_read_frame+0x0000000000000047 in /home/vscode/.javacpp/cache/ffmpeg-7.1-1.5.11-linux-x86_64-gpl.jar/org/bytedeco/ffmpeg/linux-x86_64-gpl/libavformat.so.61 at 0x0000700f24c09000
stack at sp + 4 slots: {method} {0x0000700f0c6ec710} 'av_read_frame' '(Lorg/bytedeco/ffmpeg/avformat/AVFormatContext;Lorg/bytedeco/ffmpeg/avcodec/AVPacket;)I' in 'org/bytedeco/ffmpeg/global/avformat'
stack at sp + 5 slots: 0x000000004802a070 is an unknown value
stack at sp + 6 slots: 0x0000700f4f545978 is pointing into the stack for thread: 0x0000700f4802a070
stack at sp + 7 slots: {method} {0x0000700f0c6ec710} 'av_read_frame' '(Lorg/bytedeco/ffmpeg/avformat/AVFormatContext;Lorg/bytedeco/ffmpeg/avcodec/AVPacket;)I' in 'org/bytedeco/ffmpeg/global/avformat'


---------------  P R O C E S S  ---------------

Threads class SMR info:
_java_thread_list=0x0000700f4835f760, length=14, elements={
0x0000700f4802a070, 0x0000700f481f6990, 0x0000700f481f7f40, 0x0000700f482196d0,
0x0000700f4821cf00, 0x0000700f4821dfc0, 0x0000700f4821f6d0, 0x0000700f48220c10,
0x0000700f482220b0, 0x0000700edc06c750, 0x0000700ed0000f80, 0x0000700f482a7ac0,
0x0000700f482b0d90, 0x0000700f4835edb0
}

Java Threads: ( => current thread )
=>0x0000700f4802a070 JavaThread "main" [_thread_in_native, id=117037, stack(0x0000700f4f446000,0x0000700f4f547000)]
  0x0000700f481f6990 JavaThread "Reference Handler" daemon [_thread_blocked, id=117045, stack(0x0000700f2c0ef000,0x0000700f2c1f0000)]
  0x0000700f481f7f40 JavaThread "Finalizer" daemon [_thread_blocked, id=117046, stack(0x0000700f27eff000,0x0000700f28000000)]
  0x0000700f482196d0 JavaThread "Signal Dispatcher" daemon [_thread_blocked, id=117047, stack(0x0000700f27b17000,0x0000700f27c18000)]
  0x0000700f4821cf00 JavaThread "Service Thread" daemon [_thread_blocked, id=117048, stack(0x0000700f27a16000,0x0000700f27b17000)]
  0x0000700f4821dfc0 JavaThread "Monitor Deflation Thread" daemon [_thread_blocked, id=117049, stack(0x0000700f27915000,0x0000700f27a16000)]
  0x0000700f4821f6d0 JavaThread "C2 CompilerThread0" daemon [_thread_in_native, id=117050, stack(0x0000700f27814000,0x0000700f27915000)]
  0x0000700f48220c10 JavaThread "C1 CompilerThread0" daemon [_thread_blocked, id=117051, stack(0x0000700f27713000,0x0000700f27814000)]
  0x0000700f482220b0 JavaThread "Sweeper thread" daemon [_thread_blocked, id=117052, stack(0x0000700f27612000,0x0000700f27713000)]
  0x0000700edc06c750 JavaThread "C1 CompilerThread1" daemon [_thread_blocked, id=117053, stack(0x0000700f27511000,0x0000700f27612000)]
  0x0000700ed0000f80 JavaThread "C1 CompilerThread2" daemon [_thread_blocked, id=117054, stack(0x0000700f27410000,0x0000700f27511000)]
  0x0000700f482a7ac0 JavaThread "Notification Thread" daemon [_thread_blocked, id=117055, stack(0x0000700f2730f000,0x0000700f27410000)]
  0x0000700f482b0d90 JavaThread "Common-Cleaner" daemon [_thread_blocked, id=117057, stack(0x0000700f2710d000,0x0000700f2720e000)]
  0x0000700f4835edb0 JavaThread "JavaCPP Deallocator" daemon [_thread_blocked, id=117058, stack(0x0000700f2700c000,0x0000700f2710d000)]

Other Threads:
  0x0000700f481a1c30 VMThread "VM Thread" [stack: 0x0000700f2c1f1000,0x0000700f2c2f1000] [id=117044]
  0x0000700f482a9200 WatcherThread [stack: 0x0000700f2720f000,0x0000700f2730f000] [id=117056]
  0x0000700f480941b0 GCTaskThread "GC Thread#0" [stack: 0x0000700f36f00000,0x0000700f37000000] [id=117038]
  0x0000700f480a4bb0 ConcurrentGCThread "G1 Main Marker" [stack: 0x0000700f33100000,0x0000700f33200000] [id=117039]
  0x0000700f480a5b20 ConcurrentGCThread "G1 Conc#0" [stack: 0x0000700f2f300000,0x0000700f2f400000] [id=117040]
  0x0000700f4816c6b0 ConcurrentGCThread "G1 Refine#0" [stack: 0x0000700f2c3f3000,0x0000700f2c4f3000] [id=117041]
  0x0000700f4816d5b0 ConcurrentGCThread "G1 Service" [stack: 0x0000700f2c2f2000,0x0000700f2c3f2000] [id=117042]

Threads with active compile tasks:
C2 CompilerThread0      227  642       4       java.util.jar.JarFile::getVersionedEntry (133 bytes)

VM state: not at safepoint (normal execution)

VM Mutex/Monitor currently owned by a thread: None

Heap address: 0x000000070c200000, size: 3902 MB, Compressed Oops mode: Zero based, Oop shift amount: 3

CDS archive(s) not mapped
Compressed class space mapped at: 0x0000000800000000-0x0000000840000000, reserved size: 1073741824
Narrow klass base: 0x0000000800000000, Narrow klass shift: 0, Narrow klass range: 0x40000000

GC Precious Log:
 CPUs: 16 total, 16 available
 Memory: 15603M
 Large Page Support: Disabled
 NUMA Support: Disabled
 Compressed Oops: Enabled (Zero based)
 Heap Region Size: 2M
 Heap Min Capacity: 8M
 Heap Initial Capacity: 244M
 Heap Max Capacity: 3902M
 Pre-touch: Disabled
 Parallel Workers: 13
 Concurrent Workers: 3
 Concurrent Refinement Workers: 13
 Periodic GC: Disabled

Heap:
 garbage-first heap   total 249856K, used 14336K [0x000000070c200000, 0x0000000800000000)
  region size 2048K, 8 young (16384K), 0 survivors (0K)
 Metaspace       used 8327K, committed 8512K, reserved 1114112K
  class space    used 820K, committed 896K, reserved 1048576K

Heap Regions: E=young(eden), S=young(survivor), O=old, HS=humongous(starts), HC=humongous(continues), CS=collection set, F=free, OA=open archive, CA=closed archive, TAMS=top-at-mark-start (previous, next)
|   0|0x000000070c200000, 0x000000070c200000, 0x000000070c400000|  0%| F|  |TAMS 0x000000070c200000, 0x000000070c200000| Untracked 
|   1|0x000000070c400000, 0x000000070c400000, 0x000000070c600000|  0%| F|  |TAMS 0x000000070c400000, 0x000000070c400000| Untracked 
|   2|0x000000070c600000, 0x000000070c600000, 0x000000070c800000|  0%| F|  |TAMS 0x000000070c600000, 0x000000070c600000| Untracked 
|   3|0x000000070c800000, 0x000000070c800000, 0x000000070ca00000|  0%| F|  |TAMS 0x000000070c800000, 0x000000070c800000| Untracked 
|   4|0x000000070ca00000, 0x000000070ca00000, 0x000000070cc00000|  0%| F|  |TAMS 0x000000070ca00000, 0x000000070ca00000| Untracked 
|   5|0x000000070cc00000, 0x000000070cc00000, 0x000000070ce00000|  0%| F|  |TAMS 0x000000070cc00000, 0x000000070cc00000| Untracked 
|   6|0x000000070ce00000, 0x000000070ce00000, 0x000000070d000000|  0%| F|  |TAMS 0x000000070ce00000, 0x000000070ce00000| Untracked 
|   7|0x000000070d000000, 0x000000070d000000, 0x000000070d200000|  0%| F|  |TAMS 0x000000070d000000, 0x000000070d000000| Untracked 
|   8|0x000000070d200000, 0x000000070d200000, 0x000000070d400000|  0%| F|  |TAMS 0x000000070d200000, 0x000000070d200000| Untracked 
|   9|0x000000070d400000, 0x000000070d400000, 0x000000070d600000|  0%| F|  |TAMS 0x000000070d400000, 0x000000070d400000| Untracked 
|  10|0x000000070d600000, 0x000000070d600000, 0x000000070d800000|  0%| F|  |TAMS 0x000000070d600000, 0x000000070d600000| Untracked 
|  11|0x000000070d800000, 0x000000070d800000, 0x000000070da00000|  0%| F|  |TAMS 0x000000070d800000, 0x000000070d800000| Untracked 
|  12|0x000000070da00000, 0x000000070da00000, 0x000000070dc00000|  0%| F|  |TAMS 0x000000070da00000, 0x000000070da00000| Untracked 
|  13|0x000000070dc00000, 0x000000070dc00000, 0x000000070de00000|  0%| F|  |TAMS 0x000000070dc00000, 0x000000070dc00000| Untracked 
|  14|0x000000070de00000, 0x000000070de00000, 0x000000070e000000|  0%| F|  |TAMS 0x000000070de00000, 0x000000070de00000| Untracked 
|  15|0x000000070e000000, 0x000000070e000000, 0x000000070e200000|  0%| F|  |TAMS 0x000000070e000000, 0x000000070e000000| Untracked 
|  16|0x000000070e200000, 0x000000070e200000, 0x000000070e400000|  0%| F|  |TAMS 0x000000070e200000, 0x000000070e200000| Untracked 
|  17|0x000000070e400000, 0x000000070e400000, 0x000000070e600000|  0%| F|  |TAMS 0x000000070e400000, 0x000000070e400000| Untracked 
|  18|0x000000070e600000, 0x000000070e600000, 0x000000070e800000|  0%| F|  |TAMS 0x000000070e600000, 0x000000070e600000| Untracked 
|  19|0x000000070e800000, 0x000000070e800000, 0x000000070ea00000|  0%| F|  |TAMS 0x000000070e800000, 0x000000070e800000| Untracked 
|  20|0x000000070ea00000, 0x000000070ea00000, 0x000000070ec00000|  0%| F|  |TAMS 0x000000070ea00000, 0x000000070ea00000| Untracked 
|  21|0x000000070ec00000, 0x000000070ec00000, 0x000000070ee00000|  0%| F|  |TAMS 0x000000070ec00000, 0x000000070ec00000| Untracked 
|  22|0x000000070ee00000, 0x000000070ee00000, 0x000000070f000000|  0%| F|  |TAMS 0x000000070ee00000, 0x000000070ee00000| Untracked 
|  23|0x000000070f000000, 0x000000070f000000, 0x000000070f200000|  0%| F|  |TAMS 0x000000070f000000, 0x000000070f000000| Untracked 
|  24|0x000000070f200000, 0x000000070f200000, 0x000000070f400000|  0%| F|  |TAMS 0x000000070f200000, 0x000000070f200000| Untracked 
|  25|0x000000070f400000, 0x000000070f400000, 0x000000070f600000|  0%| F|  |TAMS 0x000000070f400000, 0x000000070f400000| Untracked 
|  26|0x000000070f600000, 0x000000070f600000, 0x000000070f800000|  0%| F|  |TAMS 0x000000070f600000, 0x000000070f600000| Untracked 
|  27|0x000000070f800000, 0x000000070f800000, 0x000000070fa00000|  0%| F|  |TAMS 0x000000070f800000, 0x000000070f800000| Untracked 
|  28|0x000000070fa00000, 0x000000070fa00000, 0x000000070fc00000|  0%| F|  |TAMS 0x000000070fa00000, 0x000000070fa00000| Untracked 
|  29|0x000000070fc00000, 0x000000070fc00000, 0x000000070fe00000|  0%| F|  |TAMS 0x000000070fc00000, 0x000000070fc00000| Untracked 
|  30|0x000000070fe00000, 0x000000070fe00000, 0x0000000710000000|  0%| F|  |TAMS 0x000000070fe00000, 0x000000070fe00000| Untracked 
|  31|0x0000000710000000, 0x0000000710000000, 0x0000000710200000|  0%| F|  |TAMS 0x0000000710000000, 0x0000000710000000| Untracked 
|  32|0x0000000710200000, 0x0000000710200000, 0x0000000710400000|  0%| F|  |TAMS 0x0000000710200000, 0x0000000710200000| Untracked 
|  33|0x0000000710400000, 0x0000000710400000, 0x0000000710600000|  0%| F|  |TAMS 0x0000000710400000, 0x0000000710400000| Untracked 
|  34|0x0000000710600000, 0x0000000710600000, 0x0000000710800000|  0%| F|  |TAMS 0x0000000710600000, 0x0000000710600000| Untracked 
|  35|0x0000000710800000, 0x0000000710800000, 0x0000000710a00000|  0%| F|  |TAMS 0x0000000710800000, 0x0000000710800000| Untracked 
|  36|0x0000000710a00000, 0x0000000710a00000, 0x0000000710c00000|  0%| F|  |TAMS 0x0000000710a00000, 0x0000000710a00000| Untracked 
|  37|0x0000000710c00000, 0x0000000710c00000, 0x0000000710e00000|  0%| F|  |TAMS 0x0000000710c00000, 0x0000000710c00000| Untracked 
|  38|0x0000000710e00000, 0x0000000710e00000, 0x0000000711000000|  0%| F|  |TAMS 0x0000000710e00000, 0x0000000710e00000| Untracked 
|  39|0x0000000711000000, 0x0000000711000000, 0x0000000711200000|  0%| F|  |TAMS 0x0000000711000000, 0x0000000711000000| Untracked 
|  40|0x0000000711200000, 0x0000000711200000, 0x0000000711400000|  0%| F|  |TAMS 0x0000000711200000, 0x0000000711200000| Untracked 
|  41|0x0000000711400000, 0x0000000711400000, 0x0000000711600000|  0%| F|  |TAMS 0x0000000711400000, 0x0000000711400000| Untracked 
|  42|0x0000000711600000, 0x0000000711600000, 0x0000000711800000|  0%| F|  |TAMS 0x0000000711600000, 0x0000000711600000| Untracked 
|  43|0x0000000711800000, 0x0000000711800000, 0x0000000711a00000|  0%| F|  |TAMS 0x0000000711800000, 0x0000000711800000| Untracked 
|  44|0x0000000711a00000, 0x0000000711a00000, 0x0000000711c00000|  0%| F|  |TAMS 0x0000000711a00000, 0x0000000711a00000| Untracked 
|  45|0x0000000711c00000, 0x0000000711c00000, 0x0000000711e00000|  0%| F|  |TAMS 0x0000000711c00000, 0x0000000711c00000| Untracked 
|  46|0x0000000711e00000, 0x0000000711e00000, 0x0000000712000000|  0%| F|  |TAMS 0x0000000711e00000, 0x0000000711e00000| Untracked 
|  47|0x0000000712000000, 0x0000000712000000, 0x0000000712200000|  0%| F|  |TAMS 0x0000000712000000, 0x0000000712000000| Untracked 
|  48|0x0000000712200000, 0x0000000712200000, 0x0000000712400000|  0%| F|  |TAMS 0x0000000712200000, 0x0000000712200000| Untracked 
|  49|0x0000000712400000, 0x0000000712400000, 0x0000000712600000|  0%| F|  |TAMS 0x0000000712400000, 0x0000000712400000| Untracked 
|  50|0x0000000712600000, 0x0000000712600000, 0x0000000712800000|  0%| F|  |TAMS 0x0000000712600000, 0x0000000712600000| Untracked 
|  51|0x0000000712800000, 0x0000000712800000, 0x0000000712a00000|  0%| F|  |TAMS 0x0000000712800000, 0x0000000712800000| Untracked 
|  52|0x0000000712a00000, 0x0000000712a00000, 0x0000000712c00000|  0%| F|  |TAMS 0x0000000712a00000, 0x0000000712a00000| Untracked 
|  53|0x0000000712c00000, 0x0000000712c00000, 0x0000000712e00000|  0%| F|  |TAMS 0x0000000712c00000, 0x0000000712c00000| Untracked 
|  54|0x0000000712e00000, 0x0000000712e00000, 0x0000000713000000|  0%| F|  |TAMS 0x0000000712e00000, 0x0000000712e00000| Untracked 
|  55|0x0000000713000000, 0x0000000713000000, 0x0000000713200000|  0%| F|  |TAMS 0x0000000713000000, 0x0000000713000000| Untracked 
|  56|0x0000000713200000, 0x0000000713200000, 0x0000000713400000|  0%| F|  |TAMS 0x0000000713200000, 0x0000000713200000| Untracked 
|  57|0x0000000713400000, 0x0000000713400000, 0x0000000713600000|  0%| F|  |TAMS 0x0000000713400000, 0x0000000713400000| Untracked 
|  58|0x0000000713600000, 0x0000000713600000, 0x0000000713800000|  0%| F|  |TAMS 0x0000000713600000, 0x0000000713600000| Untracked 
|  59|0x0000000713800000, 0x0000000713800000, 0x0000000713a00000|  0%| F|  |TAMS 0x0000000713800000, 0x0000000713800000| Untracked 
|  60|0x0000000713a00000, 0x0000000713a00000, 0x0000000713c00000|  0%| F|  |TAMS 0x0000000713a00000, 0x0000000713a00000| Untracked 
|  61|0x0000000713c00000, 0x0000000713c00000, 0x0000000713e00000|  0%| F|  |TAMS 0x0000000713c00000, 0x0000000713c00000| Untracked 
|  62|0x0000000713e00000, 0x0000000713e00000, 0x0000000714000000|  0%| F|  |TAMS 0x0000000713e00000, 0x0000000713e00000| Untracked 
|  63|0x0000000714000000, 0x0000000714000000, 0x0000000714200000|  0%| F|  |TAMS 0x0000000714000000, 0x0000000714000000| Untracked 
|  64|0x0000000714200000, 0x0000000714200000, 0x0000000714400000|  0%| F|  |TAMS 0x0000000714200000, 0x0000000714200000| Untracked 
|  65|0x0000000714400000, 0x0000000714400000, 0x0000000714600000|  0%| F|  |TAMS 0x0000000714400000, 0x0000000714400000| Untracked 
|  66|0x0000000714600000, 0x0000000714600000, 0x0000000714800000|  0%| F|  |TAMS 0x0000000714600000, 0x0000000714600000| Untracked 
|  67|0x0000000714800000, 0x0000000714800000, 0x0000000714a00000|  0%| F|  |TAMS 0x0000000714800000, 0x0000000714800000| Untracked 
|  68|0x0000000714a00000, 0x0000000714a00000, 0x0000000714c00000|  0%| F|  |TAMS 0x0000000714a00000, 0x0000000714a00000| Untracked 
|  69|0x0000000714c00000, 0x0000000714c00000, 0x0000000714e00000|  0%| F|  |TAMS 0x0000000714c00000, 0x0000000714c00000| Untracked 
|  70|0x0000000714e00000, 0x0000000714e00000, 0x0000000715000000|  0%| F|  |TAMS 0x0000000714e00000, 0x0000000714e00000| Untracked 
|  71|0x0000000715000000, 0x0000000715000000, 0x0000000715200000|  0%| F|  |TAMS 0x0000000715000000, 0x0000000715000000| Untracked 
|  72|0x0000000715200000, 0x0000000715200000, 0x0000000715400000|  0%| F|  |TAMS 0x0000000715200000, 0x0000000715200000| Untracked 
|  73|0x0000000715400000, 0x0000000715400000, 0x0000000715600000|  0%| F|  |TAMS 0x0000000715400000, 0x0000000715400000| Untracked 
|  74|0x0000000715600000, 0x0000000715600000, 0x0000000715800000|  0%| F|  |TAMS 0x0000000715600000, 0x0000000715600000| Untracked 
|  75|0x0000000715800000, 0x0000000715800000, 0x0000000715a00000|  0%| F|  |TAMS 0x0000000715800000, 0x0000000715800000| Untracked 
|  76|0x0000000715a00000, 0x0000000715a00000, 0x0000000715c00000|  0%| F|  |TAMS 0x0000000715a00000, 0x0000000715a00000| Untracked 
|  77|0x0000000715c00000, 0x0000000715c00000, 0x0000000715e00000|  0%| F|  |TAMS 0x0000000715c00000, 0x0000000715c00000| Untracked 
|  78|0x0000000715e00000, 0x0000000715e00000, 0x0000000716000000|  0%| F|  |TAMS 0x0000000715e00000, 0x0000000715e00000| Untracked 
|  79|0x0000000716000000, 0x0000000716000000, 0x0000000716200000|  0%| F|  |TAMS 0x0000000716000000, 0x0000000716000000| Untracked 
|  80|0x0000000716200000, 0x0000000716200000, 0x0000000716400000|  0%| F|  |TAMS 0x0000000716200000, 0x0000000716200000| Untracked 
|  81|0x0000000716400000, 0x0000000716400000, 0x0000000716600000|  0%| F|  |TAMS 0x0000000716400000, 0x0000000716400000| Untracked 
|  82|0x0000000716600000, 0x0000000716600000, 0x0000000716800000|  0%| F|  |TAMS 0x0000000716600000, 0x0000000716600000| Untracked 
|  83|0x0000000716800000, 0x0000000716800000, 0x0000000716a00000|  0%| F|  |TAMS 0x0000000716800000, 0x0000000716800000| Untracked 
|  84|0x0000000716a00000, 0x0000000716a00000, 0x0000000716c00000|  0%| F|  |TAMS 0x0000000716a00000, 0x0000000716a00000| Untracked 
|  85|0x0000000716c00000, 0x0000000716c00000, 0x0000000716e00000|  0%| F|  |TAMS 0x0000000716c00000, 0x0000000716c00000| Untracked 
|  86|0x0000000716e00000, 0x0000000716e00000, 0x0000000717000000|  0%| F|  |TAMS 0x0000000716e00000, 0x0000000716e00000| Untracked 
|  87|0x0000000717000000, 0x0000000717000000, 0x0000000717200000|  0%| F|  |TAMS 0x0000000717000000, 0x0000000717000000| Untracked 
|  88|0x0000000717200000, 0x0000000717200000, 0x0000000717400000|  0%| F|  |TAMS 0x0000000717200000, 0x0000000717200000| Untracked 
|  89|0x0000000717400000, 0x0000000717400000, 0x0000000717600000|  0%| F|  |TAMS 0x0000000717400000, 0x0000000717400000| Untracked 
|  90|0x0000000717600000, 0x0000000717600000, 0x0000000717800000|  0%| F|  |TAMS 0x0000000717600000, 0x0000000717600000| Untracked 
|  91|0x0000000717800000, 0x0000000717800000, 0x0000000717a00000|  0%| F|  |TAMS 0x0000000717800000, 0x0000000717800000| Untracked 
|  92|0x0000000717a00000, 0x0000000717a00000, 0x0000000717c00000|  0%| F|  |TAMS 0x0000000717a00000, 0x0000000717a00000| Untracked 
|  93|0x0000000717c00000, 0x0000000717c00000, 0x0000000717e00000|  0%| F|  |TAMS 0x0000000717c00000, 0x0000000717c00000| Untracked 
|  94|0x0000000717e00000, 0x0000000717e00000, 0x0000000718000000|  0%| F|  |TAMS 0x0000000717e00000, 0x0000000717e00000| Untracked 
|  95|0x0000000718000000, 0x0000000718000000, 0x0000000718200000|  0%| F|  |TAMS 0x0000000718000000, 0x0000000718000000| Untracked 
|  96|0x0000000718200000, 0x0000000718200000, 0x0000000718400000|  0%| F|  |TAMS 0x0000000718200000, 0x0000000718200000| Untracked 
|  97|0x0000000718400000, 0x0000000718400000, 0x0000000718600000|  0%| F|  |TAMS 0x0000000718400000, 0x0000000718400000| Untracked 
|  98|0x0000000718600000, 0x0000000718600000, 0x0000000718800000|  0%| F|  |TAMS 0x0000000718600000, 0x0000000718600000| Untracked 
|  99|0x0000000718800000, 0x0000000718800000, 0x0000000718a00000|  0%| F|  |TAMS 0x0000000718800000, 0x0000000718800000| Untracked 
| 100|0x0000000718a00000, 0x0000000718a00000, 0x0000000718c00000|  0%| F|  |TAMS 0x0000000718a00000, 0x0000000718a00000| Untracked 
| 101|0x0000000718c00000, 0x0000000718c00000, 0x0000000718e00000|  0%| F|  |TAMS 0x0000000718c00000, 0x0000000718c00000| Untracked 
| 102|0x0000000718e00000, 0x0000000718e00000, 0x0000000719000000|  0%| F|  |TAMS 0x0000000718e00000, 0x0000000718e00000| Untracked 
| 103|0x0000000719000000, 0x0000000719000000, 0x0000000719200000|  0%| F|  |TAMS 0x0000000719000000, 0x0000000719000000| Untracked 
| 104|0x0000000719200000, 0x0000000719200000, 0x0000000719400000|  0%| F|  |TAMS 0x0000000719200000, 0x0000000719200000| Untracked 
| 105|0x0000000719400000, 0x0000000719400000, 0x0000000719600000|  0%| F|  |TAMS 0x0000000719400000, 0x0000000719400000| Untracked 
| 106|0x0000000719600000, 0x0000000719600000, 0x0000000719800000|  0%| F|  |TAMS 0x0000000719600000, 0x0000000719600000| Untracked 
| 107|0x0000000719800000, 0x0000000719800000, 0x0000000719a00000|  0%| F|  |TAMS 0x0000000719800000, 0x0000000719800000| Untracked 
| 108|0x0000000719a00000, 0x0000000719a00000, 0x0000000719c00000|  0%| F|  |TAMS 0x0000000719a00000, 0x0000000719a00000| Untracked 
| 109|0x0000000719c00000, 0x0000000719c00000, 0x0000000719e00000|  0%| F|  |TAMS 0x0000000719c00000, 0x0000000719c00000| Untracked 
| 110|0x0000000719e00000, 0x0000000719e00000, 0x000000071a000000|  0%| F|  |TAMS 0x0000000719e00000, 0x0000000719e00000| Untracked 
| 111|0x000000071a000000, 0x000000071a000000, 0x000000071a200000|  0%| F|  |TAMS 0x000000071a000000, 0x000000071a000000| Untracked 
| 112|0x000000071a200000, 0x000000071a200000, 0x000000071a400000|  0%| F|  |TAMS 0x000000071a200000, 0x000000071a200000| Untracked 
| 113|0x000000071a400000, 0x000000071a400000, 0x000000071a600000|  0%| F|  |TAMS 0x000000071a400000, 0x000000071a400000| Untracked 
| 114|0x000000071a600000, 0x000000071a7523b8, 0x000000071a800000| 66%| E|  |TAMS 0x000000071a600000, 0x000000071a600000| Complete 
| 115|0x000000071a800000, 0x000000071aa00000, 0x000000071aa00000|100%| E|CS|TAMS 0x000000071a800000, 0x000000071a800000| Complete 
| 116|0x000000071aa00000, 0x000000071ac00000, 0x000000071ac00000|100%| E|CS|TAMS 0x000000071aa00000, 0x000000071aa00000| Complete 
| 117|0x000000071ac00000, 0x000000071ae00000, 0x000000071ae00000|100%| E|CS|TAMS 0x000000071ac00000, 0x000000071ac00000| Complete 
| 118|0x000000071ae00000, 0x000000071b000000, 0x000000071b000000|100%| E|CS|TAMS 0x000000071ae00000, 0x000000071ae00000| Complete 
| 119|0x000000071b000000, 0x000000071b200000, 0x000000071b200000|100%| E|CS|TAMS 0x000000071b000000, 0x000000071b000000| Complete 
| 120|0x000000071b200000, 0x000000071b400000, 0x000000071b400000|100%| E|CS|TAMS 0x000000071b200000, 0x000000071b200000| Complete 
| 121|0x000000071b400000, 0x000000071b600000, 0x000000071b600000|100%| E|CS|TAMS 0x000000071b400000, 0x000000071b400000| Complete 

Card table byte_map: [0x0000700f37800000,0x0000700f37f9f000] _byte_map_base: 0x0000700f33f9f000

Marking Bits (Prev, Next): (CMBitMap*) 0x0000700f48094c40, (CMBitMap*) 0x0000700f48094c80
 Prev Bits: [0x0000700f33200000, 0x0000700f36ef8000)
 Next Bits: [0x0000700f2f400000, 0x0000700f330f8000)

Polling page: 0x0000700f50beb000

Metaspace:

Usage:
  Non-class:      7.33 MB used.
      Class:    820.12 KB used.
       Both:      8.13 MB used.

Virtual space:
  Non-class space:       64.00 MB reserved,       7.44 MB ( 12%) committed,  1 nodes.
      Class space:        1.00 GB reserved,     896.00 KB ( <1%) committed,  1 nodes.
             Both:        1.06 GB reserved,       8.31 MB ( <1%) committed. 

Chunk freelists:
   Non-Class:  7.93 MB
       Class:  15.06 MB
        Both:  22.98 MB

MaxMetaspaceSize: unlimited
CompressedClassSpaceSize: 1.00 GB
Initial GC threshold: 21.00 MB
Current GC threshold: 21.00 MB
CDS: off
MetaspaceReclaimPolicy: balanced
 - commit_granule_bytes: 65536.
 - commit_granule_words: 8192.
 - virtual_space_node_default_size: 8388608.
 - enlarge_chunks_in_place: 1.
 - new_chunks_are_fully_committed: 0.
 - uncommit_free_chunks: 1.
 - use_allocation_guard: 0.
 - handle_deallocations: 1.


Internal statistics:

num_allocs_failed_limit: 0.
num_arena_births: 32.
num_arena_deaths: 0.
num_vsnodes_births: 2.
num_vsnodes_deaths: 0.
num_space_committed: 133.
num_space_uncommitted: 0.
num_chunks_returned_to_freelist: 0.
num_chunks_taken_from_freelist: 111.
num_chunk_merges: 0.
num_chunk_splits: 79.
num_chunks_enlarged: 65.
num_inconsistent_stats: 0.

CodeHeap 'non-profiled nmethods': size=119168Kb used=191Kb max_used=191Kb free=118976Kb
 bounds [0x0000700f40ba0000, 0x0000700f40e10000, 0x0000700f48000000]
CodeHeap 'profiled nmethods': size=119164Kb used=1384Kb max_used=1384Kb free=117779Kb
 bounds [0x0000700f39000000, 0x0000700f39270000, 0x0000700f4045f000]
CodeHeap 'non-nmethods': size=7428Kb used=2250Kb max_used=2269Kb free=5177Kb
 bounds [0x0000700f4045f000, 0x0000700f406cf000, 0x0000700f40ba0000]
 total_blobs=1188 nmethods=777 adapters=323
 compilation: enabled
              stopped_count=0, restarted_count=0
 full_count=0

Compilation events (20 events):
Event: 0.221 Thread 0x0000700edc06c750  809       3       java.lang.StringLatin1::compareTo (52 bytes)
Event: 0.222 Thread 0x0000700f48220c10 nmethod 807 0x0000700f3914f210 code [0x0000700f3914f440, 0x0000700f3914fb50]
Event: 0.222 Thread 0x0000700edc06c750 nmethod 809 0x0000700f3914fe10 code [0x0000700f3914ffe0, 0x0000700f391503b0]
Event: 0.222 Thread 0x0000700f48220c10  810       3       java.lang.Class::annotationData (44 bytes)
Event: 0.222 Thread 0x0000700ed0000f80 nmethod 808% 0x0000700f39150590 code [0x0000700f39150800, 0x0000700f391512a0]
Event: 0.222 Thread 0x0000700ed0000f80  811       3       java.lang.Class::getAnnotation (22 bytes)
Event: 0.222 Thread 0x0000700f48220c10 nmethod 810 0x0000700f39151710 code [0x0000700f391518e0, 0x0000700f39151bb0]
Event: 0.222 Thread 0x0000700ed0000f80 nmethod 811 0x0000700f39151d10 code [0x0000700f39151f00, 0x0000700f39152380]
Event: 0.222 Thread 0x0000700f48220c10  812   !   3       jdk.proxy2.$Proxy2::value (29 bytes)
Event: 0.222 Thread 0x0000700f48220c10 nmethod 812 0x0000700f39152510 code [0x0000700f391526e0, 0x0000700f39152a90]
Event: 0.222 Thread 0x0000700edc06c750  813       3       sun.nio.fs.UnixPath::<init> (15 bytes)
Event: 0.223 Thread 0x0000700ed0000f80  814       3       java.net.URI$Parser::scan (41 bytes)
Event: 0.223 Thread 0x0000700edc06c750 nmethod 813 0x0000700f39152c90 code [0x0000700f39152e40, 0x0000700f39153070]
Event: 0.223 Thread 0x0000700f48220c10  815       3       java.io.File::getParent (65 bytes)
Event: 0.223 Thread 0x0000700edc06c750  817       3       java.lang.String::split (327 bytes)
Event: 0.223 Thread 0x0000700ed0000f80 nmethod 814 0x0000700f39153110 code [0x0000700f39153360, 0x0000700f39153c50]
Event: 0.223 Thread 0x0000700ed0000f80  816       3       java.lang.String::split (7 bytes)
Event: 0.223 Thread 0x0000700f48220c10 nmethod 815 0x0000700f39154090 code [0x0000700f391542c0, 0x0000700f391549b0]
Event: 0.223 Thread 0x0000700ed0000f80 nmethod 816 0x0000700f39154c90 code [0x0000700f39154e40, 0x0000700f39154f80]
Event: 0.223 Thread 0x0000700f48220c10  818       3       sun.nio.fs.UnixPath::isEmpty (14 bytes)

GC Heap History (0 events):
No events

Dll operation events (14 events):
Event: 0.002 Loaded shared library /home/vscode/.vscode-server/extensions/redhat.java-1.38.0-linux-x64/jre/17.0.13-linux-x86_64/lib/libjava.so
Event: 0.057 Loaded shared library /home/vscode/.vscode-server/extensions/redhat.java-1.38.0-linux-x64/jre/17.0.13-linux-x86_64/lib/libnio.so
Event: 0.062 Loaded shared library /home/vscode/.vscode-server/extensions/redhat.java-1.38.0-linux-x64/jre/17.0.13-linux-x86_64/lib/libzip.so
Event: 0.104 Loaded shared library /home/vscode/.vscode-server/extensions/redhat.java-1.38.0-linux-x64/jre/17.0.13-linux-x86_64/lib/libjimage.so
Event: 0.128 Loaded shared library /home/vscode/.javacpp/cache/javacpp-1.5.11-linux-x86_64.jar/org/bytedeco/javacpp/linux-x86_64/libjnijavacpp.so
Event: 0.157 Loaded shared library /home/vscode/.javacpp/cache/ffmpeg-7.1-1.5.11-linux-x86_64-gpl.jar/org/bytedeco/ffmpeg/linux-x86_64-gpl/libdrm.so.2
Event: 0.166 Loaded shared library /home/vscode/.javacpp/cache/ffmpeg-7.1-1.5.11-linux-x86_64-gpl.jar/org/bytedeco/ffmpeg/linux-x86_64-gpl/libavutil.so.59
Event: 0.167 Loaded shared library /home/vscode/.javacpp/cache/ffmpeg-7.1-1.5.11-linux-x86_64-gpl.jar/org/bytedeco/ffmpeg/linux-x86_64-gpl/libjniavutil.so
Event: 0.184 Loaded shared library /home/vscode/.javacpp/cache/ffmpeg-7.1-1.5.11-linux-x86_64-gpl.jar/org/bytedeco/ffmpeg/linux-x86_64-gpl/libswresample.so.5
Event: 0.185 Loaded shared library /home/vscode/.javacpp/cache/ffmpeg-7.1-1.5.11-linux-x86_64-gpl.jar/org/bytedeco/ffmpeg/linux-x86_64-gpl/libjniswresample.so
Event: 0.190 Loaded shared library /home/vscode/.javacpp/cache/ffmpeg-7.1-1.5.11-linux-x86_64-gpl.jar/org/bytedeco/ffmpeg/linux-x86_64-gpl/libavcodec.so.61
Event: 0.191 Loaded shared library /home/vscode/.javacpp/cache/ffmpeg-7.1-1.5.11-linux-x86_64-gpl.jar/org/bytedeco/ffmpeg/linux-x86_64-gpl/libjniavcodec.so
Event: 0.202 Loaded shared library /home/vscode/.javacpp/cache/ffmpeg-7.1-1.5.11-linux-x86_64-gpl.jar/org/bytedeco/ffmpeg/linux-x86_64-gpl/libavformat.so.61
Event: 0.203 Loaded shared library /home/vscode/.javacpp/cache/ffmpeg-7.1-1.5.11-linux-x86_64-gpl.jar/org/bytedeco/ffmpeg/linux-x86_64-gpl/libjniavformat.so

Deoptimization events (10 events):
Event: 0.134 Thread 0x0000700f4802a070 DEOPT PACKING pc=0x0000700f3901a7b6 sp=0x0000700f4f544d60
Event: 0.134 Thread 0x0000700f4802a070 DEOPT UNPACKING pc=0x0000700f404b5e2f sp=0x0000700f4f5441a0 mode 0
Event: 0.146 Thread 0x0000700f4802a070 DEOPT PACKING pc=0x0000700f39007dc2 sp=0x0000700f4f543ea0
Event: 0.146 Thread 0x0000700f4802a070 DEOPT UNPACKING pc=0x0000700f404b5e2f sp=0x0000700f4f543338 mode 0
Event: 0.150 Thread 0x0000700f4802a070 DEOPT PACKING pc=0x0000700f39007dc2 sp=0x0000700f4f543fb0
Event: 0.150 Thread 0x0000700f4802a070 DEOPT UNPACKING pc=0x0000700f404b5e2f sp=0x0000700f4f543448 mode 0
Event: 0.179 Thread 0x0000700f4802a070 Uncommon trap: trap_request=0xffffff6e fr.pc=0x0000700f40bbec44 relative=0x0000000000000424
Event: 0.179 Thread 0x0000700f4802a070 Uncommon trap: reason=loop_limit_check action=maybe_recompile pc=0x0000700f40bbec44 method=java.lang.StringLatin1.indexOf([BI[BII)I @ 37 c2
Event: 0.179 Thread 0x0000700f4802a070 DEOPT PACKING pc=0x0000700f40bbec44 sp=0x0000700f4f543e60
Event: 0.179 Thread 0x0000700f4802a070 DEOPT UNPACKING pc=0x0000700f404b5699 sp=0x0000700f4f543de0 mode 2

Classes loaded (20 events):
Event: 0.148 Loading class java/lang/CompoundEnumeration
Event: 0.148 Loading class java/lang/CompoundEnumeration done
Event: 0.148 Loading class jdk/internal/loader/URLClassPath$1
Event: 0.148 Loading class jdk/internal/loader/URLClassPath$1 done
Event: 0.163 Loading class jdk/internal/misc/ScopedMemoryAccess$Scope
Event: 0.163 Loading class jdk/internal/misc/ScopedMemoryAccess$Scope done
Event: 0.216 Loading class java/lang/invoke/MethodHandleImpl$AsVarargsCollector
Event: 0.216 Loading class java/lang/invoke/MethodHandleImpl$AsVarargsCollector done
Event: 0.217 Loading class java/lang/invoke/BoundMethodHandle$Species_LL
Event: 0.218 Loading class java/lang/invoke/BoundMethodHandle$Species_LL done
Event: 0.218 Loading class java/lang/invoke/BoundMethodHandle$Species_LLL
Event: 0.218 Loading class java/lang/invoke/BoundMethodHandle$Species_LLL done
Event: 0.219 Loading class java/lang/Long$LongCache
Event: 0.219 Loading class java/lang/Long$LongCache done
Event: 0.219 Loading class java/lang/invoke/MethodHandles$1
Event: 0.219 Loading class java/lang/invoke/MethodHandles$1 done
Event: 0.219 Loading class java/lang/invoke/BoundMethodHandle$Species_LJ
Event: 0.219 Loading class java/lang/invoke/BoundMethodHandle$Species_LJ done
Event: 0.219 Loading class java/lang/invoke/BoundMethodHandle$Species_LLLL
Event: 0.219 Loading class java/lang/invoke/BoundMethodHandle$Species_LLLL done

Classes unloaded (0 events):
No events

Classes redefined (0 events):
No events

Internal exceptions (6 events):
Event: 0.096 Thread 0x0000700f4802a070 Exception <a 'java/lang/NoSuchMethodError'{0x000000071b32bae0}: 'int java.lang.invoke.DirectMethodHandle$Holder.invokeStaticInit(java.lang.Object, java.lang.Object, java.lang.Object, java.lang.Object)'> (0x000000071b32bae0) 
thrown [src/hotspot/share/interpreter/linkResolver.cpp, line 758]
Event: 0.097 Thread 0x0000700f4802a070 Exception <a 'java/lang/NoSuchMethodError'{0x000000071b336820}: 'java.lang.Object java.lang.invoke.DirectMethodHandle$Holder.invokeInterface(java.lang.Object, java.lang.Object)'> (0x000000071b336820) 
thrown [src/hotspot/share/interpreter/linkResolver.cpp, line 758]
Event: 0.097 Thread 0x0000700f4802a070 Exception <a 'java/lang/IncompatibleClassChangeError'{0x000000071b339f38}: Found class java.lang.Object, but interface was expected> (0x000000071b339f38) 
thrown [src/hotspot/share/interpreter/linkResolver.cpp, line 826]
Event: 0.098 Thread 0x0000700f4802a070 Exception <a 'java/lang/NoSuchMethodError'{0x000000071b33d0b0}: 'void java.lang.invoke.DirectMethodHandle$Holder.invokeStatic(java.lang.Object, java.lang.Object)'> (0x000000071b33d0b0) 
thrown [src/hotspot/share/interpreter/linkResolver.cpp, line 758]
Event: 0.098 Thread 0x0000700f4802a070 Exception <a 'java/lang/NoSuchMethodError'{0x000000071b340720}: 'void java.lang.invoke.DirectMethodHandle$Holder.invokeStaticInit(java.lang.Object, java.lang.Object)'> (0x000000071b340720) 
thrown [src/hotspot/share/interpreter/linkResolver.cpp, line 758]
Event: 0.099 Thread 0x0000700f4802a070 Exception <a 'java/lang/NoSuchMethodError'{0x000000071b346df8}: 'int java.lang.invoke.DirectMethodHandle$Holder.invokeStaticInit(java.lang.Object, java.lang.Object)'> (0x000000071b346df8) 
thrown [src/hotspot/share/interpreter/linkResolver.cpp, line 758]

VM Operations (2 events):
Event: 0.063 Executing VM operation: HandshakeAllThreads
Event: 0.063 Executing VM operation: HandshakeAllThreads done

Memory protections (14 events):
Event: 0.002 Protecting memory [0x0000700f4f446000,0x0000700f4f44a000] with protection modes 0
Event: 0.023 Protecting memory [0x0000700f2c0ef000,0x0000700f2c0f3000] with protection modes 0
Event: 0.024 Protecting memory [0x0000700f27eff000,0x0000700f27f03000] with protection modes 0
Event: 0.028 Protecting memory [0x0000700f27b17000,0x0000700f27b1b000] with protection modes 0
Event: 0.028 Protecting memory [0x0000700f27a16000,0x0000700f27a1a000] with protection modes 0
Event: 0.028 Protecting memory [0x0000700f27915000,0x0000700f27919000] with protection modes 0
Event: 0.028 Protecting memory [0x0000700f27814000,0x0000700f27818000] with protection modes 0
Event: 0.028 Protecting memory [0x0000700f27713000,0x0000700f27717000] with protection modes 0
Event: 0.028 Protecting memory [0x0000700f27612000,0x0000700f27616000] with protection modes 0
Event: 0.043 Protecting memory [0x0000700f27511000,0x0000700f27515000] with protection modes 0
Event: 0.043 Protecting memory [0x0000700f27410000,0x0000700f27414000] with protection modes 0
Event: 0.046 Protecting memory [0x0000700f2730f000,0x0000700f27313000] with protection modes 0
Event: 0.050 Protecting memory [0x0000700f2710d000,0x0000700f27111000] with protection modes 0
Event: 0.078 Protecting memory [0x0000700f2700c000,0x0000700f27010000] with protection modes 0

Nmethod flushes (0 events):
No events

Events (14 events):
Event: 0.018 Thread 0x0000700f4802a070 Thread added: 0x0000700f4802a070
Event: 0.023 Thread 0x0000700f4802a070 Thread added: 0x0000700f481f6990
Event: 0.024 Thread 0x0000700f4802a070 Thread added: 0x0000700f481f7f40
Event: 0.028 Thread 0x0000700f4802a070 Thread added: 0x0000700f482196d0
Event: 0.028 Thread 0x0000700f4802a070 Thread added: 0x0000700f4821cf00
Event: 0.028 Thread 0x0000700f4802a070 Thread added: 0x0000700f4821dfc0
Event: 0.028 Thread 0x0000700f4802a070 Thread added: 0x0000700f4821f6d0
Event: 0.028 Thread 0x0000700f4802a070 Thread added: 0x0000700f48220c10
Event: 0.028 Thread 0x0000700f4802a070 Thread added: 0x0000700f482220b0
Event: 0.043 Thread 0x0000700f48220c10 Thread added: 0x0000700edc06c750
Event: 0.043 Thread 0x0000700edc06c750 Thread added: 0x0000700ed0000f80
Event: 0.046 Thread 0x0000700f4802a070 Thread added: 0x0000700f482a7ac0
Event: 0.050 Thread 0x0000700f4802a070 Thread added: 0x0000700f482b0d90
Event: 0.078 Thread 0x0000700f4802a070 Thread added: 0x0000700f4835edb0


Dynamic libraries:
70c200000-71b600000 rw-p 00000000 00:00 0 
71b600000-800000000 ---p 00000000 00:00 0 
800000000-800010000 rw-p 00000000 00:00 0 
800010000-800030000 rw-p 00000000 00:00 0 
800030000-8000b0000 rw-p 00000000 00:00 0 
8000b0000-8000e0000 rw-p 00000000 00:00 0 
8000e0000-840000000 ---p 00000000 00:00 0 
60d811390000-60d811391000 r--p 00000000 00:6b 1092721                    /home/vscode/.vscode-server/extensions/redhat.java-1.38.0-linux-x64/jre/17.0.13-linux-x86_64/bin/java
60d811391000-60d811392000 r-xp 00001000 00:6b 1092721                    /home/vscode/.vscode-server/extensions/redhat.java-1.38.0-linux-x64/jre/17.0.13-linux-x86_64/bin/java
60d811392000-60d811393000 r--p 00002000 00:6b 1092721                    /home/vscode/.vscode-server/extensions/redhat.java-1.38.0-linux-x64/jre/17.0.13-linux-x86_64/bin/java
60d811393000-60d811394000 r--p 00002000 00:6b 1092721                    /home/vscode/.vscode-server/extensions/redhat.java-1.38.0-linux-x64/jre/17.0.13-linux-x86_64/bin/java
60d811394000-60d811395000 rw-p 00003000 00:6b 1092721                    /home/vscode/.vscode-server/extensions/redhat.java-1.38.0-linux-x64/jre/17.0.13-linux-x86_64/bin/java
60d8127df000-60d812827000 rw-p 00000000 00:00 0                          [heap]
700eb0000000-700eb0021000 rw-p 00000000 00:00 0 
700eb0021000-700eb4000000 ---p 00000000 00:00 0 
700eb8000000-700eb8021000 rw-p 00000000 00:00 0 
700eb8021000-700ebc000000 ---p 00000000 00:00 0 
700ebc000000-700ebc021000 rw-p 00000000 00:00 0 
700ebc021000-700ec0000000 ---p 00000000 00:00 0 
700ec4000000-700ec4021000 rw-p 00000000 00:00 0 
700ec4021000-700ec8000000 ---p 00000000 00:00 0 
700ec8000000-700ec81e8000 rw-p 00000000 00:00 0 
700ec81e8000-700ecc000000 ---p 00000000 00:00 0 
700ed0000000-700ed018b000 rw-p 00000000 00:00 0 
700ed018b000-700ed4000000 ---p 00000000 00:00 0 
700ed4000000-700ed4021000 rw-p 00000000 00:00 0 
700ed4021000-700ed8000000 ---p 00000000 00:00 0 
700edc000000-700edc194000 rw-p 00000000 00:00 0 
700edc194000-700ee0000000 ---p 00000000 00:00 0 
700ee0000000-700ee0345000 rw-p 00000000 00:00 0 
700ee0345000-700ee4000000 ---p 00000000 00:00 0 
700ee8000000-700ee8021000 rw-p 00000000 00:00 0 
700ee8021000-700eec000000 ---p 00000000 00:00 0 
700eec000000-700eec021000 rw-p 00000000 00:00 0 
700eec021000-700ef0000000 ---p 00000000 00:00 0 
700ef4000000-700ef4021000 rw-p 00000000 00:00 0 
700ef4021000-700ef8000000 ---p 00000000 00:00 0 
700ef8000000-700ef8021000 rw-p 00000000 00:00 0 
700ef8021000-700efc000000 ---p 00000000 00:00 0 
700f00000000-700f00021000 rw-p 00000000 00:00 0 
700f00021000-700f04000000 ---p 00000000 00:00 0 
700f04000000-700f04021000 rw-p 00000000 00:00 0 
700f04021000-700f08000000 ---p 00000000 00:00 0 
700f0c000000-700f0c3f0000 rw-p 00000000 00:00 0 
700f0c3f0000-700f0c470000 rw-p 00000000 00:00 0 
700f0c470000-700f0c4f0000 rw-p 00000000 00:00 0 
700f0c4f0000-700f0c6f0000 rw-p 00000000 00:00 0 
700f0c6f0000-700f0c750000 rw-p 00000000 00:00 0 
700f0c750000-700f0c800000 ---p 00000000 00:00 0 
700f0c800000-700f0c820000 rw-p 00000000 00:00 0 
700f0c820000-700f10000000 ---p 00000000 00:00 0 
700f10000000-700f10021000 rw-p 00000000 00:00 0 
700f10021000-700f14000000 ---p 00000000 00:00 0 
700f14000000-700f14021000 rw-p 00000000 00:00 0 
700f14021000-700f18000000 ---p 00000000 00:00 0 
700f18267000-700f18337000 r--p 00000000 00:6b 1181539                    /home/vscode/.javacpp/cache/ffmpeg-7.1-1.5.11-linux-x86_64-gpl.jar/org/bytedeco/ffmpeg/linux-x86_64-gpl/libavcodec.so.61
700f18337000-700f1b090000 r-xp 000d0000 00:6b 1181539                    /home/vscode/.javacpp/cache/ffmpeg-7.1-1.5.11-linux-x86_64-gpl.jar/org/bytedeco/ffmpeg/linux-x86_64-gpl/libavcodec.so.61
700f1b090000-700f1b72e000 r--p 02e29000 00:6b 1181539                    /home/vscode/.javacpp/cache/ffmpeg-7.1-1.5.11-linux-x86_64-gpl.jar/org/bytedeco/ffmpeg/linux-x86_64-gpl/libavcodec.so.61
700f1b72e000-700f1b7c1000 r--p 034c6000 00:6b 1181539                    /home/vscode/.javacpp/cache/ffmpeg-7.1-1.5.11-linux-x86_64-gpl.jar/org/bytedeco/ffmpeg/linux-x86_64-gpl/libavcodec.so.61
700f1b7c1000-700f1b7db000 rw-p 03559000 00:6b 1181539                    /home/vscode/.javacpp/cache/ffmpeg-7.1-1.5.11-linux-x86_64-gpl.jar/org/bytedeco/ffmpeg/linux-x86_64-gpl/libavcodec.so.61
700f1b7db000-700f1c000000 rw-p 00000000 00:00 0 
700f1c000000-700f1c021000 rw-p 00000000 00:00 0 
700f1c021000-700f20000000 ---p 00000000 00:00 0 
700f20000000-700f20021000 rw-p 00000000 00:00 0 
700f20021000-700f24000000 ---p 00000000 00:00 0 
700f24713000-700f24a01000 rw-p 00000000 00:00 0 
700f24b82000-700f24ba8000 r--p 00000000 00:6b 1181544                    /home/vscode/.javacpp/cache/ffmpeg-7.1-1.5.11-linux-x86_64-gpl.jar/org/bytedeco/ffmpeg/linux-x86_64-gpl/libjniavformat.so
700f24ba8000-700f24be1000 r-xp 00026000 00:6b 1181544                    /home/vscode/.javacpp/cache/ffmpeg-7.1-1.5.11-linux-x86_64-gpl.jar/org/bytedeco/ffmpeg/linux-x86_64-gpl/libjniavformat.so
700f24be1000-700f24bfd000 r--p 0005f000 00:6b 1181544                    /home/vscode/.javacpp/cache/ffmpeg-7.1-1.5.11-linux-x86_64-gpl.jar/org/bytedeco/ffmpeg/linux-x86_64-gpl/libjniavformat.so
700f24bfd000-700f24c07000 r--p 0007a000 00:6b 1181544                    /home/vscode/.javacpp/cache/ffmpeg-7.1-1.5.11-linux-x86_64-gpl.jar/org/bytedeco/ffmpeg/linux-x86_64-gpl/libjniavformat.so
700f24c07000-700f24c08000 rw-p 00084000 00:6b 1181544                    /home/vscode/.javacpp/cache/ffmpeg-7.1-1.5.11-linux-x86_64-gpl.jar/org/bytedeco/ffmpeg/linux-x86_64-gpl/libjniavformat.so
700f24c08000-700f24c09000 rw-p 00000000 00:00 0 
700f24c09000-700f24cd1000 r--p 00000000 00:6b 1181542                    /home/vscode/.javacpp/cache/ffmpeg-7.1-1.5.11-linux-x86_64-gpl.jar/org/bytedeco/ffmpeg/linux-x86_64-gpl/libavformat.so.61
700f24cd1000-700f2542b000 r-xp 000c8000 00:6b 1181542                    /home/vscode/.javacpp/cache/ffmpeg-7.1-1.5.11-linux-x86_64-gpl.jar/org/bytedeco/ffmpeg/linux-x86_64-gpl/libavformat.so.61
700f2542b000-700f25602000 r--p 00822000 00:6b 1181542                    /home/vscode/.javacpp/cache/ffmpeg-7.1-1.5.11-linux-x86_64-gpl.jar/org/bytedeco/ffmpeg/linux-x86_64-gpl/libavformat.so.61
700f25602000-700f2569e000 r--p 009f8000 00:6b 1181542                    /home/vscode/.javacpp/cache/ffmpeg-7.1-1.5.11-linux-x86_64-gpl.jar/org/bytedeco/ffmpeg/linux-x86_64-gpl/libavformat.so.61
700f2569e000-700f256a7000 rw-p 00a94000 00:6b 1181542                    /home/vscode/.javacpp/cache/ffmpeg-7.1-1.5.11-linux-x86_64-gpl.jar/org/bytedeco/ffmpeg/linux-x86_64-gpl/libavformat.so.61
700f256a7000-700f256b1000 rw-p 00000000 00:00 0 
700f256b1000-700f256da000 r--p 00000000 00:6b 1181541                    /home/vscode/.javacpp/cache/ffmpeg-7.1-1.5.11-linux-x86_64-gpl.jar/org/bytedeco/ffmpeg/linux-x86_64-gpl/libjniavcodec.so
700f256da000-700f25715000 r-xp 00029000 00:6b 1181541                    /home/vscode/.javacpp/cache/ffmpeg-7.1-1.5.11-linux-x86_64-gpl.jar/org/bytedeco/ffmpeg/linux-x86_64-gpl/libjniavcodec.so
700f25715000-700f25738000 r--p 00064000 00:6b 1181541                    /home/vscode/.javacpp/cache/ffmpeg-7.1-1.5.11-linux-x86_64-gpl.jar/org/bytedeco/ffmpeg/linux-x86_64-gpl/libjniavcodec.so
700f25738000-700f25739000 ---p 00087000 00:6b 1181541                    /home/vscode/.javacpp/cache/ffmpeg-7.1-1.5.11-linux-x86_64-gpl.jar/org/bytedeco/ffmpeg/linux-x86_64-gpl/libjniavcodec.so
700f25739000-700f2574c000 r--p 00087000 00:6b 1181541                    /home/vscode/.javacpp/cache/ffmpeg-7.1-1.5.11-linux-x86_64-gpl.jar/org/bytedeco/ffmpeg/linux-x86_64-gpl/libjniavcodec.so
700f2574c000-700f2574d000 rw-p 0009a000 00:6b 1181541                    /home/vscode/.javacpp/cache/ffmpeg-7.1-1.5.11-linux-x86_64-gpl.jar/org/bytedeco/ffmpeg/linux-x86_64-gpl/libjniavcodec.so
700f2574d000-700f2574e000 rw-p 00000000 00:00 0 
700f2574e000-700f257aa000 r--p 00000000 00:6b 1181535                    /home/vscode/.javacpp/cache/ffmpeg-7.1-1.5.11-linux-x86_64-gpl.jar/org/bytedeco/ffmpeg/linux-x86_64-gpl/libjniavutil.so
700f257aa000-700f25839000 r-xp 0005c000 00:6b 1181535                    /home/vscode/.javacpp/cache/ffmpeg-7.1-1.5.11-linux-x86_64-gpl.jar/org/bytedeco/ffmpeg/linux-x86_64-gpl/libjniavutil.so
700f25839000-700f25873000 r--p 000eb000 00:6b 1181535                    /home/vscode/.javacpp/cache/ffmpeg-7.1-1.5.11-linux-x86_64-gpl.jar/org/bytedeco/ffmpeg/linux-x86_64-gpl/libjniavutil.so
700f25873000-700f25874000 ---p 00125000 00:6b 1181535                    /home/vscode/.javacpp/cache/ffmpeg-7.1-1.5.11-linux-x86_64-gpl.jar/org/bytedeco/ffmpeg/linux-x86_64-gpl/libjniavutil.so
700f25874000-700f25880000 r--p 00125000 00:6b 1181535                    /home/vscode/.javacpp/cache/ffmpeg-7.1-1.5.11-linux-x86_64-gpl.jar/org/bytedeco/ffmpeg/linux-x86_64-gpl/libjniavutil.so
700f25880000-700f25882000 rw-p 00131000 00:6b 1181535                    /home/vscode/.javacpp/cache/ffmpeg-7.1-1.5.11-linux-x86_64-gpl.jar/org/bytedeco/ffmpeg/linux-x86_64-gpl/libjniavutil.so
700f25882000-700f25883000 rw-p 00000000 00:00 0 
700f25883000-700f25900000 r--p 00000000 00:6b 1181533                    /home/vscode/.javacpp/cache/ffmpeg-7.1-1.5.11-linux-x86_64-gpl.jar/org/bytedeco/ffmpeg/linux-x86_64-gpl/libavutil.so.59
700f25900000-700f25cd3000 r-xp 0007d000 00:6b 1181533                    /home/vscode/.javacpp/cache/ffmpeg-7.1-1.5.11-linux-x86_64-gpl.jar/org/bytedeco/ffmpeg/linux-x86_64-gpl/libavutil.so.59
700f25cd3000-700f25dbc000 r--p 00450000 00:6b 1181533                    /home/vscode/.javacpp/cache/ffmpeg-7.1-1.5.11-linux-x86_64-gpl.jar/org/bytedeco/ffmpeg/linux-x86_64-gpl/libavutil.so.59
700f25dbc000-700f25dbd000 ---p 00539000 00:6b 1181533                    /home/vscode/.javacpp/cache/ffmpeg-7.1-1.5.11-linux-x86_64-gpl.jar/org/bytedeco/ffmpeg/linux-x86_64-gpl/libavutil.so.59
700f25dbd000-700f25e29000 r--p 00539000 00:6b 1181533                    /home/vscode/.javacpp/cache/ffmpeg-7.1-1.5.11-linux-x86_64-gpl.jar/org/bytedeco/ffmpeg/linux-x86_64-gpl/libavutil.so.59
700f25e29000-700f25e2d000 rw-p 005a5000 00:6b 1181533                    /home/vscode/.javacpp/cache/ffmpeg-7.1-1.5.11-linux-x86_64-gpl.jar/org/bytedeco/ffmpeg/linux-x86_64-gpl/libavutil.so.59
700f25e2d000-700f26e3f000 rw-p 00000000 00:00 0 
700f26e3f000-700f26ed5000 r--p 00000000 00:6b 1055787                    /usr/lib/x86_64-linux-gnu/libstdc++.so.6.0.28
700f26ed5000-700f26fb1000 r-xp 00096000 00:6b 1055787                    /usr/lib/x86_64-linux-gnu/libstdc++.so.6.0.28
700f26fb1000-700f26ffb000 r--p 00172000 00:6b 1055787                    /usr/lib/x86_64-linux-gnu/libstdc++.so.6.0.28
700f26ffb000-700f27006000 r--p 001bb000 00:6b 1055787                    /usr/lib/x86_64-linux-gnu/libstdc++.so.6.0.28
700f27006000-700f27009000 rw-p 001c6000 00:6b 1055787                    /usr/lib/x86_64-linux-gnu/libstdc++.so.6.0.28
700f27009000-700f2700c000 rw-p 00000000 00:00 0 
700f2700c000-700f27010000 ---p 00000000 00:00 0 
700f27010000-700f2710d000 rw-p 00000000 00:00 0 
700f2710d000-700f27111000 ---p 00000000 00:00 0 
700f27111000-700f2720e000 rw-p 00000000 00:00 0 
700f2720e000-700f2720f000 ---p 00000000 00:00 0 
700f2720f000-700f2730f000 rw-p 00000000 00:00 0 
700f2730f000-700f27313000 ---p 00000000 00:00 0 
700f27313000-700f27410000 rw-p 00000000 00:00 0 
700f27410000-700f27414000 ---p 00000000 00:00 0 
700f27414000-700f27511000 rw-p 00000000 00:00 0 
700f27511000-700f27515000 ---p 00000000 00:00 0 
700f27515000-700f27612000 rw-p 00000000 00:00 0 
700f27612000-700f27616000 ---p 00000000 00:00 0 
700f27616000-700f27713000 rw-p 00000000 00:00 0 
700f27713000-700f27717000 ---p 00000000 00:00 0 
700f27717000-700f27814000 rw-p 00000000 00:00 0 
700f27814000-700f27818000 ---p 00000000 00:00 0 
700f27818000-700f27915000 rw-p 00000000 00:00 0 
700f27915000-700f27919000 ---p 00000000 00:00 0 
700f27919000-700f27a16000 rw-p 00000000 00:00 0 
700f27a16000-700f27a1a000 ---p 00000000 00:00 0 
700f27a1a000-700f27b17000 rw-p 00000000 00:00 0 
700f27b17000-700f27b1b000 ---p 00000000 00:00 0 
700f27b1b000-700f27c18000 rw-p 00000000 00:00 0 
700f27c18000-700f27eff000 r--p 00000000 00:6b 1066999                    /usr/lib/locale/locale-archive
700f27eff000-700f27f03000 ---p 00000000 00:00 0 
700f27f03000-700f28000000 rw-p 00000000 00:00 0 
700f28000000-700f28021000 rw-p 00000000 00:00 0 
700f28021000-700f2c000000 ---p 00000000 00:00 0 
700f2c08d000-700f2c08f000 r--p 00000000 00:6b 1055035                    /lib/x86_64-linux-gnu/libmvec-2.31.so
700f2c08f000-700f2c09c000 r-xp 00002000 00:6b 1055035                    /lib/x86_64-linux-gnu/libmvec-2.31.so
700f2c09c000-700f2c0b7000 r--p 0000f000 00:6b 1055035                    /lib/x86_64-linux-gnu/libmvec-2.31.so
700f2c0b7000-700f2c0b8000 r--p 00029000 00:6b 1055035                    /lib/x86_64-linux-gnu/libmvec-2.31.so
700f2c0b8000-700f2c0b9000 rw-p 0002a000 00:6b 1055035                    /lib/x86_64-linux-gnu/libmvec-2.31.so
700f2c0b9000-700f2c0bf000 r--p 00000000 00:6b 1181538                    /home/vscode/.javacpp/cache/ffmpeg-7.1-1.5.11-linux-x86_64-gpl.jar/org/bytedeco/ffmpeg/linux-x86_64-gpl/libjniswresample.so
700f2c0bf000-700f2c0c9000 r-xp 00006000 00:6b 1181538                    /home/vscode/.javacpp/cache/ffmpeg-7.1-1.5.11-linux-x86_64-gpl.jar/org/bytedeco/ffmpeg/linux-x86_64-gpl/libjniswresample.so
700f2c0c9000-700f2c0ce000 r--p 00010000 00:6b 1181538                    /home/vscode/.javacpp/cache/ffmpeg-7.1-1.5.11-linux-x86_64-gpl.jar/org/bytedeco/ffmpeg/linux-x86_64-gpl/libjniswresample.so
700f2c0ce000-700f2c0cf000 r--p 00014000 00:6b 1181538                    /home/vscode/.javacpp/cache/ffmpeg-7.1-1.5.11-linux-x86_64-gpl.jar/org/bytedeco/ffmpeg/linux-x86_64-gpl/libjniswresample.so
700f2c0cf000-700f2c0d0000 rw-p 00015000 00:6b 1181538                    /home/vscode/.javacpp/cache/ffmpeg-7.1-1.5.11-linux-x86_64-gpl.jar/org/bytedeco/ffmpeg/linux-x86_64-gpl/libjniswresample.so
700f2c0d0000-700f2c0d3000 r--p 00000000 00:6b 1181536                    /home/vscode/.javacpp/cache/ffmpeg-7.1-1.5.11-linux-x86_64-gpl.jar/org/bytedeco/ffmpeg/linux-x86_64-gpl/libswresample.so.5
700f2c0d3000-700f2c0e7000 r-xp 00003000 00:6b 1181536                    /home/vscode/.javacpp/cache/ffmpeg-7.1-1.5.11-linux-x86_64-gpl.jar/org/bytedeco/ffmpeg/linux-x86_64-gpl/libswresample.so.5
700f2c0e7000-700f2c0ec000 r--p 00017000 00:6b 1181536                    /home/vscode/.javacpp/cache/ffmpeg-7.1-1.5.11-linux-x86_64-gpl.jar/org/bytedeco/ffmpeg/linux-x86_64-gpl/libswresample.so.5
700f2c0ec000-700f2c0ee000 r--p 0001b000 00:6b 1181536                    /home/vscode/.javacpp/cache/ffmpeg-7.1-1.5.11-linux-x86_64-gpl.jar/org/bytedeco/ffmpeg/linux-x86_64-gpl/libswresample.so.5
700f2c0ee000-700f2c0ef000 rw-p 0001d000 00:6b 1181536                    /home/vscode/.javacpp/cache/ffmpeg-7.1-1.5.11-linux-x86_64-gpl.jar/org/bytedeco/ffmpeg/linux-x86_64-gpl/libswresample.so.5
700f2c0ef000-700f2c0f3000 ---p 00000000 00:00 0 
700f2c0f3000-700f2c1f0000 rw-p 00000000 00:00 0 
700f2c1f0000-700f2c1f1000 ---p 00000000 00:00 0 
700f2c1f1000-700f2c2f1000 rw-p 00000000 00:00 0 
700f2c2f1000-700f2c2f2000 ---p 00000000 00:00 0 
700f2c2f2000-700f2c3f2000 rw-p 00000000 00:00 0 
700f2c3f2000-700f2c3f3000 ---p 00000000 00:00 0 
700f2c3f3000-700f2c4f3000 rw-p 00000000 00:00 0 
700f2c4f3000-700f2f200000 rw-p 00000000 00:00 0 
700f2f215000-700f2f21a000 r--p 00000000 00:6b 1181531                    /home/vscode/.javacpp/cache/ffmpeg-7.1-1.5.11-linux-x86_64-gpl.jar/org/bytedeco/ffmpeg/linux-x86_64-gpl/libdrm.so.2
700f2f21a000-700f2f225000 r-xp 00005000 00:6b 1181531                    /home/vscode/.javacpp/cache/ffmpeg-7.1-1.5.11-linux-x86_64-gpl.jar/org/bytedeco/ffmpeg/linux-x86_64-gpl/libdrm.so.2
700f2f225000-700f2f229000 r--p 00010000 00:6b 1181531                    /home/vscode/.javacpp/cache/ffmpeg-7.1-1.5.11-linux-x86_64-gpl.jar/org/bytedeco/ffmpeg/linux-x86_64-gpl/libdrm.so.2
700f2f229000-700f2f22a000 r--p 00013000 00:6b 1181531                    /home/vscode/.javacpp/cache/ffmpeg-7.1-1.5.11-linux-x86_64-gpl.jar/org/bytedeco/ffmpeg/linux-x86_64-gpl/libdrm.so.2
700f2f22a000-700f2f22b000 rw-p 00014000 00:6b 1181531                    /home/vscode/.javacpp/cache/ffmpeg-7.1-1.5.11-linux-x86_64-gpl.jar/org/bytedeco/ffmpeg/linux-x86_64-gpl/libdrm.so.2
700f2f22b000-700f2f22e000 r--p 00000000 00:6b 1055025                    /lib/x86_64-linux-gnu/libgcc_s.so.1
700f2f22e000-700f2f23f000 r-xp 00003000 00:6b 1055025                    /lib/x86_64-linux-gnu/libgcc_s.so.1
700f2f23f000-700f2f243000 r--p 00014000 00:6b 1055025                    /lib/x86_64-linux-gnu/libgcc_s.so.1
700f2f243000-700f2f244000 r--p 00017000 00:6b 1055025                    /lib/x86_64-linux-gnu/libgcc_s.so.1
700f2f244000-700f2f245000 rw-p 00018000 00:6b 1055025                    /lib/x86_64-linux-gnu/libgcc_s.so.1
700f2f24d000-700f2f2ff000 rw-p 00000000 00:00 0 
700f2f2ff000-700f2f300000 ---p 00000000 00:00 0 
700f2f300000-700f2f400000 rw-p 00000000 00:00 0 
700f2f400000-700f2f7d0000 rw-p 00000000 00:00 0 
700f2f7d0000-700f330f8000 ---p 00000000 00:00 0 
700f330ff000-700f33100000 ---p 00000000 00:00 0 
700f33100000-700f33200000 rw-p 00000000 00:00 0 
700f33200000-700f335d0000 rw-p 00000000 00:00 0 
700f335d0000-700f36ef8000 ---p 00000000 00:00 0 
700f36eff000-700f36f00000 ---p 00000000 00:00 0 
700f36f00000-700f37000000 rw-p 00000000 00:00 0 
700f37000000-700f3707a000 rw-p 00000000 00:00 0 
700f3707a000-700f3779f000 ---p 00000000 00:00 0 
700f377a3000-700f377ac000 r--p 00000000 00:6b 1181525                    /home/vscode/.javacpp/cache/javacpp-1.5.11-linux-x86_64.jar/org/bytedeco/javacpp/linux-x86_64/libjnijavacpp.so
700f377ac000-700f377be000 r-xp 00009000 00:6b 1181525                    /home/vscode/.javacpp/cache/javacpp-1.5.11-linux-x86_64.jar/org/bytedeco/javacpp/linux-x86_64/libjnijavacpp.so
700f377be000-700f377c8000 r--p 0001b000 00:6b 1181525                    /home/vscode/.javacpp/cache/javacpp-1.5.11-linux-x86_64.jar/org/bytedeco/javacpp/linux-x86_64/libjnijavacpp.so
700f377c8000-700f377c9000 r--p 00024000 00:6b 1181525                    /home/vscode/.javacpp/cache/javacpp-1.5.11-linux-x86_64.jar/org/bytedeco/javacpp/linux-x86_64/libjnijavacpp.so
700f377c9000-700f377ca000 rw-p 00025000 00:6b 1181525                    /home/vscode/.javacpp/cache/javacpp-1.5.11-linux-x86_64.jar/org/bytedeco/javacpp/linux-x86_64/libjnijavacpp.so
700f377ca000-700f377ce000 r--p 00000000 00:6b 1092862                    /home/vscode/.vscode-server/extensions/redhat.java-1.38.0-linux-x64/jre/17.0.13-linux-x86_64/lib/libnet.so
700f377ce000-700f377dc000 r-xp 00004000 00:6b 1092862                    /home/vscode/.vscode-server/extensions/redhat.java-1.38.0-linux-x64/jre/17.0.13-linux-x86_64/lib/libnet.so
700f377dc000-700f377e0000 r--p 00012000 00:6b 1092862                    /home/vscode/.vscode-server/extensions/redhat.java-1.38.0-linux-x64/jre/17.0.13-linux-x86_64/lib/libnet.so
700f377e0000-700f377e1000 r--p 00015000 00:6b 1092862                    /home/vscode/.vscode-server/extensions/redhat.java-1.38.0-linux-x64/jre/17.0.13-linux-x86_64/lib/libnet.so
700f377e1000-700f377e2000 rw-p 00016000 00:6b 1092862                    /home/vscode/.vscode-server/extensions/redhat.java-1.38.0-linux-x64/jre/17.0.13-linux-x86_64/lib/libnet.so
700f377e2000-700f377e4000 r--p 00000000 00:6b 1092870                    /home/vscode/.vscode-server/extensions/redhat.java-1.38.0-linux-x64/jre/17.0.13-linux-x86_64/lib/libzip.so
700f377e4000-700f377f6000 r-xp 00002000 00:6b 1092870                    /home/vscode/.vscode-server/extensions/redhat.java-1.38.0-linux-x64/jre/17.0.13-linux-x86_64/lib/libzip.so
700f377f6000-700f377fe000 r--p 00014000 00:6b 1092870                    /home/vscode/.vscode-server/extensions/redhat.java-1.38.0-linux-x64/jre/17.0.13-linux-x86_64/lib/libzip.so
700f377fe000-700f377ff000 r--p 0001b000 00:6b 1092870                    /home/vscode/.vscode-server/extensions/redhat.java-1.38.0-linux-x64/jre/17.0.13-linux-x86_64/lib/libzip.so
700f377ff000-700f37800000 rw-p 0001c000 00:6b 1092870                    /home/vscode/.vscode-server/extensions/redhat.java-1.38.0-linux-x64/jre/17.0.13-linux-x86_64/lib/libzip.so
700f37800000-700f3787a000 rw-p 00000000 00:00 0 
700f3787a000-700f37f9f000 ---p 00000000 00:00 0 
700f37fa5000-700f3807a000 rw-p 00000000 00:00 0 
700f3807a000-700f3879f000 ---p 00000000 00:00 0 
700f387a0000-700f387a7000 r--p 00000000 00:6b 1092863                    /home/vscode/.vscode-server/extensions/redhat.java-1.38.0-linux-x64/jre/17.0.13-linux-x86_64/lib/libnio.so
700f387a7000-700f387b0000 r-xp 00007000 00:6b 1092863                    /home/vscode/.vscode-server/extensions/redhat.java-1.38.0-linux-x64/jre/17.0.13-linux-x86_64/lib/libnio.so
700f387b0000-700f387b4000 r--p 00010000 00:6b 1092863                    /home/vscode/.vscode-server/extensions/redhat.java-1.38.0-linux-x64/jre/17.0.13-linux-x86_64/lib/libnio.so
700f387b4000-700f387b5000 ---p 00014000 00:6b 1092863                    /home/vscode/.vscode-server/extensions/redhat.java-1.38.0-linux-x64/jre/17.0.13-linux-x86_64/lib/libnio.so
700f387b5000-700f387b6000 r--p 00014000 00:6b 1092863                    /home/vscode/.vscode-server/extensions/redhat.java-1.38.0-linux-x64/jre/17.0.13-linux-x86_64/lib/libnio.so
700f387b6000-700f387b7000 rw-p 00015000 00:6b 1092863                    /home/vscode/.vscode-server/extensions/redhat.java-1.38.0-linux-x64/jre/17.0.13-linux-x86_64/lib/libnio.so
700f387b7000-700f39000000 rw-p 00000000 00:00 0 
700f39000000-700f39270000 rwxp 00000000 00:00 0 
700f39270000-700f4045f000 ---p 00000000 00:00 0 
700f4045f000-700f406cf000 rwxp 00000000 00:00 0 
700f406cf000-700f40ba0000 ---p 00000000 00:00 0 
700f40ba0000-700f40e10000 rwxp 00000000 00:00 0 
700f40e10000-700f48000000 ---p 00000000 00:00 0 
700f48000000-700f48767000 rw-p 00000000 00:00 0 
700f48767000-700f4c000000 ---p 00000000 00:00 0 
700f4c000000-700f4c007000 r--s 00000000 00:6b 1055720                    /usr/lib/x86_64-linux-gnu/gconv/gconv-modules.cache
700f4c007000-700f4c5cc000 rw-p 00000000 00:00 0 
700f4c5cc000-700f4c6b0000 ---p 00000000 00:00 0 
700f4c6b0000-700f4c6b5000 rw-p 00000000 00:00 0 
700f4c6b5000-700f4c799000 ---p 00000000 00:00 0 
700f4c799000-700f4c79e000 rw-p 00000000 00:00 0 
700f4c79e000-700f4c7a8000 ---p 00000000 00:00 0 
700f4c7a8000-700f4c7b6000 r--p 00000000 00:6b 1092849                    /home/vscode/.vscode-server/extensions/redhat.java-1.38.0-linux-x64/jre/17.0.13-linux-x86_64/lib/libjava.so
700f4c7b6000-700f4c7c8000 r-xp 0000e000 00:6b 1092849                    /home/vscode/.vscode-server/extensions/redhat.java-1.38.0-linux-x64/jre/17.0.13-linux-x86_64/lib/libjava.so
700f4c7c8000-700f4c7ce000 r--p 00020000 00:6b 1092849                    /home/vscode/.vscode-server/extensions/redhat.java-1.38.0-linux-x64/jre/17.0.13-linux-x86_64/lib/libjava.so
700f4c7ce000-700f4c7cf000 ---p 00026000 00:6b 1092849                    /home/vscode/.vscode-server/extensions/redhat.java-1.38.0-linux-x64/jre/17.0.13-linux-x86_64/lib/libjava.so
700f4c7cf000-700f4c7d0000 r--p 00026000 00:6b 1092849                    /home/vscode/.vscode-server/extensions/redhat.java-1.38.0-linux-x64/jre/17.0.13-linux-x86_64/lib/libjava.so
700f4c7d0000-700f4c7d1000 rw-p 00027000 00:6b 1092849                    /home/vscode/.vscode-server/extensions/redhat.java-1.38.0-linux-x64/jre/17.0.13-linux-x86_64/lib/libjava.so
700f4c7d1000-700f4c7d2000 rw-p 00000000 00:00 0 
700f4c7d2000-700f4c7d5000 r--p 00000000 00:6b 1055043                    /lib/x86_64-linux-gnu/libnss_files-2.31.so
700f4c7d5000-700f4c7dc000 r-xp 00003000 00:6b 1055043                    /lib/x86_64-linux-gnu/libnss_files-2.31.so
700f4c7dc000-700f4c7de000 r--p 0000a000 00:6b 1055043                    /lib/x86_64-linux-gnu/libnss_files-2.31.so
700f4c7de000-700f4c7df000 r--p 0000b000 00:6b 1055043                    /lib/x86_64-linux-gnu/libnss_files-2.31.so
700f4c7df000-700f4c7e0000 rw-p 0000c000 00:6b 1055043                    /lib/x86_64-linux-gnu/libnss_files-2.31.so
700f4c7e0000-700f4c7e6000 rw-p 00000000 00:00 0 
700f4c7e6000-700f4c7ee000 rw-s 00000000 00:6b 1181514                    /tmp/hsperfdata_vscode/117036
700f4c7ee000-700f4f426000 r--s 00000000 00:6b 1092871                    /home/vscode/.vscode-server/extensions/redhat.java-1.38.0-linux-x64/jre/17.0.13-linux-x86_64/lib/modules
700f4f426000-700f4f42a000 r--p 00000000 00:6b 1092853                    /home/vscode/.vscode-server/extensions/redhat.java-1.38.0-linux-x64/jre/17.0.13-linux-x86_64/lib/libjimage.so
700f4f42a000-700f4f43d000 r-xp 00004000 00:6b 1092853                    /home/vscode/.vscode-server/extensions/redhat.java-1.38.0-linux-x64/jre/17.0.13-linux-x86_64/lib/libjimage.so
700f4f43d000-700f4f443000 r--p 00017000 00:6b 1092853                    /home/vscode/.vscode-server/extensions/redhat.java-1.38.0-linux-x64/jre/17.0.13-linux-x86_64/lib/libjimage.so
700f4f443000-700f4f445000 r--p 0001c000 00:6b 1092853                    /home/vscode/.vscode-server/extensions/redhat.java-1.38.0-linux-x64/jre/17.0.13-linux-x86_64/lib/libjimage.so
700f4f445000-700f4f446000 rw-p 0001e000 00:6b 1092853                    /home/vscode/.vscode-server/extensions/redhat.java-1.38.0-linux-x64/jre/17.0.13-linux-x86_64/lib/libjimage.so
700f4f446000-700f4f44a000 ---p 00000000 00:00 0 
700f4f44a000-700f4f547000 rw-p 00000000 00:00 0 
700f4f547000-700f4f554000 r--p 00000000 00:6b 1055032                    /lib/x86_64-linux-gnu/libm-2.31.so
700f4f554000-700f4f5ee000 r-xp 0000d000 00:6b 1055032                    /lib/x86_64-linux-gnu/libm-2.31.so
700f4f5ee000-700f4f689000 r--p 000a7000 00:6b 1055032                    /lib/x86_64-linux-gnu/libm-2.31.so
700f4f689000-700f4f68a000 r--p 00141000 00:6b 1055032                    /lib/x86_64-linux-gnu/libm-2.31.so
700f4f68a000-700f4f68b000 rw-p 00142000 00:6b 1055032                    /lib/x86_64-linux-gnu/libm-2.31.so
700f4f68b000-700f4f68d000 r--p 00000000 00:6b 1055060                    /lib/x86_64-linux-gnu/librt-2.31.so
700f4f68d000-700f4f691000 r-xp 00002000 00:6b 1055060                    /lib/x86_64-linux-gnu/librt-2.31.so
700f4f691000-700f4f693000 r--p 00006000 00:6b 1055060                    /lib/x86_64-linux-gnu/librt-2.31.so
700f4f693000-700f4f694000 r--p 00007000 00:6b 1055060                    /lib/x86_64-linux-gnu/librt-2.31.so
700f4f694000-700f4f695000 rw-p 00008000 00:6b 1055060                    /lib/x86_64-linux-gnu/librt-2.31.so
700f4f695000-700f4f8e8000 r--p 00000000 00:6b 1180310                    /home/vscode/.vscode-server/extensions/redhat.java-1.38.0-linux-x64/jre/17.0.13-linux-x86_64/lib/server/libjvm.so
700f4f8e8000-700f50610000 r-xp 00253000 00:6b 1180310                    /home/vscode/.vscode-server/extensions/redhat.java-1.38.0-linux-x64/jre/17.0.13-linux-x86_64/lib/server/libjvm.so
700f50610000-700f5089d000 r--p 00f7b000 00:6b 1180310                    /home/vscode/.vscode-server/extensions/redhat.java-1.38.0-linux-x64/jre/17.0.13-linux-x86_64/lib/server/libjvm.so
700f5089d000-700f5089e000 ---p 01208000 00:6b 1180310                    /home/vscode/.vscode-server/extensions/redhat.java-1.38.0-linux-x64/jre/17.0.13-linux-x86_64/lib/server/libjvm.so
700f5089e000-700f50957000 r--p 01208000 00:6b 1180310                    /home/vscode/.vscode-server/extensions/redhat.java-1.38.0-linux-x64/jre/17.0.13-linux-x86_64/lib/server/libjvm.so
700f50957000-700f5098c000 rw-p 012c1000 00:6b 1180310                    /home/vscode/.vscode-server/extensions/redhat.java-1.38.0-linux-x64/jre/17.0.13-linux-x86_64/lib/server/libjvm.so
700f5098c000-700f509e9000 rw-p 00000000 00:00 0 
700f509e9000-700f50a0b000 r--p 00000000 00:6b 1055011                    /lib/x86_64-linux-gnu/libc-2.31.so
700f50a0b000-700f50b64000 r-xp 00022000 00:6b 1055011                    /lib/x86_64-linux-gnu/libc-2.31.so
700f50b64000-700f50bb3000 r--p 0017b000 00:6b 1055011                    /lib/x86_64-linux-gnu/libc-2.31.so
700f50bb3000-700f50bb7000 r--p 001c9000 00:6b 1055011                    /lib/x86_64-linux-gnu/libc-2.31.so
700f50bb7000-700f50bb9000 rw-p 001cd000 00:6b 1055011                    /lib/x86_64-linux-gnu/libc-2.31.so
700f50bb9000-700f50bbd000 rw-p 00000000 00:00 0 
700f50bbd000-700f50bbe000 r--p 00000000 00:6b 1055019                    /lib/x86_64-linux-gnu/libdl-2.31.so
700f50bbe000-700f50bc0000 r-xp 00001000 00:6b 1055019                    /lib/x86_64-linux-gnu/libdl-2.31.so
700f50bc0000-700f50bc1000 r--p 00003000 00:6b 1055019                    /lib/x86_64-linux-gnu/libdl-2.31.so
700f50bc1000-700f50bc2000 r--p 00003000 00:6b 1055019                    /lib/x86_64-linux-gnu/libdl-2.31.so
700f50bc2000-700f50bc3000 rw-p 00004000 00:6b 1055019                    /lib/x86_64-linux-gnu/libdl-2.31.so
700f50bc3000-700f50bc9000 r--p 00000000 00:6b 1055056                    /lib/x86_64-linux-gnu/libpthread-2.31.so
700f50bc9000-700f50bd9000 r-xp 00006000 00:6b 1055056                    /lib/x86_64-linux-gnu/libpthread-2.31.so
700f50bd9000-700f50bdf000 r--p 00016000 00:6b 1055056                    /lib/x86_64-linux-gnu/libpthread-2.31.so
700f50bdf000-700f50be0000 r--p 0001b000 00:6b 1055056                    /lib/x86_64-linux-gnu/libpthread-2.31.so
700f50be0000-700f50be1000 rw-p 0001c000 00:6b 1055056                    /lib/x86_64-linux-gnu/libpthread-2.31.so
700f50be1000-700f50be5000 rw-p 00000000 00:00 0 
700f50beb000-700f50bec000 ---p 00000000 00:00 0 
700f50bec000-700f50bed000 r--p 00000000 00:00 0 
700f50bed000-700f50bf0000 r--p 00000000 00:6b 1092854                    /home/vscode/.vscode-server/extensions/redhat.java-1.38.0-linux-x64/jre/17.0.13-linux-x86_64/lib/libjli.so
700f50bf0000-700f50c00000 r-xp 00003000 00:6b 1092854                    /home/vscode/.vscode-server/extensions/redhat.java-1.38.0-linux-x64/jre/17.0.13-linux-x86_64/lib/libjli.so
700f50c00000-700f50c07000 r--p 00013000 00:6b 1092854                    /home/vscode/.vscode-server/extensions/redhat.java-1.38.0-linux-x64/jre/17.0.13-linux-x86_64/lib/libjli.so
700f50c07000-700f50c08000 r--p 00019000 00:6b 1092854                    /home/vscode/.vscode-server/extensions/redhat.java-1.38.0-linux-x64/jre/17.0.13-linux-x86_64/lib/libjli.so
700f50c08000-700f50c09000 rw-p 0001a000 00:6b 1092854                    /home/vscode/.vscode-server/extensions/redhat.java-1.38.0-linux-x64/jre/17.0.13-linux-x86_64/lib/libjli.so
700f50c09000-700f50c0b000 rw-p 00000000 00:00 0 
700f50c0b000-700f50c0c000 r--p 00000000 00:6b 1054999                    /lib/x86_64-linux-gnu/ld-2.31.so
700f50c0c000-700f50c2c000 r-xp 00001000 00:6b 1054999                    /lib/x86_64-linux-gnu/ld-2.31.so
700f50c2c000-700f50c34000 r--p 00021000 00:6b 1054999                    /lib/x86_64-linux-gnu/ld-2.31.so
700f50c34000-700f50c35000 ---p 00000000 00:00 0 
700f50c35000-700f50c36000 r--p 00029000 00:6b 1054999                    /lib/x86_64-linux-gnu/ld-2.31.so
700f50c36000-700f50c37000 rw-p 0002a000 00:6b 1054999                    /lib/x86_64-linux-gnu/ld-2.31.so
700f50c37000-700f50c38000 rw-p 00000000 00:00 0 
7fff4736a000-7fff4738c000 rw-p 00000000 00:00 0                          [stack]
7fff473ee000-7fff473f2000 r--p 00000000 00:00 0                          [vvar]
7fff473f2000-7fff473f4000 r-xp 00000000 00:00 0                          [vdso]
ffffffffff600000-ffffffffff601000 --xp 00000000 00:00 0                  [vsyscall]


VM Arguments:
jvm_args: -XX:+ShowCodeDetailsInExceptionMessages 
java_command: com.example.ReadFewFrame
java_class_path (initial): /workspaces/AntAssignment/flvmpconverter/target/classes:/home/vscode/.m2/repository/org/bytedeco/ffmpeg-platform/7.1-1.5.11/ffmpeg-platform-7.1-1.5.11.jar:/home/vscode/.m2/repository/org/bytedeco/javacpp-platform/1.5.11/javacpp-platform-1.5.11.jar:/home/vscode/.m2/repository/org/bytedeco/javacpp/1.5.11/javacpp-1.5.11.jar:/home/vscode/.m2/repository/org/bytedeco/javacpp/1.5.11/javacpp-1.5.11-android-arm64.jar:/home/vscode/.m2/repository/org/bytedeco/javacpp/1.5.11/javacpp-1.5.11-android-x86_64.jar:/home/vscode/.m2/repository/org/bytedeco/javacpp/1.5.11/javacpp-1.5.11-ios-arm64.jar:/home/vscode/.m2/repository/org/bytedeco/javacpp/1.5.11/javacpp-1.5.11-ios-x86_64.jar:/home/vscode/.m2/repository/org/bytedeco/javacpp/1.5.11/javacpp-1.5.11-linux-arm64.jar:/home/vscode/.m2/repository/org/bytedeco/javacpp/1.5.11/javacpp-1.5.11-linux-ppc64le.jar:/home/vscode/.m2/repository/org/bytedeco/javacpp/1.5.11/javacpp-1.5.11-linux-x86_64.jar:/home/vscode/.m2/repository/org/bytedeco/javacpp/1.5.11/javacpp-1.5.11-macosx-arm64.jar:/home/vscode/.m2/repository/org/bytedeco/javacpp/1.5.11/javacpp-1.5.11-macosx-x86_64.jar:/home/vscode/.m2/repository/org/bytedeco/javacpp/1.5.11/javacpp-1.5.11-windows-x86_64.jar:/home/vscode/.m2/repository/org/bytedeco/ffmpeg/7.1-1.5.11/ffmpeg-7.1-1.5.11.jar:/home/vscode/.m2/repository/org/bytedeco/ffmpeg/7.1-1.5.11/ffmpeg-7.1-1.5.11-android-arm64.jar:/home/vscode/.m2/repository/org/bytedeco/ffmpeg/7.1-1.5.11/ffmpeg-7.1-1.5.11-android-x86_64.jar:/home/vscode/.m2/repository/org/bytedeco/ffmpeg/7.1-1.5.11/ffmpeg-7.1-1.5.11-linux-x86_64.jar:/home/vscode/.m2/repository/org/bytedeco/ffmpeg/7.1-1.5.11/ffmpeg-7.1-1.5.11-linux-arm64.jar:/home/vscode/.m2/repository/org/bytedeco/ffmpeg/7.1-1.5.11/ffmpeg-7.1-1.5.11-macosx-arm64.jar:/home/vscode/.m2/repository/org/bytedeco/ffmpeg/7.1-1.5.11/ffmpeg-7.1-1.5.11-macosx-x86_64.jar:/home/vscode/.m2/repository/org/bytedeco/ffmpeg/7.1-1.5.11/ffmpeg-7.1-1.5.11-windows-x86_64.jar:/home/vscode/.m2/reposi
Launcher Type: SUN_STANDARD

[Global flags]
     intx CICompilerCount                          = 12                                        {product} {ergonomic}
     uint ConcGCThreads                            = 3                                         {product} {ergonomic}
     uint G1ConcRefinementThreads                  = 13                                        {product} {ergonomic}
   size_t G1HeapRegionSize                         = 2097152                                   {product} {ergonomic}
    uintx GCDrainStackTargetSize                   = 64                                        {product} {ergonomic}
   size_t InitialHeapSize                          = 255852544                                 {product} {ergonomic}
   size_t MarkStackSize                            = 4194304                                   {product} {ergonomic}
   size_t MaxHeapSize                              = 4091543552                                {product} {ergonomic}
   size_t MaxNewSize                               = 2453667840                                {product} {ergonomic}
   size_t MinHeapDeltaBytes                        = 2097152                                   {product} {ergonomic}
   size_t MinHeapSize                              = 8388608                                   {product} {ergonomic}
    uintx NonNMethodCodeHeapSize                   = 7602480                                {pd product} {ergonomic}
    uintx NonProfiledCodeHeapSize                  = 122027880                              {pd product} {ergonomic}
    uintx ProfiledCodeHeapSize                     = 122027880                              {pd product} {ergonomic}
    uintx ReservedCodeCacheSize                    = 251658240                              {pd product} {ergonomic}
     bool SegmentedCodeCache                       = true                                      {product} {ergonomic}
     bool ShowCodeDetailsInExceptionMessages       = true                                   {manageable} {command line}
   size_t SoftMaxHeapSize                          = 4091543552                             {manageable} {ergonomic}
     bool UseCompressedClassPointers               = true                           {product lp64_product} {ergonomic}
     bool UseCompressedOops                        = true                           {product lp64_product} {ergonomic}
     bool UseG1GC                                  = true                                      {product} {ergonomic}

Logging:
Log output configuration:
 #0: stdout all=warning uptime,level,tags
 #1: stderr all=off uptime,level,tags

Environment Variables:
JAVA_HOME=/usr/lib/jvm/msopenjdk-current
PATH=/vscode/vscode-server/bin/linux-x64/38c31bc77e0dd6ae88a4e9cc93428cc27a56ba40/bin/remote-cli:/usr/local/sdkman/bin:/usr/local/sdkman/candidates/java/current/bin:/usr/local/sdkman/candidates/gradle/current/bin:/usr/local/sdkman/candidates/maven/current/bin:/usr/local/sdkman/candidates/ant/current/bin:/usr/local/share/nvm/current/bin:/usr/local/sdkman/bin:/usr/local/sdkman/candidates/java/current/bin:/usr/local/sdkman/candidates/gradle/current/bin:/usr/local/sdkman/candidates/maven/current/bin:/usr/local/sdkman/candidates/ant/current/bin:/usr/lib/jvm/msopenjdk-current/bin:/usr/local/sdkman/bin:/usr/local/sdkman/candidates/java/current/bin:/usr/local/sdkman/candidates/gradle/current/bin:/usr/local/sdkman/candidates/maven/current/bin:/usr/local/sdkman/candidates/ant/current/bin:/usr/local/share/nvm/current/bin:/usr/local/sdkman/bin:/usr/local/sdkman/candidates/java/current/bin:/usr/local/sdkman/candidates/gradle/current/bin:/usr/local/sdkman/candidates/maven/current/bin:/usr/local/sdkman/candidates/ant/current/bin:/usr/lib/jvm/msopenjdk-current/bin:/usr/local/sbin:/usr/local/bin:/usr/sbin:/usr/bin:/sbin:/bin:/home/vscode/.local/bin
SHELL=/bin/bash
DISPLAY=:3
LANG=en_US.UTF-8
TERM=xterm-256color

Active Locale:
LC_ALL=en_US.UTF-8
LC_COLLATE=en_US.UTF-8
LC_CTYPE=en_US.UTF-8
LC_MESSAGES=en_US.UTF-8
LC_MONETARY=en_US.UTF-8
LC_NUMERIC=en_US.UTF-8
LC_TIME=en_US.UTF-8

Signal Handlers:
   SIGSEGV: crash_handler in libjvm.so, mask=11100100010111111101111111111110, flags=SA_RESTART|SA_SIGINFO, unblocked
    SIGBUS: crash_handler in libjvm.so, mask=11100100010111111101111111111110, flags=SA_RESTART|SA_SIGINFO, unblocked
    SIGFPE: crash_handler in libjvm.so, mask=11100100010111111101111111111110, flags=SA_RESTART|SA_SIGINFO, unblocked
   SIGPIPE: javaSignalHandler in libjvm.so, mask=11100100010111111101111111111110, flags=SA_RESTART|SA_SIGINFO, blocked
   SIGXFSZ: javaSignalHandler in libjvm.so, mask=11100100010111111101111111111110, flags=SA_RESTART|SA_SIGINFO, blocked
    SIGILL: crash_handler in libjvm.so, mask=11100100010111111101111111111110, flags=SA_RESTART|SA_SIGINFO, unblocked
   SIGUSR2: SR_handler in libjvm.so, mask=00000000000000000000000000000000, flags=SA_RESTART|SA_SIGINFO, blocked
    SIGHUP: UserHandler in libjvm.so, mask=11100100010111111101111111111110, flags=SA_RESTART|SA_SIGINFO, blocked
    SIGINT: UserHandler in libjvm.so, mask=11100100010111111101111111111110, flags=SA_RESTART|SA_SIGINFO, blocked
   SIGTERM: UserHandler in libjvm.so, mask=11100100010111111101111111111110, flags=SA_RESTART|SA_SIGINFO, blocked
   SIGQUIT: UserHandler in libjvm.so, mask=11100100010111111101111111111110, flags=SA_RESTART|SA_SIGINFO, blocked
   SIGTRAP: crash_handler in libjvm.so, mask=11100100010111111101111111111110, flags=SA_RESTART|SA_SIGINFO, unblocked


Periodic native trim disabled


---------------  S Y S T E M  ---------------

OS:
PRETTY_NAME="Debian GNU/Linux 11 (bullseye)"
NAME="Debian GNU/Linux"
VERSION_ID="11"
VERSION="11 (bullseye)"
VERSION_CODENAME=bullseye
ID=debian
HOME_URL="https://www.debian.org/"
SUPPORT_URL="https://www.debian.org/support"
BUG_REPORT_URL="https://bugs.debian.org/"
uname: Linux 6.8.0-40-generic #40~22.04.3-Ubuntu SMP PREEMPT_DYNAMIC Tue Jul 30 17:30:19 UTC 2 x86_64
OS uptime: 1 days 17:46 hours
libc: glibc 2.31 NPTL 2.31 
rlimit (soft/hard): STACK 8192k/infinity , CORE infinity/infinity , NPROC infinity/infinity , NOFILE 1048576/1048576 , AS infinity/infinity , CPU infinity/infinity , DATA infinity/infinity , FSIZE infinity/infinity , MEMLOCK 8192k/8192k
load average: 0.88 0.72 0.72

/proc/meminfo:
MemTotal:       15978416 kB
MemFree:          365552 kB
MemAvailable:    9566444 kB
Buffers:          317812 kB
Cached:          9499456 kB
SwapCached:           84 kB
Active:          7819184 kB
Inactive:        6170176 kB
Active(anon):    4870948 kB
Inactive(anon):     9280 kB
Active(file):    2948236 kB
Inactive(file):  6160896 kB
Unevictable:      432924 kB
Mlocked:              80 kB
SwapTotal:       2097148 kB
SwapFree:        2096636 kB
Zswap:                 0 kB
Zswapped:              0 kB
Dirty:               432 kB
Writeback:             0 kB
AnonPages:       4605284 kB
Mapped:          1313172 kB
Shmem:            708136 kB
KReclaimable:     434328 kB
Slab:             803976 kB
SReclaimable:     434328 kB
SUnreclaim:       369648 kB
KernelStack:       30288 kB
PageTables:        83388 kB
SecPageTables:         0 kB
NFS_Unstable:          0 kB
Bounce:                0 kB
WritebackTmp:          0 kB
CommitLimit:    10086356 kB
Committed_AS:   27514852 kB
VmallocTotal:   34359738367 kB
VmallocUsed:       70288 kB
VmallocChunk:          0 kB
Percpu:            21376 kB
HardwareCorrupted:     0 kB
AnonHugePages:         0 kB
ShmemHugePages:   475136 kB
ShmemPmdMapped:        0 kB
FileHugePages:         0 kB
FilePmdMapped:         0 kB
Unaccepted:            0 kB
HugePages_Total:       0
HugePages_Free:        0
HugePages_Rsvd:        0
HugePages_Surp:        0
Hugepagesize:       2048 kB
Hugetlb:               0 kB
DirectMap4k:      373372 kB
DirectMap2M:    11812864 kB
DirectMap1G:     5242880 kB

/sys/kernel/mm/transparent_hugepage/enabled: always [madvise] never
/sys/kernel/mm/transparent_hugepage/hpage_pmd_size: 2097152
/sys/kernel/mm/transparent_hugepage/defrag (defrag/compaction efforts parameter): always defer defer+madvise [madvise] never

Process Memory:
Virtual Size: 7146308K (peak: 7146308K)
Resident Set Size: 91888K (peak: 91888K) (anon: 52720K, file: 39168K, shmem: 0K)
Swapped out: 0K
C-Heap outstanding allocations: 48913K, retained: 4618K
glibc malloc tunables: (default)

/proc/sys/kernel/threads-max (system-wide limit on the number of threads): 124223
/proc/sys/vm/max_map_count (maximum number of memory map areas a process may have): 65530
/proc/sys/vm/swappiness (control to define how aggressively the kernel swaps out anonymous memory): 60
/proc/sys/kernel/pid_max (system-wide limit on number of process identifiers): 4194304

container (cgroup) information:
container_type: cgroupv2
cpu_cpuset_cpus: not supported
cpu_memory_nodes: not supported
active_processor_count: 16
cpu_quota: no quota
cpu_period: 100000
cpu_shares: no shares
memory_limit_in_bytes: unlimited
memory_and_swap_limit_in_bytes: unlimited
memory_soft_limit_in_bytes: unlimited
memory_usage_in_bytes: 2231356 k
memory_max_usage_in_bytes: not supported
memory_swap_current_in_bytes: unlimited
memory_swap_max_limit_in_bytes: unlimited
maximum number of tasks: 18633
current number of tasks: 219

Steal ticks since vm start: 0
Steal ticks percentage since vm start:  0.000

CPU: total 16 (initial active 16) (16 cores per cpu, 1 threads per core) family 6 model 154 stepping 3 microcode 0x433, cx8, cmov, fxsr, mmx, 3dnowpref, sse, sse2, sse3, ssse3, sse4.1, sse4.2, popcnt, lzcnt, tsc, tscinvbit, avx, avx2, aes, erms, clmul, bmi1, bmi2, adx, sha, fma, vzeroupper, clflush, clflushopt, clwb
CPU Model and flags from /proc/cpuinfo:
model name	: 12th Gen Intel(R) Core(TM) i5-1240P
flags		: fpu vme de pse tsc msr pae mce cx8 apic sep mtrr pge mca cmov pat pse36 clflush dts acpi mmx fxsr sse sse2 ss ht tm pbe syscall nx pdpe1gb rdtscp lm constant_tsc art arch_perfmon pebs bts rep_good nopl xtopology nonstop_tsc cpuid aperfmperf tsc_known_freq pni pclmulqdq dtes64 monitor ds_cpl vmx smx est tm2 ssse3 sdbg fma cx16 xtpr pdcm sse4_1 sse4_2 x2apic movbe popcnt tsc_deadline_timer aes xsave avx f16c rdrand lahf_lm abm 3dnowprefetch cpuid_fault epb ssbd ibrs ibpb stibp ibrs_enhanced tpr_shadow flexpriority ept vpid ept_ad fsgsbase tsc_adjust bmi1 avx2 smep bmi2 erms invpcid rdseed adx smap clflushopt clwb intel_pt sha_ni xsaveopt xsavec xgetbv1 xsaves split_lock_detect user_shstk avx_vnni dtherm ida arat pln pts hwp hwp_notify hwp_act_window hwp_epp hwp_pkg_req hfi vnmi umip pku ospke waitpkg gfni vaes vpclmulqdq rdpid movdiri movdir64b fsrm md_clear serialize arch_lbr ibt flush_l1d arch_capabilities

Online cpus: 0-15
Offline cpus: 
BIOS frequency limitation: <Not Available>
Frequency switch latency (ns): 0
Available cpu frequencies: <Not Available>
Current governor: powersave
Core performance/turbo boost: <Not Available>

Memory: 4k page, physical 15978416k(365552k free), swap 2097148k(2096636k free)
Page Sizes: 4k

vm_info: OpenJDK 64-Bit Server VM (17.0.13+11) for linux-amd64 JRE (17.0.13+11), built on Oct 15 2024 00:00:00 by "admin" with gcc 10.3.0

END.
